-- The C compiler identification is GNU 13.3.0
-- The CXX compiler identification is GNU 13.3.0
-- Detecting C compiler ABI info
-- Detecting C compiler ABI info - done
-- Check for working C compiler: /usr/bin/cc - skipped
-- Detecting C compile features
-- Detecting C compile features - done
-- Detecting CXX compiler ABI info
-- Detecting CXX compiler ABI info - done
-- Check for working CXX compiler: /usr/bin/c++ - skipped
-- Detecting CXX compile features
-- Detecting CXX compile features - done
-- Found ament_cmake: 2.5.5 (/opt/ros/jazzy/share/ament_cmake/cmake)
-- Found Python3: /usr/bin/python3 (found version "3.12.3") found components: Interpreter 
-- Override CMake install command with custom implementation using symlinks instead of copying resources
-- Configuring done (3.6s)
-- Generating done (0.0s)
-- Build files have been written to: /home/ros2/ros2_ws/build/apriltag_launcher
-- Install configuration: ""
-- Execute custom install script
-- Symlinking: /home/ros2/ros2_ws/install/apriltag_launcher/share/apriltag_launcher/launch/apriltag_usb_cam.launch.py
-- Symlinking: /home/ros2/ros2_ws/install/apriltag_launcher/share/apriltag_launcher/config/tags_36h11.yaml
-- Symlinking: /home/ros2/ros2_ws/install/apriltag_launcher/share/ament_index/resource_index/package_run_dependencies/apriltag_launcher
-- Symlinking: /home/ros2/ros2_ws/install/apriltag_launcher/share/ament_index/resource_index/parent_prefix_path/apriltag_launcher
-- Symlinking: /home/ros2/ros2_ws/install/apriltag_launcher/share/apriltag_launcher/environment/ament_prefix_path.sh
-- Symlinking: /home/ros2/ros2_ws/install/apriltag_launcher/share/apriltag_launcher/environment/ament_prefix_path.dsv
-- Symlinking: /home/ros2/ros2_ws/install/apriltag_launcher/share/apriltag_launcher/environment/path.sh
-- Symlinking: /home/ros2/ros2_ws/install/apriltag_launcher/share/apriltag_launcher/environment/path.dsv
-- Symlinking: /home/ros2/ros2_ws/install/apriltag_launcher/share/apriltag_launcher/local_setup.bash
-- Symlinking: /home/ros2/ros2_ws/install/apriltag_launcher/share/apriltag_launcher/local_setup.sh
-- Symlinking: /home/ros2/ros2_ws/install/apriltag_launcher/share/apriltag_launcher/local_setup.zsh
-- Symlinking: /home/ros2/ros2_ws/install/apriltag_launcher/share/apriltag_launcher/local_setup.dsv
-- Symlinking: /home/ros2/ros2_ws/install/apriltag_launcher/share/apriltag_launcher/package.dsv
-- Symlinking: /home/ros2/ros2_ws/install/apriltag_launcher/share/ament_index/resource_index/packages/apriltag_launcher
-- Symlinking: /home/ros2/ros2_ws/install/apriltag_launcher/share/apriltag_launcher/cmake/apriltag_launcherConfig.cmake
-- Symlinking: /home/ros2/ros2_ws/install/apriltag_launcher/share/apriltag_launcher/cmake/apriltag_launcherConfig-version.cmake
-- Symlinking: /home/ros2/ros2_ws/install/apriltag_launcher/share/apriltag_launcher/package.xml
