[  1%] Built target swiftpro__rosidl_generator_type_description
[  1%] Built target ament_cmake_python_symlink_swiftpro
[  2%] Built target swiftpro__cpp
[ 23%] Built target swiftpro__rosidl_generator_c
[ 32%] Built target swiftpro__rosidl_typesupport_introspection_c
[ 41%] Built target swiftpro__rosidl_typesupport_c
[ 50%] Built target swiftpro__rosidl_typesupport_cpp
[ 58%] Built target swiftpro__rosidl_typesupport_introspection_cpp
[ 67%] Built target swiftpro__rosidl_typesupport_fastrtps_c
[ 76%] Built target swiftpro__rosidl_typesupport_fastrtps_cpp
[ 76%] Built target swiftpro
[ 78%] Built target swiftpro_write_node
[ 81%] Built target swiftpro_read_node
[ 83%] Built target swiftpro_rviz_node
[ 85%] Built target swiftpro__py
[ 92%] Built target swiftpro__rosidl_generator_py
[ 95%] Built target swiftpro_s__rosidl_typesupport_introspection_c
[ 97%] Built target swiftpro_s__rosidl_typesupport_fastrtps_c
[100%] Built target swiftpro_s__rosidl_typesupport_c
running egg_info
writing swiftpro.egg-info/PKG-INFO
writing dependency_links to swiftpro.egg-info/dependency_links.txt
writing top-level names to swiftpro.egg-info/top_level.txt
reading manifest file 'swiftpro.egg-info/SOURCES.txt'
writing manifest file 'swiftpro.egg-info/SOURCES.txt'
[100%] Built target ament_cmake_python_build_swiftpro_egg
-- Install configuration: ""
-- Execute custom install script
-- Up-to-date symlink: /home/ros2/ros2_ws/install/swiftpro/share/ament_index/resource_index/rosidl_interfaces/swiftpro
-- Up-to-date symlink: /home/ros2/ros2_ws/install/swiftpro/share/swiftpro/msg/SwiftproState.json
-- Up-to-date symlink: /home/ros2/ros2_ws/install/swiftpro/share/swiftpro/msg/Position.json
-- Up-to-date symlink: /home/ros2/ros2_ws/install/swiftpro/share/swiftpro/msg/Angle4th.json
-- Up-to-date symlink: /home/ros2/ros2_ws/install/swiftpro/share/swiftpro/msg/Status.json
-- Up-to-date symlink: /home/ros2/ros2_ws/install/swiftpro/share/swiftpro/srv/SendGcode.json
-- Up-to-date symlink: /home/ros2/ros2_ws/install/swiftpro/include/swiftpro/swiftpro/msg/angle4th.h
-- Up-to-date symlink: /home/ros2/ros2_ws/install/swiftpro/include/swiftpro/swiftpro/msg/detail/angle4th__functions.h
-- Up-to-date symlink: /home/ros2/ros2_ws/install/swiftpro/include/swiftpro/swiftpro/msg/detail/angle4th__struct.h
-- Up-to-date symlink: /home/ros2/ros2_ws/install/swiftpro/include/swiftpro/swiftpro/msg/detail/angle4th__type_support.h
-- Up-to-date symlink: /home/ros2/ros2_ws/install/swiftpro/include/swiftpro/swiftpro/msg/detail/position__functions.h
-- Up-to-date symlink: /home/ros2/ros2_ws/install/swiftpro/include/swiftpro/swiftpro/msg/detail/position__struct.h
-- Up-to-date symlink: /home/ros2/ros2_ws/install/swiftpro/include/swiftpro/swiftpro/msg/detail/position__type_support.h
-- Up-to-date symlink: /home/ros2/ros2_ws/install/swiftpro/include/swiftpro/swiftpro/msg/detail/status__functions.h
-- Up-to-date symlink: /home/ros2/ros2_ws/install/swiftpro/include/swiftpro/swiftpro/msg/detail/status__struct.h
-- Up-to-date symlink: /home/ros2/ros2_ws/install/swiftpro/include/swiftpro/swiftpro/msg/detail/status__type_support.h
-- Up-to-date symlink: /home/ros2/ros2_ws/install/swiftpro/include/swiftpro/swiftpro/msg/detail/swiftpro_state__functions.h
-- Up-to-date symlink: /home/ros2/ros2_ws/install/swiftpro/include/swiftpro/swiftpro/msg/detail/swiftpro_state__struct.h
-- Up-to-date symlink: /home/ros2/ros2_ws/install/swiftpro/include/swiftpro/swiftpro/msg/detail/swiftpro_state__type_support.h
-- Up-to-date symlink: /home/ros2/ros2_ws/install/swiftpro/include/swiftpro/swiftpro/msg/position.h
-- Up-to-date symlink: /home/ros2/ros2_ws/install/swiftpro/include/swiftpro/swiftpro/msg/rosidl_generator_c__visibility_control.h
-- Up-to-date symlink: /home/ros2/ros2_ws/install/swiftpro/include/swiftpro/swiftpro/msg/status.h
-- Up-to-date symlink: /home/ros2/ros2_ws/install/swiftpro/include/swiftpro/swiftpro/msg/swiftpro_state.h
-- Up-to-date symlink: /home/ros2/ros2_ws/install/swiftpro/include/swiftpro/swiftpro/srv/detail/send_gcode__functions.h
-- Up-to-date symlink: /home/ros2/ros2_ws/install/swiftpro/include/swiftpro/swiftpro/srv/detail/send_gcode__struct.h
-- Up-to-date symlink: /home/ros2/ros2_ws/install/swiftpro/include/swiftpro/swiftpro/srv/detail/send_gcode__type_support.h
-- Up-to-date symlink: /home/ros2/ros2_ws/install/swiftpro/include/swiftpro/swiftpro/srv/send_gcode.h
-- Up-to-date symlink: /home/ros2/ros2_ws/install/swiftpro/share/swiftpro/environment/library_path.sh
-- Up-to-date symlink: /home/ros2/ros2_ws/install/swiftpro/share/swiftpro/environment/library_path.dsv
-- Up-to-date symlink: /home/ros2/ros2_ws/install/swiftpro/include/swiftpro/swiftpro/msg/detail/angle4th__rosidl_typesupport_fastrtps_c.h
-- Up-to-date symlink: /home/ros2/ros2_ws/install/swiftpro/include/swiftpro/swiftpro/msg/detail/position__rosidl_typesupport_fastrtps_c.h
-- Up-to-date symlink: /home/ros2/ros2_ws/install/swiftpro/include/swiftpro/swiftpro/msg/detail/status__rosidl_typesupport_fastrtps_c.h
-- Up-to-date symlink: /home/ros2/ros2_ws/install/swiftpro/include/swiftpro/swiftpro/msg/detail/swiftpro_state__rosidl_typesupport_fastrtps_c.h
-- Up-to-date symlink: /home/ros2/ros2_ws/install/swiftpro/include/swiftpro/swiftpro/msg/rosidl_typesupport_fastrtps_c__visibility_control.h
-- Up-to-date symlink: /home/ros2/ros2_ws/install/swiftpro/include/swiftpro/swiftpro/srv/detail/send_gcode__rosidl_typesupport_fastrtps_c.h
-- Up-to-date symlink: /home/ros2/ros2_ws/install/swiftpro/include/swiftpro/swiftpro/msg/angle4th.hpp
-- Up-to-date symlink: /home/ros2/ros2_ws/install/swiftpro/include/swiftpro/swiftpro/msg/detail/angle4th__builder.hpp
-- Up-to-date symlink: /home/ros2/ros2_ws/install/swiftpro/include/swiftpro/swiftpro/msg/detail/angle4th__struct.hpp
-- Up-to-date symlink: /home/ros2/ros2_ws/install/swiftpro/include/swiftpro/swiftpro/msg/detail/angle4th__traits.hpp
-- Up-to-date symlink: /home/ros2/ros2_ws/install/swiftpro/include/swiftpro/swiftpro/msg/detail/angle4th__type_support.hpp
-- Up-to-date symlink: /home/ros2/ros2_ws/install/swiftpro/include/swiftpro/swiftpro/msg/detail/position__builder.hpp
-- Up-to-date symlink: /home/ros2/ros2_ws/install/swiftpro/include/swiftpro/swiftpro/msg/detail/position__struct.hpp
-- Up-to-date symlink: /home/ros2/ros2_ws/install/swiftpro/include/swiftpro/swiftpro/msg/detail/position__traits.hpp
-- Up-to-date symlink: /home/ros2/ros2_ws/install/swiftpro/include/swiftpro/swiftpro/msg/detail/position__type_support.hpp
-- Up-to-date symlink: /home/ros2/ros2_ws/install/swiftpro/include/swiftpro/swiftpro/msg/detail/status__builder.hpp
-- Up-to-date symlink: /home/ros2/ros2_ws/install/swiftpro/include/swiftpro/swiftpro/msg/detail/status__struct.hpp
-- Up-to-date symlink: /home/ros2/ros2_ws/install/swiftpro/include/swiftpro/swiftpro/msg/detail/status__traits.hpp
-- Up-to-date symlink: /home/ros2/ros2_ws/install/swiftpro/include/swiftpro/swiftpro/msg/detail/status__type_support.hpp
-- Up-to-date symlink: /home/ros2/ros2_ws/install/swiftpro/include/swiftpro/swiftpro/msg/detail/swiftpro_state__builder.hpp
-- Up-to-date symlink: /home/ros2/ros2_ws/install/swiftpro/include/swiftpro/swiftpro/msg/detail/swiftpro_state__struct.hpp
-- Up-to-date symlink: /home/ros2/ros2_ws/install/swiftpro/include/swiftpro/swiftpro/msg/detail/swiftpro_state__traits.hpp
-- Up-to-date symlink: /home/ros2/ros2_ws/install/swiftpro/include/swiftpro/swiftpro/msg/detail/swiftpro_state__type_support.hpp
-- Up-to-date symlink: /home/ros2/ros2_ws/install/swiftpro/include/swiftpro/swiftpro/msg/position.hpp
-- Up-to-date symlink: /home/ros2/ros2_ws/install/swiftpro/include/swiftpro/swiftpro/msg/rosidl_generator_cpp__visibility_control.hpp
-- Up-to-date symlink: /home/ros2/ros2_ws/install/swiftpro/include/swiftpro/swiftpro/msg/status.hpp
-- Up-to-date symlink: /home/ros2/ros2_ws/install/swiftpro/include/swiftpro/swiftpro/msg/swiftpro_state.hpp
-- Up-to-date symlink: /home/ros2/ros2_ws/install/swiftpro/include/swiftpro/swiftpro/srv/detail/send_gcode__builder.hpp
-- Up-to-date symlink: /home/ros2/ros2_ws/install/swiftpro/include/swiftpro/swiftpro/srv/detail/send_gcode__struct.hpp
-- Up-to-date symlink: /home/ros2/ros2_ws/install/swiftpro/include/swiftpro/swiftpro/srv/detail/send_gcode__traits.hpp
-- Up-to-date symlink: /home/ros2/ros2_ws/install/swiftpro/include/swiftpro/swiftpro/srv/detail/send_gcode__type_support.hpp
-- Up-to-date symlink: /home/ros2/ros2_ws/install/swiftpro/include/swiftpro/swiftpro/srv/send_gcode.hpp
-- Up-to-date symlink: /home/ros2/ros2_ws/install/swiftpro/include/swiftpro/swiftpro/msg/detail/angle4th__rosidl_typesupport_fastrtps_cpp.hpp
-- Up-to-date symlink: /home/ros2/ros2_ws/install/swiftpro/include/swiftpro/swiftpro/msg/detail/position__rosidl_typesupport_fastrtps_cpp.hpp
-- Up-to-date symlink: /home/ros2/ros2_ws/install/swiftpro/include/swiftpro/swiftpro/msg/detail/status__rosidl_typesupport_fastrtps_cpp.hpp
-- Up-to-date symlink: /home/ros2/ros2_ws/install/swiftpro/include/swiftpro/swiftpro/msg/detail/swiftpro_state__rosidl_typesupport_fastrtps_cpp.hpp
-- Up-to-date symlink: /home/ros2/ros2_ws/install/swiftpro/include/swiftpro/swiftpro/msg/rosidl_typesupport_fastrtps_cpp__visibility_control.h
-- Up-to-date symlink: /home/ros2/ros2_ws/install/swiftpro/include/swiftpro/swiftpro/srv/detail/send_gcode__rosidl_typesupport_fastrtps_cpp.hpp
-- Up-to-date symlink: /home/ros2/ros2_ws/install/swiftpro/include/swiftpro/swiftpro/msg/detail/angle4th__rosidl_typesupport_introspection_c.h
-- Up-to-date symlink: /home/ros2/ros2_ws/install/swiftpro/include/swiftpro/swiftpro/msg/detail/position__rosidl_typesupport_introspection_c.h
-- Up-to-date symlink: /home/ros2/ros2_ws/install/swiftpro/include/swiftpro/swiftpro/msg/detail/status__rosidl_typesupport_introspection_c.h
-- Up-to-date symlink: /home/ros2/ros2_ws/install/swiftpro/include/swiftpro/swiftpro/msg/detail/swiftpro_state__rosidl_typesupport_introspection_c.h
-- Up-to-date symlink: /home/ros2/ros2_ws/install/swiftpro/include/swiftpro/swiftpro/msg/rosidl_typesupport_introspection_c__visibility_control.h
-- Up-to-date symlink: /home/ros2/ros2_ws/install/swiftpro/include/swiftpro/swiftpro/srv/detail/send_gcode__rosidl_typesupport_introspection_c.h
-- Up-to-date symlink: /home/ros2/ros2_ws/install/swiftpro/include/swiftpro/swiftpro/msg/detail/angle4th__rosidl_typesupport_introspection_cpp.hpp
-- Up-to-date symlink: /home/ros2/ros2_ws/install/swiftpro/include/swiftpro/swiftpro/msg/detail/position__rosidl_typesupport_introspection_cpp.hpp
-- Up-to-date symlink: /home/ros2/ros2_ws/install/swiftpro/include/swiftpro/swiftpro/msg/detail/status__rosidl_typesupport_introspection_cpp.hpp
-- Up-to-date symlink: /home/ros2/ros2_ws/install/swiftpro/include/swiftpro/swiftpro/msg/detail/swiftpro_state__rosidl_typesupport_introspection_cpp.hpp
-- Up-to-date symlink: /home/ros2/ros2_ws/install/swiftpro/include/swiftpro/swiftpro/srv/detail/send_gcode__rosidl_typesupport_introspection_cpp.hpp
-- Up-to-date symlink: /home/ros2/ros2_ws/install/swiftpro/share/swiftpro/environment/pythonpath.sh
-- Up-to-date symlink: /home/ros2/ros2_ws/install/swiftpro/share/swiftpro/environment/pythonpath.dsv
-- Up-to-date symlink: /home/ros2/ros2_ws/install/swiftpro/lib/python3.12/site-packages/swiftpro-2.0.0-py3.12.egg-info/PKG-INFO
-- Up-to-date symlink: /home/ros2/ros2_ws/install/swiftpro/lib/python3.12/site-packages/swiftpro-2.0.0-py3.12.egg-info/SOURCES.txt
-- Up-to-date symlink: /home/ros2/ros2_ws/install/swiftpro/lib/python3.12/site-packages/swiftpro-2.0.0-py3.12.egg-info/dependency_links.txt
-- Up-to-date symlink: /home/ros2/ros2_ws/install/swiftpro/lib/python3.12/site-packages/swiftpro-2.0.0-py3.12.egg-info/top_level.txt
-- Up-to-date symlink: /home/ros2/ros2_ws/install/swiftpro/lib/python3.12/site-packages/swiftpro/__init__.py
-- Up-to-date symlink: /home/ros2/ros2_ws/install/swiftpro/lib/python3.12/site-packages/swiftpro/_swiftpro_s.ep.rosidl_typesupport_c.c
-- Up-to-date symlink: /home/ros2/ros2_ws/install/swiftpro/lib/python3.12/site-packages/swiftpro/_swiftpro_s.ep.rosidl_typesupport_fastrtps_c.c
-- Up-to-date symlink: /home/ros2/ros2_ws/install/swiftpro/lib/python3.12/site-packages/swiftpro/_swiftpro_s.ep.rosidl_typesupport_introspection_c.c
-- Up-to-date symlink: /home/ros2/ros2_ws/install/swiftpro/lib/python3.12/site-packages/swiftpro/msg/__init__.py
-- Up-to-date symlink: /home/ros2/ros2_ws/install/swiftpro/lib/python3.12/site-packages/swiftpro/msg/_angle4th.py
-- Up-to-date symlink: /home/ros2/ros2_ws/install/swiftpro/lib/python3.12/site-packages/swiftpro/msg/_angle4th_s.c
-- Up-to-date symlink: /home/ros2/ros2_ws/install/swiftpro/lib/python3.12/site-packages/swiftpro/msg/_position.py
-- Up-to-date symlink: /home/ros2/ros2_ws/install/swiftpro/lib/python3.12/site-packages/swiftpro/msg/_position_s.c
-- Up-to-date symlink: /home/ros2/ros2_ws/install/swiftpro/lib/python3.12/site-packages/swiftpro/msg/_status.py
-- Up-to-date symlink: /home/ros2/ros2_ws/install/swiftpro/lib/python3.12/site-packages/swiftpro/msg/_status_s.c
-- Up-to-date symlink: /home/ros2/ros2_ws/install/swiftpro/lib/python3.12/site-packages/swiftpro/msg/_swiftpro_state.py
-- Up-to-date symlink: /home/ros2/ros2_ws/install/swiftpro/lib/python3.12/site-packages/swiftpro/msg/_swiftpro_state_s.c
-- Up-to-date symlink: /home/ros2/ros2_ws/install/swiftpro/lib/python3.12/site-packages/swiftpro/srv/__init__.py
-- Up-to-date symlink: /home/ros2/ros2_ws/install/swiftpro/lib/python3.12/site-packages/swiftpro/srv/_send_gcode.py
-- Up-to-date symlink: /home/ros2/ros2_ws/install/swiftpro/lib/python3.12/site-packages/swiftpro/srv/_send_gcode_s.c
-- Up-to-date symlink: /home/ros2/ros2_ws/install/swiftpro/lib/python3.12/site-packages/swiftpro/swiftpro_s__rosidl_typesupport_c.so
-- Up-to-date symlink: /home/ros2/ros2_ws/install/swiftpro/lib/python3.12/site-packages/swiftpro/swiftpro_s__rosidl_typesupport_fastrtps_c.so
-- Up-to-date symlink: /home/ros2/ros2_ws/install/swiftpro/lib/python3.12/site-packages/swiftpro/swiftpro_s__rosidl_typesupport_introspection_c.so
-- Up-to-date symlink: /home/ros2/ros2_ws/install/swiftpro/lib/python3.12/site-packages/swiftpro/swiftpro_s__rosidl_typesupport_fastrtps_c.so
-- Up-to-date symlink: /home/ros2/ros2_ws/install/swiftpro/lib/python3.12/site-packages/swiftpro/swiftpro_s__rosidl_typesupport_introspection_c.so
-- Up-to-date symlink: /home/ros2/ros2_ws/install/swiftpro/lib/python3.12/site-packages/swiftpro/swiftpro_s__rosidl_typesupport_c.so
-- Up-to-date symlink: /home/ros2/ros2_ws/install/swiftpro/share/swiftpro/msg/SwiftproState.idl
-- Up-to-date symlink: /home/ros2/ros2_ws/install/swiftpro/share/swiftpro/msg/Position.idl
-- Up-to-date symlink: /home/ros2/ros2_ws/install/swiftpro/share/swiftpro/msg/Angle4th.idl
-- Up-to-date symlink: /home/ros2/ros2_ws/install/swiftpro/share/swiftpro/msg/Status.idl
-- Up-to-date symlink: /home/ros2/ros2_ws/install/swiftpro/share/swiftpro/srv/SendGcode.idl
-- Up-to-date symlink: /home/ros2/ros2_ws/install/swiftpro/share/swiftpro/msg/SwiftproState.msg
-- Up-to-date symlink: /home/ros2/ros2_ws/install/swiftpro/share/swiftpro/msg/Position.msg
-- Up-to-date symlink: /home/ros2/ros2_ws/install/swiftpro/share/swiftpro/msg/Angle4th.msg
-- Up-to-date symlink: /home/ros2/ros2_ws/install/swiftpro/share/swiftpro/msg/Status.msg
-- Up-to-date symlink: /home/ros2/ros2_ws/install/swiftpro/share/swiftpro/srv/SendGcode.srv
-- Up-to-date symlink: /home/ros2/ros2_ws/install/swiftpro/lib/swiftpro/swiftpro_write_node
-- Up-to-date symlink: /home/ros2/ros2_ws/install/swiftpro/lib/swiftpro/swiftpro_read_node
-- Up-to-date symlink: /home/ros2/ros2_ws/install/swiftpro/lib/swiftpro/swiftpro_rviz_node
-- Up-to-date symlink: /home/ros2/ros2_ws/install/swiftpro/share/swiftpro/urdf/pro_links/Base.STL
-- Up-to-date symlink: /home/ros2/ros2_ws/install/swiftpro/share/swiftpro/urdf/pro_links/Gripper.STL
-- Up-to-date symlink: /home/ros2/ros2_ws/install/swiftpro/share/swiftpro/urdf/pro_links/Link1.STL
-- Up-to-date symlink: /home/ros2/ros2_ws/install/swiftpro/share/swiftpro/urdf/pro_links/Link2.STL
-- Up-to-date symlink: /home/ros2/ros2_ws/install/swiftpro/share/swiftpro/urdf/pro_links/Link3.STL
-- Up-to-date symlink: /home/ros2/ros2_ws/install/swiftpro/share/swiftpro/urdf/pro_links/Link4.STL
-- Up-to-date symlink: /home/ros2/ros2_ws/install/swiftpro/share/swiftpro/urdf/pro_links/Link5.STL
-- Up-to-date symlink: /home/ros2/ros2_ws/install/swiftpro/share/swiftpro/urdf/pro_links/Link6.STL
-- Up-to-date symlink: /home/ros2/ros2_ws/install/swiftpro/share/swiftpro/urdf/pro_links/Link7.STL
-- Up-to-date symlink: /home/ros2/ros2_ws/install/swiftpro/share/swiftpro/urdf/pro_links/Link9.STL
-- Up-to-date symlink: /home/ros2/ros2_ws/install/swiftpro/share/swiftpro/urdf/pro_links/Suction.STL
-- Up-to-date symlink: /home/ros2/ros2_ws/install/swiftpro/share/swiftpro/urdf/pro_model.xacro
-- Up-to-date symlink: /home/ros2/ros2_ws/install/swiftpro/share/swiftpro/urdf/swift_links/Base.STL
-- Up-to-date symlink: /home/ros2/ros2_ws/install/swiftpro/share/swiftpro/urdf/swift_links/Gripper.STL
-- Up-to-date symlink: /home/ros2/ros2_ws/install/swiftpro/share/swiftpro/urdf/swift_links/Link1.STL
-- Up-to-date symlink: /home/ros2/ros2_ws/install/swiftpro/share/swiftpro/urdf/swift_links/Link2.STL
-- Up-to-date symlink: /home/ros2/ros2_ws/install/swiftpro/share/swiftpro/urdf/swift_links/Link3.STL
-- Up-to-date symlink: /home/ros2/ros2_ws/install/swiftpro/share/swiftpro/urdf/swift_links/Link4.STL
-- Up-to-date symlink: /home/ros2/ros2_ws/install/swiftpro/share/swiftpro/urdf/swift_links/Link5.STL
-- Up-to-date symlink: /home/ros2/ros2_ws/install/swiftpro/share/swiftpro/urdf/swift_links/Link6.STL
-- Up-to-date symlink: /home/ros2/ros2_ws/install/swiftpro/share/swiftpro/urdf/swift_links/Link7.STL
-- Up-to-date symlink: /home/ros2/ros2_ws/install/swiftpro/share/swiftpro/urdf/swift_links/Link9.STL
-- Up-to-date symlink: /home/ros2/ros2_ws/install/swiftpro/share/swiftpro/urdf/swift_links/Suction.STL
-- Up-to-date symlink: /home/ros2/ros2_ws/install/swiftpro/share/swiftpro/urdf/swift_model.urdf
-- Up-to-date symlink: /home/ros2/ros2_ws/install/swiftpro/share/swiftpro/urdf/swift_model.xacro
-- Up-to-date symlink: /home/ros2/ros2_ws/install/swiftpro/share/ament_index/resource_index/package_run_dependencies/swiftpro
-- Up-to-date symlink: /home/ros2/ros2_ws/install/swiftpro/share/ament_index/resource_index/parent_prefix_path/swiftpro
-- Up-to-date symlink: /home/ros2/ros2_ws/install/swiftpro/share/swiftpro/environment/ament_prefix_path.sh
-- Up-to-date symlink: /home/ros2/ros2_ws/install/swiftpro/share/swiftpro/environment/ament_prefix_path.dsv
-- Up-to-date symlink: /home/ros2/ros2_ws/install/swiftpro/share/swiftpro/environment/path.sh
-- Up-to-date symlink: /home/ros2/ros2_ws/install/swiftpro/share/swiftpro/environment/path.dsv
-- Up-to-date symlink: /home/ros2/ros2_ws/install/swiftpro/share/swiftpro/local_setup.bash
-- Up-to-date symlink: /home/ros2/ros2_ws/install/swiftpro/share/swiftpro/local_setup.sh
-- Up-to-date symlink: /home/ros2/ros2_ws/install/swiftpro/share/swiftpro/local_setup.zsh
-- Up-to-date symlink: /home/ros2/ros2_ws/install/swiftpro/share/swiftpro/local_setup.dsv
-- Symlinking: /home/ros2/ros2_ws/install/swiftpro/share/swiftpro/package.dsv
-- Up-to-date symlink: /home/ros2/ros2_ws/install/swiftpro/share/ament_index/resource_index/packages/swiftpro
-- Up-to-date symlink: /home/ros2/ros2_ws/install/swiftpro/share/swiftpro/cmake/rosidl_cmake-extras.cmake
-- Up-to-date symlink: /home/ros2/ros2_ws/install/swiftpro/share/swiftpro/cmake/ament_cmake_export_dependencies-extras.cmake
-- Up-to-date symlink: /home/ros2/ros2_ws/install/swiftpro/share/swiftpro/cmake/ament_cmake_export_include_directories-extras.cmake
-- Up-to-date symlink: /home/ros2/ros2_ws/install/swiftpro/share/swiftpro/cmake/ament_cmake_export_libraries-extras.cmake
-- Up-to-date symlink: /home/ros2/ros2_ws/install/swiftpro/share/swiftpro/cmake/ament_cmake_export_targets-extras.cmake
-- Up-to-date symlink: /home/ros2/ros2_ws/install/swiftpro/share/swiftpro/cmake/rosidl_cmake_export_typesupport_targets-extras.cmake
-- Up-to-date symlink: /home/ros2/ros2_ws/install/swiftpro/share/swiftpro/cmake/rosidl_cmake_export_typesupport_libraries-extras.cmake
-- Up-to-date symlink: /home/ros2/ros2_ws/install/swiftpro/share/swiftpro/cmake/swiftproConfig.cmake
-- Up-to-date symlink: /home/ros2/ros2_ws/install/swiftpro/share/swiftpro/cmake/swiftproConfig-version.cmake
-- Up-to-date symlink: /home/ros2/ros2_ws/install/swiftpro/share/swiftpro/package.xml
-- Up-to-date: /home/ros2/ros2_ws/install/swiftpro/lib/libswiftpro__rosidl_generator_c.so
-- Up-to-date: /home/ros2/ros2_ws/install/swiftpro/lib/libswiftpro__rosidl_typesupport_fastrtps_c.so
-- Up-to-date: /home/ros2/ros2_ws/install/swiftpro/lib/libswiftpro__rosidl_typesupport_fastrtps_cpp.so
-- Up-to-date: /home/ros2/ros2_ws/install/swiftpro/lib/libswiftpro__rosidl_typesupport_introspection_c.so
-- Up-to-date: /home/ros2/ros2_ws/install/swiftpro/lib/libswiftpro__rosidl_typesupport_c.so
-- Up-to-date: /home/ros2/ros2_ws/install/swiftpro/lib/libswiftpro__rosidl_typesupport_introspection_cpp.so
-- Up-to-date: /home/ros2/ros2_ws/install/swiftpro/lib/libswiftpro__rosidl_typesupport_cpp.so
Listing '/home/ros2/ros2_ws/install/swiftpro/lib/python3.12/site-packages/swiftpro'...
Listing '/home/ros2/ros2_ws/install/swiftpro/lib/python3.12/site-packages/swiftpro/msg'...
Listing '/home/ros2/ros2_ws/install/swiftpro/lib/python3.12/site-packages/swiftpro/srv'...
-- Up-to-date: /home/ros2/ros2_ws/install/swiftpro/lib/libswiftpro__rosidl_generator_py.so
-- Up-to-date: /home/ros2/ros2_ws/install/swiftpro/share/swiftpro/launch
-- Up-to-date: /home/ros2/ros2_ws/install/swiftpro/share/swiftpro/launch/pro_control.launch.py
-- Up-to-date: /home/ros2/ros2_ws/install/swiftpro/share/swiftpro/launch/__pycache__
-- Up-to-date: /home/ros2/ros2_ws/install/swiftpro/share/swiftpro/cmake/export_swiftpro__rosidl_generator_cExport.cmake
-- Up-to-date: /home/ros2/ros2_ws/install/swiftpro/share/swiftpro/cmake/export_swiftpro__rosidl_generator_cExport-noconfig.cmake
-- Up-to-date: /home/ros2/ros2_ws/install/swiftpro/share/swiftpro/cmake/export_swiftpro__rosidl_typesupport_fastrtps_cExport.cmake
-- Up-to-date: /home/ros2/ros2_ws/install/swiftpro/share/swiftpro/cmake/export_swiftpro__rosidl_typesupport_fastrtps_cExport-noconfig.cmake
-- Up-to-date: /home/ros2/ros2_ws/install/swiftpro/share/swiftpro/cmake/export_swiftpro__rosidl_generator_cppExport.cmake
-- Up-to-date: /home/ros2/ros2_ws/install/swiftpro/share/swiftpro/cmake/export_swiftpro__rosidl_typesupport_fastrtps_cppExport.cmake
-- Up-to-date: /home/ros2/ros2_ws/install/swiftpro/share/swiftpro/cmake/export_swiftpro__rosidl_typesupport_fastrtps_cppExport-noconfig.cmake
-- Up-to-date: /home/ros2/ros2_ws/install/swiftpro/share/swiftpro/cmake/swiftpro__rosidl_typesupport_introspection_cExport.cmake
-- Up-to-date: /home/ros2/ros2_ws/install/swiftpro/share/swiftpro/cmake/swiftpro__rosidl_typesupport_introspection_cExport-noconfig.cmake
-- Up-to-date: /home/ros2/ros2_ws/install/swiftpro/share/swiftpro/cmake/swiftpro__rosidl_typesupport_cExport.cmake
-- Up-to-date: /home/ros2/ros2_ws/install/swiftpro/share/swiftpro/cmake/swiftpro__rosidl_typesupport_cExport-noconfig.cmake
-- Up-to-date: /home/ros2/ros2_ws/install/swiftpro/share/swiftpro/cmake/swiftpro__rosidl_typesupport_introspection_cppExport.cmake
-- Up-to-date: /home/ros2/ros2_ws/install/swiftpro/share/swiftpro/cmake/swiftpro__rosidl_typesupport_introspection_cppExport-noconfig.cmake
-- Up-to-date: /home/ros2/ros2_ws/install/swiftpro/share/swiftpro/cmake/swiftpro__rosidl_typesupport_cppExport.cmake
-- Up-to-date: /home/ros2/ros2_ws/install/swiftpro/share/swiftpro/cmake/swiftpro__rosidl_typesupport_cppExport-noconfig.cmake
-- Up-to-date: /home/ros2/ros2_ws/install/swiftpro/share/swiftpro/cmake/export_swiftpro__rosidl_generator_pyExport.cmake
-- Up-to-date: /home/ros2/ros2_ws/install/swiftpro/share/swiftpro/cmake/export_swiftpro__rosidl_generator_pyExport-noconfig.cmake
