[0.174s] DEBUG:colcon:Command line arguments: ['/usr/bin/colcon', 'build', '--symlink-install']
[0.174s] DEBUG:colcon:Parsed command line arguments: Namespace(log_base=None, log_level=None, verb_name='build', build_base='build', install_base='install', merge_install=False, symlink_install=True, test_result_base=None, continue_on_error=False, executor='parallel', parallel_workers=12, event_handlers=None, ignore_user_meta=False, metas=['./colcon.meta'], base_paths=['.'], packages_ignore=None, packages_ignore_regex=None, paths=None, packages_up_to=None, packages_up_to_regex=None, packages_above=None, packages_above_and_dependencies=None, packages_above_depth=None, packages_select_by_dep=None, packages_skip_by_dep=None, packages_skip_up_to=None, packages_select_build_failed=False, packages_skip_build_finished=False, packages_select_test_failures=False, packages_skip_test_passed=False, packages_select=None, packages_skip=None, packages_select_regex=None, packages_skip_regex=None, packages_start=None, packages_end=None, cmake_args=None, cmake_target=None, cmake_target_skip_unavailable=False, cmake_clean_cache=False, cmake_clean_first=False, cmake_force_configure=False, ament_cmake_args=None, catkin_cmake_args=None, catkin_skip_building_tests=False, mixin_files=None, mixin=None, verb_parser=<colcon_mixin.mixin.mixin_argument.MixinArgumentDecorator object at 0x7845d6b0c5f0>, verb_extension=<colcon_core.verb.build.BuildVerb object at 0x7845d6cc61b0>, main=<bound method BuildVerb.main of <colcon_core.verb.build.BuildVerb object at 0x7845d6cc61b0>>, mixin_verb=('build',))
[0.239s] Level 1:colcon.colcon_core.package_discovery:discover_packages(colcon_meta) check parameters
[0.239s] Level 1:colcon.colcon_core.package_discovery:discover_packages(recursive) check parameters
[0.239s] Level 1:colcon.colcon_core.package_discovery:discover_packages(ignore) check parameters
[0.239s] Level 1:colcon.colcon_core.package_discovery:discover_packages(path) check parameters
[0.239s] Level 1:colcon.colcon_core.package_discovery:discover_packages(colcon_meta) discover
[0.239s] Level 1:colcon.colcon_core.package_discovery:discover_packages(recursive) discover
[0.239s] INFO:colcon.colcon_core.package_discovery:Crawling recursively for packages in '/home/ros2/ros2_ws'
[0.239s] Level 1:colcon.colcon_core.package_identification:_identify(.) by extensions ['ignore', 'ignore_ament_install']
[0.240s] Level 1:colcon.colcon_core.package_identification:_identify(.) by extension 'ignore'
[0.240s] Level 1:colcon.colcon_core.package_identification:_identify(.) by extension 'ignore_ament_install'
[0.240s] Level 1:colcon.colcon_core.package_identification:_identify(.) by extensions ['colcon_pkg']
[0.240s] Level 1:colcon.colcon_core.package_identification:_identify(.) by extension 'colcon_pkg'
[0.240s] Level 1:colcon.colcon_core.package_identification:_identify(.) by extensions ['colcon_meta']
[0.240s] Level 1:colcon.colcon_core.package_identification:_identify(.) by extension 'colcon_meta'
[0.240s] Level 1:colcon.colcon_core.package_identification:_identify(.) by extensions ['ros']
[0.240s] Level 1:colcon.colcon_core.package_identification:_identify(.) by extension 'ros'
[0.278s] Level 1:colcon.colcon_core.package_identification:_identify(.) by extensions ['cmake', 'python']
[0.278s] Level 1:colcon.colcon_core.package_identification:_identify(.) by extension 'cmake'
[0.278s] Level 1:colcon.colcon_core.package_identification:_identify(.) by extension 'python'
[0.278s] Level 1:colcon.colcon_core.package_identification:_identify(.) by extensions ['python_setup_py']
[0.278s] Level 1:colcon.colcon_core.package_identification:_identify(.) by extension 'python_setup_py'
[0.278s] Level 1:colcon.colcon_core.package_identification:_identify(build) by extensions ['ignore', 'ignore_ament_install']
[0.278s] Level 1:colcon.colcon_core.package_identification:_identify(build) by extension 'ignore'
[0.278s] Level 1:colcon.colcon_core.package_identification:_identify(build) ignored
[0.278s] Level 1:colcon.colcon_core.package_identification:_identify(docker) by extensions ['ignore', 'ignore_ament_install']
[0.279s] Level 1:colcon.colcon_core.package_identification:_identify(docker) by extension 'ignore'
[0.279s] Level 1:colcon.colcon_core.package_identification:_identify(docker) by extension 'ignore_ament_install'
[0.279s] Level 1:colcon.colcon_core.package_identification:_identify(docker) by extensions ['colcon_pkg']
[0.279s] Level 1:colcon.colcon_core.package_identification:_identify(docker) by extension 'colcon_pkg'
[0.279s] Level 1:colcon.colcon_core.package_identification:_identify(docker) by extensions ['colcon_meta']
[0.279s] Level 1:colcon.colcon_core.package_identification:_identify(docker) by extension 'colcon_meta'
[0.279s] Level 1:colcon.colcon_core.package_identification:_identify(docker) by extensions ['ros']
[0.279s] Level 1:colcon.colcon_core.package_identification:_identify(docker) by extension 'ros'
[0.279s] Level 1:colcon.colcon_core.package_identification:_identify(docker) by extensions ['cmake', 'python']
[0.279s] Level 1:colcon.colcon_core.package_identification:_identify(docker) by extension 'cmake'
[0.279s] Level 1:colcon.colcon_core.package_identification:_identify(docker) by extension 'python'
[0.279s] Level 1:colcon.colcon_core.package_identification:_identify(docker) by extensions ['python_setup_py']
[0.279s] Level 1:colcon.colcon_core.package_identification:_identify(docker) by extension 'python_setup_py'
[0.279s] Level 1:colcon.colcon_core.package_identification:_identify(install) by extensions ['ignore', 'ignore_ament_install']
[0.280s] Level 1:colcon.colcon_core.package_identification:_identify(install) by extension 'ignore'
[0.280s] Level 1:colcon.colcon_core.package_identification:_identify(install) ignored
[0.280s] Level 1:colcon.colcon_core.package_identification:_identify(log) by extensions ['ignore', 'ignore_ament_install']
[0.280s] Level 1:colcon.colcon_core.package_identification:_identify(log) by extension 'ignore'
[0.280s] Level 1:colcon.colcon_core.package_identification:_identify(log) ignored
[0.280s] Level 1:colcon.colcon_core.package_identification:_identify(src) by extensions ['ignore', 'ignore_ament_install']
[0.280s] Level 1:colcon.colcon_core.package_identification:_identify(src) by extension 'ignore'
[0.280s] Level 1:colcon.colcon_core.package_identification:_identify(src) by extension 'ignore_ament_install'
[0.280s] Level 1:colcon.colcon_core.package_identification:_identify(src) by extensions ['colcon_pkg']
[0.280s] Level 1:colcon.colcon_core.package_identification:_identify(src) by extension 'colcon_pkg'
[0.280s] Level 1:colcon.colcon_core.package_identification:_identify(src) by extensions ['colcon_meta']
[0.280s] Level 1:colcon.colcon_core.package_identification:_identify(src) by extension 'colcon_meta'
[0.281s] Level 1:colcon.colcon_core.package_identification:_identify(src) by extensions ['ros']
[0.281s] Level 1:colcon.colcon_core.package_identification:_identify(src) by extension 'ros'
[0.281s] Level 1:colcon.colcon_core.package_identification:_identify(src) by extensions ['cmake', 'python']
[0.281s] Level 1:colcon.colcon_core.package_identification:_identify(src) by extension 'cmake'
[0.281s] Level 1:colcon.colcon_core.package_identification:_identify(src) by extension 'python'
[0.281s] Level 1:colcon.colcon_core.package_identification:_identify(src) by extensions ['python_setup_py']
[0.281s] Level 1:colcon.colcon_core.package_identification:_identify(src) by extension 'python_setup_py'
[0.281s] Level 1:colcon.colcon_core.package_identification:_identify(src/apriltag_launcher) by extensions ['ignore', 'ignore_ament_install']
[0.281s] Level 1:colcon.colcon_core.package_identification:_identify(src/apriltag_launcher) by extension 'ignore'
[0.281s] Level 1:colcon.colcon_core.package_identification:_identify(src/apriltag_launcher) by extension 'ignore_ament_install'
[0.281s] Level 1:colcon.colcon_core.package_identification:_identify(src/apriltag_launcher) by extensions ['colcon_pkg']
[0.281s] Level 1:colcon.colcon_core.package_identification:_identify(src/apriltag_launcher) by extension 'colcon_pkg'
[0.281s] Level 1:colcon.colcon_core.package_identification:_identify(src/apriltag_launcher) by extensions ['colcon_meta']
[0.281s] Level 1:colcon.colcon_core.package_identification:_identify(src/apriltag_launcher) by extension 'colcon_meta'
[0.282s] Level 1:colcon.colcon_core.package_identification:_identify(src/apriltag_launcher) by extensions ['ros']
[0.282s] Level 1:colcon.colcon_core.package_identification:_identify(src/apriltag_launcher) by extension 'ros'
[0.285s] DEBUG:colcon.colcon_core.package_identification:Package 'src/apriltag_launcher' with type 'ros.ament_cmake' and name 'apriltag_launcher'
[0.285s] Level 1:colcon.colcon_core.package_identification:_identify(src/apriltag_ros) by extensions ['ignore', 'ignore_ament_install']
[0.286s] Level 1:colcon.colcon_core.package_identification:_identify(src/apriltag_ros) by extension 'ignore'
[0.286s] Level 1:colcon.colcon_core.package_identification:_identify(src/apriltag_ros) by extension 'ignore_ament_install'
[0.286s] Level 1:colcon.colcon_core.package_identification:_identify(src/apriltag_ros) by extensions ['colcon_pkg']
[0.286s] Level 1:colcon.colcon_core.package_identification:_identify(src/apriltag_ros) by extension 'colcon_pkg'
[0.286s] Level 1:colcon.colcon_core.package_identification:_identify(src/apriltag_ros) by extensions ['colcon_meta']
[0.286s] Level 1:colcon.colcon_core.package_identification:_identify(src/apriltag_ros) by extension 'colcon_meta'
[0.287s] Level 1:colcon.colcon_core.package_identification:_identify(src/apriltag_ros) by extensions ['ros']
[0.287s] Level 1:colcon.colcon_core.package_identification:_identify(src/apriltag_ros) by extension 'ros'
[0.291s] DEBUG:colcon.colcon_core.package_identification:Package 'src/apriltag_ros' with type 'ros.ament_cmake' and name 'apriltag_ros'
[0.291s] Level 1:colcon.colcon_core.package_identification:_identify(src/uarm_apriltag_demo) by extensions ['ignore', 'ignore_ament_install']
[0.291s] Level 1:colcon.colcon_core.package_identification:_identify(src/uarm_apriltag_demo) by extension 'ignore'
[0.291s] Level 1:colcon.colcon_core.package_identification:_identify(src/uarm_apriltag_demo) by extension 'ignore_ament_install'
[0.292s] Level 1:colcon.colcon_core.package_identification:_identify(src/uarm_apriltag_demo) by extensions ['colcon_pkg']
[0.292s] Level 1:colcon.colcon_core.package_identification:_identify(src/uarm_apriltag_demo) by extension 'colcon_pkg'
[0.292s] Level 1:colcon.colcon_core.package_identification:_identify(src/uarm_apriltag_demo) by extensions ['colcon_meta']
[0.292s] Level 1:colcon.colcon_core.package_identification:_identify(src/uarm_apriltag_demo) by extension 'colcon_meta'
[0.292s] Level 1:colcon.colcon_core.package_identification:_identify(src/uarm_apriltag_demo) by extensions ['ros']
[0.292s] Level 1:colcon.colcon_core.package_identification:_identify(src/uarm_apriltag_demo) by extension 'ros'
[0.293s] DEBUG:colcon.colcon_core.package_identification:Package 'src/uarm_apriltag_demo' with type 'ros.ament_python' and name 'uarm_apriltag_demo'
[0.293s] Level 1:colcon.colcon_core.package_identification:_identify(src/uarm_driver) by extensions ['ignore', 'ignore_ament_install']
[0.293s] Level 1:colcon.colcon_core.package_identification:_identify(src/uarm_driver) by extension 'ignore'
[0.293s] Level 1:colcon.colcon_core.package_identification:_identify(src/uarm_driver) by extension 'ignore_ament_install'
[0.293s] Level 1:colcon.colcon_core.package_identification:_identify(src/uarm_driver) by extensions ['colcon_pkg']
[0.293s] Level 1:colcon.colcon_core.package_identification:_identify(src/uarm_driver) by extension 'colcon_pkg'
[0.293s] Level 1:colcon.colcon_core.package_identification:_identify(src/uarm_driver) by extensions ['colcon_meta']
[0.293s] Level 1:colcon.colcon_core.package_identification:_identify(src/uarm_driver) by extension 'colcon_meta'
[0.293s] Level 1:colcon.colcon_core.package_identification:_identify(src/uarm_driver) by extensions ['ros']
[0.293s] Level 1:colcon.colcon_core.package_identification:_identify(src/uarm_driver) by extension 'ros'
[0.294s] Level 1:colcon.colcon_core.package_identification:_identify(src/uarm_driver) by extensions ['cmake', 'python']
[0.294s] Level 1:colcon.colcon_core.package_identification:_identify(src/uarm_driver) by extension 'cmake'
[0.294s] Level 1:colcon.colcon_core.package_identification:_identify(src/uarm_driver) by extension 'python'
[0.294s] Level 1:colcon.colcon_core.package_identification:_identify(src/uarm_driver) by extensions ['python_setup_py']
[0.294s] Level 1:colcon.colcon_core.package_identification:_identify(src/uarm_driver) by extension 'python_setup_py'
[0.294s] Level 1:colcon.colcon_core.package_identification:_identify(src/uarm_driver/swiftpro) by extensions ['ignore', 'ignore_ament_install']
[0.294s] Level 1:colcon.colcon_core.package_identification:_identify(src/uarm_driver/swiftpro) by extension 'ignore'
[0.294s] Level 1:colcon.colcon_core.package_identification:_identify(src/uarm_driver/swiftpro) by extension 'ignore_ament_install'
[0.294s] Level 1:colcon.colcon_core.package_identification:_identify(src/uarm_driver/swiftpro) by extensions ['colcon_pkg']
[0.294s] Level 1:colcon.colcon_core.package_identification:_identify(src/uarm_driver/swiftpro) by extension 'colcon_pkg'
[0.294s] Level 1:colcon.colcon_core.package_identification:_identify(src/uarm_driver/swiftpro) by extensions ['colcon_meta']
[0.294s] Level 1:colcon.colcon_core.package_identification:_identify(src/uarm_driver/swiftpro) by extension 'colcon_meta'
[0.294s] Level 1:colcon.colcon_core.package_identification:_identify(src/uarm_driver/swiftpro) by extensions ['ros']
[0.294s] Level 1:colcon.colcon_core.package_identification:_identify(src/uarm_driver/swiftpro) by extension 'ros'
[0.295s] DEBUG:colcon.colcon_core.package_identification:Package 'src/uarm_driver/swiftpro' with type 'ros.ament_cmake' and name 'swiftpro'
[0.296s] Level 1:colcon.colcon_core.package_discovery:discover_packages(recursive) using defaults
[0.296s] Level 1:colcon.colcon_core.package_discovery:discover_packages(ignore) discover
[0.296s] Level 1:colcon.colcon_core.package_discovery:discover_packages(ignore) using defaults
[0.296s] Level 1:colcon.colcon_core.package_discovery:discover_packages(path) discover
[0.296s] Level 1:colcon.colcon_core.package_discovery:discover_packages(path) using defaults
[0.324s] Level 5:colcon.colcon_core.verb:set package 'apriltag_ros' build argument 'cmake_args' from command line to 'None'
[0.324s] Level 5:colcon.colcon_core.verb:set package 'apriltag_ros' build argument 'cmake_target' from command line to 'None'
[0.324s] Level 5:colcon.colcon_core.verb:set package 'apriltag_ros' build argument 'cmake_target_skip_unavailable' from command line to 'False'
[0.324s] Level 5:colcon.colcon_core.verb:set package 'apriltag_ros' build argument 'cmake_clean_cache' from command line to 'False'
[0.324s] Level 5:colcon.colcon_core.verb:set package 'apriltag_ros' build argument 'cmake_clean_first' from command line to 'False'
[0.324s] Level 5:colcon.colcon_core.verb:set package 'apriltag_ros' build argument 'cmake_force_configure' from command line to 'False'
[0.324s] Level 5:colcon.colcon_core.verb:set package 'apriltag_ros' build argument 'ament_cmake_args' from command line to 'None'
[0.324s] Level 5:colcon.colcon_core.verb:set package 'apriltag_ros' build argument 'catkin_cmake_args' from command line to 'None'
[0.324s] Level 5:colcon.colcon_core.verb:set package 'apriltag_ros' build argument 'catkin_skip_building_tests' from command line to 'False'
[0.324s] DEBUG:colcon.colcon_core.verb:Building package 'apriltag_ros' with the following arguments: {'ament_cmake_args': None, 'build_base': '/home/ros2/ros2_ws/build/apriltag_ros', 'catkin_cmake_args': None, 'catkin_skip_building_tests': False, 'cmake_args': None, 'cmake_clean_cache': False, 'cmake_clean_first': False, 'cmake_force_configure': False, 'cmake_target': None, 'cmake_target_skip_unavailable': False, 'install_base': '/home/ros2/ros2_ws/install/apriltag_ros', 'merge_install': False, 'path': '/home/ros2/ros2_ws/src/apriltag_ros', 'symlink_install': True, 'test_result_base': None}
[0.324s] Level 5:colcon.colcon_core.verb:set package 'swiftpro' build argument 'cmake_args' from command line to 'None'
[0.324s] Level 5:colcon.colcon_core.verb:set package 'swiftpro' build argument 'cmake_target' from command line to 'None'
[0.324s] Level 5:colcon.colcon_core.verb:set package 'swiftpro' build argument 'cmake_target_skip_unavailable' from command line to 'False'
[0.325s] Level 5:colcon.colcon_core.verb:set package 'swiftpro' build argument 'cmake_clean_cache' from command line to 'False'
[0.325s] Level 5:colcon.colcon_core.verb:set package 'swiftpro' build argument 'cmake_clean_first' from command line to 'False'
[0.325s] Level 5:colcon.colcon_core.verb:set package 'swiftpro' build argument 'cmake_force_configure' from command line to 'False'
[0.325s] Level 5:colcon.colcon_core.verb:set package 'swiftpro' build argument 'ament_cmake_args' from command line to 'None'
[0.325s] Level 5:colcon.colcon_core.verb:set package 'swiftpro' build argument 'catkin_cmake_args' from command line to 'None'
[0.325s] Level 5:colcon.colcon_core.verb:set package 'swiftpro' build argument 'catkin_skip_building_tests' from command line to 'False'
[0.325s] DEBUG:colcon.colcon_core.verb:Building package 'swiftpro' with the following arguments: {'ament_cmake_args': None, 'build_base': '/home/ros2/ros2_ws/build/swiftpro', 'catkin_cmake_args': None, 'catkin_skip_building_tests': False, 'cmake_args': None, 'cmake_clean_cache': False, 'cmake_clean_first': False, 'cmake_force_configure': False, 'cmake_target': None, 'cmake_target_skip_unavailable': False, 'install_base': '/home/ros2/ros2_ws/install/swiftpro', 'merge_install': False, 'path': '/home/ros2/ros2_ws/src/uarm_driver/swiftpro', 'symlink_install': True, 'test_result_base': None}
[0.325s] Level 5:colcon.colcon_core.verb:set package 'apriltag_launcher' build argument 'cmake_args' from command line to 'None'
[0.325s] Level 5:colcon.colcon_core.verb:set package 'apriltag_launcher' build argument 'cmake_target' from command line to 'None'
[0.325s] Level 5:colcon.colcon_core.verb:set package 'apriltag_launcher' build argument 'cmake_target_skip_unavailable' from command line to 'False'
[0.325s] Level 5:colcon.colcon_core.verb:set package 'apriltag_launcher' build argument 'cmake_clean_cache' from command line to 'False'
[0.325s] Level 5:colcon.colcon_core.verb:set package 'apriltag_launcher' build argument 'cmake_clean_first' from command line to 'False'
[0.325s] Level 5:colcon.colcon_core.verb:set package 'apriltag_launcher' build argument 'cmake_force_configure' from command line to 'False'
[0.325s] Level 5:colcon.colcon_core.verb:set package 'apriltag_launcher' build argument 'ament_cmake_args' from command line to 'None'
[0.325s] Level 5:colcon.colcon_core.verb:set package 'apriltag_launcher' build argument 'catkin_cmake_args' from command line to 'None'
[0.325s] Level 5:colcon.colcon_core.verb:set package 'apriltag_launcher' build argument 'catkin_skip_building_tests' from command line to 'False'
[0.325s] DEBUG:colcon.colcon_core.verb:Building package 'apriltag_launcher' with the following arguments: {'ament_cmake_args': None, 'build_base': '/home/ros2/ros2_ws/build/apriltag_launcher', 'catkin_cmake_args': None, 'catkin_skip_building_tests': False, 'cmake_args': None, 'cmake_clean_cache': False, 'cmake_clean_first': False, 'cmake_force_configure': False, 'cmake_target': None, 'cmake_target_skip_unavailable': False, 'install_base': '/home/ros2/ros2_ws/install/apriltag_launcher', 'merge_install': False, 'path': '/home/ros2/ros2_ws/src/apriltag_launcher', 'symlink_install': True, 'test_result_base': None}
[0.326s] Level 5:colcon.colcon_core.verb:set package 'uarm_apriltag_demo' build argument 'cmake_args' from command line to 'None'
[0.326s] Level 5:colcon.colcon_core.verb:set package 'uarm_apriltag_demo' build argument 'cmake_target' from command line to 'None'
[0.326s] Level 5:colcon.colcon_core.verb:set package 'uarm_apriltag_demo' build argument 'cmake_target_skip_unavailable' from command line to 'False'
[0.326s] Level 5:colcon.colcon_core.verb:set package 'uarm_apriltag_demo' build argument 'cmake_clean_cache' from command line to 'False'
[0.326s] Level 5:colcon.colcon_core.verb:set package 'uarm_apriltag_demo' build argument 'cmake_clean_first' from command line to 'False'
[0.326s] Level 5:colcon.colcon_core.verb:set package 'uarm_apriltag_demo' build argument 'cmake_force_configure' from command line to 'False'
[0.326s] Level 5:colcon.colcon_core.verb:set package 'uarm_apriltag_demo' build argument 'ament_cmake_args' from command line to 'None'
[0.326s] Level 5:colcon.colcon_core.verb:set package 'uarm_apriltag_demo' build argument 'catkin_cmake_args' from command line to 'None'
[0.326s] Level 5:colcon.colcon_core.verb:set package 'uarm_apriltag_demo' build argument 'catkin_skip_building_tests' from command line to 'False'
[0.326s] DEBUG:colcon.colcon_core.verb:Building package 'uarm_apriltag_demo' with the following arguments: {'ament_cmake_args': None, 'build_base': '/home/ros2/ros2_ws/build/uarm_apriltag_demo', 'catkin_cmake_args': None, 'catkin_skip_building_tests': False, 'cmake_args': None, 'cmake_clean_cache': False, 'cmake_clean_first': False, 'cmake_force_configure': False, 'cmake_target': None, 'cmake_target_skip_unavailable': False, 'install_base': '/home/ros2/ros2_ws/install/uarm_apriltag_demo', 'merge_install': False, 'path': '/home/ros2/ros2_ws/src/uarm_apriltag_demo', 'symlink_install': True, 'test_result_base': None}
[0.326s] INFO:colcon.colcon_core.executor:Executing jobs using 'parallel' executor
[0.328s] DEBUG:colcon.colcon_parallel_executor.executor.parallel:run_until_complete
[0.328s] INFO:colcon.colcon_ros.task.ament_cmake.build:Building ROS package in '/home/ros2/ros2_ws/src/apriltag_ros' with build type 'ament_cmake'
[0.329s] INFO:colcon.colcon_cmake.task.cmake.build:Building CMake package in '/home/ros2/ros2_ws/src/apriltag_ros'
[0.333s] INFO:colcon.colcon_core.plugin_system:Skipping extension 'colcon_core.shell.bat': Not used on non-Windows systems
[0.333s] INFO:colcon.colcon_core.shell:Skip shell extension 'powershell' for command environment: Not usable outside of PowerShell
[0.333s] DEBUG:colcon.colcon_core.shell:Skip shell extension 'dsv' for command environment
[0.343s] INFO:colcon.colcon_ros.task.ament_cmake.build:Building ROS package in '/home/ros2/ros2_ws/src/uarm_driver/swiftpro' with build type 'ament_cmake'
[0.344s] INFO:colcon.colcon_cmake.task.cmake.build:Building CMake package in '/home/ros2/ros2_ws/src/uarm_driver/swiftpro'
[0.344s] INFO:colcon.colcon_core.shell:Skip shell extension 'powershell' for command environment: Not usable outside of PowerShell
[0.344s] DEBUG:colcon.colcon_core.shell:Skip shell extension 'dsv' for command environment
[0.360s] DEBUG:colcon.colcon_core.event_handler.log_command:Invoking command in '/home/ros2/ros2_ws/build/apriltag_ros': CMAKE_PREFIX_PATH=${CMAKE_PREFIX_PATH}:/home/ros2/ros2_ws/install/uarm_apriltag_demo:/opt/ros/jazzy /usr/bin/cmake --build /home/ros2/ros2_ws/build/apriltag_ros -- -j12 -l12
[0.371s] DEBUG:colcon.colcon_core.event_handler.log_command:Invoking command in '/home/ros2/ros2_ws/build/swiftpro': CMAKE_PREFIX_PATH=${CMAKE_PREFIX_PATH}:/home/ros2/ros2_ws/install/uarm_apriltag_demo:/opt/ros/jazzy /usr/bin/cmake --build /home/ros2/ros2_ws/build/swiftpro -- -j12 -l12
[1.139s] DEBUG:colcon.colcon_core.event_handler.log_command:Invoked command in '/home/ros2/ros2_ws/build/swiftpro' returned '0': CMAKE_PREFIX_PATH=${CMAKE_PREFIX_PATH}:/home/ros2/ros2_ws/install/uarm_apriltag_demo:/opt/ros/jazzy /usr/bin/cmake --build /home/ros2/ros2_ws/build/swiftpro -- -j12 -l12
[1.159s] DEBUG:colcon.colcon_core.event_handler.log_command:Invoking command in '/home/ros2/ros2_ws/build/swiftpro': CMAKE_PREFIX_PATH=${CMAKE_PREFIX_PATH}:/home/ros2/ros2_ws/install/uarm_apriltag_demo:/opt/ros/jazzy /usr/bin/cmake --install /home/ros2/ros2_ws/build/swiftpro
[1.353s] Level 1:colcon.colcon_core.environment:create_environment_scripts_only(swiftpro)
[1.354s] DEBUG:colcon.colcon_core.event_handler.log_command:Invoked command in '/home/ros2/ros2_ws/build/swiftpro' returned '0': CMAKE_PREFIX_PATH=${CMAKE_PREFIX_PATH}:/home/ros2/ros2_ws/install/uarm_apriltag_demo:/opt/ros/jazzy /usr/bin/cmake --install /home/ros2/ros2_ws/build/swiftpro
[1.358s] Level 1:colcon.colcon_core.environment:checking '/home/ros2/ros2_ws/install/swiftpro' for CMake module files
[1.359s] Level 1:colcon.colcon_core.environment:checking '/home/ros2/ros2_ws/install/swiftpro' for CMake config files
[1.361s] Level 1:colcon.colcon_core.shell:create_environment_hook('swiftpro', 'cmake_prefix_path')
[1.361s] INFO:colcon.colcon_core.shell:Creating environment hook '/home/ros2/ros2_ws/install/swiftpro/share/swiftpro/hook/cmake_prefix_path.ps1'
[1.362s] INFO:colcon.colcon_core.shell:Creating environment descriptor '/home/ros2/ros2_ws/install/swiftpro/share/swiftpro/hook/cmake_prefix_path.dsv'
[1.363s] INFO:colcon.colcon_core.shell:Creating environment hook '/home/ros2/ros2_ws/install/swiftpro/share/swiftpro/hook/cmake_prefix_path.sh'
[1.364s] Level 1:colcon.colcon_core.environment:checking '/home/ros2/ros2_ws/install/swiftpro/lib'
[1.364s] Level 1:colcon.colcon_core.shell:create_environment_hook('swiftpro', 'ld_library_path_lib')
[1.365s] INFO:colcon.colcon_core.shell:Creating environment hook '/home/ros2/ros2_ws/install/swiftpro/share/swiftpro/hook/ld_library_path_lib.ps1'
[1.367s] INFO:colcon.colcon_core.shell:Creating environment descriptor '/home/ros2/ros2_ws/install/swiftpro/share/swiftpro/hook/ld_library_path_lib.dsv'
[1.368s] INFO:colcon.colcon_core.shell:Creating environment hook '/home/ros2/ros2_ws/install/swiftpro/share/swiftpro/hook/ld_library_path_lib.sh'
[1.370s] Level 1:colcon.colcon_core.environment:checking '/home/ros2/ros2_ws/install/swiftpro/bin'
[1.370s] Level 1:colcon.colcon_core.environment:checking '/home/ros2/ros2_ws/install/swiftpro/lib/pkgconfig/swiftpro.pc'
[1.374s] Level 1:colcon.colcon_core.environment:checking '/home/ros2/ros2_ws/install/swiftpro/lib/python3.12/site-packages'
[1.374s] Level 1:colcon.colcon_core.shell:create_environment_hook('swiftpro', 'pythonpath')
[1.374s] INFO:colcon.colcon_core.shell:Creating environment hook '/home/ros2/ros2_ws/install/swiftpro/share/swiftpro/hook/pythonpath.ps1'
[1.374s] INFO:colcon.colcon_core.shell:Creating environment descriptor '/home/ros2/ros2_ws/install/swiftpro/share/swiftpro/hook/pythonpath.dsv'
[1.375s] INFO:colcon.colcon_core.shell:Creating environment hook '/home/ros2/ros2_ws/install/swiftpro/share/swiftpro/hook/pythonpath.sh'
[1.376s] Level 1:colcon.colcon_core.environment:checking '/home/ros2/ros2_ws/install/swiftpro/bin'
[1.376s] INFO:colcon.colcon_core.shell:Creating package script '/home/ros2/ros2_ws/install/swiftpro/share/swiftpro/package.ps1'
[1.377s] INFO:colcon.colcon_core.shell:Creating package descriptor '/home/ros2/ros2_ws/install/swiftpro/share/swiftpro/package.dsv'
[1.377s] INFO:colcon.colcon_core.shell:Creating package script '/home/ros2/ros2_ws/install/swiftpro/share/swiftpro/package.sh'
[1.378s] INFO:colcon.colcon_core.shell:Creating package script '/home/ros2/ros2_ws/install/swiftpro/share/swiftpro/package.bash'
[1.379s] INFO:colcon.colcon_core.shell:Creating package script '/home/ros2/ros2_ws/install/swiftpro/share/swiftpro/package.zsh'
[1.380s] Level 1:colcon.colcon_core.environment:create_file_with_runtime_dependencies(/home/ros2/ros2_ws/install/swiftpro/share/colcon-core/packages/swiftpro)
[1.380s] Level 1:colcon.colcon_core.environment:create_environment_scripts_only(swiftpro)
[1.381s] Level 1:colcon.colcon_core.environment:checking '/home/ros2/ros2_ws/install/swiftpro' for CMake module files
[1.382s] Level 1:colcon.colcon_core.environment:checking '/home/ros2/ros2_ws/install/swiftpro' for CMake config files
[1.383s] Level 1:colcon.colcon_core.shell:create_environment_hook('swiftpro', 'cmake_prefix_path')
[1.384s] INFO:colcon.colcon_core.shell:Creating environment hook '/home/ros2/ros2_ws/install/swiftpro/share/swiftpro/hook/cmake_prefix_path.ps1'
[1.385s] INFO:colcon.colcon_core.shell:Creating environment descriptor '/home/ros2/ros2_ws/install/swiftpro/share/swiftpro/hook/cmake_prefix_path.dsv'
[1.385s] INFO:colcon.colcon_core.shell:Creating environment hook '/home/ros2/ros2_ws/install/swiftpro/share/swiftpro/hook/cmake_prefix_path.sh'
[1.386s] Level 1:colcon.colcon_core.environment:checking '/home/ros2/ros2_ws/install/swiftpro/lib'
[1.387s] Level 1:colcon.colcon_core.shell:create_environment_hook('swiftpro', 'ld_library_path_lib')
[1.387s] INFO:colcon.colcon_core.shell:Creating environment hook '/home/ros2/ros2_ws/install/swiftpro/share/swiftpro/hook/ld_library_path_lib.ps1'
[1.388s] INFO:colcon.colcon_core.shell:Creating environment descriptor '/home/ros2/ros2_ws/install/swiftpro/share/swiftpro/hook/ld_library_path_lib.dsv'
[1.388s] INFO:colcon.colcon_core.shell:Creating environment hook '/home/ros2/ros2_ws/install/swiftpro/share/swiftpro/hook/ld_library_path_lib.sh'
[1.389s] Level 1:colcon.colcon_core.environment:checking '/home/ros2/ros2_ws/install/swiftpro/bin'
[1.389s] Level 1:colcon.colcon_core.environment:checking '/home/ros2/ros2_ws/install/swiftpro/lib/pkgconfig/swiftpro.pc'
[1.389s] Level 1:colcon.colcon_core.environment:checking '/home/ros2/ros2_ws/install/swiftpro/lib/python3.12/site-packages'
[1.389s] Level 1:colcon.colcon_core.shell:create_environment_hook('swiftpro', 'pythonpath')
[1.390s] INFO:colcon.colcon_core.shell:Creating environment hook '/home/ros2/ros2_ws/install/swiftpro/share/swiftpro/hook/pythonpath.ps1'
[1.390s] INFO:colcon.colcon_core.shell:Creating environment descriptor '/home/ros2/ros2_ws/install/swiftpro/share/swiftpro/hook/pythonpath.dsv'
[1.390s] INFO:colcon.colcon_core.shell:Creating environment hook '/home/ros2/ros2_ws/install/swiftpro/share/swiftpro/hook/pythonpath.sh'
[1.391s] Level 1:colcon.colcon_core.environment:checking '/home/ros2/ros2_ws/install/swiftpro/bin'
[1.392s] INFO:colcon.colcon_core.shell:Creating package script '/home/ros2/ros2_ws/install/swiftpro/share/swiftpro/package.ps1'
[1.392s] INFO:colcon.colcon_core.shell:Creating package descriptor '/home/ros2/ros2_ws/install/swiftpro/share/swiftpro/package.dsv'
[1.393s] INFO:colcon.colcon_core.shell:Creating package script '/home/ros2/ros2_ws/install/swiftpro/share/swiftpro/package.sh'
[1.394s] INFO:colcon.colcon_core.shell:Creating package script '/home/ros2/ros2_ws/install/swiftpro/share/swiftpro/package.bash'
[1.394s] INFO:colcon.colcon_core.shell:Creating package script '/home/ros2/ros2_ws/install/swiftpro/share/swiftpro/package.zsh'
[1.395s] Level 1:colcon.colcon_core.environment:create_file_with_runtime_dependencies(/home/ros2/ros2_ws/install/swiftpro/share/colcon-core/packages/swiftpro)
[1.395s] INFO:colcon.colcon_ros.task.ament_python.build:Building ROS package in '/home/ros2/ros2_ws/src/uarm_apriltag_demo' with build type 'ament_python'
[1.396s] Level 1:colcon.colcon_core.shell:create_environment_hook('uarm_apriltag_demo', 'ament_prefix_path')
[1.396s] INFO:colcon.colcon_core.shell:Creating environment hook '/home/ros2/ros2_ws/install/uarm_apriltag_demo/share/uarm_apriltag_demo/hook/ament_prefix_path.ps1'
[1.398s] INFO:colcon.colcon_core.shell:Creating environment descriptor '/home/ros2/ros2_ws/install/uarm_apriltag_demo/share/uarm_apriltag_demo/hook/ament_prefix_path.dsv'
[1.399s] INFO:colcon.colcon_core.shell:Creating environment hook '/home/ros2/ros2_ws/install/uarm_apriltag_demo/share/uarm_apriltag_demo/hook/ament_prefix_path.sh'
[1.400s] INFO:colcon.colcon_core.shell:Skip shell extension 'powershell' for command environment: Not usable outside of PowerShell
[1.400s] DEBUG:colcon.colcon_core.shell:Skip shell extension 'dsv' for command environment
[1.747s] INFO:colcon.colcon_core.task.python.build:Building Python package in '/home/ros2/ros2_ws/src/uarm_apriltag_demo'
[1.747s] INFO:colcon.colcon_core.shell:Skip shell extension 'powershell' for command environment: Not usable outside of PowerShell
[1.747s] DEBUG:colcon.colcon_core.shell:Skip shell extension 'dsv' for command environment
[2.204s] DEBUG:colcon.colcon_core.event_handler.log_command:Invoked command in '/home/ros2/ros2_ws/build/apriltag_ros' returned '0': CMAKE_PREFIX_PATH=${CMAKE_PREFIX_PATH}:/home/ros2/ros2_ws/install/uarm_apriltag_demo:/opt/ros/jazzy /usr/bin/cmake --build /home/ros2/ros2_ws/build/apriltag_ros -- -j12 -l12
[2.207s] DEBUG:colcon.colcon_core.event_handler.log_command:Invoking command in '/home/ros2/ros2_ws/build/apriltag_ros': CMAKE_PREFIX_PATH=${CMAKE_PREFIX_PATH}:/home/ros2/ros2_ws/install/uarm_apriltag_demo:/opt/ros/jazzy /usr/bin/cmake --install /home/ros2/ros2_ws/build/apriltag_ros
[2.258s] Level 1:colcon.colcon_core.environment:create_environment_scripts_only(apriltag_ros)
[2.258s] Level 1:colcon.colcon_core.environment:checking '/home/ros2/ros2_ws/install/apriltag_ros' for CMake module files
[2.259s] DEBUG:colcon.colcon_core.event_handler.log_command:Invoked command in '/home/ros2/ros2_ws/build/apriltag_ros' returned '0': CMAKE_PREFIX_PATH=${CMAKE_PREFIX_PATH}:/home/ros2/ros2_ws/install/uarm_apriltag_demo:/opt/ros/jazzy /usr/bin/cmake --install /home/ros2/ros2_ws/build/apriltag_ros
[2.259s] Level 1:colcon.colcon_core.environment:checking '/home/ros2/ros2_ws/install/apriltag_ros' for CMake config files
[2.260s] Level 1:colcon.colcon_core.shell:create_environment_hook('apriltag_ros', 'cmake_prefix_path')
[2.260s] INFO:colcon.colcon_core.shell:Creating environment hook '/home/ros2/ros2_ws/install/apriltag_ros/share/apriltag_ros/hook/cmake_prefix_path.ps1'
[2.261s] INFO:colcon.colcon_core.shell:Creating environment descriptor '/home/ros2/ros2_ws/install/apriltag_ros/share/apriltag_ros/hook/cmake_prefix_path.dsv'
[2.261s] INFO:colcon.colcon_core.shell:Creating environment hook '/home/ros2/ros2_ws/install/apriltag_ros/share/apriltag_ros/hook/cmake_prefix_path.sh'
[2.262s] Level 1:colcon.colcon_core.environment:checking '/home/ros2/ros2_ws/install/apriltag_ros/lib'
[2.262s] Level 1:colcon.colcon_core.shell:create_environment_hook('apriltag_ros', 'ld_library_path_lib')
[2.262s] INFO:colcon.colcon_core.shell:Creating environment hook '/home/ros2/ros2_ws/install/apriltag_ros/share/apriltag_ros/hook/ld_library_path_lib.ps1'
[2.262s] INFO:colcon.colcon_core.shell:Creating environment descriptor '/home/ros2/ros2_ws/install/apriltag_ros/share/apriltag_ros/hook/ld_library_path_lib.dsv'
[2.263s] INFO:colcon.colcon_core.shell:Creating environment hook '/home/ros2/ros2_ws/install/apriltag_ros/share/apriltag_ros/hook/ld_library_path_lib.sh'
[2.263s] Level 1:colcon.colcon_core.environment:checking '/home/ros2/ros2_ws/install/apriltag_ros/bin'
[2.263s] Level 1:colcon.colcon_core.environment:checking '/home/ros2/ros2_ws/install/apriltag_ros/lib/pkgconfig/apriltag_ros.pc'
[2.264s] Level 1:colcon.colcon_core.environment:checking '/home/ros2/ros2_ws/install/apriltag_ros/lib/python3.12/site-packages'
[2.264s] Level 1:colcon.colcon_core.environment:checking '/home/ros2/ros2_ws/install/apriltag_ros/bin'
[2.264s] INFO:colcon.colcon_core.shell:Creating package script '/home/ros2/ros2_ws/install/apriltag_ros/share/apriltag_ros/package.ps1'
[2.265s] INFO:colcon.colcon_core.shell:Creating package descriptor '/home/ros2/ros2_ws/install/apriltag_ros/share/apriltag_ros/package.dsv'
[2.266s] INFO:colcon.colcon_core.shell:Creating package script '/home/ros2/ros2_ws/install/apriltag_ros/share/apriltag_ros/package.sh'
[2.267s] INFO:colcon.colcon_core.shell:Creating package script '/home/ros2/ros2_ws/install/apriltag_ros/share/apriltag_ros/package.bash'
[2.268s] INFO:colcon.colcon_core.shell:Creating package script '/home/ros2/ros2_ws/install/apriltag_ros/share/apriltag_ros/package.zsh'
[2.269s] Level 1:colcon.colcon_core.environment:create_file_with_runtime_dependencies(/home/ros2/ros2_ws/install/apriltag_ros/share/colcon-core/packages/apriltag_ros)
[2.270s] Level 1:colcon.colcon_core.environment:create_environment_scripts_only(apriltag_ros)
[2.270s] Level 1:colcon.colcon_core.environment:checking '/home/ros2/ros2_ws/install/apriltag_ros' for CMake module files
[2.270s] Level 1:colcon.colcon_core.environment:checking '/home/ros2/ros2_ws/install/apriltag_ros' for CMake config files
[2.271s] Level 1:colcon.colcon_core.shell:create_environment_hook('apriltag_ros', 'cmake_prefix_path')
[2.271s] INFO:colcon.colcon_core.shell:Creating environment hook '/home/ros2/ros2_ws/install/apriltag_ros/share/apriltag_ros/hook/cmake_prefix_path.ps1'
[2.271s] INFO:colcon.colcon_core.shell:Creating environment descriptor '/home/ros2/ros2_ws/install/apriltag_ros/share/apriltag_ros/hook/cmake_prefix_path.dsv'
[2.272s] INFO:colcon.colcon_core.shell:Creating environment hook '/home/ros2/ros2_ws/install/apriltag_ros/share/apriltag_ros/hook/cmake_prefix_path.sh'
[2.273s] Level 1:colcon.colcon_core.environment:checking '/home/ros2/ros2_ws/install/apriltag_ros/lib'
[2.273s] Level 1:colcon.colcon_core.shell:create_environment_hook('apriltag_ros', 'ld_library_path_lib')
[2.273s] INFO:colcon.colcon_core.shell:Creating environment hook '/home/ros2/ros2_ws/install/apriltag_ros/share/apriltag_ros/hook/ld_library_path_lib.ps1'
[2.273s] INFO:colcon.colcon_core.shell:Creating environment descriptor '/home/ros2/ros2_ws/install/apriltag_ros/share/apriltag_ros/hook/ld_library_path_lib.dsv'
[2.274s] INFO:colcon.colcon_core.shell:Creating environment hook '/home/ros2/ros2_ws/install/apriltag_ros/share/apriltag_ros/hook/ld_library_path_lib.sh'
[2.274s] Level 1:colcon.colcon_core.environment:checking '/home/ros2/ros2_ws/install/apriltag_ros/bin'
[2.274s] Level 1:colcon.colcon_core.environment:checking '/home/ros2/ros2_ws/install/apriltag_ros/lib/pkgconfig/apriltag_ros.pc'
[2.275s] Level 1:colcon.colcon_core.environment:checking '/home/ros2/ros2_ws/install/apriltag_ros/lib/python3.12/site-packages'
[2.275s] Level 1:colcon.colcon_core.environment:checking '/home/ros2/ros2_ws/install/apriltag_ros/bin'
[2.275s] INFO:colcon.colcon_core.shell:Creating package script '/home/ros2/ros2_ws/install/apriltag_ros/share/apriltag_ros/package.ps1'
[2.276s] INFO:colcon.colcon_core.shell:Creating package descriptor '/home/ros2/ros2_ws/install/apriltag_ros/share/apriltag_ros/package.dsv'
[2.276s] INFO:colcon.colcon_core.shell:Creating package script '/home/ros2/ros2_ws/install/apriltag_ros/share/apriltag_ros/package.sh'
[2.277s] INFO:colcon.colcon_core.shell:Creating package script '/home/ros2/ros2_ws/install/apriltag_ros/share/apriltag_ros/package.bash'
[2.277s] INFO:colcon.colcon_core.shell:Creating package script '/home/ros2/ros2_ws/install/apriltag_ros/share/apriltag_ros/package.zsh'
[2.278s] Level 1:colcon.colcon_core.environment:create_file_with_runtime_dependencies(/home/ros2/ros2_ws/install/apriltag_ros/share/colcon-core/packages/apriltag_ros)
[2.278s] INFO:colcon.colcon_ros.task.ament_cmake.build:Building ROS package in '/home/ros2/ros2_ws/src/apriltag_launcher' with build type 'ament_cmake'
[2.279s] INFO:colcon.colcon_cmake.task.cmake.build:Building CMake package in '/home/ros2/ros2_ws/src/apriltag_launcher'
[2.279s] INFO:colcon.colcon_core.shell:Skip shell extension 'powershell' for command environment: Not usable outside of PowerShell
[2.279s] DEBUG:colcon.colcon_core.shell:Skip shell extension 'dsv' for command environment
[2.302s] DEBUG:colcon.colcon_core.event_handler.log_command:Invoking command in '/home/ros2/ros2_ws/build/apriltag_launcher': CMAKE_PREFIX_PATH=/home/ros2/ros2_ws/install/apriltag_ros:/home/ros2/ros2_ws/install/swiftpro:/home/ros2/ros2_ws/install/apriltag_launcher:/opt/ros/jazzy/opt/gz_math_vendor:/opt/ros/jazzy/opt/gz_utils_vendor:/opt/ros/jazzy/opt/gz_cmake_vendor:/home/ros2/ros2_ws/install/uarm_apriltag_demo:/opt/ros/jazzy LD_LIBRARY_PATH=/home/ros2/ros2_ws/install/apriltag_ros/lib:/home/ros2/ros2_ws/install/swiftpro/lib:/opt/ros/jazzy/opt/rviz_ogre_vendor/lib:/opt/ros/jazzy/lib/x86_64-linux-gnu:/opt/ros/jazzy/opt/gz_math_vendor/lib:/opt/ros/jazzy/opt/gz_utils_vendor/lib:/opt/ros/jazzy/opt/gz_cmake_vendor/lib:/opt/ros/jazzy/lib /usr/bin/cmake --build /home/ros2/ros2_ws/build/apriltag_launcher -- -j12 -l12
[2.383s] DEBUG:colcon.colcon_core.event_handler.log_command:Invoked command in '/home/ros2/ros2_ws/build/apriltag_launcher' returned '0': CMAKE_PREFIX_PATH=/home/ros2/ros2_ws/install/apriltag_ros:/home/ros2/ros2_ws/install/swiftpro:/home/ros2/ros2_ws/install/apriltag_launcher:/opt/ros/jazzy/opt/gz_math_vendor:/opt/ros/jazzy/opt/gz_utils_vendor:/opt/ros/jazzy/opt/gz_cmake_vendor:/home/ros2/ros2_ws/install/uarm_apriltag_demo:/opt/ros/jazzy LD_LIBRARY_PATH=/home/ros2/ros2_ws/install/apriltag_ros/lib:/home/ros2/ros2_ws/install/swiftpro/lib:/opt/ros/jazzy/opt/rviz_ogre_vendor/lib:/opt/ros/jazzy/lib/x86_64-linux-gnu:/opt/ros/jazzy/opt/gz_math_vendor/lib:/opt/ros/jazzy/opt/gz_utils_vendor/lib:/opt/ros/jazzy/opt/gz_cmake_vendor/lib:/opt/ros/jazzy/lib /usr/bin/cmake --build /home/ros2/ros2_ws/build/apriltag_launcher -- -j12 -l12
[2.386s] DEBUG:colcon.colcon_core.event_handler.log_command:Invoking command in '/home/ros2/ros2_ws/build/apriltag_launcher': CMAKE_PREFIX_PATH=/home/ros2/ros2_ws/install/apriltag_ros:/home/ros2/ros2_ws/install/swiftpro:/home/ros2/ros2_ws/install/apriltag_launcher:/opt/ros/jazzy/opt/gz_math_vendor:/opt/ros/jazzy/opt/gz_utils_vendor:/opt/ros/jazzy/opt/gz_cmake_vendor:/home/ros2/ros2_ws/install/uarm_apriltag_demo:/opt/ros/jazzy LD_LIBRARY_PATH=/home/ros2/ros2_ws/install/apriltag_ros/lib:/home/ros2/ros2_ws/install/swiftpro/lib:/opt/ros/jazzy/opt/rviz_ogre_vendor/lib:/opt/ros/jazzy/lib/x86_64-linux-gnu:/opt/ros/jazzy/opt/gz_math_vendor/lib:/opt/ros/jazzy/opt/gz_utils_vendor/lib:/opt/ros/jazzy/opt/gz_cmake_vendor/lib:/opt/ros/jazzy/lib /usr/bin/cmake --install /home/ros2/ros2_ws/build/apriltag_launcher
[2.430s] Level 1:colcon.colcon_core.environment:create_environment_scripts_only(apriltag_launcher)
[2.430s] DEBUG:colcon.colcon_core.event_handler.log_command:Invoked command in '/home/ros2/ros2_ws/build/apriltag_launcher' returned '0': CMAKE_PREFIX_PATH=/home/ros2/ros2_ws/install/apriltag_ros:/home/ros2/ros2_ws/install/swiftpro:/home/ros2/ros2_ws/install/apriltag_launcher:/opt/ros/jazzy/opt/gz_math_vendor:/opt/ros/jazzy/opt/gz_utils_vendor:/opt/ros/jazzy/opt/gz_cmake_vendor:/home/ros2/ros2_ws/install/uarm_apriltag_demo:/opt/ros/jazzy LD_LIBRARY_PATH=/home/ros2/ros2_ws/install/apriltag_ros/lib:/home/ros2/ros2_ws/install/swiftpro/lib:/opt/ros/jazzy/opt/rviz_ogre_vendor/lib:/opt/ros/jazzy/lib/x86_64-linux-gnu:/opt/ros/jazzy/opt/gz_math_vendor/lib:/opt/ros/jazzy/opt/gz_utils_vendor/lib:/opt/ros/jazzy/opt/gz_cmake_vendor/lib:/opt/ros/jazzy/lib /usr/bin/cmake --install /home/ros2/ros2_ws/build/apriltag_launcher
[2.431s] Level 1:colcon.colcon_core.environment:checking '/home/ros2/ros2_ws/install/apriltag_launcher' for CMake module files
[2.433s] Level 1:colcon.colcon_core.environment:checking '/home/ros2/ros2_ws/install/apriltag_launcher' for CMake config files
[2.433s] Level 1:colcon.colcon_core.shell:create_environment_hook('apriltag_launcher', 'cmake_prefix_path')
[2.433s] INFO:colcon.colcon_core.shell:Creating environment hook '/home/ros2/ros2_ws/install/apriltag_launcher/share/apriltag_launcher/hook/cmake_prefix_path.ps1'
[2.434s] INFO:colcon.colcon_core.shell:Creating environment descriptor '/home/ros2/ros2_ws/install/apriltag_launcher/share/apriltag_launcher/hook/cmake_prefix_path.dsv'
[2.435s] INFO:colcon.colcon_core.shell:Creating environment hook '/home/ros2/ros2_ws/install/apriltag_launcher/share/apriltag_launcher/hook/cmake_prefix_path.sh'
[2.436s] Level 1:colcon.colcon_core.environment:checking '/home/ros2/ros2_ws/install/apriltag_launcher/bin'
[2.436s] Level 1:colcon.colcon_core.environment:checking '/home/ros2/ros2_ws/install/apriltag_launcher/lib/pkgconfig/apriltag_launcher.pc'
[2.436s] Level 1:colcon.colcon_core.environment:checking '/home/ros2/ros2_ws/install/apriltag_launcher/lib/python3.12/site-packages'
[2.437s] Level 1:colcon.colcon_core.environment:checking '/home/ros2/ros2_ws/install/apriltag_launcher/bin'
[2.437s] INFO:colcon.colcon_core.shell:Creating package script '/home/ros2/ros2_ws/install/apriltag_launcher/share/apriltag_launcher/package.ps1'
[2.438s] INFO:colcon.colcon_core.shell:Creating package descriptor '/home/ros2/ros2_ws/install/apriltag_launcher/share/apriltag_launcher/package.dsv'
[2.438s] INFO:colcon.colcon_core.shell:Creating package script '/home/ros2/ros2_ws/install/apriltag_launcher/share/apriltag_launcher/package.sh'
[2.439s] INFO:colcon.colcon_core.shell:Creating package script '/home/ros2/ros2_ws/install/apriltag_launcher/share/apriltag_launcher/package.bash'
[2.439s] INFO:colcon.colcon_core.shell:Creating package script '/home/ros2/ros2_ws/install/apriltag_launcher/share/apriltag_launcher/package.zsh'
[2.440s] Level 1:colcon.colcon_core.environment:create_file_with_runtime_dependencies(/home/ros2/ros2_ws/install/apriltag_launcher/share/colcon-core/packages/apriltag_launcher)
[2.441s] Level 1:colcon.colcon_core.environment:create_environment_scripts_only(apriltag_launcher)
[2.441s] Level 1:colcon.colcon_core.environment:checking '/home/ros2/ros2_ws/install/apriltag_launcher' for CMake module files
[2.442s] Level 1:colcon.colcon_core.environment:checking '/home/ros2/ros2_ws/install/apriltag_launcher' for CMake config files
[2.443s] Level 1:colcon.colcon_core.shell:create_environment_hook('apriltag_launcher', 'cmake_prefix_path')
[2.443s] INFO:colcon.colcon_core.shell:Creating environment hook '/home/ros2/ros2_ws/install/apriltag_launcher/share/apriltag_launcher/hook/cmake_prefix_path.ps1'
[2.444s] INFO:colcon.colcon_core.shell:Creating environment descriptor '/home/ros2/ros2_ws/install/apriltag_launcher/share/apriltag_launcher/hook/cmake_prefix_path.dsv'
[2.444s] INFO:colcon.colcon_core.shell:Creating environment hook '/home/ros2/ros2_ws/install/apriltag_launcher/share/apriltag_launcher/hook/cmake_prefix_path.sh'
[2.445s] Level 1:colcon.colcon_core.environment:checking '/home/ros2/ros2_ws/install/apriltag_launcher/bin'
[2.445s] Level 1:colcon.colcon_core.environment:checking '/home/ros2/ros2_ws/install/apriltag_launcher/lib/pkgconfig/apriltag_launcher.pc'
[2.446s] Level 1:colcon.colcon_core.environment:checking '/home/ros2/ros2_ws/install/apriltag_launcher/lib/python3.12/site-packages'
[2.446s] Level 1:colcon.colcon_core.environment:checking '/home/ros2/ros2_ws/install/apriltag_launcher/bin'
[2.447s] INFO:colcon.colcon_core.shell:Creating package script '/home/ros2/ros2_ws/install/apriltag_launcher/share/apriltag_launcher/package.ps1'
[2.448s] INFO:colcon.colcon_core.shell:Creating package descriptor '/home/ros2/ros2_ws/install/apriltag_launcher/share/apriltag_launcher/package.dsv'
[2.449s] INFO:colcon.colcon_core.shell:Creating package script '/home/ros2/ros2_ws/install/apriltag_launcher/share/apriltag_launcher/package.sh'
[2.450s] INFO:colcon.colcon_core.shell:Creating package script '/home/ros2/ros2_ws/install/apriltag_launcher/share/apriltag_launcher/package.bash'
[2.450s] INFO:colcon.colcon_core.shell:Creating package script '/home/ros2/ros2_ws/install/apriltag_launcher/share/apriltag_launcher/package.zsh'
[2.451s] Level 1:colcon.colcon_core.environment:create_file_with_runtime_dependencies(/home/ros2/ros2_ws/install/apriltag_launcher/share/colcon-core/packages/apriltag_launcher)
[2.591s] DEBUG:colcon.colcon_core.event_handler.log_command:Invoking command in '/home/ros2/ros2_ws/build/uarm_apriltag_demo': PYTHONPATH=/home/ros2/ros2_ws/build/uarm_apriltag_demo/prefix_override:/usr/lib/python3/dist-packages/colcon_core/task/python/colcon_distutils_commands:/home/ros2/ros2_ws/install/uarm_apriltag_demo/lib/python3.12/site-packages:/home/ros2/ros2_ws/install/swiftpro/lib/python3.12/site-packages:/home/ros2/ros2_ws/build/uarm_apriltag_demo:/home/ros2/ros2_ws/install/uarm_apriltag_demo/lib/python3.12/site-packages:/opt/ros/jazzy/lib/python3.12/site-packages /usr/bin/python3 -W ignore:setup.py install is deprecated -W ignore:easy_install command is deprecated setup.py develop --editable --build-directory /home/ros2/ros2_ws/build/uarm_apriltag_demo/build --no-deps symlink_data
[3.457s] Level 1:colcon.colcon_core.shell:create_environment_hook('uarm_apriltag_demo', 'pythonpath_develop')
[3.457s] INFO:colcon.colcon_core.shell:Creating environment hook '/home/ros2/ros2_ws/build/uarm_apriltag_demo/share/uarm_apriltag_demo/hook/pythonpath_develop.ps1'
[3.458s] DEBUG:colcon.colcon_core.event_handler.log_command:Invoked command in '/home/ros2/ros2_ws/build/uarm_apriltag_demo' returned '0': PYTHONPATH=/home/ros2/ros2_ws/build/uarm_apriltag_demo/prefix_override:/usr/lib/python3/dist-packages/colcon_core/task/python/colcon_distutils_commands:/home/ros2/ros2_ws/install/uarm_apriltag_demo/lib/python3.12/site-packages:/home/ros2/ros2_ws/install/swiftpro/lib/python3.12/site-packages:/home/ros2/ros2_ws/build/uarm_apriltag_demo:/home/ros2/ros2_ws/install/uarm_apriltag_demo/lib/python3.12/site-packages:/opt/ros/jazzy/lib/python3.12/site-packages /usr/bin/python3 -W ignore:setup.py install is deprecated -W ignore:easy_install command is deprecated setup.py develop --editable --build-directory /home/ros2/ros2_ws/build/uarm_apriltag_demo/build --no-deps symlink_data
[3.458s] INFO:colcon.colcon_core.shell:Creating environment descriptor '/home/ros2/ros2_ws/build/uarm_apriltag_demo/share/uarm_apriltag_demo/hook/pythonpath_develop.dsv'
[3.459s] INFO:colcon.colcon_core.shell:Creating environment hook '/home/ros2/ros2_ws/build/uarm_apriltag_demo/share/uarm_apriltag_demo/hook/pythonpath_develop.sh'
[3.459s] Level 1:colcon.colcon_core.environment:checking '/home/ros2/ros2_ws/install/uarm_apriltag_demo' for CMake module files
[3.460s] Level 1:colcon.colcon_core.environment:checking '/home/ros2/ros2_ws/install/uarm_apriltag_demo' for CMake config files
[3.461s] Level 1:colcon.colcon_core.environment:checking '/home/ros2/ros2_ws/install/uarm_apriltag_demo/lib'
[3.461s] Level 1:colcon.colcon_core.environment:checking '/home/ros2/ros2_ws/install/uarm_apriltag_demo/bin'
[3.461s] Level 1:colcon.colcon_core.environment:checking '/home/ros2/ros2_ws/install/uarm_apriltag_demo/lib/pkgconfig/uarm_apriltag_demo.pc'
[3.461s] Level 1:colcon.colcon_core.environment:checking '/home/ros2/ros2_ws/install/uarm_apriltag_demo/lib/python3.12/site-packages'
[3.462s] Level 1:colcon.colcon_core.shell:create_environment_hook('uarm_apriltag_demo', 'pythonpath')
[3.462s] INFO:colcon.colcon_core.shell:Creating environment hook '/home/ros2/ros2_ws/install/uarm_apriltag_demo/share/uarm_apriltag_demo/hook/pythonpath.ps1'
[3.463s] INFO:colcon.colcon_core.shell:Creating environment descriptor '/home/ros2/ros2_ws/install/uarm_apriltag_demo/share/uarm_apriltag_demo/hook/pythonpath.dsv'
[3.463s] INFO:colcon.colcon_core.shell:Creating environment hook '/home/ros2/ros2_ws/install/uarm_apriltag_demo/share/uarm_apriltag_demo/hook/pythonpath.sh'
[3.465s] Level 1:colcon.colcon_core.environment:checking '/home/ros2/ros2_ws/install/uarm_apriltag_demo/bin'
[3.465s] Level 1:colcon.colcon_core.environment:create_environment_scripts_only(uarm_apriltag_demo)
[3.465s] INFO:colcon.colcon_core.shell:Creating package script '/home/ros2/ros2_ws/install/uarm_apriltag_demo/share/uarm_apriltag_demo/package.ps1'
[3.466s] INFO:colcon.colcon_core.shell:Creating package descriptor '/home/ros2/ros2_ws/install/uarm_apriltag_demo/share/uarm_apriltag_demo/package.dsv'
[3.467s] INFO:colcon.colcon_core.shell:Creating package script '/home/ros2/ros2_ws/install/uarm_apriltag_demo/share/uarm_apriltag_demo/package.sh'
[3.467s] INFO:colcon.colcon_core.shell:Creating package script '/home/ros2/ros2_ws/install/uarm_apriltag_demo/share/uarm_apriltag_demo/package.bash'
[3.468s] INFO:colcon.colcon_core.shell:Creating package script '/home/ros2/ros2_ws/install/uarm_apriltag_demo/share/uarm_apriltag_demo/package.zsh'
[3.468s] Level 1:colcon.colcon_core.environment:create_file_with_runtime_dependencies(/home/ros2/ros2_ws/install/uarm_apriltag_demo/share/colcon-core/packages/uarm_apriltag_demo)
[3.469s] DEBUG:colcon.colcon_parallel_executor.executor.parallel:closing loop
[3.470s] DEBUG:colcon.colcon_parallel_executor.executor.parallel:loop closed
[3.470s] DEBUG:colcon.colcon_parallel_executor.executor.parallel:run_until_complete finished with '0'
[3.470s] DEBUG:colcon.colcon_core.event_reactor:joining thread
[3.480s] INFO:colcon.colcon_core.plugin_system:Skipping extension 'colcon_notification.desktop_notification.notify_send': Could not find 'notify-send'
[3.480s] INFO:colcon.colcon_core.plugin_system:Skipping extension 'colcon_notification.desktop_notification.terminal_notifier': Not used on non-Darwin systems
[3.480s] INFO:colcon.colcon_core.plugin_system:Skipping extension 'colcon_notification.desktop_notification.win32': Not used on non-Windows systems
[3.481s] INFO:colcon.colcon_notification.desktop_notification:Sending desktop notification using 'notify2'
[3.486s] DEBUG:colcon.colcon_notification.desktop_notification.notify2:Failed to initialize notify2: org.freedesktop.DBus.Error.Spawn.ExecFailed: /usr/bin/dbus-launch terminated abnormally without any error message
[3.486s] DEBUG:colcon.colcon_core.event_reactor:joined thread
[3.487s] INFO:colcon.colcon_core.shell:Creating prefix script '/home/ros2/ros2_ws/install/local_setup.ps1'
[3.488s] INFO:colcon.colcon_core.shell:Creating prefix util module '/home/ros2/ros2_ws/install/_local_setup_util_ps1.py'
[3.489s] INFO:colcon.colcon_core.shell:Creating prefix chain script '/home/ros2/ros2_ws/install/setup.ps1'
[3.491s] INFO:colcon.colcon_core.shell:Creating prefix script '/home/ros2/ros2_ws/install/local_setup.sh'
[3.491s] INFO:colcon.colcon_core.shell:Creating prefix util module '/home/ros2/ros2_ws/install/_local_setup_util_sh.py'
[3.492s] INFO:colcon.colcon_core.shell:Creating prefix chain script '/home/ros2/ros2_ws/install/setup.sh'
[3.494s] INFO:colcon.colcon_core.shell:Creating prefix script '/home/ros2/ros2_ws/install/local_setup.bash'
[3.495s] INFO:colcon.colcon_core.shell:Creating prefix chain script '/home/ros2/ros2_ws/install/setup.bash'
[3.497s] INFO:colcon.colcon_core.shell:Creating prefix script '/home/ros2/ros2_ws/install/local_setup.zsh'
[3.498s] INFO:colcon.colcon_core.shell:Creating prefix chain script '/home/ros2/ros2_ws/install/setup.zsh'
