[1.346s] Invoking command in '/home/ros2/ros2_ws/build/uarm_apriltag_demo': AMENT_PREFIX_PATH=/home/ros2/ros2_ws/install/swiftpro:${AMENT_PREFIX_PATH} CMAKE_PREFIX_PATH=/home/ros2/ros2_ws/install/swiftpro:${CMAKE_PREFIX_PATH} LD_LIBRARY_PATH=/home/ros2/ros2_ws/install/swiftpro/lib:${LD_LIBRARY_PATH} PYTHONPATH=/home/ros2/ros2_ws/build/uarm_apriltag_demo/prefix_override:/usr/lib/python3/dist-packages/colcon_core/task/python/colcon_distutils_commands:/home/ros2/ros2_ws/install/uarm_apriltag_demo/lib/python3.12/site-packages:/home/ros2/ros2_ws/install/swiftpro/lib/python3.12/site-packages:${PYTHONPATH} /usr/bin/python3 -W ignore:setup.py install is deprecated -W ignore:easy_install command is deprecated setup.py develop --editable --build-directory /home/ros2/ros2_ws/build/uarm_apriltag_demo/build --no-deps symlink_data
[1.886s] running develop
[2.304s] running egg_info
[2.343s] writing uarm_apriltag_demo.egg-info/PKG-INFO
[2.345s] writing dependency_links to uarm_apriltag_demo.egg-info/dependency_links.txt
[2.346s] writing entry points to uarm_apriltag_demo.egg-info/entry_points.txt
[2.347s] writing requirements to uarm_apriltag_demo.egg-info/requires.txt
[2.348s] writing top-level names to uarm_apriltag_demo.egg-info/top_level.txt
[2.423s] reading manifest file 'uarm_apriltag_demo.egg-info/SOURCES.txt'
[2.425s] writing manifest file 'uarm_apriltag_demo.egg-info/SOURCES.txt'
[2.469s] running build_ext
[2.469s] Creating /home/ros2/ros2_ws/install/uarm_apriltag_demo/lib/python3.12/site-packages/uarm-apriltag-demo.egg-link (link to .)
[2.470s] Installing demo_node script to /home/ros2/ros2_ws/install/uarm_apriltag_demo/lib/uarm_apriltag_demo
[2.471s] Installing tag_overlay_node script to /home/ros2/ros2_ws/install/uarm_apriltag_demo/lib/uarm_apriltag_demo
[2.471s] 
[2.472s] Installed /home/ros2/ros2_ws/build/uarm_apriltag_demo
[2.472s] running symlink_data
[2.472s] creating /home/ros2/ros2_ws/install/uarm_apriltag_demo/share/uarm_apriltag_demo/rviz
[2.474s] symbolically linking /home/ros2/ros2_ws/build/uarm_apriltag_demo/rviz/demo.rviz -> /home/ros2/ros2_ws/install/uarm_apriltag_demo/share/uarm_apriltag_demo/rviz
[2.566s] Invoked command in '/home/ros2/ros2_ws/build/uarm_apriltag_demo' returned '0': AMENT_PREFIX_PATH=/home/ros2/ros2_ws/install/swiftpro:${AMENT_PREFIX_PATH} CMAKE_PREFIX_PATH=/home/ros2/ros2_ws/install/swiftpro:${CMAKE_PREFIX_PATH} LD_LIBRARY_PATH=/home/ros2/ros2_ws/install/swiftpro/lib:${LD_LIBRARY_PATH} PYTHONPATH=/home/ros2/ros2_ws/build/uarm_apriltag_demo/prefix_override:/usr/lib/python3/dist-packages/colcon_core/task/python/colcon_distutils_commands:/home/ros2/ros2_ws/install/uarm_apriltag_demo/lib/python3.12/site-packages:/home/ros2/ros2_ws/install/swiftpro/lib/python3.12/site-packages:${PYTHONPATH} /usr/bin/python3 -W ignore:setup.py install is deprecated -W ignore:easy_install command is deprecated setup.py develop --editable --build-directory /home/ros2/ros2_ws/build/uarm_apriltag_demo/build --no-deps symlink_data
