[0.155s] Invoking command in '/home/ros2/ros2_ws/build/apriltag_launcher': CMAKE_PREFIX_PATH=/home/ros2/ros2_ws/install/apriltag_ros:/home/ros2/ros2_ws/install/swiftpro:/home/ros2/ros2_ws/install/apriltag_launcher:/opt/ros/jazzy LD_LIBRARY_PATH=/home/ros2/ros2_ws/install/apriltag_ros/lib:/home/ros2/ros2_ws/install/swiftpro/lib:/opt/ros/jazzy/lib/x86_64-linux-gnu:/opt/ros/jazzy/lib /usr/bin/cmake --build /home/ros2/ros2_ws/build/apriltag_launcher -- -j12 -l12
[0.251s] Invoked command in '/home/ros2/ros2_ws/build/apriltag_launcher' returned '0': CMAKE_PREFIX_PATH=/home/ros2/ros2_ws/install/apriltag_ros:/home/ros2/ros2_ws/install/swiftpro:/home/ros2/ros2_ws/install/apriltag_launcher:/opt/ros/jazzy LD_LIBRARY_PATH=/home/ros2/ros2_ws/install/apriltag_ros/lib:/home/ros2/ros2_ws/install/swiftpro/lib:/opt/ros/jazzy/lib/x86_64-linux-gnu:/opt/ros/jazzy/lib /usr/bin/cmake --build /home/ros2/ros2_ws/build/apriltag_launcher -- -j12 -l12
[0.267s] Invoking command in '/home/ros2/ros2_ws/build/apriltag_launcher': CMAKE_PREFIX_PATH=/home/ros2/ros2_ws/install/apriltag_ros:/home/ros2/ros2_ws/install/swiftpro:/home/ros2/ros2_ws/install/apriltag_launcher:/opt/ros/jazzy LD_LIBRARY_PATH=/home/ros2/ros2_ws/install/apriltag_ros/lib:/home/ros2/ros2_ws/install/swiftpro/lib:/opt/ros/jazzy/lib/x86_64-linux-gnu:/opt/ros/jazzy/lib /usr/bin/cmake --install /home/ros2/ros2_ws/build/apriltag_launcher
[0.281s] -- Install configuration: ""
[0.282s] -- Execute custom install script
[0.284s] -- Up-to-date symlink: /home/ros2/ros2_ws/install/apriltag_launcher/share/apriltag_launcher/launch/apriltag_usb_cam.launch.py
[0.284s] -- Up-to-date symlink: /home/ros2/ros2_ws/install/apriltag_launcher/share/apriltag_launcher/config/tags_36h11.yaml
[0.285s] -- Up-to-date symlink: /home/ros2/ros2_ws/install/apriltag_launcher/share/ament_index/resource_index/package_run_dependencies/apriltag_launcher
[0.285s] -- Up-to-date symlink: /home/ros2/ros2_ws/install/apriltag_launcher/share/ament_index/resource_index/parent_prefix_path/apriltag_launcher
[0.285s] -- Up-to-date symlink: /home/ros2/ros2_ws/install/apriltag_launcher/share/apriltag_launcher/environment/ament_prefix_path.sh
[0.286s] -- Up-to-date symlink: /home/ros2/ros2_ws/install/apriltag_launcher/share/apriltag_launcher/environment/ament_prefix_path.dsv
[0.286s] -- Up-to-date symlink: /home/ros2/ros2_ws/install/apriltag_launcher/share/apriltag_launcher/environment/path.sh
[0.286s] -- Up-to-date symlink: /home/ros2/ros2_ws/install/apriltag_launcher/share/apriltag_launcher/environment/path.dsv
[0.286s] -- Up-to-date symlink: /home/ros2/ros2_ws/install/apriltag_launcher/share/apriltag_launcher/local_setup.bash
[0.287s] -- Up-to-date symlink: /home/ros2/ros2_ws/install/apriltag_launcher/share/apriltag_launcher/local_setup.sh
[0.287s] -- Up-to-date symlink: /home/ros2/ros2_ws/install/apriltag_launcher/share/apriltag_launcher/local_setup.zsh
[0.288s] -- Up-to-date symlink: /home/ros2/ros2_ws/install/apriltag_launcher/share/apriltag_launcher/local_setup.dsv
[0.288s] -- Symlinking: /home/ros2/ros2_ws/install/apriltag_launcher/share/apriltag_launcher/package.dsv
[0.307s] -- Up-to-date symlink: /home/ros2/ros2_ws/install/apriltag_launcher/share/ament_index/resource_index/packages/apriltag_launcher
[0.307s] -- Up-to-date symlink: /home/ros2/ros2_ws/install/apriltag_launcher/share/apriltag_launcher/cmake/apriltag_launcherConfig.cmake
[0.307s] -- Up-to-date symlink: /home/ros2/ros2_ws/install/apriltag_launcher/share/apriltag_launcher/cmake/apriltag_launcherConfig-version.cmake
[0.307s] -- Up-to-date symlink: /home/ros2/ros2_ws/install/apriltag_launcher/share/apriltag_launcher/package.xml
[0.312s] Invoked command in '/home/ros2/ros2_ws/build/apriltag_launcher' returned '0': CMAKE_PREFIX_PATH=/home/ros2/ros2_ws/install/apriltag_ros:/home/ros2/ros2_ws/install/swiftpro:/home/ros2/ros2_ws/install/apriltag_launcher:/opt/ros/jazzy LD_LIBRARY_PATH=/home/ros2/ros2_ws/install/apriltag_ros/lib:/home/ros2/ros2_ws/install/swiftpro/lib:/opt/ros/jazzy/lib/x86_64-linux-gnu:/opt/ros/jazzy/lib /usr/bin/cmake --install /home/ros2/ros2_ws/build/apriltag_launcher
