[0.024s] Invoking command in '/home/ros2/ros2_ws/build/swiftpro': CMAKE_PREFIX_PATH=/opt/ros/jazzy /usr/bin/cmake /home/ros2/ros2_ws/uarm_driver/swiftpro -DAMENT_CMAKE_SYMLINK_INSTALL=1 -DCMAKE_INSTALL_PREFIX=/home/ros2/ros2_ws/install/swiftpro
[0.410s] -- The CXX compiler identification is GNU 13.3.0
[1.356s] -- Detecting CXX compiler ABI info
[1.815s] -- Detecting CXX compiler ABI info - done
[1.827s] -- Check for working CXX compiler: /usr/bin/c++ - skipped
[1.837s] -- Detecting CXX compile features
[1.838s] -- Detecting CXX compile features - done
[1.853s] -- Found ament_cmake: 2.5.5 (/opt/ros/jazzy/share/ament_cmake/cmake)
[2.047s] -- Found Python3: /usr/bin/python3 (found version "3.12.3") found components: Interpreter 
[2.154s] -- Override CMake install command with custom implementation using symlinks instead of copying resources
[2.210s] -- Found rclcpp: 28.1.16 (/opt/ros/jazzy/share/rclcpp/cmake)
[2.470s] -- Found rosidl_generator_c: 4.6.7 (/opt/ros/jazzy/share/rosidl_generator_c/cmake)
[2.492s] -- Found rosidl_generator_cpp: 4.6.7 (/opt/ros/jazzy/share/rosidl_generator_cpp/cmake)
[2.547s] -- Using all available rosidl_typesupport_c: rosidl_typesupport_fastrtps_c;rosidl_typesupport_introspection_c
[2.587s] -- Using all available rosidl_typesupport_cpp: rosidl_typesupport_fastrtps_cpp;rosidl_typesupport_introspection_cpp
[2.713s] -- Found rmw_implementation_cmake: 7.3.3 (/opt/ros/jazzy/share/rmw_implementation_cmake/cmake)
[2.718s] -- Found rmw_fastrtps_cpp: 8.4.3 (/opt/ros/jazzy/share/rmw_fastrtps_cpp/cmake)
[2.853s] -- Found OpenSSL: /usr/lib/x86_64-linux-gnu/libcrypto.so (found version "3.0.13")  
[3.107s] -- Found FastRTPS: /opt/ros/jazzy/include (Required is at least version "2.13") 
[3.253s] -- Using RMW implementation 'rmw_fastrtps_cpp' as default
[3.537s] -- Found std_msgs: 5.3.6 (/opt/ros/jazzy/share/std_msgs/cmake)
[3.563s] -- Found sensor_msgs: 5.3.6 (/opt/ros/jazzy/share/sensor_msgs/cmake)
[3.631s] -- Found tf2: 0.36.19 (/opt/ros/jazzy/share/tf2/cmake)
[3.640s] -- Found tf2_ros: 0.36.19 (/opt/ros/jazzy/share/tf2_ros/cmake)
[3.838s] -- Found tf2_geometry_msgs: 0.36.19 (/opt/ros/jazzy/share/tf2_geometry_msgs/cmake)
[3.916s] -- Found eigen3_cmake_module: 0.3.0 (/opt/ros/jazzy/share/eigen3_cmake_module/cmake)
[3.919s] -- Found Eigen3: TRUE (found version "3.4.0") 
[3.919s] -- Ensuring Eigen3 include directory is part of orocos-kdl CMake target
[3.924s] -- Found rosidl_default_generators: 1.6.0 (/opt/ros/jazzy/share/rosidl_default_generators/cmake)
[3.945s] -- Found rosidl_adapter: 4.6.7 (/opt/ros/jazzy/share/rosidl_adapter/cmake)
[4.299s] [31mCMake Error at /opt/ros/jazzy/share/rosidl_adapter/cmake/rosidl_adapt_interfaces.cmake:57 (message):
[4.300s]   execute_process(/usr/bin/python3 -m rosidl_adapter --package-name swiftpro
[4.300s]   --arguments-file
[4.300s]   /home/ros2/ros2_ws/build/swiftpro/rosidl_adapter__arguments__swiftpro.json
[4.300s]   --output-dir /home/ros2/ros2_ws/build/swiftpro/rosidl_adapter/swiftpro
[4.300s]   --output-file
[4.300s]   /home/ros2/ros2_ws/build/swiftpro/rosidl_adapter/swiftpro.idls) returned
[4.300s]   error code 1:
[4.300s] 
[4.300s]   Traceback (most recent call last):
[4.300s] 
[4.301s]     File "<frozen runpy>", line 198, in _run_module_as_main
[4.301s]     File "<frozen runpy>", line 88, in _run_code
[4.301s]     File "/opt/ros/jazzy/lib/python3.12/site-packages/rosidl_adapter/__main__.py", line 19, in <module>
[4.301s]       sys.exit(main())
[4.301s]                ^^^^^^
[4.301s]     File "/opt/ros/jazzy/lib/python3.12/site-packages/rosidl_adapter/main.py", line 53, in main
[4.301s]       abs_idl_file = convert_to_idl(
[4.301s]                      ^^^^^^^^^^^^^^^
[4.301s]     File "/opt/ros/jazzy/lib/python3.12/site-packages/rosidl_adapter/__init__.py", line 19, in convert_to_idl
[4.301s]       return convert_msg_to_idl(
[4.301s]              ^^^^^^^^^^^^^^^^^^^
[4.302s]     File "/opt/ros/jazzy/lib/python3.12/site-packages/rosidl_adapter/msg/__init__.py", line 28, in convert_msg_to_idl
[4.302s]       msg = parse_message_string(package_name, input_file.stem, content)
[4.302s]             ^^^^^^^^^^^^^^^^^^^^^^^^^^^^^^^^^^^^^^^^^^^^^^^^^^^^^^^^^^^^
[4.302s]     File "/opt/ros/jazzy/lib/python3.12/site-packages/rosidl_adapter/parser.py", line 545, in parse_message_string
[4.302s]       msg = MessageSpecification(pkg_name, msg_name, fields, constants)
[4.302s]             ^^^^^^^^^^^^^^^^^^^^^^^^^^^^^^^^^^^^^^^^^^^^^^^^^^^^^^^^^^^
[4.302s]     File "/opt/ros/jazzy/lib/python3.12/site-packages/rosidl_adapter/parser.py", line 389, in __init__
[4.302s]       self.base_type = BaseType(
[4.302s]                        ^^^^^^^^^
[4.302s]     File "/opt/ros/jazzy/lib/python3.12/site-packages/rosidl_adapter/parser.py", line 206, in __init__
[4.302s]       raise InvalidResourceName(
[4.303s] 
[4.303s]   rosidl_adapter.parser.InvalidResourceName: 'position' is an invalid message
[4.303s]   name.  It should have the pattern '^[A-Z][A-Za-z0-9]*$'
[4.303s] 
[4.303s] Call Stack (most recent call first):
[4.303s]   /opt/ros/jazzy/share/rosidl_cmake/cmake/rosidl_generate_interfaces.cmake:132 (rosidl_adapt_interfaces)
[4.303s]   CMakeLists.txt:25 (rosidl_generate_interfaces)
[4.303s] 
[4.303s] [0m
[4.303s] -- Configuring incomplete, errors occurred!
[4.314s] Invoked command in '/home/ros2/ros2_ws/build/swiftpro' returned '1': CMAKE_PREFIX_PATH=/opt/ros/jazzy /usr/bin/cmake /home/ros2/ros2_ws/uarm_driver/swiftpro -DAMENT_CMAKE_SYMLINK_INSTALL=1 -DCMAKE_INSTALL_PREFIX=/home/ros2/ros2_ws/install/swiftpro
