[0.467s] DEBUG:colcon:Command line arguments: ['/home/ros2/.local/bin/colcon', 'build', '--packages-select', 'swiftpro']
[0.467s] DEBUG:colcon:Parsed command line arguments: Namespace(log_base=None, log_level=None, verb_name='build', build_base='build', install_base='install', merge_install=False, symlink_install=False, test_result_base=None, continue_on_error=False, executor='parallel', parallel_workers=12, event_handlers=None, ignore_user_meta=False, metas=['./colcon.meta'], base_paths=['.'], packages_ignore=None, packages_ignore_regex=None, paths=None, packages_up_to=None, packages_up_to_regex=None, packages_above=None, packages_above_and_dependencies=None, packages_above_depth=None, packages_select_by_dep=None, packages_skip_by_dep=None, packages_skip_up_to=None, packages_select_build_failed=False, packages_skip_build_finished=False, packages_select_test_failures=False, packages_skip_test_passed=False, packages_select=['swiftpro'], packages_skip=None, packages_select_regex=None, packages_skip_regex=None, packages_start=None, packages_end=None, cmake_args=None, cmake_target=None, cmake_target_skip_unavailable=False, cmake_clean_cache=False, cmake_clean_first=False, cmake_force_configure=False, ament_cmake_args=None, catkin_cmake_args=None, catkin_skip_building_tests=False, verb_parser=<colcon_defaults.argument_parser.defaults.DefaultArgumentsDecorator object at 0x789e3ed3c260>, verb_extension=<colcon_core.verb.build.BuildVerb object at 0x789e3ed3c0b0>, main=<bound method BuildVerb.main of <colcon_core.verb.build.BuildVerb object at 0x789e3ed3c0b0>>)
[0.522s] Level 1:colcon.colcon_core.package_discovery:discover_packages(colcon_meta) check parameters
[0.522s] Level 1:colcon.colcon_core.package_discovery:discover_packages(recursive) check parameters
[0.522s] Level 1:colcon.colcon_core.package_discovery:discover_packages(ignore) check parameters
[0.522s] Level 1:colcon.colcon_core.package_discovery:discover_packages(path) check parameters
[0.522s] Level 1:colcon.colcon_core.package_discovery:discover_packages(colcon_meta) discover
[0.522s] Level 1:colcon.colcon_core.package_discovery:discover_packages(recursive) discover
[0.522s] INFO:colcon.colcon_core.package_discovery:Crawling recursively for packages in '/home/ros2/ros2_ws'
[0.522s] Level 1:colcon.colcon_core.package_identification:_identify(.) by extensions ['ignore', 'ignore_ament_install']
[0.522s] Level 1:colcon.colcon_core.package_identification:_identify(.) by extension 'ignore'
[0.523s] Level 1:colcon.colcon_core.package_identification:_identify(.) by extension 'ignore_ament_install'
[0.523s] Level 1:colcon.colcon_core.package_identification:_identify(.) by extensions ['colcon_pkg']
[0.523s] Level 1:colcon.colcon_core.package_identification:_identify(.) by extension 'colcon_pkg'
[0.523s] Level 1:colcon.colcon_core.package_identification:_identify(.) by extensions ['colcon_meta']
[0.523s] Level 1:colcon.colcon_core.package_identification:_identify(.) by extension 'colcon_meta'
[0.523s] Level 1:colcon.colcon_core.package_identification:_identify(.) by extensions ['ros']
[0.523s] Level 1:colcon.colcon_core.package_identification:_identify(.) by extension 'ros'
[0.564s] Level 1:colcon.colcon_core.package_identification:_identify(.) by extensions ['cmake', 'python']
[0.565s] Level 1:colcon.colcon_core.package_identification:_identify(.) by extension 'cmake'
[0.565s] Level 1:colcon.colcon_core.package_identification:_identify(.) by extension 'python'
[0.565s] Level 1:colcon.colcon_core.package_identification:_identify(.) by extensions ['python_setup_py']
[0.565s] Level 1:colcon.colcon_core.package_identification:_identify(.) by extension 'python_setup_py'
[0.565s] Level 1:colcon.colcon_core.package_identification:_identify(build) by extensions ['ignore', 'ignore_ament_install']
[0.565s] Level 1:colcon.colcon_core.package_identification:_identify(build) by extension 'ignore'
[0.565s] Level 1:colcon.colcon_core.package_identification:_identify(build) ignored
[0.565s] Level 1:colcon.colcon_core.package_identification:_identify(install) by extensions ['ignore', 'ignore_ament_install']
[0.565s] Level 1:colcon.colcon_core.package_identification:_identify(install) by extension 'ignore'
[0.566s] Level 1:colcon.colcon_core.package_identification:_identify(install) ignored
[0.566s] Level 1:colcon.colcon_core.package_identification:_identify(log) by extensions ['ignore', 'ignore_ament_install']
[0.566s] Level 1:colcon.colcon_core.package_identification:_identify(log) by extension 'ignore'
[0.566s] Level 1:colcon.colcon_core.package_identification:_identify(log) ignored
[0.566s] Level 1:colcon.colcon_core.package_identification:_identify(uarm_driver) by extensions ['ignore', 'ignore_ament_install']
[0.566s] Level 1:colcon.colcon_core.package_identification:_identify(uarm_driver) by extension 'ignore'
[0.566s] Level 1:colcon.colcon_core.package_identification:_identify(uarm_driver) by extension 'ignore_ament_install'
[0.566s] Level 1:colcon.colcon_core.package_identification:_identify(uarm_driver) by extensions ['colcon_pkg']
[0.566s] Level 1:colcon.colcon_core.package_identification:_identify(uarm_driver) by extension 'colcon_pkg'
[0.566s] Level 1:colcon.colcon_core.package_identification:_identify(uarm_driver) by extensions ['colcon_meta']
[0.566s] Level 1:colcon.colcon_core.package_identification:_identify(uarm_driver) by extension 'colcon_meta'
[0.566s] Level 1:colcon.colcon_core.package_identification:_identify(uarm_driver) by extensions ['ros']
[0.566s] Level 1:colcon.colcon_core.package_identification:_identify(uarm_driver) by extension 'ros'
[0.567s] Level 1:colcon.colcon_core.package_identification:_identify(uarm_driver) by extensions ['cmake', 'python']
[0.567s] Level 1:colcon.colcon_core.package_identification:_identify(uarm_driver) by extension 'cmake'
[0.567s] Level 1:colcon.colcon_core.package_identification:_identify(uarm_driver) by extension 'python'
[0.567s] Level 1:colcon.colcon_core.package_identification:_identify(uarm_driver) by extensions ['python_setup_py']
[0.567s] Level 1:colcon.colcon_core.package_identification:_identify(uarm_driver) by extension 'python_setup_py'
[0.567s] Level 1:colcon.colcon_core.package_identification:_identify(uarm_driver/swiftpro) by extensions ['ignore', 'ignore_ament_install']
[0.567s] Level 1:colcon.colcon_core.package_identification:_identify(uarm_driver/swiftpro) by extension 'ignore'
[0.567s] Level 1:colcon.colcon_core.package_identification:_identify(uarm_driver/swiftpro) by extension 'ignore_ament_install'
[0.567s] Level 1:colcon.colcon_core.package_identification:_identify(uarm_driver/swiftpro) by extensions ['colcon_pkg']
[0.567s] Level 1:colcon.colcon_core.package_identification:_identify(uarm_driver/swiftpro) by extension 'colcon_pkg'
[0.567s] Level 1:colcon.colcon_core.package_identification:_identify(uarm_driver/swiftpro) by extensions ['colcon_meta']
[0.567s] Level 1:colcon.colcon_core.package_identification:_identify(uarm_driver/swiftpro) by extension 'colcon_meta'
[0.567s] Level 1:colcon.colcon_core.package_identification:_identify(uarm_driver/swiftpro) by extensions ['ros']
[0.567s] Level 1:colcon.colcon_core.package_identification:_identify(uarm_driver/swiftpro) by extension 'ros'
[0.572s] DEBUG:colcon.colcon_core.package_identification:Package 'uarm_driver/swiftpro' with type 'ros.ament_cmake' and name 'swiftpro'
[0.572s] Level 1:colcon.colcon_core.package_discovery:discover_packages(recursive) using defaults
[0.572s] Level 1:colcon.colcon_core.package_discovery:discover_packages(ignore) discover
[0.572s] Level 1:colcon.colcon_core.package_discovery:discover_packages(ignore) using defaults
[0.572s] Level 1:colcon.colcon_core.package_discovery:discover_packages(path) discover
[0.572s] Level 1:colcon.colcon_core.package_discovery:discover_packages(path) using defaults
[0.605s] Level 5:colcon.colcon_core.verb:set package 'swiftpro' build argument 'cmake_args' from command line to 'None'
[0.605s] Level 5:colcon.colcon_core.verb:set package 'swiftpro' build argument 'cmake_target' from command line to 'None'
[0.605s] Level 5:colcon.colcon_core.verb:set package 'swiftpro' build argument 'cmake_target_skip_unavailable' from command line to 'False'
[0.605s] Level 5:colcon.colcon_core.verb:set package 'swiftpro' build argument 'cmake_clean_cache' from command line to 'False'
[0.605s] Level 5:colcon.colcon_core.verb:set package 'swiftpro' build argument 'cmake_clean_first' from command line to 'False'
[0.605s] Level 5:colcon.colcon_core.verb:set package 'swiftpro' build argument 'cmake_force_configure' from command line to 'False'
[0.605s] Level 5:colcon.colcon_core.verb:set package 'swiftpro' build argument 'ament_cmake_args' from command line to 'None'
[0.605s] Level 5:colcon.colcon_core.verb:set package 'swiftpro' build argument 'catkin_cmake_args' from command line to 'None'
[0.605s] Level 5:colcon.colcon_core.verb:set package 'swiftpro' build argument 'catkin_skip_building_tests' from command line to 'False'
[0.606s] DEBUG:colcon.colcon_core.verb:Building package 'swiftpro' with the following arguments: {'ament_cmake_args': None, 'build_base': '/home/ros2/ros2_ws/build/swiftpro', 'catkin_cmake_args': None, 'catkin_skip_building_tests': False, 'cmake_args': None, 'cmake_clean_cache': False, 'cmake_clean_first': False, 'cmake_force_configure': False, 'cmake_target': None, 'cmake_target_skip_unavailable': False, 'install_base': '/home/ros2/ros2_ws/install/swiftpro', 'merge_install': False, 'path': '/home/ros2/ros2_ws/uarm_driver/swiftpro', 'symlink_install': False, 'test_result_base': None}
[0.606s] INFO:colcon.colcon_core.executor:Executing jobs using 'parallel' executor
[0.607s] DEBUG:colcon.colcon_parallel_executor.executor.parallel:run_until_complete
[0.607s] INFO:colcon.colcon_ros.task.ament_cmake.build:Building ROS package in '/home/ros2/ros2_ws/uarm_driver/swiftpro' with build type 'ament_cmake'
[0.607s] INFO:colcon.colcon_cmake.task.cmake.build:Building CMake package in '/home/ros2/ros2_ws/uarm_driver/swiftpro'
[0.615s] INFO:colcon.colcon_core.plugin_system:Skipping extension 'colcon_core.shell.bat': Not used on non-Windows systems
[0.615s] INFO:colcon.colcon_core.shell:Skip shell extension 'powershell' for command environment: Not usable outside of PowerShell
[0.615s] DEBUG:colcon.colcon_core.shell:Skip shell extension 'dsv' for command environment
[0.629s] DEBUG:colcon.colcon_core.event_handler.log_command:Invoking command in '/home/ros2/ros2_ws/build/swiftpro': CMAKE_PREFIX_PATH=/opt/ros/jazzy /usr/bin/cmake /home/ros2/ros2_ws/uarm_driver/swiftpro -DCMAKE_INSTALL_PREFIX=/home/ros2/ros2_ws/install/swiftpro
[6.132s] DEBUG:colcon.colcon_core.event_handler.log_command:Invoked command in '/home/ros2/ros2_ws/build/swiftpro' returned '0': CMAKE_PREFIX_PATH=/opt/ros/jazzy /usr/bin/cmake /home/ros2/ros2_ws/uarm_driver/swiftpro -DCMAKE_INSTALL_PREFIX=/home/ros2/ros2_ws/install/swiftpro
[6.133s] DEBUG:colcon.colcon_core.event_handler.log_command:Invoking command in '/home/ros2/ros2_ws/build/swiftpro': CMAKE_PREFIX_PATH=/opt/ros/jazzy /usr/bin/cmake --build /home/ros2/ros2_ws/build/swiftpro -- -j12 -l12
[32.912s] DEBUG:colcon.colcon_core.event_handler.log_command:Invoked command in '/home/ros2/ros2_ws/build/swiftpro' returned '0': CMAKE_PREFIX_PATH=/opt/ros/jazzy /usr/bin/cmake --build /home/ros2/ros2_ws/build/swiftpro -- -j12 -l12
[32.927s] DEBUG:colcon.colcon_core.event_handler.log_command:Invoking command in '/home/ros2/ros2_ws/build/swiftpro': CMAKE_PREFIX_PATH=/opt/ros/jazzy /usr/bin/cmake --install /home/ros2/ros2_ws/build/swiftpro
[35.356s] Level 1:colcon.colcon_core.environment:create_environment_scripts_only(swiftpro)
[35.357s] DEBUG:colcon.colcon_core.event_handler.log_command:Invoked command in '/home/ros2/ros2_ws/build/swiftpro' returned '0': CMAKE_PREFIX_PATH=/opt/ros/jazzy /usr/bin/cmake --install /home/ros2/ros2_ws/build/swiftpro
[35.364s] Level 1:colcon.colcon_core.environment:checking '/home/ros2/ros2_ws/install/swiftpro' for CMake module files
[35.365s] Level 1:colcon.colcon_core.environment:checking '/home/ros2/ros2_ws/install/swiftpro' for CMake config files
[35.366s] Level 1:colcon.colcon_core.shell:create_environment_hook('swiftpro', 'cmake_prefix_path')
[35.366s] INFO:colcon.colcon_core.shell:Creating environment hook '/home/ros2/ros2_ws/install/swiftpro/share/swiftpro/hook/cmake_prefix_path.ps1'
[35.368s] INFO:colcon.colcon_core.shell:Creating environment descriptor '/home/ros2/ros2_ws/install/swiftpro/share/swiftpro/hook/cmake_prefix_path.dsv'
[35.369s] INFO:colcon.colcon_core.shell:Creating environment hook '/home/ros2/ros2_ws/install/swiftpro/share/swiftpro/hook/cmake_prefix_path.sh'
[35.370s] Level 1:colcon.colcon_core.environment:checking '/home/ros2/ros2_ws/install/swiftpro/lib'
[35.371s] Level 1:colcon.colcon_core.shell:create_environment_hook('swiftpro', 'ld_library_path_lib')
[35.371s] INFO:colcon.colcon_core.shell:Creating environment hook '/home/ros2/ros2_ws/install/swiftpro/share/swiftpro/hook/ld_library_path_lib.ps1'
[35.371s] INFO:colcon.colcon_core.shell:Creating environment descriptor '/home/ros2/ros2_ws/install/swiftpro/share/swiftpro/hook/ld_library_path_lib.dsv'
[35.372s] INFO:colcon.colcon_core.shell:Creating environment hook '/home/ros2/ros2_ws/install/swiftpro/share/swiftpro/hook/ld_library_path_lib.sh'
[35.372s] Level 1:colcon.colcon_core.environment:checking '/home/ros2/ros2_ws/install/swiftpro/bin'
[35.372s] Level 1:colcon.colcon_core.environment:checking '/home/ros2/ros2_ws/install/swiftpro/lib/pkgconfig/swiftpro.pc'
[35.374s] Level 1:colcon.colcon_core.environment:checking '/home/ros2/ros2_ws/install/swiftpro/lib/python3.12/site-packages'
[35.375s] Level 1:colcon.colcon_core.shell:create_environment_hook('swiftpro', 'pythonpath')
[35.375s] INFO:colcon.colcon_core.shell:Creating environment hook '/home/ros2/ros2_ws/install/swiftpro/share/swiftpro/hook/pythonpath.ps1'
[35.375s] INFO:colcon.colcon_core.shell:Creating environment descriptor '/home/ros2/ros2_ws/install/swiftpro/share/swiftpro/hook/pythonpath.dsv'
[35.376s] INFO:colcon.colcon_core.shell:Creating environment hook '/home/ros2/ros2_ws/install/swiftpro/share/swiftpro/hook/pythonpath.sh'
[35.377s] Level 1:colcon.colcon_core.environment:checking '/home/ros2/ros2_ws/install/swiftpro/bin'
[35.377s] INFO:colcon.colcon_core.shell:Creating package script '/home/ros2/ros2_ws/install/swiftpro/share/swiftpro/package.ps1'
[35.378s] INFO:colcon.colcon_core.shell:Creating package descriptor '/home/ros2/ros2_ws/install/swiftpro/share/swiftpro/package.dsv'
[35.379s] INFO:colcon.colcon_core.shell:Creating package script '/home/ros2/ros2_ws/install/swiftpro/share/swiftpro/package.sh'
[35.380s] INFO:colcon.colcon_core.shell:Creating package script '/home/ros2/ros2_ws/install/swiftpro/share/swiftpro/package.bash'
[35.381s] INFO:colcon.colcon_core.shell:Creating package script '/home/ros2/ros2_ws/install/swiftpro/share/swiftpro/package.zsh'
[35.383s] Level 1:colcon.colcon_core.environment:create_file_with_runtime_dependencies(/home/ros2/ros2_ws/install/swiftpro/share/colcon-core/packages/swiftpro)
[35.383s] Level 1:colcon.colcon_core.environment:create_environment_scripts_only(swiftpro)
[35.384s] Level 1:colcon.colcon_core.environment:checking '/home/ros2/ros2_ws/install/swiftpro' for CMake module files
[35.385s] Level 1:colcon.colcon_core.environment:checking '/home/ros2/ros2_ws/install/swiftpro' for CMake config files
[35.386s] Level 1:colcon.colcon_core.shell:create_environment_hook('swiftpro', 'cmake_prefix_path')
[35.386s] INFO:colcon.colcon_core.shell:Creating environment hook '/home/ros2/ros2_ws/install/swiftpro/share/swiftpro/hook/cmake_prefix_path.ps1'
[35.387s] INFO:colcon.colcon_core.shell:Creating environment descriptor '/home/ros2/ros2_ws/install/swiftpro/share/swiftpro/hook/cmake_prefix_path.dsv'
[35.388s] INFO:colcon.colcon_core.shell:Creating environment hook '/home/ros2/ros2_ws/install/swiftpro/share/swiftpro/hook/cmake_prefix_path.sh'
[35.388s] Level 1:colcon.colcon_core.environment:checking '/home/ros2/ros2_ws/install/swiftpro/lib'
[35.388s] Level 1:colcon.colcon_core.shell:create_environment_hook('swiftpro', 'ld_library_path_lib')
[35.388s] INFO:colcon.colcon_core.shell:Creating environment hook '/home/ros2/ros2_ws/install/swiftpro/share/swiftpro/hook/ld_library_path_lib.ps1'
[35.389s] INFO:colcon.colcon_core.shell:Creating environment descriptor '/home/ros2/ros2_ws/install/swiftpro/share/swiftpro/hook/ld_library_path_lib.dsv'
[35.389s] INFO:colcon.colcon_core.shell:Creating environment hook '/home/ros2/ros2_ws/install/swiftpro/share/swiftpro/hook/ld_library_path_lib.sh'
[35.390s] Level 1:colcon.colcon_core.environment:checking '/home/ros2/ros2_ws/install/swiftpro/bin'
[35.390s] Level 1:colcon.colcon_core.environment:checking '/home/ros2/ros2_ws/install/swiftpro/lib/pkgconfig/swiftpro.pc'
[35.390s] Level 1:colcon.colcon_core.environment:checking '/home/ros2/ros2_ws/install/swiftpro/lib/python3.12/site-packages'
[35.390s] Level 1:colcon.colcon_core.shell:create_environment_hook('swiftpro', 'pythonpath')
[35.390s] INFO:colcon.colcon_core.shell:Creating environment hook '/home/ros2/ros2_ws/install/swiftpro/share/swiftpro/hook/pythonpath.ps1'
[35.391s] INFO:colcon.colcon_core.shell:Creating environment descriptor '/home/ros2/ros2_ws/install/swiftpro/share/swiftpro/hook/pythonpath.dsv'
[35.391s] INFO:colcon.colcon_core.shell:Creating environment hook '/home/ros2/ros2_ws/install/swiftpro/share/swiftpro/hook/pythonpath.sh'
[35.392s] Level 1:colcon.colcon_core.environment:checking '/home/ros2/ros2_ws/install/swiftpro/bin'
[35.392s] INFO:colcon.colcon_core.shell:Creating package script '/home/ros2/ros2_ws/install/swiftpro/share/swiftpro/package.ps1'
[35.393s] INFO:colcon.colcon_core.shell:Creating package descriptor '/home/ros2/ros2_ws/install/swiftpro/share/swiftpro/package.dsv'
[35.394s] INFO:colcon.colcon_core.shell:Creating package script '/home/ros2/ros2_ws/install/swiftpro/share/swiftpro/package.sh'
[35.394s] INFO:colcon.colcon_core.shell:Creating package script '/home/ros2/ros2_ws/install/swiftpro/share/swiftpro/package.bash'
[35.395s] INFO:colcon.colcon_core.shell:Creating package script '/home/ros2/ros2_ws/install/swiftpro/share/swiftpro/package.zsh'
[35.395s] Level 1:colcon.colcon_core.environment:create_file_with_runtime_dependencies(/home/ros2/ros2_ws/install/swiftpro/share/colcon-core/packages/swiftpro)
[35.396s] DEBUG:colcon.colcon_parallel_executor.executor.parallel:closing loop
[35.396s] DEBUG:colcon.colcon_parallel_executor.executor.parallel:loop closed
[35.397s] DEBUG:colcon.colcon_parallel_executor.executor.parallel:run_until_complete finished with '0'
[35.397s] DEBUG:colcon.colcon_core.event_reactor:joining thread
[35.490s] INFO:colcon.colcon_core.plugin_system:Skipping extension 'colcon_notification.desktop_notification.notify_send': Could not find 'notify-send'
[35.490s] INFO:colcon.colcon_core.plugin_system:Skipping extension 'colcon_notification.desktop_notification.terminal_notifier': Not used on non-Darwin systems
[35.490s] INFO:colcon.colcon_core.plugin_system:Skipping extension 'colcon_notification.desktop_notification.win32': Not used on non-Windows systems
[35.490s] INFO:colcon.colcon_notification.desktop_notification:Sending desktop notification using 'notify2'
[35.528s] DEBUG:colcon.colcon_notification.desktop_notification.notify2:Failed to initialize notify2: org.freedesktop.DBus.Error.ServiceUnknown: The name org.freedesktop.Notifications was not provided by any .service files
[35.529s] DEBUG:colcon.colcon_core.event_reactor:joined thread
[35.529s] INFO:colcon.colcon_core.shell:Creating prefix script '/home/ros2/ros2_ws/install/local_setup.ps1'
[35.531s] INFO:colcon.colcon_core.shell:Creating prefix util module '/home/ros2/ros2_ws/install/_local_setup_util_ps1.py'
[35.533s] INFO:colcon.colcon_core.shell:Creating prefix chain script '/home/ros2/ros2_ws/install/setup.ps1'
[35.535s] INFO:colcon.colcon_core.shell:Creating prefix script '/home/ros2/ros2_ws/install/local_setup.sh'
[35.537s] INFO:colcon.colcon_core.shell:Creating prefix util module '/home/ros2/ros2_ws/install/_local_setup_util_sh.py'
[35.538s] INFO:colcon.colcon_core.shell:Creating prefix chain script '/home/ros2/ros2_ws/install/setup.sh'
[35.539s] INFO:colcon.colcon_core.shell:Creating prefix script '/home/ros2/ros2_ws/install/local_setup.bash'
[35.540s] INFO:colcon.colcon_core.shell:Creating prefix chain script '/home/ros2/ros2_ws/install/setup.bash'
[35.541s] INFO:colcon.colcon_core.shell:Creating prefix script '/home/ros2/ros2_ws/install/local_setup.zsh'
[35.542s] INFO:colcon.colcon_core.shell:Creating prefix chain script '/home/ros2/ros2_ws/install/setup.zsh'
