[0.016s] Invoking command in '/home/ros2/ros2_ws/build/swiftpro': CMAKE_PREFIX_PATH=/opt/ros/jazzy /usr/bin/cmake --build /home/ros2/ros2_ws/build/swiftpro -- -j12 -l12
[0.095s] [  1%] Built target swiftpro__rosidl_generator_type_description
[0.114s] [  1%] Built target ament_cmake_python_symlink_swiftpro
[0.135s] [  2%] Built target swiftpro__cpp
[0.141s] [ 23%] Built target swiftpro__rosidl_generator_c
[0.185s] [ 32%] Built target swiftpro__rosidl_typesupport_c
[0.187s] [ 43%] Built target swiftpro__rosidl_typesupport_introspection_cpp
[0.188s] [ 61%] Built target swiftpro__rosidl_typesupport_cpp
[0.188s] [ 61%] Built target swiftpro__rosidl_typesupport_introspection_c
[0.188s] [ 72%] Built target swiftpro__rosidl_typesupport_fastrtps_c
[0.189s] [ 76%] Built target swiftpro__rosidl_typesupport_fastrtps_cpp
[0.223s] [ 76%] Built target swiftpro
[0.234s] [ 78%] Built target swiftpro_write_node
[0.235s] [ 81%] Built target swiftpro_read_node
[0.235s] [ 83%] Built target swiftpro_rviz_node
[0.256s] [ 85%] Built target swiftpro__py
[0.290s] [ 92%] Built target swiftpro__rosidl_generator_py
[0.322s] [ 95%] Built target swiftpro_s__rosidl_typesupport_c
[0.323s] [100%] Built target swiftpro_s__rosidl_typesupport_introspection_c
[0.323s] [100%] Built target swiftpro_s__rosidl_typesupport_fastrtps_c
[0.387s] running egg_info
[0.407s] writing swiftpro.egg-info/PKG-INFO
[0.408s] writing dependency_links to swiftpro.egg-info/dependency_links.txt
[0.408s] writing top-level names to swiftpro.egg-info/top_level.txt
[0.464s] reading manifest file 'swiftpro.egg-info/SOURCES.txt'
[0.465s] writing manifest file 'swiftpro.egg-info/SOURCES.txt'
[0.504s] [100%] Built target ament_cmake_python_build_swiftpro_egg
[0.524s] Invoked command in '/home/ros2/ros2_ws/build/swiftpro' returned '0': CMAKE_PREFIX_PATH=/opt/ros/jazzy /usr/bin/cmake --build /home/ros2/ros2_ws/build/swiftpro -- -j12 -l12
[0.538s] Invoking command in '/home/ros2/ros2_ws/build/swiftpro': CMAKE_PREFIX_PATH=/opt/ros/jazzy /usr/bin/cmake --install /home/ros2/ros2_ws/build/swiftpro
[0.549s] -- Install configuration: ""
[0.549s] -- Execute custom install script
[0.550s] -- Up-to-date symlink: /home/ros2/ros2_ws/install/swiftpro/share/ament_index/resource_index/rosidl_interfaces/swiftpro
[0.550s] -- Up-to-date symlink: /home/ros2/ros2_ws/install/swiftpro/share/swiftpro/msg/SwiftproState.json
[0.550s] -- Up-to-date symlink: /home/ros2/ros2_ws/install/swiftpro/share/swiftpro/msg/Position.json
[0.550s] -- Up-to-date symlink: /home/ros2/ros2_ws/install/swiftpro/share/swiftpro/msg/Angle4th.json
[0.551s] -- Up-to-date symlink: /home/ros2/ros2_ws/install/swiftpro/share/swiftpro/msg/Status.json
[0.551s] -- Up-to-date symlink: /home/ros2/ros2_ws/install/swiftpro/share/swiftpro/srv/SendGcode.json
[0.552s] -- Up-to-date symlink: /home/ros2/ros2_ws/install/swiftpro/include/swiftpro/swiftpro/msg/angle4th.h
[0.553s] -- Up-to-date symlink: /home/ros2/ros2_ws/install/swiftpro/include/swiftpro/swiftpro/msg/detail/angle4th__functions.h
[0.553s] -- Up-to-date symlink: /home/ros2/ros2_ws/install/swiftpro/include/swiftpro/swiftpro/msg/detail/angle4th__struct.h
[0.553s] -- Up-to-date symlink: /home/ros2/ros2_ws/install/swiftpro/include/swiftpro/swiftpro/msg/detail/angle4th__type_support.h
[0.554s] -- Up-to-date symlink: /home/ros2/ros2_ws/install/swiftpro/include/swiftpro/swiftpro/msg/detail/position__functions.h
[0.554s] -- Up-to-date symlink: /home/ros2/ros2_ws/install/swiftpro/include/swiftpro/swiftpro/msg/detail/position__struct.h
[0.554s] -- Up-to-date symlink: /home/ros2/ros2_ws/install/swiftpro/include/swiftpro/swiftpro/msg/detail/position__type_support.h
[0.554s] -- Up-to-date symlink: /home/ros2/ros2_ws/install/swiftpro/include/swiftpro/swiftpro/msg/detail/status__functions.h
[0.554s] -- Up-to-date symlink: /home/ros2/ros2_ws/install/swiftpro/include/swiftpro/swiftpro/msg/detail/status__struct.h
[0.555s] -- Up-to-date symlink: /home/ros2/ros2_ws/install/swiftpro/include/swiftpro/swiftpro/msg/detail/status__type_support.h
[0.555s] -- Up-to-date symlink: /home/ros2/ros2_ws/install/swiftpro/include/swiftpro/swiftpro/msg/detail/swiftpro_state__functions.h
[0.555s] -- Up-to-date symlink: /home/ros2/ros2_ws/install/swiftpro/include/swiftpro/swiftpro/msg/detail/swiftpro_state__struct.h
[0.555s] -- Up-to-date symlink: /home/ros2/ros2_ws/install/swiftpro/include/swiftpro/swiftpro/msg/detail/swiftpro_state__type_support.h
[0.555s] -- Up-to-date symlink: /home/ros2/ros2_ws/install/swiftpro/include/swiftpro/swiftpro/msg/position.h
[0.556s] -- Up-to-date symlink: /home/ros2/ros2_ws/install/swiftpro/include/swiftpro/swiftpro/msg/rosidl_generator_c__visibility_control.h
[0.556s] -- Up-to-date symlink: /home/ros2/ros2_ws/install/swiftpro/include/swiftpro/swiftpro/msg/status.h
[0.556s] -- Up-to-date symlink: /home/ros2/ros2_ws/install/swiftpro/include/swiftpro/swiftpro/msg/swiftpro_state.h
[0.556s] -- Up-to-date symlink: /home/ros2/ros2_ws/install/swiftpro/include/swiftpro/swiftpro/srv/detail/send_gcode__functions.h
[0.556s] -- Up-to-date symlink: /home/ros2/ros2_ws/install/swiftpro/include/swiftpro/swiftpro/srv/detail/send_gcode__struct.h
[0.557s] -- Up-to-date symlink: /home/ros2/ros2_ws/install/swiftpro/include/swiftpro/swiftpro/srv/detail/send_gcode__type_support.h
[0.557s] -- Up-to-date symlink: /home/ros2/ros2_ws/install/swiftpro/include/swiftpro/swiftpro/srv/send_gcode.h
[0.557s] -- Up-to-date symlink: /home/ros2/ros2_ws/install/swiftpro/share/swiftpro/environment/library_path.sh
[0.557s] -- Up-to-date symlink: /home/ros2/ros2_ws/install/swiftpro/share/swiftpro/environment/library_path.dsv
[0.558s] -- Up-to-date symlink: /home/ros2/ros2_ws/install/swiftpro/include/swiftpro/swiftpro/msg/detail/angle4th__rosidl_typesupport_fastrtps_c.h
[0.558s] -- Up-to-date symlink: /home/ros2/ros2_ws/install/swiftpro/include/swiftpro/swiftpro/msg/detail/position__rosidl_typesupport_fastrtps_c.h
[0.559s] -- Up-to-date symlink: /home/ros2/ros2_ws/install/swiftpro/include/swiftpro/swiftpro/msg/detail/status__rosidl_typesupport_fastrtps_c.h
[0.559s] -- Up-to-date symlink: /home/ros2/ros2_ws/install/swiftpro/include/swiftpro/swiftpro/msg/detail/swiftpro_state__rosidl_typesupport_fastrtps_c.h
[0.559s] -- Up-to-date symlink: /home/ros2/ros2_ws/install/swiftpro/include/swiftpro/swiftpro/msg/rosidl_typesupport_fastrtps_c__visibility_control.h
[0.559s] -- Up-to-date symlink: /home/ros2/ros2_ws/install/swiftpro/include/swiftpro/swiftpro/srv/detail/send_gcode__rosidl_typesupport_fastrtps_c.h
[0.560s] -- Up-to-date symlink: /home/ros2/ros2_ws/install/swiftpro/include/swiftpro/swiftpro/msg/angle4th.hpp
[0.561s] -- Up-to-date symlink: /home/ros2/ros2_ws/install/swiftpro/include/swiftpro/swiftpro/msg/detail/angle4th__builder.hpp
[0.561s] -- Up-to-date symlink: /home/ros2/ros2_ws/install/swiftpro/include/swiftpro/swiftpro/msg/detail/angle4th__struct.hpp
[0.561s] -- Up-to-date symlink: /home/ros2/ros2_ws/install/swiftpro/include/swiftpro/swiftpro/msg/detail/angle4th__traits.hpp
[0.561s] -- Up-to-date symlink: /home/ros2/ros2_ws/install/swiftpro/include/swiftpro/swiftpro/msg/detail/angle4th__type_support.hpp
[0.562s] -- Up-to-date symlink: /home/ros2/ros2_ws/install/swiftpro/include/swiftpro/swiftpro/msg/detail/position__builder.hpp
[0.562s] -- Up-to-date symlink: /home/ros2/ros2_ws/install/swiftpro/include/swiftpro/swiftpro/msg/detail/position__struct.hpp
[0.562s] -- Up-to-date symlink: /home/ros2/ros2_ws/install/swiftpro/include/swiftpro/swiftpro/msg/detail/position__traits.hpp
[0.563s] -- Up-to-date symlink: /home/ros2/ros2_ws/install/swiftpro/include/swiftpro/swiftpro/msg/detail/position__type_support.hpp
[0.563s] -- Up-to-date symlink: /home/ros2/ros2_ws/install/swiftpro/include/swiftpro/swiftpro/msg/detail/status__builder.hpp
[0.563s] -- Up-to-date symlink: /home/ros2/ros2_ws/install/swiftpro/include/swiftpro/swiftpro/msg/detail/status__struct.hpp
[0.563s] -- Up-to-date symlink: /home/ros2/ros2_ws/install/swiftpro/include/swiftpro/swiftpro/msg/detail/status__traits.hpp
[0.564s] -- Up-to-date symlink: /home/ros2/ros2_ws/install/swiftpro/include/swiftpro/swiftpro/msg/detail/status__type_support.hpp
[0.564s] -- Up-to-date symlink: /home/ros2/ros2_ws/install/swiftpro/include/swiftpro/swiftpro/msg/detail/swiftpro_state__builder.hpp
[0.564s] -- Up-to-date symlink: /home/ros2/ros2_ws/install/swiftpro/include/swiftpro/swiftpro/msg/detail/swiftpro_state__struct.hpp
[0.564s] -- Up-to-date symlink: /home/ros2/ros2_ws/install/swiftpro/include/swiftpro/swiftpro/msg/detail/swiftpro_state__traits.hpp
[0.564s] -- Up-to-date symlink: /home/ros2/ros2_ws/install/swiftpro/include/swiftpro/swiftpro/msg/detail/swiftpro_state__type_support.hpp
[0.565s] -- Up-to-date symlink: /home/ros2/ros2_ws/install/swiftpro/include/swiftpro/swiftpro/msg/position.hpp
[0.565s] -- Up-to-date symlink: /home/ros2/ros2_ws/install/swiftpro/include/swiftpro/swiftpro/msg/rosidl_generator_cpp__visibility_control.hpp
[0.565s] -- Up-to-date symlink: /home/ros2/ros2_ws/install/swiftpro/include/swiftpro/swiftpro/msg/status.hpp
[0.565s] -- Up-to-date symlink: /home/ros2/ros2_ws/install/swiftpro/include/swiftpro/swiftpro/msg/swiftpro_state.hpp
[0.565s] -- Up-to-date symlink: /home/ros2/ros2_ws/install/swiftpro/include/swiftpro/swiftpro/srv/detail/send_gcode__builder.hpp
[0.566s] -- Up-to-date symlink: /home/ros2/ros2_ws/install/swiftpro/include/swiftpro/swiftpro/srv/detail/send_gcode__struct.hpp
[0.566s] -- Up-to-date symlink: /home/ros2/ros2_ws/install/swiftpro/include/swiftpro/swiftpro/srv/detail/send_gcode__traits.hpp
[0.566s] -- Up-to-date symlink: /home/ros2/ros2_ws/install/swiftpro/include/swiftpro/swiftpro/srv/detail/send_gcode__type_support.hpp
[0.566s] -- Up-to-date symlink: /home/ros2/ros2_ws/install/swiftpro/include/swiftpro/swiftpro/srv/send_gcode.hpp
[0.567s] -- Up-to-date symlink: /home/ros2/ros2_ws/install/swiftpro/include/swiftpro/swiftpro/msg/detail/angle4th__rosidl_typesupport_fastrtps_cpp.hpp
[0.567s] -- Up-to-date symlink: /home/ros2/ros2_ws/install/swiftpro/include/swiftpro/swiftpro/msg/detail/position__rosidl_typesupport_fastrtps_cpp.hpp
[0.568s] -- Up-to-date symlink: /home/ros2/ros2_ws/install/swiftpro/include/swiftpro/swiftpro/msg/detail/status__rosidl_typesupport_fastrtps_cpp.hpp
[0.568s] -- Up-to-date symlink: /home/ros2/ros2_ws/install/swiftpro/include/swiftpro/swiftpro/msg/detail/swiftpro_state__rosidl_typesupport_fastrtps_cpp.hpp
[0.568s] -- Up-to-date symlink: /home/ros2/ros2_ws/install/swiftpro/include/swiftpro/swiftpro/msg/rosidl_typesupport_fastrtps_cpp__visibility_control.h
[0.568s] -- Up-to-date symlink: /home/ros2/ros2_ws/install/swiftpro/include/swiftpro/swiftpro/srv/detail/send_gcode__rosidl_typesupport_fastrtps_cpp.hpp
[0.569s] -- Up-to-date symlink: /home/ros2/ros2_ws/install/swiftpro/include/swiftpro/swiftpro/msg/detail/angle4th__rosidl_typesupport_introspection_c.h
[0.569s] -- Up-to-date symlink: /home/ros2/ros2_ws/install/swiftpro/include/swiftpro/swiftpro/msg/detail/position__rosidl_typesupport_introspection_c.h
[0.569s] -- Up-to-date symlink: /home/ros2/ros2_ws/install/swiftpro/include/swiftpro/swiftpro/msg/detail/status__rosidl_typesupport_introspection_c.h
[0.570s] -- Up-to-date symlink: /home/ros2/ros2_ws/install/swiftpro/include/swiftpro/swiftpro/msg/detail/swiftpro_state__rosidl_typesupport_introspection_c.h
[0.570s] -- Up-to-date symlink: /home/ros2/ros2_ws/install/swiftpro/include/swiftpro/swiftpro/msg/rosidl_typesupport_introspection_c__visibility_control.h
[0.570s] -- Up-to-date symlink: /home/ros2/ros2_ws/install/swiftpro/include/swiftpro/swiftpro/srv/detail/send_gcode__rosidl_typesupport_introspection_c.h
[0.570s] -- Up-to-date symlink: /home/ros2/ros2_ws/install/swiftpro/include/swiftpro/swiftpro/msg/detail/angle4th__rosidl_typesupport_introspection_cpp.hpp
[0.571s] -- Up-to-date symlink: /home/ros2/ros2_ws/install/swiftpro/include/swiftpro/swiftpro/msg/detail/position__rosidl_typesupport_introspection_cpp.hpp
[0.571s] -- Up-to-date symlink: /home/ros2/ros2_ws/install/swiftpro/include/swiftpro/swiftpro/msg/detail/status__rosidl_typesupport_introspection_cpp.hpp
[0.571s] -- Up-to-date symlink: /home/ros2/ros2_ws/install/swiftpro/include/swiftpro/swiftpro/msg/detail/swiftpro_state__rosidl_typesupport_introspection_cpp.hpp
[0.572s] -- Up-to-date symlink: /home/ros2/ros2_ws/install/swiftpro/include/swiftpro/swiftpro/srv/detail/send_gcode__rosidl_typesupport_introspection_cpp.hpp
[0.572s] -- Up-to-date symlink: /home/ros2/ros2_ws/install/swiftpro/share/swiftpro/environment/pythonpath.sh
[0.572s] -- Up-to-date symlink: /home/ros2/ros2_ws/install/swiftpro/share/swiftpro/environment/pythonpath.dsv
[0.572s] -- Up-to-date symlink: /home/ros2/ros2_ws/install/swiftpro/lib/python3.12/site-packages/swiftpro-2.0.0-py3.12.egg-info/PKG-INFO
[0.573s] -- Up-to-date symlink: /home/ros2/ros2_ws/install/swiftpro/lib/python3.12/site-packages/swiftpro-2.0.0-py3.12.egg-info/SOURCES.txt
[0.573s] -- Up-to-date symlink: /home/ros2/ros2_ws/install/swiftpro/lib/python3.12/site-packages/swiftpro-2.0.0-py3.12.egg-info/dependency_links.txt
[0.573s] -- Up-to-date symlink: /home/ros2/ros2_ws/install/swiftpro/lib/python3.12/site-packages/swiftpro-2.0.0-py3.12.egg-info/top_level.txt
[0.575s] -- Up-to-date symlink: /home/ros2/ros2_ws/install/swiftpro/lib/python3.12/site-packages/swiftpro/__init__.py
[0.575s] -- Up-to-date symlink: /home/ros2/ros2_ws/install/swiftpro/lib/python3.12/site-packages/swiftpro/_swiftpro_s.ep.rosidl_typesupport_c.c
[0.575s] -- Up-to-date symlink: /home/ros2/ros2_ws/install/swiftpro/lib/python3.12/site-packages/swiftpro/_swiftpro_s.ep.rosidl_typesupport_fastrtps_c.c
[0.576s] -- Up-to-date symlink: /home/ros2/ros2_ws/install/swiftpro/lib/python3.12/site-packages/swiftpro/_swiftpro_s.ep.rosidl_typesupport_introspection_c.c
[0.576s] -- Up-to-date symlink: /home/ros2/ros2_ws/install/swiftpro/lib/python3.12/site-packages/swiftpro/msg/__init__.py
[0.576s] -- Up-to-date symlink: /home/ros2/ros2_ws/install/swiftpro/lib/python3.12/site-packages/swiftpro/msg/_angle4th.py
[0.576s] -- Up-to-date symlink: /home/ros2/ros2_ws/install/swiftpro/lib/python3.12/site-packages/swiftpro/msg/_angle4th_s.c
[0.576s] -- Up-to-date symlink: /home/ros2/ros2_ws/install/swiftpro/lib/python3.12/site-packages/swiftpro/msg/_position.py
[0.577s] -- Up-to-date symlink: /home/ros2/ros2_ws/install/swiftpro/lib/python3.12/site-packages/swiftpro/msg/_position_s.c
[0.577s] -- Up-to-date symlink: /home/ros2/ros2_ws/install/swiftpro/lib/python3.12/site-packages/swiftpro/msg/_status.py
[0.577s] -- Up-to-date symlink: /home/ros2/ros2_ws/install/swiftpro/lib/python3.12/site-packages/swiftpro/msg/_status_s.c
[0.578s] -- Up-to-date symlink: /home/ros2/ros2_ws/install/swiftpro/lib/python3.12/site-packages/swiftpro/msg/_swiftpro_state.py
[0.578s] -- Up-to-date symlink: /home/ros2/ros2_ws/install/swiftpro/lib/python3.12/site-packages/swiftpro/msg/_swiftpro_state_s.c
[0.578s] -- Up-to-date symlink: /home/ros2/ros2_ws/install/swiftpro/lib/python3.12/site-packages/swiftpro/srv/__init__.py
[0.578s] -- Up-to-date symlink: /home/ros2/ros2_ws/install/swiftpro/lib/python3.12/site-packages/swiftpro/srv/_send_gcode.py
[0.578s] -- Up-to-date symlink: /home/ros2/ros2_ws/install/swiftpro/lib/python3.12/site-packages/swiftpro/srv/_send_gcode_s.c
[0.578s] -- Up-to-date symlink: /home/ros2/ros2_ws/install/swiftpro/lib/python3.12/site-packages/swiftpro/swiftpro_s__rosidl_typesupport_c.so
[0.579s] -- Up-to-date symlink: /home/ros2/ros2_ws/install/swiftpro/lib/python3.12/site-packages/swiftpro/swiftpro_s__rosidl_typesupport_fastrtps_c.so
[0.579s] -- Up-to-date symlink: /home/ros2/ros2_ws/install/swiftpro/lib/python3.12/site-packages/swiftpro/swiftpro_s__rosidl_typesupport_introspection_c.so
[0.579s] -- Up-to-date symlink: /home/ros2/ros2_ws/install/swiftpro/lib/python3.12/site-packages/swiftpro/swiftpro_s__rosidl_typesupport_fastrtps_c.so
[0.579s] -- Up-to-date symlink: /home/ros2/ros2_ws/install/swiftpro/lib/python3.12/site-packages/swiftpro/swiftpro_s__rosidl_typesupport_introspection_c.so
[0.579s] -- Up-to-date symlink: /home/ros2/ros2_ws/install/swiftpro/lib/python3.12/site-packages/swiftpro/swiftpro_s__rosidl_typesupport_c.so
[0.580s] -- Up-to-date symlink: /home/ros2/ros2_ws/install/swiftpro/share/swiftpro/msg/SwiftproState.idl
[0.580s] -- Up-to-date symlink: /home/ros2/ros2_ws/install/swiftpro/share/swiftpro/msg/Position.idl
[0.580s] -- Up-to-date symlink: /home/ros2/ros2_ws/install/swiftpro/share/swiftpro/msg/Angle4th.idl
[0.580s] -- Up-to-date symlink: /home/ros2/ros2_ws/install/swiftpro/share/swiftpro/msg/Status.idl
[0.580s] -- Up-to-date symlink: /home/ros2/ros2_ws/install/swiftpro/share/swiftpro/srv/SendGcode.idl
[0.581s] -- Up-to-date symlink: /home/ros2/ros2_ws/install/swiftpro/share/swiftpro/msg/SwiftproState.msg
[0.581s] -- Up-to-date symlink: /home/ros2/ros2_ws/install/swiftpro/share/swiftpro/msg/Position.msg
[0.581s] -- Up-to-date symlink: /home/ros2/ros2_ws/install/swiftpro/share/swiftpro/msg/Angle4th.msg
[0.582s] -- Up-to-date symlink: /home/ros2/ros2_ws/install/swiftpro/share/swiftpro/msg/Status.msg
[0.582s] -- Up-to-date symlink: /home/ros2/ros2_ws/install/swiftpro/share/swiftpro/srv/SendGcode.srv
[0.582s] -- Up-to-date symlink: /home/ros2/ros2_ws/install/swiftpro/lib/swiftpro/swiftpro_write_node
[0.582s] -- Up-to-date symlink: /home/ros2/ros2_ws/install/swiftpro/lib/swiftpro/swiftpro_read_node
[0.583s] -- Up-to-date symlink: /home/ros2/ros2_ws/install/swiftpro/lib/swiftpro/swiftpro_rviz_node
[0.583s] -- Up-to-date symlink: /home/ros2/ros2_ws/install/swiftpro/share/swiftpro/urdf/pro_links/Base.STL
[0.583s] -- Up-to-date symlink: /home/ros2/ros2_ws/install/swiftpro/share/swiftpro/urdf/pro_links/Gripper.STL
[0.584s] -- Up-to-date symlink: /home/ros2/ros2_ws/install/swiftpro/share/swiftpro/urdf/pro_links/Link1.STL
[0.584s] -- Up-to-date symlink: /home/ros2/ros2_ws/install/swiftpro/share/swiftpro/urdf/pro_links/Link2.STL
[0.584s] -- Up-to-date symlink: /home/ros2/ros2_ws/install/swiftpro/share/swiftpro/urdf/pro_links/Link3.STL
[0.584s] -- Up-to-date symlink: /home/ros2/ros2_ws/install/swiftpro/share/swiftpro/urdf/pro_links/Link4.STL
[0.585s] -- Up-to-date symlink: /home/ros2/ros2_ws/install/swiftpro/share/swiftpro/urdf/pro_links/Link5.STL
[0.585s] -- Up-to-date symlink: /home/ros2/ros2_ws/install/swiftpro/share/swiftpro/urdf/pro_links/Link6.STL
[0.585s] -- Up-to-date symlink: /home/ros2/ros2_ws/install/swiftpro/share/swiftpro/urdf/pro_links/Link7.STL
[0.585s] -- Up-to-date symlink: /home/ros2/ros2_ws/install/swiftpro/share/swiftpro/urdf/pro_links/Link9.STL
[0.586s] -- Up-to-date symlink: /home/ros2/ros2_ws/install/swiftpro/share/swiftpro/urdf/pro_links/Suction.STL
[0.586s] -- Up-to-date symlink: /home/ros2/ros2_ws/install/swiftpro/share/swiftpro/urdf/pro_model.xacro
[0.586s] -- Up-to-date symlink: /home/ros2/ros2_ws/install/swiftpro/share/swiftpro/urdf/swift_links/Base.STL
[0.587s] -- Up-to-date symlink: /home/ros2/ros2_ws/install/swiftpro/share/swiftpro/urdf/swift_links/Gripper.STL
[0.587s] -- Up-to-date symlink: /home/ros2/ros2_ws/install/swiftpro/share/swiftpro/urdf/swift_links/Link1.STL
[0.587s] -- Up-to-date symlink: /home/ros2/ros2_ws/install/swiftpro/share/swiftpro/urdf/swift_links/Link2.STL
[0.588s] -- Up-to-date symlink: /home/ros2/ros2_ws/install/swiftpro/share/swiftpro/urdf/swift_links/Link3.STL
[0.588s] -- Up-to-date symlink: /home/ros2/ros2_ws/install/swiftpro/share/swiftpro/urdf/swift_links/Link4.STL
[0.588s] -- Up-to-date symlink: /home/ros2/ros2_ws/install/swiftpro/share/swiftpro/urdf/swift_links/Link5.STL
[0.588s] -- Up-to-date symlink: /home/ros2/ros2_ws/install/swiftpro/share/swiftpro/urdf/swift_links/Link6.STL
[0.589s] -- Up-to-date symlink: /home/ros2/ros2_ws/install/swiftpro/share/swiftpro/urdf/swift_links/Link7.STL
[0.589s] -- Up-to-date symlink: /home/ros2/ros2_ws/install/swiftpro/share/swiftpro/urdf/swift_links/Link9.STL
[0.590s] -- Up-to-date symlink: /home/ros2/ros2_ws/install/swiftpro/share/swiftpro/urdf/swift_links/Suction.STL
[0.590s] -- Up-to-date symlink: /home/ros2/ros2_ws/install/swiftpro/share/swiftpro/urdf/swift_model.urdf
[0.590s] -- Up-to-date symlink: /home/ros2/ros2_ws/install/swiftpro/share/swiftpro/urdf/swift_model.xacro
[0.590s] -- Up-to-date symlink: /home/ros2/ros2_ws/install/swiftpro/share/ament_index/resource_index/package_run_dependencies/swiftpro
[0.590s] -- Up-to-date symlink: /home/ros2/ros2_ws/install/swiftpro/share/ament_index/resource_index/parent_prefix_path/swiftpro
[0.591s] -- Up-to-date symlink: /home/ros2/ros2_ws/install/swiftpro/share/swiftpro/environment/ament_prefix_path.sh
[0.591s] -- Up-to-date symlink: /home/ros2/ros2_ws/install/swiftpro/share/swiftpro/environment/ament_prefix_path.dsv
[0.591s] -- Up-to-date symlink: /home/ros2/ros2_ws/install/swiftpro/share/swiftpro/environment/path.sh
[0.591s] -- Up-to-date symlink: /home/ros2/ros2_ws/install/swiftpro/share/swiftpro/environment/path.dsv
[0.592s] -- Up-to-date symlink: /home/ros2/ros2_ws/install/swiftpro/share/swiftpro/local_setup.bash
[0.592s] -- Up-to-date symlink: /home/ros2/ros2_ws/install/swiftpro/share/swiftpro/local_setup.sh
[0.592s] -- Up-to-date symlink: /home/ros2/ros2_ws/install/swiftpro/share/swiftpro/local_setup.zsh
[0.592s] -- Up-to-date symlink: /home/ros2/ros2_ws/install/swiftpro/share/swiftpro/local_setup.dsv
[0.592s] -- Symlinking: /home/ros2/ros2_ws/install/swiftpro/share/swiftpro/package.dsv
[0.606s] -- Up-to-date symlink: /home/ros2/ros2_ws/install/swiftpro/share/ament_index/resource_index/packages/swiftpro
[0.606s] -- Up-to-date symlink: /home/ros2/ros2_ws/install/swiftpro/share/swiftpro/cmake/rosidl_cmake-extras.cmake
[0.606s] -- Up-to-date symlink: /home/ros2/ros2_ws/install/swiftpro/share/swiftpro/cmake/ament_cmake_export_dependencies-extras.cmake
[0.606s] -- Up-to-date symlink: /home/ros2/ros2_ws/install/swiftpro/share/swiftpro/cmake/ament_cmake_export_include_directories-extras.cmake
[0.607s] -- Up-to-date symlink: /home/ros2/ros2_ws/install/swiftpro/share/swiftpro/cmake/ament_cmake_export_libraries-extras.cmake
[0.607s] -- Up-to-date symlink: /home/ros2/ros2_ws/install/swiftpro/share/swiftpro/cmake/ament_cmake_export_targets-extras.cmake
[0.607s] -- Up-to-date symlink: /home/ros2/ros2_ws/install/swiftpro/share/swiftpro/cmake/rosidl_cmake_export_typesupport_targets-extras.cmake
[0.607s] -- Up-to-date symlink: /home/ros2/ros2_ws/install/swiftpro/share/swiftpro/cmake/rosidl_cmake_export_typesupport_libraries-extras.cmake
[0.608s] -- Up-to-date symlink: /home/ros2/ros2_ws/install/swiftpro/share/swiftpro/cmake/swiftproConfig.cmake
[0.608s] -- Up-to-date symlink: /home/ros2/ros2_ws/install/swiftpro/share/swiftpro/cmake/swiftproConfig-version.cmake
[0.608s] -- Up-to-date symlink: /home/ros2/ros2_ws/install/swiftpro/share/swiftpro/package.xml
[0.608s] -- Up-to-date: /home/ros2/ros2_ws/install/swiftpro/lib/libswiftpro__rosidl_generator_c.so
[0.609s] -- Up-to-date: /home/ros2/ros2_ws/install/swiftpro/lib/libswiftpro__rosidl_typesupport_fastrtps_c.so
[0.610s] -- Up-to-date: /home/ros2/ros2_ws/install/swiftpro/lib/libswiftpro__rosidl_typesupport_fastrtps_cpp.so
[0.610s] -- Up-to-date: /home/ros2/ros2_ws/install/swiftpro/lib/libswiftpro__rosidl_typesupport_introspection_c.so
[0.611s] -- Up-to-date: /home/ros2/ros2_ws/install/swiftpro/lib/libswiftpro__rosidl_typesupport_c.so
[0.611s] -- Up-to-date: /home/ros2/ros2_ws/install/swiftpro/lib/libswiftpro__rosidl_typesupport_introspection_cpp.so
[0.612s] -- Up-to-date: /home/ros2/ros2_ws/install/swiftpro/lib/libswiftpro__rosidl_typesupport_cpp.so
[0.652s] Listing '/home/ros2/ros2_ws/install/swiftpro/lib/python3.12/site-packages/swiftpro'...
[0.652s] Listing '/home/ros2/ros2_ws/install/swiftpro/lib/python3.12/site-packages/swiftpro/msg'...
[0.652s] Listing '/home/ros2/ros2_ws/install/swiftpro/lib/python3.12/site-packages/swiftpro/srv'...
[0.659s] -- Up-to-date: /home/ros2/ros2_ws/install/swiftpro/lib/libswiftpro__rosidl_generator_py.so
[0.659s] -- Up-to-date: /home/ros2/ros2_ws/install/swiftpro/share/swiftpro/launch
[0.659s] -- Installing: /home/ros2/ros2_ws/install/swiftpro/share/swiftpro/launch/pro_control.launch.py
[0.660s] -- Up-to-date: /home/ros2/ros2_ws/install/swiftpro/share/swiftpro/launch/__pycache__
[0.660s] -- Up-to-date: /home/ros2/ros2_ws/install/swiftpro/share/swiftpro/cmake/export_swiftpro__rosidl_generator_cExport.cmake
[0.660s] -- Up-to-date: /home/ros2/ros2_ws/install/swiftpro/share/swiftpro/cmake/export_swiftpro__rosidl_generator_cExport-noconfig.cmake
[0.660s] -- Up-to-date: /home/ros2/ros2_ws/install/swiftpro/share/swiftpro/cmake/export_swiftpro__rosidl_typesupport_fastrtps_cExport.cmake
[0.661s] -- Up-to-date: /home/ros2/ros2_ws/install/swiftpro/share/swiftpro/cmake/export_swiftpro__rosidl_typesupport_fastrtps_cExport-noconfig.cmake
[0.661s] -- Up-to-date: /home/ros2/ros2_ws/install/swiftpro/share/swiftpro/cmake/export_swiftpro__rosidl_generator_cppExport.cmake
[0.661s] -- Up-to-date: /home/ros2/ros2_ws/install/swiftpro/share/swiftpro/cmake/export_swiftpro__rosidl_typesupport_fastrtps_cppExport.cmake
[0.661s] -- Up-to-date: /home/ros2/ros2_ws/install/swiftpro/share/swiftpro/cmake/export_swiftpro__rosidl_typesupport_fastrtps_cppExport-noconfig.cmake
[0.661s] -- Up-to-date: /home/ros2/ros2_ws/install/swiftpro/share/swiftpro/cmake/swiftpro__rosidl_typesupport_introspection_cExport.cmake
[0.662s] -- Up-to-date: /home/ros2/ros2_ws/install/swiftpro/share/swiftpro/cmake/swiftpro__rosidl_typesupport_introspection_cExport-noconfig.cmake
[0.662s] -- Up-to-date: /home/ros2/ros2_ws/install/swiftpro/share/swiftpro/cmake/swiftpro__rosidl_typesupport_cExport.cmake
[0.662s] -- Up-to-date: /home/ros2/ros2_ws/install/swiftpro/share/swiftpro/cmake/swiftpro__rosidl_typesupport_cExport-noconfig.cmake
[0.662s] -- Up-to-date: /home/ros2/ros2_ws/install/swiftpro/share/swiftpro/cmake/swiftpro__rosidl_typesupport_introspection_cppExport.cmake
[0.663s] -- Up-to-date: /home/ros2/ros2_ws/install/swiftpro/share/swiftpro/cmake/swiftpro__rosidl_typesupport_introspection_cppExport-noconfig.cmake
[0.663s] -- Up-to-date: /home/ros2/ros2_ws/install/swiftpro/share/swiftpro/cmake/swiftpro__rosidl_typesupport_cppExport.cmake
[0.663s] -- Up-to-date: /home/ros2/ros2_ws/install/swiftpro/share/swiftpro/cmake/swiftpro__rosidl_typesupport_cppExport-noconfig.cmake
[0.663s] -- Up-to-date: /home/ros2/ros2_ws/install/swiftpro/share/swiftpro/cmake/export_swiftpro__rosidl_generator_pyExport.cmake
[0.663s] -- Up-to-date: /home/ros2/ros2_ws/install/swiftpro/share/swiftpro/cmake/export_swiftpro__rosidl_generator_pyExport-noconfig.cmake
[0.666s] Invoked command in '/home/ros2/ros2_ws/build/swiftpro' returned '0': CMAKE_PREFIX_PATH=/opt/ros/jazzy /usr/bin/cmake --install /home/ros2/ros2_ws/build/swiftpro
