[0.475s] DEBUG:colcon:Command line arguments: ['/home/ros2/.local/bin/colcon', 'build', '--symlink-install', '--packages-select', 'uarm_apriltag_demo']
[0.475s] DEBUG:colcon:Parsed command line arguments: Namespace(log_base=None, log_level=None, verb_name='build', build_base='build', install_base='install', merge_install=False, symlink_install=True, test_result_base=None, continue_on_error=False, executor='parallel', parallel_workers=12, event_handlers=None, ignore_user_meta=False, metas=['./colcon.meta'], base_paths=['.'], packages_ignore=None, packages_ignore_regex=None, paths=None, packages_up_to=None, packages_up_to_regex=None, packages_above=None, packages_above_and_dependencies=None, packages_above_depth=None, packages_select_by_dep=None, packages_skip_by_dep=None, packages_skip_up_to=None, packages_select_build_failed=False, packages_skip_build_finished=False, packages_select_test_failures=False, packages_skip_test_passed=False, packages_select=['uarm_apriltag_demo'], packages_skip=None, packages_select_regex=None, packages_skip_regex=None, packages_start=None, packages_end=None, cmake_args=None, cmake_target=None, cmake_target_skip_unavailable=False, cmake_clean_cache=False, cmake_clean_first=False, cmake_force_configure=False, ament_cmake_args=None, catkin_cmake_args=None, catkin_skip_building_tests=False, verb_parser=<colcon_defaults.argument_parser.defaults.DefaultArgumentsDecorator object at 0x7cbbc9140680>, verb_extension=<colcon_core.verb.build.BuildVerb object at 0x7cbbc9140140>, main=<bound method BuildVerb.main of <colcon_core.verb.build.BuildVerb object at 0x7cbbc9140140>>)
[0.569s] Level 1:colcon.colcon_core.package_discovery:discover_packages(colcon_meta) check parameters
[0.570s] Level 1:colcon.colcon_core.package_discovery:discover_packages(recursive) check parameters
[0.570s] Level 1:colcon.colcon_core.package_discovery:discover_packages(ignore) check parameters
[0.570s] Level 1:colcon.colcon_core.package_discovery:discover_packages(path) check parameters
[0.570s] Level 1:colcon.colcon_core.package_discovery:discover_packages(colcon_meta) discover
[0.570s] Level 1:colcon.colcon_core.package_discovery:discover_packages(recursive) discover
[0.570s] INFO:colcon.colcon_core.package_discovery:Crawling recursively for packages in '/home/ros2/ros2_ws'
[0.570s] Level 1:colcon.colcon_core.package_identification:_identify(.) by extensions ['ignore', 'ignore_ament_install']
[0.570s] Level 1:colcon.colcon_core.package_identification:_identify(.) by extension 'ignore'
[0.570s] Level 1:colcon.colcon_core.package_identification:_identify(.) by extension 'ignore_ament_install'
[0.570s] Level 1:colcon.colcon_core.package_identification:_identify(.) by extensions ['colcon_pkg']
[0.570s] Level 1:colcon.colcon_core.package_identification:_identify(.) by extension 'colcon_pkg'
[0.571s] Level 1:colcon.colcon_core.package_identification:_identify(.) by extensions ['colcon_meta']
[0.571s] Level 1:colcon.colcon_core.package_identification:_identify(.) by extension 'colcon_meta'
[0.571s] Level 1:colcon.colcon_core.package_identification:_identify(.) by extensions ['ros']
[0.571s] Level 1:colcon.colcon_core.package_identification:_identify(.) by extension 'ros'
[0.729s] Level 1:colcon.colcon_core.package_identification:_identify(.) by extensions ['cmake', 'python']
[0.729s] Level 1:colcon.colcon_core.package_identification:_identify(.) by extension 'cmake'
[0.729s] Level 1:colcon.colcon_core.package_identification:_identify(.) by extension 'python'
[0.729s] Level 1:colcon.colcon_core.package_identification:_identify(.) by extensions ['python_setup_py']
[0.729s] Level 1:colcon.colcon_core.package_identification:_identify(.) by extension 'python_setup_py'
[0.729s] Level 1:colcon.colcon_core.package_identification:_identify(build) by extensions ['ignore', 'ignore_ament_install']
[0.729s] Level 1:colcon.colcon_core.package_identification:_identify(build) by extension 'ignore'
[0.730s] Level 1:colcon.colcon_core.package_identification:_identify(build) ignored
[0.730s] Level 1:colcon.colcon_core.package_identification:_identify(docker) by extensions ['ignore', 'ignore_ament_install']
[0.730s] Level 1:colcon.colcon_core.package_identification:_identify(docker) by extension 'ignore'
[0.730s] Level 1:colcon.colcon_core.package_identification:_identify(docker) by extension 'ignore_ament_install'
[0.730s] Level 1:colcon.colcon_core.package_identification:_identify(docker) by extensions ['colcon_pkg']
[0.730s] Level 1:colcon.colcon_core.package_identification:_identify(docker) by extension 'colcon_pkg'
[0.730s] Level 1:colcon.colcon_core.package_identification:_identify(docker) by extensions ['colcon_meta']
[0.730s] Level 1:colcon.colcon_core.package_identification:_identify(docker) by extension 'colcon_meta'
[0.730s] Level 1:colcon.colcon_core.package_identification:_identify(docker) by extensions ['ros']
[0.730s] Level 1:colcon.colcon_core.package_identification:_identify(docker) by extension 'ros'
[0.730s] Level 1:colcon.colcon_core.package_identification:_identify(docker) by extensions ['cmake', 'python']
[0.730s] Level 1:colcon.colcon_core.package_identification:_identify(docker) by extension 'cmake'
[0.731s] Level 1:colcon.colcon_core.package_identification:_identify(docker) by extension 'python'
[0.731s] Level 1:colcon.colcon_core.package_identification:_identify(docker) by extensions ['python_setup_py']
[0.731s] Level 1:colcon.colcon_core.package_identification:_identify(docker) by extension 'python_setup_py'
[0.731s] Level 1:colcon.colcon_core.package_identification:_identify(install) by extensions ['ignore', 'ignore_ament_install']
[0.731s] Level 1:colcon.colcon_core.package_identification:_identify(install) by extension 'ignore'
[0.731s] Level 1:colcon.colcon_core.package_identification:_identify(install) ignored
[0.731s] Level 1:colcon.colcon_core.package_identification:_identify(log) by extensions ['ignore', 'ignore_ament_install']
[0.731s] Level 1:colcon.colcon_core.package_identification:_identify(log) by extension 'ignore'
[0.731s] Level 1:colcon.colcon_core.package_identification:_identify(log) ignored
[0.731s] Level 1:colcon.colcon_core.package_identification:_identify(src) by extensions ['ignore', 'ignore_ament_install']
[0.732s] Level 1:colcon.colcon_core.package_identification:_identify(src) by extension 'ignore'
[0.732s] Level 1:colcon.colcon_core.package_identification:_identify(src) by extension 'ignore_ament_install'
[0.732s] Level 1:colcon.colcon_core.package_identification:_identify(src) by extensions ['colcon_pkg']
[0.732s] Level 1:colcon.colcon_core.package_identification:_identify(src) by extension 'colcon_pkg'
[0.732s] Level 1:colcon.colcon_core.package_identification:_identify(src) by extensions ['colcon_meta']
[0.732s] Level 1:colcon.colcon_core.package_identification:_identify(src) by extension 'colcon_meta'
[0.732s] Level 1:colcon.colcon_core.package_identification:_identify(src) by extensions ['ros']
[0.732s] Level 1:colcon.colcon_core.package_identification:_identify(src) by extension 'ros'
[0.732s] Level 1:colcon.colcon_core.package_identification:_identify(src) by extensions ['cmake', 'python']
[0.732s] Level 1:colcon.colcon_core.package_identification:_identify(src) by extension 'cmake'
[0.732s] Level 1:colcon.colcon_core.package_identification:_identify(src) by extension 'python'
[0.732s] Level 1:colcon.colcon_core.package_identification:_identify(src) by extensions ['python_setup_py']
[0.732s] Level 1:colcon.colcon_core.package_identification:_identify(src) by extension 'python_setup_py'
[0.733s] Level 1:colcon.colcon_core.package_identification:_identify(src/apriltag_launcher) by extensions ['ignore', 'ignore_ament_install']
[0.733s] Level 1:colcon.colcon_core.package_identification:_identify(src/apriltag_launcher) by extension 'ignore'
[0.733s] Level 1:colcon.colcon_core.package_identification:_identify(src/apriltag_launcher) by extension 'ignore_ament_install'
[0.733s] Level 1:colcon.colcon_core.package_identification:_identify(src/apriltag_launcher) by extensions ['colcon_pkg']
[0.733s] Level 1:colcon.colcon_core.package_identification:_identify(src/apriltag_launcher) by extension 'colcon_pkg'
[0.733s] Level 1:colcon.colcon_core.package_identification:_identify(src/apriltag_launcher) by extensions ['colcon_meta']
[0.733s] Level 1:colcon.colcon_core.package_identification:_identify(src/apriltag_launcher) by extension 'colcon_meta'
[0.733s] Level 1:colcon.colcon_core.package_identification:_identify(src/apriltag_launcher) by extensions ['ros']
[0.733s] Level 1:colcon.colcon_core.package_identification:_identify(src/apriltag_launcher) by extension 'ros'
[0.738s] DEBUG:colcon.colcon_core.package_identification:Package 'src/apriltag_launcher' with type 'ros.ament_cmake' and name 'apriltag_launcher'
[0.738s] Level 1:colcon.colcon_core.package_identification:_identify(src/apriltag_ros) by extensions ['ignore', 'ignore_ament_install']
[0.738s] Level 1:colcon.colcon_core.package_identification:_identify(src/apriltag_ros) by extension 'ignore'
[0.738s] Level 1:colcon.colcon_core.package_identification:_identify(src/apriltag_ros) by extension 'ignore_ament_install'
[0.739s] Level 1:colcon.colcon_core.package_identification:_identify(src/apriltag_ros) by extensions ['colcon_pkg']
[0.739s] Level 1:colcon.colcon_core.package_identification:_identify(src/apriltag_ros) by extension 'colcon_pkg'
[0.739s] Level 1:colcon.colcon_core.package_identification:_identify(src/apriltag_ros) by extensions ['colcon_meta']
[0.739s] Level 1:colcon.colcon_core.package_identification:_identify(src/apriltag_ros) by extension 'colcon_meta'
[0.739s] Level 1:colcon.colcon_core.package_identification:_identify(src/apriltag_ros) by extensions ['ros']
[0.739s] Level 1:colcon.colcon_core.package_identification:_identify(src/apriltag_ros) by extension 'ros'
[0.745s] DEBUG:colcon.colcon_core.package_identification:Package 'src/apriltag_ros' with type 'ros.ament_cmake' and name 'apriltag_ros'
[0.745s] Level 1:colcon.colcon_core.package_identification:_identify(src/uarm_apriltag_demo) by extensions ['ignore', 'ignore_ament_install']
[0.745s] Level 1:colcon.colcon_core.package_identification:_identify(src/uarm_apriltag_demo) by extension 'ignore'
[0.745s] Level 1:colcon.colcon_core.package_identification:_identify(src/uarm_apriltag_demo) by extension 'ignore_ament_install'
[0.745s] Level 1:colcon.colcon_core.package_identification:_identify(src/uarm_apriltag_demo) by extensions ['colcon_pkg']
[0.745s] Level 1:colcon.colcon_core.package_identification:_identify(src/uarm_apriltag_demo) by extension 'colcon_pkg'
[0.745s] Level 1:colcon.colcon_core.package_identification:_identify(src/uarm_apriltag_demo) by extensions ['colcon_meta']
[0.745s] Level 1:colcon.colcon_core.package_identification:_identify(src/uarm_apriltag_demo) by extension 'colcon_meta'
[0.746s] Level 1:colcon.colcon_core.package_identification:_identify(src/uarm_apriltag_demo) by extensions ['ros']
[0.746s] Level 1:colcon.colcon_core.package_identification:_identify(src/uarm_apriltag_demo) by extension 'ros'
[0.747s] DEBUG:colcon.colcon_core.package_identification:Package 'src/uarm_apriltag_demo' with type 'ros.ament_python' and name 'uarm_apriltag_demo'
[0.747s] Level 1:colcon.colcon_core.package_identification:_identify(src/uarm_driver) by extensions ['ignore', 'ignore_ament_install']
[0.747s] Level 1:colcon.colcon_core.package_identification:_identify(src/uarm_driver) by extension 'ignore'
[0.747s] Level 1:colcon.colcon_core.package_identification:_identify(src/uarm_driver) by extension 'ignore_ament_install'
[0.748s] Level 1:colcon.colcon_core.package_identification:_identify(src/uarm_driver) by extensions ['colcon_pkg']
[0.748s] Level 1:colcon.colcon_core.package_identification:_identify(src/uarm_driver) by extension 'colcon_pkg'
[0.748s] Level 1:colcon.colcon_core.package_identification:_identify(src/uarm_driver) by extensions ['colcon_meta']
[0.748s] Level 1:colcon.colcon_core.package_identification:_identify(src/uarm_driver) by extension 'colcon_meta'
[0.748s] Level 1:colcon.colcon_core.package_identification:_identify(src/uarm_driver) by extensions ['ros']
[0.748s] Level 1:colcon.colcon_core.package_identification:_identify(src/uarm_driver) by extension 'ros'
[0.748s] Level 1:colcon.colcon_core.package_identification:_identify(src/uarm_driver) by extensions ['cmake', 'python']
[0.748s] Level 1:colcon.colcon_core.package_identification:_identify(src/uarm_driver) by extension 'cmake'
[0.748s] Level 1:colcon.colcon_core.package_identification:_identify(src/uarm_driver) by extension 'python'
[0.748s] Level 1:colcon.colcon_core.package_identification:_identify(src/uarm_driver) by extensions ['python_setup_py']
[0.748s] Level 1:colcon.colcon_core.package_identification:_identify(src/uarm_driver) by extension 'python_setup_py'
[0.749s] Level 1:colcon.colcon_core.package_identification:_identify(src/uarm_driver/swiftpro) by extensions ['ignore', 'ignore_ament_install']
[0.749s] Level 1:colcon.colcon_core.package_identification:_identify(src/uarm_driver/swiftpro) by extension 'ignore'
[0.749s] Level 1:colcon.colcon_core.package_identification:_identify(src/uarm_driver/swiftpro) by extension 'ignore_ament_install'
[0.749s] Level 1:colcon.colcon_core.package_identification:_identify(src/uarm_driver/swiftpro) by extensions ['colcon_pkg']
[0.749s] Level 1:colcon.colcon_core.package_identification:_identify(src/uarm_driver/swiftpro) by extension 'colcon_pkg'
[0.749s] Level 1:colcon.colcon_core.package_identification:_identify(src/uarm_driver/swiftpro) by extensions ['colcon_meta']
[0.749s] Level 1:colcon.colcon_core.package_identification:_identify(src/uarm_driver/swiftpro) by extension 'colcon_meta'
[0.749s] Level 1:colcon.colcon_core.package_identification:_identify(src/uarm_driver/swiftpro) by extensions ['ros']
[0.749s] Level 1:colcon.colcon_core.package_identification:_identify(src/uarm_driver/swiftpro) by extension 'ros'
[0.751s] DEBUG:colcon.colcon_core.package_identification:Package 'src/uarm_driver/swiftpro' with type 'ros.ament_cmake' and name 'swiftpro'
[0.751s] Level 1:colcon.colcon_core.package_identification:_identify(src/uarm_interfaces) by extensions ['ignore', 'ignore_ament_install']
[0.751s] Level 1:colcon.colcon_core.package_identification:_identify(src/uarm_interfaces) by extension 'ignore'
[0.751s] Level 1:colcon.colcon_core.package_identification:_identify(src/uarm_interfaces) by extension 'ignore_ament_install'
[0.752s] Level 1:colcon.colcon_core.package_identification:_identify(src/uarm_interfaces) by extensions ['colcon_pkg']
[0.752s] Level 1:colcon.colcon_core.package_identification:_identify(src/uarm_interfaces) by extension 'colcon_pkg'
[0.752s] Level 1:colcon.colcon_core.package_identification:_identify(src/uarm_interfaces) by extensions ['colcon_meta']
[0.752s] Level 1:colcon.colcon_core.package_identification:_identify(src/uarm_interfaces) by extension 'colcon_meta'
[0.752s] Level 1:colcon.colcon_core.package_identification:_identify(src/uarm_interfaces) by extensions ['ros']
[0.752s] Level 1:colcon.colcon_core.package_identification:_identify(src/uarm_interfaces) by extension 'ros'
[0.753s] DEBUG:colcon.colcon_core.package_identification:Package 'src/uarm_interfaces' with type 'ros.ament_cmake' and name 'uarm_interfaces'
[0.753s] Level 1:colcon.colcon_core.package_discovery:discover_packages(recursive) using defaults
[0.754s] Level 1:colcon.colcon_core.package_discovery:discover_packages(ignore) discover
[0.754s] Level 1:colcon.colcon_core.package_discovery:discover_packages(ignore) using defaults
[0.754s] Level 1:colcon.colcon_core.package_discovery:discover_packages(path) discover
[0.754s] Level 1:colcon.colcon_core.package_discovery:discover_packages(path) using defaults
[0.798s] INFO:colcon.colcon_core.package_selection:Skipping not selected package 'apriltag_ros' in 'src/apriltag_ros'
[0.798s] INFO:colcon.colcon_core.package_selection:Skipping not selected package 'swiftpro' in 'src/uarm_driver/swiftpro'
[0.798s] INFO:colcon.colcon_core.package_selection:Skipping not selected package 'uarm_interfaces' in 'src/uarm_interfaces'
[0.798s] INFO:colcon.colcon_core.package_selection:Skipping not selected package 'apriltag_launcher' in 'src/apriltag_launcher'
[0.799s] Level 5:colcon.colcon_core.verb:set package 'uarm_apriltag_demo' build argument 'cmake_args' from command line to 'None'
[0.799s] Level 5:colcon.colcon_core.verb:set package 'uarm_apriltag_demo' build argument 'cmake_target' from command line to 'None'
[0.799s] Level 5:colcon.colcon_core.verb:set package 'uarm_apriltag_demo' build argument 'cmake_target_skip_unavailable' from command line to 'False'
[0.799s] Level 5:colcon.colcon_core.verb:set package 'uarm_apriltag_demo' build argument 'cmake_clean_cache' from command line to 'False'
[0.799s] Level 5:colcon.colcon_core.verb:set package 'uarm_apriltag_demo' build argument 'cmake_clean_first' from command line to 'False'
[0.799s] Level 5:colcon.colcon_core.verb:set package 'uarm_apriltag_demo' build argument 'cmake_force_configure' from command line to 'False'
[0.799s] Level 5:colcon.colcon_core.verb:set package 'uarm_apriltag_demo' build argument 'ament_cmake_args' from command line to 'None'
[0.799s] Level 5:colcon.colcon_core.verb:set package 'uarm_apriltag_demo' build argument 'catkin_cmake_args' from command line to 'None'
[0.799s] Level 5:colcon.colcon_core.verb:set package 'uarm_apriltag_demo' build argument 'catkin_skip_building_tests' from command line to 'False'
[0.799s] DEBUG:colcon.colcon_core.verb:Building package 'uarm_apriltag_demo' with the following arguments: {'ament_cmake_args': None, 'build_base': '/home/ros2/ros2_ws/build/uarm_apriltag_demo', 'catkin_cmake_args': None, 'catkin_skip_building_tests': False, 'cmake_args': None, 'cmake_clean_cache': False, 'cmake_clean_first': False, 'cmake_force_configure': False, 'cmake_target': None, 'cmake_target_skip_unavailable': False, 'install_base': '/home/ros2/ros2_ws/install/uarm_apriltag_demo', 'merge_install': False, 'path': '/home/ros2/ros2_ws/src/uarm_apriltag_demo', 'symlink_install': True, 'test_result_base': None}
[0.799s] INFO:colcon.colcon_core.executor:Executing jobs using 'parallel' executor
[0.801s] DEBUG:colcon.colcon_parallel_executor.executor.parallel:run_until_complete
[0.801s] INFO:colcon.colcon_ros.task.ament_python.build:Building ROS package in '/home/ros2/ros2_ws/src/uarm_apriltag_demo' with build type 'ament_python'
[0.802s] Level 1:colcon.colcon_core.shell:create_environment_hook('uarm_apriltag_demo', 'ament_prefix_path')
[0.809s] INFO:colcon.colcon_core.plugin_system:Skipping extension 'colcon_core.shell.bat': Not used on non-Windows systems
[0.810s] INFO:colcon.colcon_core.shell:Creating environment hook '/home/ros2/ros2_ws/install/uarm_apriltag_demo/share/uarm_apriltag_demo/hook/ament_prefix_path.ps1'
[0.811s] INFO:colcon.colcon_core.shell:Creating environment descriptor '/home/ros2/ros2_ws/install/uarm_apriltag_demo/share/uarm_apriltag_demo/hook/ament_prefix_path.dsv'
[0.812s] INFO:colcon.colcon_core.shell:Creating environment hook '/home/ros2/ros2_ws/install/uarm_apriltag_demo/share/uarm_apriltag_demo/hook/ament_prefix_path.sh'
[0.813s] INFO:colcon.colcon_core.shell:Skip shell extension 'powershell' for command environment: Not usable outside of PowerShell
[0.813s] DEBUG:colcon.colcon_core.shell:Skip shell extension 'dsv' for command environment
[1.692s] INFO:colcon.colcon_core.task.python.build:Building Python package in '/home/ros2/ros2_ws/src/uarm_apriltag_demo'
[1.693s] INFO:colcon.colcon_core.shell:Skip shell extension 'powershell' for command environment: Not usable outside of PowerShell
[1.693s] DEBUG:colcon.colcon_core.shell:Skip shell extension 'dsv' for command environment
[3.597s] DEBUG:colcon.colcon_core.event_handler.log_command:Invoking command in '/home/ros2/ros2_ws/build/uarm_apriltag_demo': AMENT_PREFIX_PATH=/home/ros2/ros2_ws/install/uarm_interfaces:/home/ros2/ros2_ws/install/swiftpro:${AMENT_PREFIX_PATH} CMAKE_PREFIX_PATH=/home/ros2/ros2_ws/install/uarm_interfaces:/home/ros2/ros2_ws/install/swiftpro LD_LIBRARY_PATH=/home/ros2/ros2_ws/install/uarm_interfaces/lib:/home/ros2/ros2_ws/install/swiftpro/lib:${LD_LIBRARY_PATH} PYTHONPATH=/home/ros2/ros2_ws/build/uarm_apriltag_demo/prefix_override:/home/ros2/.local/lib/python3.12/site-packages/colcon_core/task/python/colcon_distutils_commands:/home/ros2/ros2_ws/install/uarm_apriltag_demo/lib/python3.12/site-packages:/home/ros2/ros2_ws/install/uarm_interfaces/lib/python3.12/site-packages:/home/ros2/ros2_ws/install/swiftpro/lib/python3.12/site-packages:${PYTHONPATH} /usr/bin/python3 -W ignore:setup.py install is deprecated -W ignore:easy_install command is deprecated setup.py develop --editable --build-directory /home/ros2/ros2_ws/build/uarm_apriltag_demo/build --no-deps symlink_data
[4.747s] Level 1:colcon.colcon_core.shell:create_environment_hook('uarm_apriltag_demo', 'pythonpath_develop')
[4.747s] INFO:colcon.colcon_core.shell:Creating environment hook '/home/ros2/ros2_ws/build/uarm_apriltag_demo/share/uarm_apriltag_demo/hook/pythonpath_develop.ps1'
[4.748s] DEBUG:colcon.colcon_core.event_handler.log_command:Invoked command in '/home/ros2/ros2_ws/build/uarm_apriltag_demo' returned '0': AMENT_PREFIX_PATH=/home/ros2/ros2_ws/install/uarm_interfaces:/home/ros2/ros2_ws/install/swiftpro:${AMENT_PREFIX_PATH} CMAKE_PREFIX_PATH=/home/ros2/ros2_ws/install/uarm_interfaces:/home/ros2/ros2_ws/install/swiftpro LD_LIBRARY_PATH=/home/ros2/ros2_ws/install/uarm_interfaces/lib:/home/ros2/ros2_ws/install/swiftpro/lib:${LD_LIBRARY_PATH} PYTHONPATH=/home/ros2/ros2_ws/build/uarm_apriltag_demo/prefix_override:/home/ros2/.local/lib/python3.12/site-packages/colcon_core/task/python/colcon_distutils_commands:/home/ros2/ros2_ws/install/uarm_apriltag_demo/lib/python3.12/site-packages:/home/ros2/ros2_ws/install/uarm_interfaces/lib/python3.12/site-packages:/home/ros2/ros2_ws/install/swiftpro/lib/python3.12/site-packages:${PYTHONPATH} /usr/bin/python3 -W ignore:setup.py install is deprecated -W ignore:easy_install command is deprecated setup.py develop --editable --build-directory /home/ros2/ros2_ws/build/uarm_apriltag_demo/build --no-deps symlink_data
[4.749s] INFO:colcon.colcon_core.shell:Creating environment descriptor '/home/ros2/ros2_ws/build/uarm_apriltag_demo/share/uarm_apriltag_demo/hook/pythonpath_develop.dsv'
[4.750s] INFO:colcon.colcon_core.shell:Creating environment hook '/home/ros2/ros2_ws/build/uarm_apriltag_demo/share/uarm_apriltag_demo/hook/pythonpath_develop.sh'
[4.758s] Level 1:colcon.colcon_core.environment:checking '/home/ros2/ros2_ws/install/uarm_apriltag_demo' for CMake module files
[4.759s] Level 1:colcon.colcon_core.environment:checking '/home/ros2/ros2_ws/install/uarm_apriltag_demo' for CMake config files
[4.760s] Level 1:colcon.colcon_core.environment:checking '/home/ros2/ros2_ws/install/uarm_apriltag_demo/lib'
[4.761s] Level 1:colcon.colcon_core.environment:checking '/home/ros2/ros2_ws/install/uarm_apriltag_demo/bin'
[4.761s] Level 1:colcon.colcon_core.environment:checking '/home/ros2/ros2_ws/install/uarm_apriltag_demo/lib/pkgconfig/uarm_apriltag_demo.pc'
[4.761s] Level 1:colcon.colcon_core.environment:checking '/home/ros2/ros2_ws/install/uarm_apriltag_demo/lib/python3.12/site-packages'
[4.761s] Level 1:colcon.colcon_core.shell:create_environment_hook('uarm_apriltag_demo', 'pythonpath')
[4.761s] INFO:colcon.colcon_core.shell:Creating environment hook '/home/ros2/ros2_ws/install/uarm_apriltag_demo/share/uarm_apriltag_demo/hook/pythonpath.ps1'
[4.762s] INFO:colcon.colcon_core.shell:Creating environment descriptor '/home/ros2/ros2_ws/install/uarm_apriltag_demo/share/uarm_apriltag_demo/hook/pythonpath.dsv'
[4.762s] INFO:colcon.colcon_core.shell:Creating environment hook '/home/ros2/ros2_ws/install/uarm_apriltag_demo/share/uarm_apriltag_demo/hook/pythonpath.sh'
[4.763s] Level 1:colcon.colcon_core.environment:checking '/home/ros2/ros2_ws/install/uarm_apriltag_demo/bin'
[4.763s] Level 1:colcon.colcon_core.environment:create_environment_scripts_only(uarm_apriltag_demo)
[4.764s] INFO:colcon.colcon_core.shell:Creating package script '/home/ros2/ros2_ws/install/uarm_apriltag_demo/share/uarm_apriltag_demo/package.ps1'
[4.766s] INFO:colcon.colcon_core.shell:Creating package descriptor '/home/ros2/ros2_ws/install/uarm_apriltag_demo/share/uarm_apriltag_demo/package.dsv'
[4.768s] INFO:colcon.colcon_core.shell:Creating package script '/home/ros2/ros2_ws/install/uarm_apriltag_demo/share/uarm_apriltag_demo/package.sh'
[4.769s] INFO:colcon.colcon_core.shell:Creating package script '/home/ros2/ros2_ws/install/uarm_apriltag_demo/share/uarm_apriltag_demo/package.bash'
[4.771s] INFO:colcon.colcon_core.shell:Creating package script '/home/ros2/ros2_ws/install/uarm_apriltag_demo/share/uarm_apriltag_demo/package.zsh'
[4.772s] Level 1:colcon.colcon_core.environment:create_file_with_runtime_dependencies(/home/ros2/ros2_ws/install/uarm_apriltag_demo/share/colcon-core/packages/uarm_apriltag_demo)
[4.773s] DEBUG:colcon.colcon_parallel_executor.executor.parallel:closing loop
[4.775s] DEBUG:colcon.colcon_parallel_executor.executor.parallel:loop closed
[4.775s] DEBUG:colcon.colcon_parallel_executor.executor.parallel:run_until_complete finished with '0'
[4.776s] DEBUG:colcon.colcon_core.event_reactor:joining thread
[4.863s] INFO:colcon.colcon_core.plugin_system:Skipping extension 'colcon_notification.desktop_notification.notify_send': Could not find 'notify-send'
[4.864s] INFO:colcon.colcon_core.plugin_system:Skipping extension 'colcon_notification.desktop_notification.terminal_notifier': Not used on non-Darwin systems
[4.864s] INFO:colcon.colcon_core.plugin_system:Skipping extension 'colcon_notification.desktop_notification.win32': Not used on non-Windows systems
[4.864s] INFO:colcon.colcon_notification.desktop_notification:Sending desktop notification using 'notify2'
[4.866s] DEBUG:colcon.colcon_notification.desktop_notification.notify2:Failed to initialize notify2: org.freedesktop.DBus.Error.ServiceUnknown: The name org.freedesktop.Notifications was not provided by any .service files
[4.866s] DEBUG:colcon.colcon_core.event_reactor:joined thread
[4.867s] INFO:colcon.colcon_core.shell:Creating prefix script '/home/ros2/ros2_ws/install/local_setup.ps1'
[4.868s] INFO:colcon.colcon_core.shell:Creating prefix util module '/home/ros2/ros2_ws/install/_local_setup_util_ps1.py'
[4.870s] INFO:colcon.colcon_core.shell:Creating prefix chain script '/home/ros2/ros2_ws/install/setup.ps1'
[4.872s] INFO:colcon.colcon_core.shell:Creating prefix script '/home/ros2/ros2_ws/install/local_setup.sh'
[4.873s] INFO:colcon.colcon_core.shell:Creating prefix util module '/home/ros2/ros2_ws/install/_local_setup_util_sh.py'
[4.874s] INFO:colcon.colcon_core.shell:Creating prefix chain script '/home/ros2/ros2_ws/install/setup.sh'
[4.875s] INFO:colcon.colcon_core.shell:Creating prefix script '/home/ros2/ros2_ws/install/local_setup.bash'
[4.876s] INFO:colcon.colcon_core.shell:Creating prefix chain script '/home/ros2/ros2_ws/install/setup.bash'
[4.877s] INFO:colcon.colcon_core.shell:Creating prefix script '/home/ros2/ros2_ws/install/local_setup.zsh'
[4.878s] INFO:colcon.colcon_core.shell:Creating prefix chain script '/home/ros2/ros2_ws/install/setup.zsh'
