[0.310s] DEBUG:colcon:Command line arguments: ['/home/ros2/.local/bin/colcon', 'build', '--symlink-install']
[0.310s] DEBUG:colcon:Parsed command line arguments: Namespace(log_base=None, log_level=None, verb_name='build', build_base='build', install_base='install', merge_install=False, symlink_install=True, test_result_base=None, continue_on_error=False, executor='parallel', parallel_workers=12, event_handlers=None, ignore_user_meta=False, metas=['./colcon.meta'], base_paths=['.'], packages_ignore=None, packages_ignore_regex=None, paths=None, packages_up_to=None, packages_up_to_regex=None, packages_above=None, packages_above_and_dependencies=None, packages_above_depth=None, packages_select_by_dep=None, packages_skip_by_dep=None, packages_skip_up_to=None, packages_select_build_failed=False, packages_skip_build_finished=False, packages_select_test_failures=False, packages_skip_test_passed=False, packages_select=None, packages_skip=None, packages_select_regex=None, packages_skip_regex=None, packages_start=None, packages_end=None, cmake_args=None, cmake_target=None, cmake_target_skip_unavailable=False, cmake_clean_cache=False, cmake_clean_first=False, cmake_force_configure=False, ament_cmake_args=None, catkin_cmake_args=None, catkin_skip_building_tests=False, verb_parser=<colcon_defaults.argument_parser.defaults.DefaultArgumentsDecorator object at 0x768cdad04740>, verb_extension=<colcon_core.verb.build.BuildVerb object at 0x768cdad04320>, main=<bound method BuildVerb.main of <colcon_core.verb.build.BuildVerb object at 0x768cdad04320>>)
[0.358s] Level 1:colcon.colcon_core.package_discovery:discover_packages(colcon_meta) check parameters
[0.358s] Level 1:colcon.colcon_core.package_discovery:discover_packages(recursive) check parameters
[0.358s] Level 1:colcon.colcon_core.package_discovery:discover_packages(ignore) check parameters
[0.358s] Level 1:colcon.colcon_core.package_discovery:discover_packages(path) check parameters
[0.358s] Level 1:colcon.colcon_core.package_discovery:discover_packages(colcon_meta) discover
[0.358s] Level 1:colcon.colcon_core.package_discovery:discover_packages(recursive) discover
[0.359s] INFO:colcon.colcon_core.package_discovery:Crawling recursively for packages in '/home/ros2/ros2_ws'
[0.359s] Level 1:colcon.colcon_core.package_identification:_identify(.) by extensions ['ignore', 'ignore_ament_install']
[0.359s] Level 1:colcon.colcon_core.package_identification:_identify(.) by extension 'ignore'
[0.359s] Level 1:colcon.colcon_core.package_identification:_identify(.) by extension 'ignore_ament_install'
[0.359s] Level 1:colcon.colcon_core.package_identification:_identify(.) by extensions ['colcon_pkg']
[0.359s] Level 1:colcon.colcon_core.package_identification:_identify(.) by extension 'colcon_pkg'
[0.359s] Level 1:colcon.colcon_core.package_identification:_identify(.) by extensions ['colcon_meta']
[0.359s] Level 1:colcon.colcon_core.package_identification:_identify(.) by extension 'colcon_meta'
[0.359s] Level 1:colcon.colcon_core.package_identification:_identify(.) by extensions ['ros']
[0.359s] Level 1:colcon.colcon_core.package_identification:_identify(.) by extension 'ros'
[0.392s] Level 1:colcon.colcon_core.package_identification:_identify(.) by extensions ['cmake', 'python']
[0.392s] Level 1:colcon.colcon_core.package_identification:_identify(.) by extension 'cmake'
[0.392s] Level 1:colcon.colcon_core.package_identification:_identify(.) by extension 'python'
[0.392s] Level 1:colcon.colcon_core.package_identification:_identify(.) by extensions ['python_setup_py']
[0.392s] Level 1:colcon.colcon_core.package_identification:_identify(.) by extension 'python_setup_py'
[0.393s] Level 1:colcon.colcon_core.package_identification:_identify(build) by extensions ['ignore', 'ignore_ament_install']
[0.393s] Level 1:colcon.colcon_core.package_identification:_identify(build) by extension 'ignore'
[0.393s] Level 1:colcon.colcon_core.package_identification:_identify(build) ignored
[0.393s] Level 1:colcon.colcon_core.package_identification:_identify(install) by extensions ['ignore', 'ignore_ament_install']
[0.393s] Level 1:colcon.colcon_core.package_identification:_identify(install) by extension 'ignore'
[0.393s] Level 1:colcon.colcon_core.package_identification:_identify(install) ignored
[0.393s] Level 1:colcon.colcon_core.package_identification:_identify(log) by extensions ['ignore', 'ignore_ament_install']
[0.393s] Level 1:colcon.colcon_core.package_identification:_identify(log) by extension 'ignore'
[0.393s] Level 1:colcon.colcon_core.package_identification:_identify(log) ignored
[0.393s] Level 1:colcon.colcon_core.package_identification:_identify(src) by extensions ['ignore', 'ignore_ament_install']
[0.393s] Level 1:colcon.colcon_core.package_identification:_identify(src) by extension 'ignore'
[0.394s] Level 1:colcon.colcon_core.package_identification:_identify(src) by extension 'ignore_ament_install'
[0.394s] Level 1:colcon.colcon_core.package_identification:_identify(src) by extensions ['colcon_pkg']
[0.394s] Level 1:colcon.colcon_core.package_identification:_identify(src) by extension 'colcon_pkg'
[0.394s] Level 1:colcon.colcon_core.package_identification:_identify(src) by extensions ['colcon_meta']
[0.394s] Level 1:colcon.colcon_core.package_identification:_identify(src) by extension 'colcon_meta'
[0.394s] Level 1:colcon.colcon_core.package_identification:_identify(src) by extensions ['ros']
[0.394s] Level 1:colcon.colcon_core.package_identification:_identify(src) by extension 'ros'
[0.394s] Level 1:colcon.colcon_core.package_identification:_identify(src) by extensions ['cmake', 'python']
[0.394s] Level 1:colcon.colcon_core.package_identification:_identify(src) by extension 'cmake'
[0.394s] Level 1:colcon.colcon_core.package_identification:_identify(src) by extension 'python'
[0.394s] Level 1:colcon.colcon_core.package_identification:_identify(src) by extensions ['python_setup_py']
[0.394s] Level 1:colcon.colcon_core.package_identification:_identify(src) by extension 'python_setup_py'
[0.394s] Level 1:colcon.colcon_core.package_identification:_identify(src/apriltag_launcher) by extensions ['ignore', 'ignore_ament_install']
[0.394s] Level 1:colcon.colcon_core.package_identification:_identify(src/apriltag_launcher) by extension 'ignore'
[0.395s] Level 1:colcon.colcon_core.package_identification:_identify(src/apriltag_launcher) by extension 'ignore_ament_install'
[0.395s] Level 1:colcon.colcon_core.package_identification:_identify(src/apriltag_launcher) by extensions ['colcon_pkg']
[0.395s] Level 1:colcon.colcon_core.package_identification:_identify(src/apriltag_launcher) by extension 'colcon_pkg'
[0.395s] Level 1:colcon.colcon_core.package_identification:_identify(src/apriltag_launcher) by extensions ['colcon_meta']
[0.395s] Level 1:colcon.colcon_core.package_identification:_identify(src/apriltag_launcher) by extension 'colcon_meta'
[0.395s] Level 1:colcon.colcon_core.package_identification:_identify(src/apriltag_launcher) by extensions ['ros']
[0.395s] Level 1:colcon.colcon_core.package_identification:_identify(src/apriltag_launcher) by extension 'ros'
[0.399s] DEBUG:colcon.colcon_core.package_identification:Package 'src/apriltag_launcher' with type 'ros.ament_cmake' and name 'apriltag_launcher'
[0.399s] Level 1:colcon.colcon_core.package_identification:_identify(src/apriltag_ros) by extensions ['ignore', 'ignore_ament_install']
[0.399s] Level 1:colcon.colcon_core.package_identification:_identify(src/apriltag_ros) by extension 'ignore'
[0.399s] Level 1:colcon.colcon_core.package_identification:_identify(src/apriltag_ros) by extension 'ignore_ament_install'
[0.399s] Level 1:colcon.colcon_core.package_identification:_identify(src/apriltag_ros) by extensions ['colcon_pkg']
[0.399s] Level 1:colcon.colcon_core.package_identification:_identify(src/apriltag_ros) by extension 'colcon_pkg'
[0.399s] Level 1:colcon.colcon_core.package_identification:_identify(src/apriltag_ros) by extensions ['colcon_meta']
[0.399s] Level 1:colcon.colcon_core.package_identification:_identify(src/apriltag_ros) by extension 'colcon_meta'
[0.399s] Level 1:colcon.colcon_core.package_identification:_identify(src/apriltag_ros) by extensions ['ros']
[0.399s] Level 1:colcon.colcon_core.package_identification:_identify(src/apriltag_ros) by extension 'ros'
[0.405s] DEBUG:colcon.colcon_core.package_identification:Package 'src/apriltag_ros' with type 'ros.ament_cmake' and name 'apriltag_ros'
[0.405s] Level 1:colcon.colcon_core.package_identification:_identify(src/uarm_driver) by extensions ['ignore', 'ignore_ament_install']
[0.405s] Level 1:colcon.colcon_core.package_identification:_identify(src/uarm_driver) by extension 'ignore'
[0.405s] Level 1:colcon.colcon_core.package_identification:_identify(src/uarm_driver) by extension 'ignore_ament_install'
[0.405s] Level 1:colcon.colcon_core.package_identification:_identify(src/uarm_driver) by extensions ['colcon_pkg']
[0.405s] Level 1:colcon.colcon_core.package_identification:_identify(src/uarm_driver) by extension 'colcon_pkg'
[0.405s] Level 1:colcon.colcon_core.package_identification:_identify(src/uarm_driver) by extensions ['colcon_meta']
[0.405s] Level 1:colcon.colcon_core.package_identification:_identify(src/uarm_driver) by extension 'colcon_meta'
[0.406s] Level 1:colcon.colcon_core.package_identification:_identify(src/uarm_driver) by extensions ['ros']
[0.406s] Level 1:colcon.colcon_core.package_identification:_identify(src/uarm_driver) by extension 'ros'
[0.406s] Level 1:colcon.colcon_core.package_identification:_identify(src/uarm_driver) by extensions ['cmake', 'python']
[0.406s] Level 1:colcon.colcon_core.package_identification:_identify(src/uarm_driver) by extension 'cmake'
[0.406s] Level 1:colcon.colcon_core.package_identification:_identify(src/uarm_driver) by extension 'python'
[0.406s] Level 1:colcon.colcon_core.package_identification:_identify(src/uarm_driver) by extensions ['python_setup_py']
[0.406s] Level 1:colcon.colcon_core.package_identification:_identify(src/uarm_driver) by extension 'python_setup_py'
[0.406s] Level 1:colcon.colcon_core.package_identification:_identify(src/uarm_driver/swiftpro) by extensions ['ignore', 'ignore_ament_install']
[0.406s] Level 1:colcon.colcon_core.package_identification:_identify(src/uarm_driver/swiftpro) by extension 'ignore'
[0.406s] Level 1:colcon.colcon_core.package_identification:_identify(src/uarm_driver/swiftpro) by extension 'ignore_ament_install'
[0.406s] Level 1:colcon.colcon_core.package_identification:_identify(src/uarm_driver/swiftpro) by extensions ['colcon_pkg']
[0.406s] Level 1:colcon.colcon_core.package_identification:_identify(src/uarm_driver/swiftpro) by extension 'colcon_pkg'
[0.406s] Level 1:colcon.colcon_core.package_identification:_identify(src/uarm_driver/swiftpro) by extensions ['colcon_meta']
[0.406s] Level 1:colcon.colcon_core.package_identification:_identify(src/uarm_driver/swiftpro) by extension 'colcon_meta'
[0.406s] Level 1:colcon.colcon_core.package_identification:_identify(src/uarm_driver/swiftpro) by extensions ['ros']
[0.406s] Level 1:colcon.colcon_core.package_identification:_identify(src/uarm_driver/swiftpro) by extension 'ros'
[0.408s] DEBUG:colcon.colcon_core.package_identification:Package 'src/uarm_driver/swiftpro' with type 'ros.ament_cmake' and name 'swiftpro'
[0.408s] Level 1:colcon.colcon_core.package_discovery:discover_packages(recursive) using defaults
[0.408s] Level 1:colcon.colcon_core.package_discovery:discover_packages(ignore) discover
[0.408s] Level 1:colcon.colcon_core.package_discovery:discover_packages(ignore) using defaults
[0.408s] Level 1:colcon.colcon_core.package_discovery:discover_packages(path) discover
[0.408s] Level 1:colcon.colcon_core.package_discovery:discover_packages(path) using defaults
[0.432s] Level 5:colcon.colcon_core.verb:set package 'apriltag_ros' build argument 'cmake_args' from command line to 'None'
[0.432s] Level 5:colcon.colcon_core.verb:set package 'apriltag_ros' build argument 'cmake_target' from command line to 'None'
[0.432s] Level 5:colcon.colcon_core.verb:set package 'apriltag_ros' build argument 'cmake_target_skip_unavailable' from command line to 'False'
[0.433s] Level 5:colcon.colcon_core.verb:set package 'apriltag_ros' build argument 'cmake_clean_cache' from command line to 'False'
[0.433s] Level 5:colcon.colcon_core.verb:set package 'apriltag_ros' build argument 'cmake_clean_first' from command line to 'False'
[0.433s] Level 5:colcon.colcon_core.verb:set package 'apriltag_ros' build argument 'cmake_force_configure' from command line to 'False'
[0.433s] Level 5:colcon.colcon_core.verb:set package 'apriltag_ros' build argument 'ament_cmake_args' from command line to 'None'
[0.433s] Level 5:colcon.colcon_core.verb:set package 'apriltag_ros' build argument 'catkin_cmake_args' from command line to 'None'
[0.433s] Level 5:colcon.colcon_core.verb:set package 'apriltag_ros' build argument 'catkin_skip_building_tests' from command line to 'False'
[0.433s] DEBUG:colcon.colcon_core.verb:Building package 'apriltag_ros' with the following arguments: {'ament_cmake_args': None, 'build_base': '/home/ros2/ros2_ws/build/apriltag_ros', 'catkin_cmake_args': None, 'catkin_skip_building_tests': False, 'cmake_args': None, 'cmake_clean_cache': False, 'cmake_clean_first': False, 'cmake_force_configure': False, 'cmake_target': None, 'cmake_target_skip_unavailable': False, 'install_base': '/home/ros2/ros2_ws/install/apriltag_ros', 'merge_install': False, 'path': '/home/ros2/ros2_ws/src/apriltag_ros', 'symlink_install': True, 'test_result_base': None}
[0.433s] Level 5:colcon.colcon_core.verb:set package 'swiftpro' build argument 'cmake_args' from command line to 'None'
[0.433s] Level 5:colcon.colcon_core.verb:set package 'swiftpro' build argument 'cmake_target' from command line to 'None'
[0.433s] Level 5:colcon.colcon_core.verb:set package 'swiftpro' build argument 'cmake_target_skip_unavailable' from command line to 'False'
[0.433s] Level 5:colcon.colcon_core.verb:set package 'swiftpro' build argument 'cmake_clean_cache' from command line to 'False'
[0.433s] Level 5:colcon.colcon_core.verb:set package 'swiftpro' build argument 'cmake_clean_first' from command line to 'False'
[0.433s] Level 5:colcon.colcon_core.verb:set package 'swiftpro' build argument 'cmake_force_configure' from command line to 'False'
[0.433s] Level 5:colcon.colcon_core.verb:set package 'swiftpro' build argument 'ament_cmake_args' from command line to 'None'
[0.433s] Level 5:colcon.colcon_core.verb:set package 'swiftpro' build argument 'catkin_cmake_args' from command line to 'None'
[0.433s] Level 5:colcon.colcon_core.verb:set package 'swiftpro' build argument 'catkin_skip_building_tests' from command line to 'False'
[0.433s] DEBUG:colcon.colcon_core.verb:Building package 'swiftpro' with the following arguments: {'ament_cmake_args': None, 'build_base': '/home/ros2/ros2_ws/build/swiftpro', 'catkin_cmake_args': None, 'catkin_skip_building_tests': False, 'cmake_args': None, 'cmake_clean_cache': False, 'cmake_clean_first': False, 'cmake_force_configure': False, 'cmake_target': None, 'cmake_target_skip_unavailable': False, 'install_base': '/home/ros2/ros2_ws/install/swiftpro', 'merge_install': False, 'path': '/home/ros2/ros2_ws/src/uarm_driver/swiftpro', 'symlink_install': True, 'test_result_base': None}
[0.434s] Level 5:colcon.colcon_core.verb:set package 'apriltag_launcher' build argument 'cmake_args' from command line to 'None'
[0.434s] Level 5:colcon.colcon_core.verb:set package 'apriltag_launcher' build argument 'cmake_target' from command line to 'None'
[0.434s] Level 5:colcon.colcon_core.verb:set package 'apriltag_launcher' build argument 'cmake_target_skip_unavailable' from command line to 'False'
[0.434s] Level 5:colcon.colcon_core.verb:set package 'apriltag_launcher' build argument 'cmake_clean_cache' from command line to 'False'
[0.434s] Level 5:colcon.colcon_core.verb:set package 'apriltag_launcher' build argument 'cmake_clean_first' from command line to 'False'
[0.434s] Level 5:colcon.colcon_core.verb:set package 'apriltag_launcher' build argument 'cmake_force_configure' from command line to 'False'
[0.434s] Level 5:colcon.colcon_core.verb:set package 'apriltag_launcher' build argument 'ament_cmake_args' from command line to 'None'
[0.434s] Level 5:colcon.colcon_core.verb:set package 'apriltag_launcher' build argument 'catkin_cmake_args' from command line to 'None'
[0.434s] Level 5:colcon.colcon_core.verb:set package 'apriltag_launcher' build argument 'catkin_skip_building_tests' from command line to 'False'
[0.434s] DEBUG:colcon.colcon_core.verb:Building package 'apriltag_launcher' with the following arguments: {'ament_cmake_args': None, 'build_base': '/home/ros2/ros2_ws/build/apriltag_launcher', 'catkin_cmake_args': None, 'catkin_skip_building_tests': False, 'cmake_args': None, 'cmake_clean_cache': False, 'cmake_clean_first': False, 'cmake_force_configure': False, 'cmake_target': None, 'cmake_target_skip_unavailable': False, 'install_base': '/home/ros2/ros2_ws/install/apriltag_launcher', 'merge_install': False, 'path': '/home/ros2/ros2_ws/src/apriltag_launcher', 'symlink_install': True, 'test_result_base': None}
[0.434s] INFO:colcon.colcon_core.executor:Executing jobs using 'parallel' executor
[0.435s] DEBUG:colcon.colcon_parallel_executor.executor.parallel:run_until_complete
[0.435s] INFO:colcon.colcon_ros.task.ament_cmake.build:Building ROS package in '/home/ros2/ros2_ws/src/apriltag_ros' with build type 'ament_cmake'
[0.436s] INFO:colcon.colcon_cmake.task.cmake.build:Building CMake package in '/home/ros2/ros2_ws/src/apriltag_ros'
[0.439s] INFO:colcon.colcon_core.plugin_system:Skipping extension 'colcon_core.shell.bat': Not used on non-Windows systems
[0.439s] INFO:colcon.colcon_core.shell:Skip shell extension 'powershell' for command environment: Not usable outside of PowerShell
[0.439s] DEBUG:colcon.colcon_core.shell:Skip shell extension 'dsv' for command environment
[0.440s] WARNING:colcon.colcon_ros.prefix_path.ament:The path '/home/ros2/ros2_ws/install/swiftpro' in the environment variable AMENT_PREFIX_PATH doesn't exist
[0.440s] WARNING:colcon.colcon_ros.prefix_path.catkin:The path '/home/ros2/ros2_ws/install/swiftpro' in the environment variable CMAKE_PREFIX_PATH doesn't exist
[0.444s] INFO:colcon.colcon_ros.task.ament_cmake.build:Building ROS package in '/home/ros2/ros2_ws/src/uarm_driver/swiftpro' with build type 'ament_cmake'
[0.444s] INFO:colcon.colcon_cmake.task.cmake.build:Building CMake package in '/home/ros2/ros2_ws/src/uarm_driver/swiftpro'
[0.445s] INFO:colcon.colcon_core.shell:Skip shell extension 'powershell' for command environment: Not usable outside of PowerShell
[0.445s] DEBUG:colcon.colcon_core.shell:Skip shell extension 'dsv' for command environment
[0.456s] DEBUG:colcon.colcon_core.event_handler.log_command:Invoking command in '/home/ros2/ros2_ws/build/apriltag_ros': CMAKE_PREFIX_PATH=${CMAKE_PREFIX_PATH}:/opt/ros/jazzy /usr/bin/cmake --build /home/ros2/ros2_ws/build/apriltag_ros -- -j12 -l12
[0.465s] DEBUG:colcon.colcon_core.event_handler.log_command:Invoking command in '/home/ros2/ros2_ws/build/swiftpro': CMAKE_PREFIX_PATH=${CMAKE_PREFIX_PATH}:/opt/ros/jazzy /usr/bin/cmake /home/ros2/ros2_ws/src/uarm_driver/swiftpro -DAMENT_CMAKE_SYMLINK_INSTALL=1 -DCMAKE_INSTALL_PREFIX=/home/ros2/ros2_ws/install/swiftpro
[0.691s] DEBUG:colcon.colcon_core.event_handler.log_command:Invoked command in '/home/ros2/ros2_ws/build/apriltag_ros' returned '0': CMAKE_PREFIX_PATH=${CMAKE_PREFIX_PATH}:/opt/ros/jazzy /usr/bin/cmake --build /home/ros2/ros2_ws/build/apriltag_ros -- -j12 -l12
[0.709s] DEBUG:colcon.colcon_core.event_handler.log_command:Invoking command in '/home/ros2/ros2_ws/build/apriltag_ros': CMAKE_PREFIX_PATH=${CMAKE_PREFIX_PATH}:/opt/ros/jazzy /usr/bin/cmake --install /home/ros2/ros2_ws/build/apriltag_ros
[0.748s] Level 1:colcon.colcon_core.environment:create_environment_scripts_only(apriltag_ros)
[0.749s] DEBUG:colcon.colcon_core.event_handler.log_command:Invoked command in '/home/ros2/ros2_ws/build/apriltag_ros' returned '0': CMAKE_PREFIX_PATH=${CMAKE_PREFIX_PATH}:/opt/ros/jazzy /usr/bin/cmake --install /home/ros2/ros2_ws/build/apriltag_ros
[0.752s] Level 1:colcon.colcon_core.environment:checking '/home/ros2/ros2_ws/install/apriltag_ros' for CMake module files
[0.753s] Level 1:colcon.colcon_core.environment:checking '/home/ros2/ros2_ws/install/apriltag_ros' for CMake config files
[0.753s] Level 1:colcon.colcon_core.shell:create_environment_hook('apriltag_ros', 'cmake_prefix_path')
[0.753s] INFO:colcon.colcon_core.shell:Creating environment hook '/home/ros2/ros2_ws/install/apriltag_ros/share/apriltag_ros/hook/cmake_prefix_path.ps1'
[0.754s] INFO:colcon.colcon_core.shell:Creating environment descriptor '/home/ros2/ros2_ws/install/apriltag_ros/share/apriltag_ros/hook/cmake_prefix_path.dsv'
[0.755s] INFO:colcon.colcon_core.shell:Creating environment hook '/home/ros2/ros2_ws/install/apriltag_ros/share/apriltag_ros/hook/cmake_prefix_path.sh'
[0.756s] Level 1:colcon.colcon_core.environment:checking '/home/ros2/ros2_ws/install/apriltag_ros/lib'
[0.756s] Level 1:colcon.colcon_core.shell:create_environment_hook('apriltag_ros', 'ld_library_path_lib')
[0.757s] INFO:colcon.colcon_core.shell:Creating environment hook '/home/ros2/ros2_ws/install/apriltag_ros/share/apriltag_ros/hook/ld_library_path_lib.ps1'
[0.757s] INFO:colcon.colcon_core.shell:Creating environment descriptor '/home/ros2/ros2_ws/install/apriltag_ros/share/apriltag_ros/hook/ld_library_path_lib.dsv'
[0.758s] INFO:colcon.colcon_core.shell:Creating environment hook '/home/ros2/ros2_ws/install/apriltag_ros/share/apriltag_ros/hook/ld_library_path_lib.sh'
[0.758s] Level 1:colcon.colcon_core.environment:checking '/home/ros2/ros2_ws/install/apriltag_ros/bin'
[0.758s] Level 1:colcon.colcon_core.environment:checking '/home/ros2/ros2_ws/install/apriltag_ros/lib/pkgconfig/apriltag_ros.pc'
[0.761s] Level 1:colcon.colcon_core.environment:checking '/home/ros2/ros2_ws/install/apriltag_ros/lib/python3.12/site-packages'
[0.762s] Level 1:colcon.colcon_core.environment:checking '/home/ros2/ros2_ws/install/apriltag_ros/bin'
[0.762s] INFO:colcon.colcon_core.shell:Creating package script '/home/ros2/ros2_ws/install/apriltag_ros/share/apriltag_ros/package.ps1'
[0.764s] INFO:colcon.colcon_core.shell:Creating package descriptor '/home/ros2/ros2_ws/install/apriltag_ros/share/apriltag_ros/package.dsv'
[0.765s] INFO:colcon.colcon_core.shell:Creating package script '/home/ros2/ros2_ws/install/apriltag_ros/share/apriltag_ros/package.sh'
[0.766s] INFO:colcon.colcon_core.shell:Creating package script '/home/ros2/ros2_ws/install/apriltag_ros/share/apriltag_ros/package.bash'
[0.768s] INFO:colcon.colcon_core.shell:Creating package script '/home/ros2/ros2_ws/install/apriltag_ros/share/apriltag_ros/package.zsh'
[0.769s] Level 1:colcon.colcon_core.environment:create_file_with_runtime_dependencies(/home/ros2/ros2_ws/install/apriltag_ros/share/colcon-core/packages/apriltag_ros)
[0.770s] Level 1:colcon.colcon_core.environment:create_environment_scripts_only(apriltag_ros)
[0.770s] Level 1:colcon.colcon_core.environment:checking '/home/ros2/ros2_ws/install/apriltag_ros' for CMake module files
[0.771s] Level 1:colcon.colcon_core.environment:checking '/home/ros2/ros2_ws/install/apriltag_ros' for CMake config files
[0.771s] Level 1:colcon.colcon_core.shell:create_environment_hook('apriltag_ros', 'cmake_prefix_path')
[0.771s] INFO:colcon.colcon_core.shell:Creating environment hook '/home/ros2/ros2_ws/install/apriltag_ros/share/apriltag_ros/hook/cmake_prefix_path.ps1'
[0.772s] INFO:colcon.colcon_core.shell:Creating environment descriptor '/home/ros2/ros2_ws/install/apriltag_ros/share/apriltag_ros/hook/cmake_prefix_path.dsv'
[0.772s] INFO:colcon.colcon_core.shell:Creating environment hook '/home/ros2/ros2_ws/install/apriltag_ros/share/apriltag_ros/hook/cmake_prefix_path.sh'
[0.773s] Level 1:colcon.colcon_core.environment:checking '/home/ros2/ros2_ws/install/apriltag_ros/lib'
[0.773s] Level 1:colcon.colcon_core.shell:create_environment_hook('apriltag_ros', 'ld_library_path_lib')
[0.773s] INFO:colcon.colcon_core.shell:Creating environment hook '/home/ros2/ros2_ws/install/apriltag_ros/share/apriltag_ros/hook/ld_library_path_lib.ps1'
[0.774s] INFO:colcon.colcon_core.shell:Creating environment descriptor '/home/ros2/ros2_ws/install/apriltag_ros/share/apriltag_ros/hook/ld_library_path_lib.dsv'
[0.774s] INFO:colcon.colcon_core.shell:Creating environment hook '/home/ros2/ros2_ws/install/apriltag_ros/share/apriltag_ros/hook/ld_library_path_lib.sh'
[0.775s] Level 1:colcon.colcon_core.environment:checking '/home/ros2/ros2_ws/install/apriltag_ros/bin'
[0.775s] Level 1:colcon.colcon_core.environment:checking '/home/ros2/ros2_ws/install/apriltag_ros/lib/pkgconfig/apriltag_ros.pc'
[0.775s] Level 1:colcon.colcon_core.environment:checking '/home/ros2/ros2_ws/install/apriltag_ros/lib/python3.12/site-packages'
[0.776s] Level 1:colcon.colcon_core.environment:checking '/home/ros2/ros2_ws/install/apriltag_ros/bin'
[0.776s] INFO:colcon.colcon_core.shell:Creating package script '/home/ros2/ros2_ws/install/apriltag_ros/share/apriltag_ros/package.ps1'
[0.777s] INFO:colcon.colcon_core.shell:Creating package descriptor '/home/ros2/ros2_ws/install/apriltag_ros/share/apriltag_ros/package.dsv'
[0.778s] INFO:colcon.colcon_core.shell:Creating package script '/home/ros2/ros2_ws/install/apriltag_ros/share/apriltag_ros/package.sh'
[0.779s] INFO:colcon.colcon_core.shell:Creating package script '/home/ros2/ros2_ws/install/apriltag_ros/share/apriltag_ros/package.bash'
[0.780s] INFO:colcon.colcon_core.shell:Creating package script '/home/ros2/ros2_ws/install/apriltag_ros/share/apriltag_ros/package.zsh'
[0.780s] Level 1:colcon.colcon_core.environment:create_file_with_runtime_dependencies(/home/ros2/ros2_ws/install/apriltag_ros/share/colcon-core/packages/apriltag_ros)
[0.781s] INFO:colcon.colcon_ros.task.ament_cmake.build:Building ROS package in '/home/ros2/ros2_ws/src/apriltag_launcher' with build type 'ament_cmake'
[0.782s] INFO:colcon.colcon_cmake.task.cmake.build:Building CMake package in '/home/ros2/ros2_ws/src/apriltag_launcher'
[0.782s] INFO:colcon.colcon_core.shell:Skip shell extension 'powershell' for command environment: Not usable outside of PowerShell
[0.782s] DEBUG:colcon.colcon_core.shell:Skip shell extension 'dsv' for command environment
[0.940s] DEBUG:colcon.colcon_core.event_handler.log_command:Invoking command in '/home/ros2/ros2_ws/build/apriltag_launcher': CMAKE_PREFIX_PATH=/home/ros2/ros2_ws/install/apriltag_ros:/home/ros2/ros2_ws/install/swiftpro:/home/ros2/ros2_ws/install/apriltag_launcher:/opt/ros/jazzy LD_LIBRARY_PATH=/home/ros2/ros2_ws/install/apriltag_ros/lib:/home/ros2/ros2_ws/install/swiftpro/lib:/opt/ros/jazzy/lib/x86_64-linux-gnu:/opt/ros/jazzy/lib /usr/bin/cmake --build /home/ros2/ros2_ws/build/apriltag_launcher -- -j12 -l12
[1.009s] DEBUG:colcon.colcon_core.event_handler.log_command:Invoked command in '/home/ros2/ros2_ws/build/apriltag_launcher' returned '0': CMAKE_PREFIX_PATH=/home/ros2/ros2_ws/install/apriltag_ros:/home/ros2/ros2_ws/install/swiftpro:/home/ros2/ros2_ws/install/apriltag_launcher:/opt/ros/jazzy LD_LIBRARY_PATH=/home/ros2/ros2_ws/install/apriltag_ros/lib:/home/ros2/ros2_ws/install/swiftpro/lib:/opt/ros/jazzy/lib/x86_64-linux-gnu:/opt/ros/jazzy/lib /usr/bin/cmake --build /home/ros2/ros2_ws/build/apriltag_launcher -- -j12 -l12
[1.010s] DEBUG:colcon.colcon_core.event_handler.log_command:Invoking command in '/home/ros2/ros2_ws/build/apriltag_launcher': CMAKE_PREFIX_PATH=/home/ros2/ros2_ws/install/apriltag_ros:/home/ros2/ros2_ws/install/swiftpro:/home/ros2/ros2_ws/install/apriltag_launcher:/opt/ros/jazzy LD_LIBRARY_PATH=/home/ros2/ros2_ws/install/apriltag_ros/lib:/home/ros2/ros2_ws/install/swiftpro/lib:/opt/ros/jazzy/lib/x86_64-linux-gnu:/opt/ros/jazzy/lib /usr/bin/cmake --install /home/ros2/ros2_ws/build/apriltag_launcher
[1.047s] Level 1:colcon.colcon_core.environment:create_environment_scripts_only(apriltag_launcher)
[1.048s] DEBUG:colcon.colcon_core.event_handler.log_command:Invoked command in '/home/ros2/ros2_ws/build/apriltag_launcher' returned '0': CMAKE_PREFIX_PATH=/home/ros2/ros2_ws/install/apriltag_ros:/home/ros2/ros2_ws/install/swiftpro:/home/ros2/ros2_ws/install/apriltag_launcher:/opt/ros/jazzy LD_LIBRARY_PATH=/home/ros2/ros2_ws/install/apriltag_ros/lib:/home/ros2/ros2_ws/install/swiftpro/lib:/opt/ros/jazzy/lib/x86_64-linux-gnu:/opt/ros/jazzy/lib /usr/bin/cmake --install /home/ros2/ros2_ws/build/apriltag_launcher
[1.048s] Level 1:colcon.colcon_core.environment:checking '/home/ros2/ros2_ws/install/apriltag_launcher' for CMake module files
[1.049s] Level 1:colcon.colcon_core.environment:checking '/home/ros2/ros2_ws/install/apriltag_launcher' for CMake config files
[1.050s] Level 1:colcon.colcon_core.shell:create_environment_hook('apriltag_launcher', 'cmake_prefix_path')
[1.050s] INFO:colcon.colcon_core.shell:Creating environment hook '/home/ros2/ros2_ws/install/apriltag_launcher/share/apriltag_launcher/hook/cmake_prefix_path.ps1'
[1.051s] INFO:colcon.colcon_core.shell:Creating environment descriptor '/home/ros2/ros2_ws/install/apriltag_launcher/share/apriltag_launcher/hook/cmake_prefix_path.dsv'
[1.051s] INFO:colcon.colcon_core.shell:Creating environment hook '/home/ros2/ros2_ws/install/apriltag_launcher/share/apriltag_launcher/hook/cmake_prefix_path.sh'
[1.052s] Level 1:colcon.colcon_core.environment:checking '/home/ros2/ros2_ws/install/apriltag_launcher/bin'
[1.052s] Level 1:colcon.colcon_core.environment:checking '/home/ros2/ros2_ws/install/apriltag_launcher/lib/pkgconfig/apriltag_launcher.pc'
[1.052s] Level 1:colcon.colcon_core.environment:checking '/home/ros2/ros2_ws/install/apriltag_launcher/lib/python3.12/site-packages'
[1.052s] Level 1:colcon.colcon_core.environment:checking '/home/ros2/ros2_ws/install/apriltag_launcher/bin'
[1.053s] INFO:colcon.colcon_core.shell:Creating package script '/home/ros2/ros2_ws/install/apriltag_launcher/share/apriltag_launcher/package.ps1'
[1.053s] INFO:colcon.colcon_core.shell:Creating package descriptor '/home/ros2/ros2_ws/install/apriltag_launcher/share/apriltag_launcher/package.dsv'
[1.054s] INFO:colcon.colcon_core.shell:Creating package script '/home/ros2/ros2_ws/install/apriltag_launcher/share/apriltag_launcher/package.sh'
[1.054s] INFO:colcon.colcon_core.shell:Creating package script '/home/ros2/ros2_ws/install/apriltag_launcher/share/apriltag_launcher/package.bash'
[1.055s] INFO:colcon.colcon_core.shell:Creating package script '/home/ros2/ros2_ws/install/apriltag_launcher/share/apriltag_launcher/package.zsh'
[1.055s] Level 1:colcon.colcon_core.environment:create_file_with_runtime_dependencies(/home/ros2/ros2_ws/install/apriltag_launcher/share/colcon-core/packages/apriltag_launcher)
[1.056s] Level 1:colcon.colcon_core.environment:create_environment_scripts_only(apriltag_launcher)
[1.056s] Level 1:colcon.colcon_core.environment:checking '/home/ros2/ros2_ws/install/apriltag_launcher' for CMake module files
[1.056s] Level 1:colcon.colcon_core.environment:checking '/home/ros2/ros2_ws/install/apriltag_launcher' for CMake config files
[1.057s] Level 1:colcon.colcon_core.shell:create_environment_hook('apriltag_launcher', 'cmake_prefix_path')
[1.057s] INFO:colcon.colcon_core.shell:Creating environment hook '/home/ros2/ros2_ws/install/apriltag_launcher/share/apriltag_launcher/hook/cmake_prefix_path.ps1'
[1.057s] INFO:colcon.colcon_core.shell:Creating environment descriptor '/home/ros2/ros2_ws/install/apriltag_launcher/share/apriltag_launcher/hook/cmake_prefix_path.dsv'
[1.058s] INFO:colcon.colcon_core.shell:Creating environment hook '/home/ros2/ros2_ws/install/apriltag_launcher/share/apriltag_launcher/hook/cmake_prefix_path.sh'
[1.058s] Level 1:colcon.colcon_core.environment:checking '/home/ros2/ros2_ws/install/apriltag_launcher/bin'
[1.058s] Level 1:colcon.colcon_core.environment:checking '/home/ros2/ros2_ws/install/apriltag_launcher/lib/pkgconfig/apriltag_launcher.pc'
[1.059s] Level 1:colcon.colcon_core.environment:checking '/home/ros2/ros2_ws/install/apriltag_launcher/lib/python3.12/site-packages'
[1.059s] Level 1:colcon.colcon_core.environment:checking '/home/ros2/ros2_ws/install/apriltag_launcher/bin'
[1.059s] INFO:colcon.colcon_core.shell:Creating package script '/home/ros2/ros2_ws/install/apriltag_launcher/share/apriltag_launcher/package.ps1'
[1.060s] INFO:colcon.colcon_core.shell:Creating package descriptor '/home/ros2/ros2_ws/install/apriltag_launcher/share/apriltag_launcher/package.dsv'
[1.061s] INFO:colcon.colcon_core.shell:Creating package script '/home/ros2/ros2_ws/install/apriltag_launcher/share/apriltag_launcher/package.sh'
[1.062s] INFO:colcon.colcon_core.shell:Creating package script '/home/ros2/ros2_ws/install/apriltag_launcher/share/apriltag_launcher/package.bash'
[1.062s] INFO:colcon.colcon_core.shell:Creating package script '/home/ros2/ros2_ws/install/apriltag_launcher/share/apriltag_launcher/package.zsh'
[1.063s] Level 1:colcon.colcon_core.environment:create_file_with_runtime_dependencies(/home/ros2/ros2_ws/install/apriltag_launcher/share/colcon-core/packages/apriltag_launcher)
[9.724s] DEBUG:colcon.colcon_core.event_handler.log_command:Invoked command in '/home/ros2/ros2_ws/build/swiftpro' returned '0': CMAKE_PREFIX_PATH=${CMAKE_PREFIX_PATH}:/opt/ros/jazzy /usr/bin/cmake /home/ros2/ros2_ws/src/uarm_driver/swiftpro -DAMENT_CMAKE_SYMLINK_INSTALL=1 -DCMAKE_INSTALL_PREFIX=/home/ros2/ros2_ws/install/swiftpro
[9.726s] DEBUG:colcon.colcon_core.event_handler.log_command:Invoking command in '/home/ros2/ros2_ws/build/swiftpro': CMAKE_PREFIX_PATH=${CMAKE_PREFIX_PATH}:/opt/ros/jazzy /usr/bin/cmake --build /home/ros2/ros2_ws/build/swiftpro -- -j12 -l12
[40.404s] DEBUG:colcon.colcon_core.event_handler.log_command:Invoked command in '/home/ros2/ros2_ws/build/swiftpro' returned '0': CMAKE_PREFIX_PATH=${CMAKE_PREFIX_PATH}:/opt/ros/jazzy /usr/bin/cmake --build /home/ros2/ros2_ws/build/swiftpro -- -j12 -l12
[40.407s] DEBUG:colcon.colcon_core.event_handler.log_command:Invoking command in '/home/ros2/ros2_ws/build/swiftpro': CMAKE_PREFIX_PATH=${CMAKE_PREFIX_PATH}:/opt/ros/jazzy /usr/bin/cmake --install /home/ros2/ros2_ws/build/swiftpro
[43.299s] Level 1:colcon.colcon_core.environment:create_environment_scripts_only(swiftpro)
[43.300s] Level 1:colcon.colcon_core.environment:checking '/home/ros2/ros2_ws/install/swiftpro' for CMake module files
[43.300s] DEBUG:colcon.colcon_core.event_handler.log_command:Invoked command in '/home/ros2/ros2_ws/build/swiftpro' returned '0': CMAKE_PREFIX_PATH=${CMAKE_PREFIX_PATH}:/opt/ros/jazzy /usr/bin/cmake --install /home/ros2/ros2_ws/build/swiftpro
[43.301s] Level 1:colcon.colcon_core.environment:checking '/home/ros2/ros2_ws/install/swiftpro' for CMake config files
[43.302s] Level 1:colcon.colcon_core.shell:create_environment_hook('swiftpro', 'cmake_prefix_path')
[43.302s] INFO:colcon.colcon_core.shell:Creating environment hook '/home/ros2/ros2_ws/install/swiftpro/share/swiftpro/hook/cmake_prefix_path.ps1'
[43.304s] INFO:colcon.colcon_core.shell:Creating environment descriptor '/home/ros2/ros2_ws/install/swiftpro/share/swiftpro/hook/cmake_prefix_path.dsv'
[43.304s] INFO:colcon.colcon_core.shell:Creating environment hook '/home/ros2/ros2_ws/install/swiftpro/share/swiftpro/hook/cmake_prefix_path.sh'
[43.305s] Level 1:colcon.colcon_core.environment:checking '/home/ros2/ros2_ws/install/swiftpro/lib'
[43.305s] Level 1:colcon.colcon_core.shell:create_environment_hook('swiftpro', 'ld_library_path_lib')
[43.306s] INFO:colcon.colcon_core.shell:Creating environment hook '/home/ros2/ros2_ws/install/swiftpro/share/swiftpro/hook/ld_library_path_lib.ps1'
[43.307s] INFO:colcon.colcon_core.shell:Creating environment descriptor '/home/ros2/ros2_ws/install/swiftpro/share/swiftpro/hook/ld_library_path_lib.dsv'
[43.307s] INFO:colcon.colcon_core.shell:Creating environment hook '/home/ros2/ros2_ws/install/swiftpro/share/swiftpro/hook/ld_library_path_lib.sh'
[43.308s] Level 1:colcon.colcon_core.environment:checking '/home/ros2/ros2_ws/install/swiftpro/bin'
[43.308s] Level 1:colcon.colcon_core.environment:checking '/home/ros2/ros2_ws/install/swiftpro/lib/pkgconfig/swiftpro.pc'
[43.308s] Level 1:colcon.colcon_core.environment:checking '/home/ros2/ros2_ws/install/swiftpro/lib/python3.12/site-packages'
[43.308s] Level 1:colcon.colcon_core.shell:create_environment_hook('swiftpro', 'pythonpath')
[43.308s] INFO:colcon.colcon_core.shell:Creating environment hook '/home/ros2/ros2_ws/install/swiftpro/share/swiftpro/hook/pythonpath.ps1'
[43.309s] INFO:colcon.colcon_core.shell:Creating environment descriptor '/home/ros2/ros2_ws/install/swiftpro/share/swiftpro/hook/pythonpath.dsv'
[43.309s] INFO:colcon.colcon_core.shell:Creating environment hook '/home/ros2/ros2_ws/install/swiftpro/share/swiftpro/hook/pythonpath.sh'
[43.310s] Level 1:colcon.colcon_core.environment:checking '/home/ros2/ros2_ws/install/swiftpro/bin'
[43.310s] INFO:colcon.colcon_core.shell:Creating package script '/home/ros2/ros2_ws/install/swiftpro/share/swiftpro/package.ps1'
[43.311s] INFO:colcon.colcon_core.shell:Creating package descriptor '/home/ros2/ros2_ws/install/swiftpro/share/swiftpro/package.dsv'
[43.312s] INFO:colcon.colcon_core.shell:Creating package script '/home/ros2/ros2_ws/install/swiftpro/share/swiftpro/package.sh'
[43.313s] INFO:colcon.colcon_core.shell:Creating package script '/home/ros2/ros2_ws/install/swiftpro/share/swiftpro/package.bash'
[43.313s] INFO:colcon.colcon_core.shell:Creating package script '/home/ros2/ros2_ws/install/swiftpro/share/swiftpro/package.zsh'
[43.314s] Level 1:colcon.colcon_core.environment:create_file_with_runtime_dependencies(/home/ros2/ros2_ws/install/swiftpro/share/colcon-core/packages/swiftpro)
[43.316s] Level 1:colcon.colcon_core.environment:create_environment_scripts_only(swiftpro)
[43.316s] Level 1:colcon.colcon_core.environment:checking '/home/ros2/ros2_ws/install/swiftpro' for CMake module files
[43.317s] Level 1:colcon.colcon_core.environment:checking '/home/ros2/ros2_ws/install/swiftpro' for CMake config files
[43.318s] Level 1:colcon.colcon_core.shell:create_environment_hook('swiftpro', 'cmake_prefix_path')
[43.319s] INFO:colcon.colcon_core.shell:Creating environment hook '/home/ros2/ros2_ws/install/swiftpro/share/swiftpro/hook/cmake_prefix_path.ps1'
[43.319s] INFO:colcon.colcon_core.shell:Creating environment descriptor '/home/ros2/ros2_ws/install/swiftpro/share/swiftpro/hook/cmake_prefix_path.dsv'
[43.320s] INFO:colcon.colcon_core.shell:Creating environment hook '/home/ros2/ros2_ws/install/swiftpro/share/swiftpro/hook/cmake_prefix_path.sh'
[43.320s] Level 1:colcon.colcon_core.environment:checking '/home/ros2/ros2_ws/install/swiftpro/lib'
[43.321s] Level 1:colcon.colcon_core.shell:create_environment_hook('swiftpro', 'ld_library_path_lib')
[43.321s] INFO:colcon.colcon_core.shell:Creating environment hook '/home/ros2/ros2_ws/install/swiftpro/share/swiftpro/hook/ld_library_path_lib.ps1'
[43.321s] INFO:colcon.colcon_core.shell:Creating environment descriptor '/home/ros2/ros2_ws/install/swiftpro/share/swiftpro/hook/ld_library_path_lib.dsv'
[43.322s] INFO:colcon.colcon_core.shell:Creating environment hook '/home/ros2/ros2_ws/install/swiftpro/share/swiftpro/hook/ld_library_path_lib.sh'
[43.322s] Level 1:colcon.colcon_core.environment:checking '/home/ros2/ros2_ws/install/swiftpro/bin'
[43.323s] Level 1:colcon.colcon_core.environment:checking '/home/ros2/ros2_ws/install/swiftpro/lib/pkgconfig/swiftpro.pc'
[43.323s] Level 1:colcon.colcon_core.environment:checking '/home/ros2/ros2_ws/install/swiftpro/lib/python3.12/site-packages'
[43.323s] Level 1:colcon.colcon_core.shell:create_environment_hook('swiftpro', 'pythonpath')
[43.323s] INFO:colcon.colcon_core.shell:Creating environment hook '/home/ros2/ros2_ws/install/swiftpro/share/swiftpro/hook/pythonpath.ps1'
[43.324s] INFO:colcon.colcon_core.shell:Creating environment descriptor '/home/ros2/ros2_ws/install/swiftpro/share/swiftpro/hook/pythonpath.dsv'
[43.324s] INFO:colcon.colcon_core.shell:Creating environment hook '/home/ros2/ros2_ws/install/swiftpro/share/swiftpro/hook/pythonpath.sh'
[43.325s] Level 1:colcon.colcon_core.environment:checking '/home/ros2/ros2_ws/install/swiftpro/bin'
[43.325s] INFO:colcon.colcon_core.shell:Creating package script '/home/ros2/ros2_ws/install/swiftpro/share/swiftpro/package.ps1'
[43.326s] INFO:colcon.colcon_core.shell:Creating package descriptor '/home/ros2/ros2_ws/install/swiftpro/share/swiftpro/package.dsv'
[43.327s] INFO:colcon.colcon_core.shell:Creating package script '/home/ros2/ros2_ws/install/swiftpro/share/swiftpro/package.sh'
[43.327s] INFO:colcon.colcon_core.shell:Creating package script '/home/ros2/ros2_ws/install/swiftpro/share/swiftpro/package.bash'
[43.328s] INFO:colcon.colcon_core.shell:Creating package script '/home/ros2/ros2_ws/install/swiftpro/share/swiftpro/package.zsh'
[43.328s] Level 1:colcon.colcon_core.environment:create_file_with_runtime_dependencies(/home/ros2/ros2_ws/install/swiftpro/share/colcon-core/packages/swiftpro)
[43.329s] DEBUG:colcon.colcon_parallel_executor.executor.parallel:closing loop
[43.330s] DEBUG:colcon.colcon_parallel_executor.executor.parallel:loop closed
[43.330s] DEBUG:colcon.colcon_parallel_executor.executor.parallel:run_until_complete finished with '0'
[43.330s] DEBUG:colcon.colcon_core.event_reactor:joining thread
[43.404s] INFO:colcon.colcon_core.plugin_system:Skipping extension 'colcon_notification.desktop_notification.notify_send': Could not find 'notify-send'
[43.404s] INFO:colcon.colcon_core.plugin_system:Skipping extension 'colcon_notification.desktop_notification.terminal_notifier': Not used on non-Darwin systems
[43.405s] INFO:colcon.colcon_core.plugin_system:Skipping extension 'colcon_notification.desktop_notification.win32': Not used on non-Windows systems
[43.405s] INFO:colcon.colcon_notification.desktop_notification:Sending desktop notification using 'notify2'
[43.406s] DEBUG:colcon.colcon_notification.desktop_notification.notify2:Failed to initialize notify2: org.freedesktop.DBus.Error.ServiceUnknown: The name org.freedesktop.Notifications was not provided by any .service files
[43.406s] DEBUG:colcon.colcon_core.event_reactor:joined thread
[43.407s] INFO:colcon.colcon_core.shell:Creating prefix script '/home/ros2/ros2_ws/install/local_setup.ps1'
[43.408s] INFO:colcon.colcon_core.shell:Creating prefix util module '/home/ros2/ros2_ws/install/_local_setup_util_ps1.py'
[43.409s] INFO:colcon.colcon_core.shell:Creating prefix chain script '/home/ros2/ros2_ws/install/setup.ps1'
[43.411s] INFO:colcon.colcon_core.shell:Creating prefix script '/home/ros2/ros2_ws/install/local_setup.sh'
[43.411s] INFO:colcon.colcon_core.shell:Creating prefix util module '/home/ros2/ros2_ws/install/_local_setup_util_sh.py'
[43.412s] INFO:colcon.colcon_core.shell:Creating prefix chain script '/home/ros2/ros2_ws/install/setup.sh'
[43.413s] INFO:colcon.colcon_core.shell:Creating prefix script '/home/ros2/ros2_ws/install/local_setup.bash'
[43.414s] INFO:colcon.colcon_core.shell:Creating prefix chain script '/home/ros2/ros2_ws/install/setup.bash'
[43.415s] INFO:colcon.colcon_core.shell:Creating prefix script '/home/ros2/ros2_ws/install/local_setup.zsh'
[43.416s] INFO:colcon.colcon_core.shell:Creating prefix chain script '/home/ros2/ros2_ws/install/setup.zsh'
