[0.026s] Invoking command in '/home/ros2/ros2_ws/build/apriltag_ros': CMAKE_PREFIX_PATH=/opt/ros/jazzy /usr/bin/cmake /home/ros2/ros2_ws/src/apriltag_ros -DAMENT_CMAKE_SYMLINK_INSTALL=1 -DCMAKE_INSTALL_PREFIX=/home/ros2/ros2_ws/install/apriltag_ros
[0.425s] -- The C compiler identification is GNU 13.3.0
[1.531s] -- The CXX compiler identification is GNU 13.3.0
[2.492s] -- Detecting C compiler ABI info
[2.903s] -- Detecting C compiler ABI info - done
[2.915s] -- Check for working C compiler: /usr/bin/cc - skipped
[2.925s] -- Detecting C compile features
[2.926s] -- Detecting C compile features - done
[3.070s] -- Detecting CXX compiler ABI info
[3.485s] -- Detecting CXX compiler ABI info - done
[3.498s] -- Check for working CXX compiler: /usr/bin/c++ - skipped
[3.499s] -- Detecting CXX compile features
[3.499s] -- Detecting CXX compile features - done
[3.504s] -- Found rclcpp: 28.1.16 (/opt/ros/jazzy/share/rclcpp/cmake)
[3.702s] -- Found Python3: /usr/bin/python3 (found version "3.12.3") found components: Interpreter 
[3.812s] -- Override CMake install command with custom implementation using symlinks instead of copying resources
[4.152s] -- Found rosidl_generator_c: 4.6.7 (/opt/ros/jazzy/share/rosidl_generator_c/cmake)
[4.176s] -- Found rosidl_generator_cpp: 4.6.7 (/opt/ros/jazzy/share/rosidl_generator_cpp/cmake)
[4.208s] -- Using all available rosidl_typesupport_c: rosidl_typesupport_fastrtps_c;rosidl_typesupport_introspection_c
[4.242s] -- Using all available rosidl_typesupport_cpp: rosidl_typesupport_fastrtps_cpp;rosidl_typesupport_introspection_cpp
[4.403s] -- Found rmw_implementation_cmake: 7.3.3 (/opt/ros/jazzy/share/rmw_implementation_cmake/cmake)
[4.414s] -- Found rmw_fastrtps_cpp: 8.4.3 (/opt/ros/jazzy/share/rmw_fastrtps_cpp/cmake)
[4.580s] -- Found OpenSSL: /usr/lib/x86_64-linux-gnu/libcrypto.so (found version "3.0.13")  
[4.859s] -- Found FastRTPS: /opt/ros/jazzy/include (Required is at least version "2.13") 
[5.015s] -- Using RMW implementation 'rmw_fastrtps_cpp' as default
[5.338s] -- Found rclcpp_components: 28.1.16 (/opt/ros/jazzy/share/rclcpp_components/cmake)
[5.407s] -- Found sensor_msgs: 5.3.6 (/opt/ros/jazzy/share/sensor_msgs/cmake)
[5.510s] -- Found apriltag_msgs: 2.0.1 (/opt/ros/jazzy/share/apriltag_msgs/cmake)
[5.533s] -- Found tf2_ros: 0.36.19 (/opt/ros/jazzy/share/tf2_ros/cmake)
[5.700s] -- Found image_transport: 5.1.7 (/opt/ros/jazzy/share/image_transport/cmake)
[5.717s] -- Found cv_bridge: 4.1.0 (/opt/ros/jazzy/share/cv_bridge/cmake)
[5.745s] -- Performing Test CMAKE_HAVE_LIBC_PTHREAD
[6.065s] -- Performing Test CMAKE_HAVE_LIBC_PTHREAD - Success
[6.066s] -- Found Threads: TRUE  
[6.069s] -- Found OpenCV: /usr (found version "4.6.0") found components: core calib3d 
[6.091s] -- Found ament_lint_auto: 0.17.4 (/opt/ros/jazzy/share/ament_lint_auto/cmake)
[7.855s] -- Added test 'clang_format' to check C / C++ code style
[7.863s] -- Added test 'cppcheck' to perform static code analysis on C / C++ code
[7.864s] -- Configured cppcheck include dirs: 
[7.864s] -- Configured cppcheck exclude dirs and/or files: 
[7.869s] -- Configuring done (7.8s)
[7.927s] -- Generating done (0.0s)
[7.944s] -- Build files have been written to: /home/ros2/ros2_ws/build/apriltag_ros
