[ 20%] [32mBuilding CXX object CMakeFiles/conversion.dir/src/conversion.cpp.o[0m
[ 30%] [32mBuilding CXX object CMakeFiles/apriltag_node.dir/rclcpp_components/node_main_apriltag_node.cpp.o[0m
[ 40%] Built target tags
[ 50%] [32m[1mLinking CXX static library libconversion.a[0m
[ 50%] Built target conversion
[ 60%] [32mBuilding CXX object CMakeFiles/pose_estimation.dir/src/pose_estimation.cpp.o[0m
[ 70%] [32m[1mLinking CXX executable apriltag_node[0m
[ 80%] [32m[1mLinking CXX static library libpose_estimation.a[0m
[ 80%] Built target pose_estimation
[ 90%] [32mBuilding CXX object CMakeFiles/AprilTagNode.dir/src/AprilTagNode.cpp.o[0m
[ 90%] Built target apriltag_node
[100%] [32m[1mLinking CXX shared library libAprilTagNode.so[0m
[100%] Built target AprilTagNode
-- Install configuration: ""
-- Execute custom install script
-- Symlinking: /home/ros2/ros2_ws/install/apriltag_ros/lib/apriltag_ros/apriltag_node
-- Symlinking: /home/ros2/ros2_ws/install/apriltag_ros/share/apriltag_ros/environment/library_path.sh
-- Symlinking: /home/ros2/ros2_ws/install/apriltag_ros/share/apriltag_ros/environment/library_path.dsv
-- Symlinking: /home/ros2/ros2_ws/install/apriltag_ros/lib/libAprilTagNode.so
-- Symlinking: /home/ros2/ros2_ws/install/apriltag_ros/share/apriltag_ros/cfg/tags_36h11.yaml
-- Symlinking: /home/ros2/ros2_ws/install/apriltag_ros/share/apriltag_ros/launch/camera_36h11.launch.yml
-- Symlinking: /home/ros2/ros2_ws/install/apriltag_ros/share/ament_index/resource_index/package_run_dependencies/apriltag_ros
-- Symlinking: /home/ros2/ros2_ws/install/apriltag_ros/share/ament_index/resource_index/parent_prefix_path/apriltag_ros
-- Symlinking: /home/ros2/ros2_ws/install/apriltag_ros/share/apriltag_ros/environment/ament_prefix_path.sh
-- Symlinking: /home/ros2/ros2_ws/install/apriltag_ros/share/apriltag_ros/environment/ament_prefix_path.dsv
-- Symlinking: /home/ros2/ros2_ws/install/apriltag_ros/share/apriltag_ros/environment/path.sh
-- Symlinking: /home/ros2/ros2_ws/install/apriltag_ros/share/apriltag_ros/environment/path.dsv
-- Symlinking: /home/ros2/ros2_ws/install/apriltag_ros/share/apriltag_ros/local_setup.bash
-- Symlinking: /home/ros2/ros2_ws/install/apriltag_ros/share/apriltag_ros/local_setup.sh
-- Symlinking: /home/ros2/ros2_ws/install/apriltag_ros/share/apriltag_ros/local_setup.zsh
-- Symlinking: /home/ros2/ros2_ws/install/apriltag_ros/share/apriltag_ros/local_setup.dsv
-- Symlinking: /home/ros2/ros2_ws/install/apriltag_ros/share/apriltag_ros/package.dsv
-- Symlinking: /home/ros2/ros2_ws/install/apriltag_ros/share/ament_index/resource_index/packages/apriltag_ros
-- Symlinking: /home/ros2/ros2_ws/install/apriltag_ros/share/ament_index/resource_index/rclcpp_components/apriltag_ros
-- Symlinking: /home/ros2/ros2_ws/install/apriltag_ros/share/apriltag_ros/cmake/apriltag_rosConfig.cmake
-- Symlinking: /home/ros2/ros2_ws/install/apriltag_ros/share/apriltag_ros/cmake/apriltag_rosConfig-version.cmake
-- Symlinking: /home/ros2/ros2_ws/install/apriltag_ros/share/apriltag_ros/package.xml
