[0.020s] Invoking command in '/home/ros2/ros2_ws/build/swiftpro': CMAKE_PREFIX_PATH=${CMAKE_PREFIX_PATH}:/opt/ros/jazzy /usr/bin/cmake /home/ros2/ros2_ws/src/uarm_driver/swiftpro -DAMENT_CMAKE_SYMLINK_INSTALL=1 -DCMAKE_INSTALL_PREFIX=/home/ros2/ros2_ws/install/swiftpro
[0.271s] -- The C compiler identification is GNU 13.3.0
[1.311s] -- The CXX compiler identification is GNU 13.3.0
[2.224s] -- Detecting C compiler ABI info
[2.614s] -- Detecting C compiler ABI info - done
[2.626s] -- Check for working C compiler: /usr/bin/cc - skipped
[2.626s] -- Detecting C compile features
[2.627s] -- Detecting C compile features - done
[2.768s] -- Detecting CXX compiler ABI info
[3.171s] -- Detecting CXX compiler ABI info - done
[3.186s] -- Check for working CXX compiler: /usr/bin/c++ - skipped
[3.186s] -- Detecting CXX compile features
[3.187s] -- Detecting CXX compile features - done
[3.190s] -- Found ament_cmake: 2.5.5 (/opt/ros/jazzy/share/ament_cmake/cmake)
[3.385s] -- Found Python3: /usr/bin/python3 (found version "3.12.3") found components: Interpreter 
[3.508s] -- Override CMake install command with custom implementation using symlinks instead of copying resources
[3.548s] -- Found rclcpp: 28.1.16 (/opt/ros/jazzy/share/rclcpp/cmake)
[3.836s] -- Found rosidl_generator_c: 4.6.7 (/opt/ros/jazzy/share/rosidl_generator_c/cmake)
[3.862s] -- Found rosidl_generator_cpp: 4.6.7 (/opt/ros/jazzy/share/rosidl_generator_cpp/cmake)
[3.888s] -- Using all available rosidl_typesupport_c: rosidl_typesupport_fastrtps_c;rosidl_typesupport_introspection_c
[3.921s] -- Using all available rosidl_typesupport_cpp: rosidl_typesupport_fastrtps_cpp;rosidl_typesupport_introspection_cpp
[4.031s] -- Found rmw_implementation_cmake: 7.3.3 (/opt/ros/jazzy/share/rmw_implementation_cmake/cmake)
[4.035s] -- Found rmw_fastrtps_cpp: 8.4.3 (/opt/ros/jazzy/share/rmw_fastrtps_cpp/cmake)
[4.173s] -- Found OpenSSL: /usr/lib/x86_64-linux-gnu/libcrypto.so (found version "3.0.13")  
[4.471s] -- Found FastRTPS: /opt/ros/jazzy/include (Required is at least version "2.13") 
[4.630s] -- Using RMW implementation 'rmw_fastrtps_cpp' as default
[4.926s] -- Found std_msgs: 5.3.6 (/opt/ros/jazzy/share/std_msgs/cmake)
[4.946s] -- Found sensor_msgs: 5.3.6 (/opt/ros/jazzy/share/sensor_msgs/cmake)
[4.999s] -- Found tf2: 0.36.19 (/opt/ros/jazzy/share/tf2/cmake)
[5.005s] -- Found tf2_ros: 0.36.19 (/opt/ros/jazzy/share/tf2_ros/cmake)
[5.184s] -- Found tf2_geometry_msgs: 0.36.19 (/opt/ros/jazzy/share/tf2_geometry_msgs/cmake)
[5.285s] -- Found eigen3_cmake_module: 0.3.0 (/opt/ros/jazzy/share/eigen3_cmake_module/cmake)
[5.287s] -- Found Eigen3: TRUE (found version "3.4.0") 
[5.288s] -- Ensuring Eigen3 include directory is part of orocos-kdl CMake target
[5.293s] -- Found rosidl_default_generators: 1.6.0 (/opt/ros/jazzy/share/rosidl_default_generators/cmake)
[5.324s] -- Found rosidl_adapter: 4.6.7 (/opt/ros/jazzy/share/rosidl_adapter/cmake)
[6.277s] -- Found ament_cmake_ros: 0.12.0 (/opt/ros/jazzy/share/ament_cmake_ros/cmake)
[7.577s] -- Using all available rosidl_typesupport_c: rosidl_typesupport_fastrtps_c;rosidl_typesupport_introspection_c
[8.126s] -- Using all available rosidl_typesupport_cpp: rosidl_typesupport_fastrtps_cpp;rosidl_typesupport_introspection_cpp
[8.131s] -- Found python_cmake_module: 0.11.1 (/opt/ros/jazzy/share/python_cmake_module/cmake)
[8.314s] -- Found PythonExtra: /usr/bin/python3  
[8.903s] -- Found Python3: /usr/bin/python3 (found version "3.12.3") found components: Interpreter Development NumPy Development.Module Development.Embed 
[9.061s] -- Configuring done (9.0s)
[9.228s] -- Generating done (0.1s)
[9.258s] -- Build files have been written to: /home/ros2/ros2_ws/build/swiftpro
[9.279s] Invoked command in '/home/ros2/ros2_ws/build/swiftpro' returned '0': CMAKE_PREFIX_PATH=${CMAKE_PREFIX_PATH}:/opt/ros/jazzy /usr/bin/cmake /home/ros2/ros2_ws/src/uarm_driver/swiftpro -DAMENT_CMAKE_SYMLINK_INSTALL=1 -DCMAKE_INSTALL_PREFIX=/home/ros2/ros2_ws/install/swiftpro
[9.281s] Invoking command in '/home/ros2/ros2_ws/build/swiftpro': CMAKE_PREFIX_PATH=${CMAKE_PREFIX_PATH}:/opt/ros/jazzy /usr/bin/cmake --build /home/ros2/ros2_ws/build/swiftpro -- -j12 -l12
[9.366s] [  1%] [34m[1mGenerating type hashes for ROS interfaces[0m
[9.378s] [  1%] Built target ament_cmake_python_symlink_swiftpro
[9.682s] running egg_info
[9.684s] creating swiftpro.egg-info
[9.708s] writing swiftpro.egg-info/PKG-INFO
[9.708s] writing dependency_links to swiftpro.egg-info/dependency_links.txt
[9.709s] writing top-level names to swiftpro.egg-info/top_level.txt
[9.709s] writing manifest file 'swiftpro.egg-info/SOURCES.txt'
[9.711s] [  1%] Built target swiftpro__rosidl_generator_type_description
[9.731s] [  2%] [34m[1mGenerating C code for ROS interfaces[0m
[9.748s] [  3%] [34m[1mGenerating C++ code for ROS interfaces[0m
[9.787s] reading manifest file 'swiftpro.egg-info/SOURCES.txt'
[9.787s] writing manifest file 'swiftpro.egg-info/SOURCES.txt'
[9.839s] [  3%] Built target ament_cmake_python_build_swiftpro_egg
[10.451s] [  3%] Built target swiftpro__cpp
[10.642s] [  5%] [32mBuilding C object CMakeFiles/swiftpro__rosidl_generator_c.dir/rosidl_generator_c/swiftpro/msg/detail/angle4th__functions.c.o[0m
[10.643s] [  6%] [32mBuilding C object CMakeFiles/swiftpro__rosidl_generator_c.dir/rosidl_generator_c/swiftpro/msg/detail/status__description.c.o[0m
[10.644s] [  7%] [32mBuilding C object CMakeFiles/swiftpro__rosidl_generator_c.dir/rosidl_generator_c/swiftpro/msg/detail/status__type_support.c.o[0m
[10.644s] [  8%] [32mBuilding C object CMakeFiles/swiftpro__rosidl_generator_c.dir/rosidl_generator_c/swiftpro/msg/detail/swiftpro_state__functions.c.o[0m
[10.644s] [ 10%] [32mBuilding C object CMakeFiles/swiftpro__rosidl_generator_c.dir/rosidl_generator_c/swiftpro/msg/detail/position__type_support.c.o[0m
[10.647s] [ 11%] [32mBuilding C object CMakeFiles/swiftpro__rosidl_generator_c.dir/rosidl_generator_c/swiftpro/msg/detail/status__functions.c.o[0m
[10.649s] [ 12%] [32mBuilding C object CMakeFiles/swiftpro__rosidl_generator_c.dir/rosidl_generator_c/swiftpro/msg/detail/angle4th__description.c.o[0m
[10.653s] [ 15%] [32mBuilding C object CMakeFiles/swiftpro__rosidl_generator_c.dir/rosidl_generator_c/swiftpro/msg/detail/position__functions.c.o[0m
[10.653s] [ 15%] [32mBuilding C object CMakeFiles/swiftpro__rosidl_generator_c.dir/rosidl_generator_c/swiftpro/msg/detail/angle4th__type_support.c.o[0m
[10.664s] [ 16%] [32mBuilding C object CMakeFiles/swiftpro__rosidl_generator_c.dir/rosidl_generator_c/swiftpro/msg/detail/swiftpro_state__description.c.o[0m
[10.689s] [ 17%] [32mBuilding C object CMakeFiles/swiftpro__rosidl_generator_c.dir/rosidl_generator_c/swiftpro/msg/detail/swiftpro_state__type_support.c.o[0m
[10.689s] [ 18%] [32mBuilding C object CMakeFiles/swiftpro__rosidl_generator_c.dir/rosidl_generator_c/swiftpro/msg/detail/position__description.c.o[0m
[10.745s] [ 20%] [32mBuilding C object CMakeFiles/swiftpro__rosidl_generator_c.dir/rosidl_generator_c/swiftpro/srv/detail/send_gcode__description.c.o[0m
[10.745s] [ 21%] [32mBuilding C object CMakeFiles/swiftpro__rosidl_generator_c.dir/rosidl_generator_c/swiftpro/srv/detail/send_gcode__functions.c.o[0m
[10.772s] [ 22%] [32mBuilding C object CMakeFiles/swiftpro__rosidl_generator_c.dir/rosidl_generator_c/swiftpro/srv/detail/send_gcode__type_support.c.o[0m
[10.894s] [ 23%] [32m[1mLinking C shared library libswiftpro__rosidl_generator_c.so[0m
[11.085s] [ 23%] Built target swiftpro__rosidl_generator_c
[11.111s] [ 25%] [34m[1mGenerating C++ introspection for ROS interfaces[0m
[11.113s] [ 26%] [34m[1mGenerating C type support for eProsima Fast-RTPS[0m
[11.114s] [ 27%] [34m[1mGenerating C++ type support for eProsima Fast-RTPS[0m
[11.115s] [ 28%] [34m[1mGenerating C++ type support dispatch for ROS interfaces[0m
[11.117s] [ 30%] [34m[1mGenerating C type support dispatch for ROS interfaces[0m
[11.118s] [ 31%] [34m[1mGenerating C introspection for ROS interfaces[0m
[12.033s] [ 32%] [32mBuilding CXX object CMakeFiles/swiftpro__rosidl_typesupport_cpp.dir/rosidl_typesupport_cpp/swiftpro/msg/status__type_support.cpp.o[0m
[12.033s] [ 35%] [32mBuilding CXX object CMakeFiles/swiftpro__rosidl_typesupport_cpp.dir/rosidl_typesupport_cpp/swiftpro/srv/send_gcode__type_support.cpp.o[0m
[12.033s] [ 35%] [32mBuilding CXX object CMakeFiles/swiftpro__rosidl_typesupport_cpp.dir/rosidl_typesupport_cpp/swiftpro/msg/angle4th__type_support.cpp.o[0m
[12.034s] [ 36%] [32mBuilding CXX object CMakeFiles/swiftpro__rosidl_typesupport_cpp.dir/rosidl_typesupport_cpp/swiftpro/msg/swiftpro_state__type_support.cpp.o[0m
[12.039s] [ 37%] [32mBuilding CXX object CMakeFiles/swiftpro__rosidl_typesupport_c.dir/rosidl_typesupport_c/swiftpro/msg/swiftpro_state__type_support.cpp.o[0m
[12.053s] [ 38%] [32mBuilding CXX object CMakeFiles/swiftpro__rosidl_typesupport_cpp.dir/rosidl_typesupport_cpp/swiftpro/msg/position__type_support.cpp.o[0m
[12.083s] [ 40%] [32mBuilding CXX object CMakeFiles/swiftpro__rosidl_typesupport_c.dir/rosidl_typesupport_c/swiftpro/msg/position__type_support.cpp.o[0m
[12.108s] [ 41%] [32mBuilding CXX object CMakeFiles/swiftpro__rosidl_typesupport_c.dir/rosidl_typesupport_c/swiftpro/msg/angle4th__type_support.cpp.o[0m
[12.270s] [ 42%] [32mBuilding CXX object CMakeFiles/swiftpro__rosidl_typesupport_c.dir/rosidl_typesupport_c/swiftpro/msg/status__type_support.cpp.o[0m
[12.297s] [ 43%] [32mBuilding CXX object CMakeFiles/swiftpro__rosidl_typesupport_c.dir/rosidl_typesupport_c/swiftpro/srv/send_gcode__type_support.cpp.o[0m
[12.405s] [ 45%] [32mBuilding CXX object CMakeFiles/swiftpro__rosidl_typesupport_introspection_cpp.dir/rosidl_typesupport_introspection_cpp/swiftpro/msg/detail/position__type_support.cpp.o[0m
[12.426s] [ 46%] [32mBuilding CXX object CMakeFiles/swiftpro__rosidl_typesupport_introspection_cpp.dir/rosidl_typesupport_introspection_cpp/swiftpro/msg/detail/swiftpro_state__type_support.cpp.o[0m
[12.492s] [ 47%] [32mBuilding CXX object CMakeFiles/swiftpro__rosidl_typesupport_introspection_cpp.dir/rosidl_typesupport_introspection_cpp/swiftpro/msg/detail/angle4th__type_support.cpp.o[0m
[12.514s] [ 48%] [32mBuilding C object CMakeFiles/swiftpro__rosidl_typesupport_introspection_c.dir/rosidl_typesupport_introspection_c/swiftpro/msg/detail/swiftpro_state__type_support.c.o[0m
[12.583s] [ 50%] [32m[1mLinking CXX shared library libswiftpro__rosidl_typesupport_c.so[0m
[12.722s] [ 51%] [32mBuilding C object CMakeFiles/swiftpro__rosidl_typesupport_introspection_c.dir/rosidl_typesupport_introspection_c/swiftpro/msg/detail/position__type_support.c.o[0m
[12.827s] [ 52%] [32mBuilding CXX object CMakeFiles/swiftpro__rosidl_typesupport_fastrtps_c.dir/rosidl_typesupport_fastrtps_c/swiftpro/msg/detail/swiftpro_state__type_support_c.cpp.o[0m
[12.846s] [ 53%] [32mBuilding C object CMakeFiles/swiftpro__rosidl_typesupport_introspection_c.dir/rosidl_typesupport_introspection_c/swiftpro/msg/detail/angle4th__type_support.c.o[0m
[12.899s] [ 55%] [32mBuilding CXX object CMakeFiles/swiftpro__rosidl_typesupport_fastrtps_cpp.dir/rosidl_typesupport_fastrtps_cpp/swiftpro/msg/detail/dds_fastrtps/swiftpro_state__type_support.cpp.o[0m
[12.996s] [ 56%] [32mBuilding C object CMakeFiles/swiftpro__rosidl_typesupport_introspection_c.dir/rosidl_typesupport_introspection_c/swiftpro/msg/detail/status__type_support.c.o[0m
[13.005s] [ 56%] Built target swiftpro__rosidl_typesupport_c
[13.057s] [ 57%] [32mBuilding CXX object CMakeFiles/swiftpro__rosidl_typesupport_fastrtps_cpp.dir/rosidl_typesupport_fastrtps_cpp/swiftpro/msg/detail/dds_fastrtps/position__type_support.cpp.o[0m
[13.154s] [ 58%] [32mBuilding C object CMakeFiles/swiftpro__rosidl_typesupport_introspection_c.dir/rosidl_typesupport_introspection_c/swiftpro/srv/detail/send_gcode__type_support.c.o[0m
[13.183s] [ 60%] [32mBuilding CXX object CMakeFiles/swiftpro__rosidl_typesupport_fastrtps_cpp.dir/rosidl_typesupport_fastrtps_cpp/swiftpro/msg/detail/dds_fastrtps/angle4th__type_support.cpp.o[0m
[13.193s] [ 61%] [32mBuilding CXX object CMakeFiles/swiftpro__rosidl_typesupport_fastrtps_cpp.dir/rosidl_typesupport_fastrtps_cpp/swiftpro/msg/detail/dds_fastrtps/status__type_support.cpp.o[0m
[13.295s] [ 62%] [32mBuilding CXX object CMakeFiles/swiftpro__rosidl_typesupport_fastrtps_cpp.dir/rosidl_typesupport_fastrtps_cpp/swiftpro/srv/detail/dds_fastrtps/send_gcode__type_support.cpp.o[0m
[13.306s] [ 63%] [32mBuilding CXX object CMakeFiles/swiftpro__rosidl_typesupport_introspection_cpp.dir/rosidl_typesupport_introspection_cpp/swiftpro/msg/detail/status__type_support.cpp.o[0m
[13.359s] [ 65%] [32m[1mLinking C shared library libswiftpro__rosidl_typesupport_introspection_c.so[0m
[13.481s] [ 66%] [32m[1mLinking CXX shared library libswiftpro__rosidl_typesupport_cpp.so[0m
[13.503s] [ 67%] [32mBuilding CXX object CMakeFiles/swiftpro__rosidl_typesupport_introspection_cpp.dir/rosidl_typesupport_introspection_cpp/swiftpro/srv/detail/send_gcode__type_support.cpp.o[0m
[13.619s] [ 68%] [32mBuilding CXX object CMakeFiles/swiftpro__rosidl_typesupport_fastrtps_c.dir/rosidl_typesupport_fastrtps_c/swiftpro/msg/detail/position__type_support_c.cpp.o[0m
[13.623s] [ 70%] [32mBuilding CXX object CMakeFiles/swiftpro__rosidl_typesupport_fastrtps_c.dir/rosidl_typesupport_fastrtps_c/swiftpro/msg/detail/angle4th__type_support_c.cpp.o[0m
[13.767s] [ 70%] Built target swiftpro__rosidl_typesupport_introspection_c
[13.793s] [ 71%] [32mBuilding CXX object CMakeFiles/swiftpro__rosidl_typesupport_fastrtps_c.dir/rosidl_typesupport_fastrtps_c/swiftpro/msg/detail/status__type_support_c.cpp.o[0m
[14.425s] [ 71%] Built target swiftpro__rosidl_typesupport_cpp
[14.444s] [ 72%] [32mBuilding CXX object CMakeFiles/swiftpro__rosidl_typesupport_fastrtps_c.dir/rosidl_typesupport_fastrtps_c/swiftpro/srv/detail/send_gcode__type_support_c.cpp.o[0m
[14.543s] [ 73%] [32mBuilding CXX object CMakeFiles/swiftpro_write_node.dir/src/swiftpro_write_node.cpp.o[0m
[14.630s] [ 75%] [32mBuilding CXX object CMakeFiles/swiftpro_read_node.dir/src/swiftpro_read_node.cpp.o[0m
[14.758s] [ 76%] [32mBuilding CXX object CMakeFiles/swiftpro_rviz_node.dir/src/swiftpro_rviz_node.cpp.o[0m
[15.045s] [ 77%] [32m[1mLinking CXX shared library libswiftpro__rosidl_typesupport_introspection_cpp.so[0m
[15.505s] [ 78%] [32m[1mLinking CXX shared library libswiftpro__rosidl_typesupport_fastrtps_cpp.so[0m
[15.718s] [ 78%] Built target swiftpro__rosidl_typesupport_introspection_cpp
[16.042s] [ 78%] Built target swiftpro__rosidl_typesupport_fastrtps_cpp
[16.161s] [ 80%] [32m[1mLinking CXX shared library libswiftpro__rosidl_typesupport_fastrtps_c.so[0m
[16.621s] [ 80%] Built target swiftpro__rosidl_typesupport_fastrtps_c
[16.666s] [ 80%] Built target swiftpro
[16.710s] [ 81%] [34m[1mGenerating Python code for ROS interfaces[0m
[17.840s] [ 81%] Built target swiftpro__py
[17.883s] [ 83%] [32mBuilding C object CMakeFiles/swiftpro__rosidl_generator_py.dir/rosidl_generator_py/swiftpro/msg/_position_s.c.o[0m
[17.883s] [ 83%] [32mBuilding C object CMakeFiles/swiftpro__rosidl_generator_py.dir/rosidl_generator_py/swiftpro/msg/_angle4th_s.c.o[0m
[17.885s] [ 85%] [32mBuilding C object CMakeFiles/swiftpro__rosidl_generator_py.dir/rosidl_generator_py/swiftpro/msg/_status_s.c.o[0m
[17.886s] [ 86%] [32mBuilding C object CMakeFiles/swiftpro__rosidl_generator_py.dir/rosidl_generator_py/swiftpro/msg/_swiftpro_state_s.c.o[0m
[17.886s] [ 87%] [32mBuilding C object CMakeFiles/swiftpro__rosidl_generator_py.dir/rosidl_generator_py/swiftpro/srv/_send_gcode_s.c.o[0m
[18.294s] [ 88%] [32m[1mLinking C shared library libswiftpro__rosidl_generator_py.so[0m
[18.584s] [ 88%] Built target swiftpro__rosidl_generator_py
[18.622s] [ 90%] [32mBuilding C object CMakeFiles/swiftpro_s__rosidl_typesupport_introspection_c.dir/rosidl_generator_py/swiftpro/_swiftpro_s.ep.rosidl_typesupport_introspection_c.c.o[0m
[18.625s] [ 91%] [32mBuilding C object CMakeFiles/swiftpro_s__rosidl_typesupport_fastrtps_c.dir/rosidl_generator_py/swiftpro/_swiftpro_s.ep.rosidl_typesupport_fastrtps_c.c.o[0m
[18.631s] [ 92%] [32mBuilding C object CMakeFiles/swiftpro_s__rosidl_typesupport_c.dir/rosidl_generator_py/swiftpro/_swiftpro_s.ep.rosidl_typesupport_c.c.o[0m
[18.904s] [ 93%] [32m[1mLinking C shared module rosidl_generator_py/swiftpro/swiftpro_s__rosidl_typesupport_c.so[0m
[18.908s] [ 95%] [32m[1mLinking C shared module rosidl_generator_py/swiftpro/swiftpro_s__rosidl_typesupport_fastrtps_c.so[0m
[18.915s] [ 96%] [32m[1mLinking C shared module rosidl_generator_py/swiftpro/swiftpro_s__rosidl_typesupport_introspection_c.so[0m
[19.101s] [ 96%] Built target swiftpro_s__rosidl_typesupport_c
[19.108s] [ 96%] Built target swiftpro_s__rosidl_typesupport_fastrtps_c
[19.170s] [ 96%] Built target swiftpro_s__rosidl_typesupport_introspection_c
[19.980s] [01m[K/home/ros2/ros2_ws/src/uarm_driver/swiftpro/src/swiftpro_read_node.cpp:[m[K In member function ‘[01m[Kvoid SwiftproReadNode::[01;32m[Khandlechar[m[K(char)[m[K’:
[19.980s] [01m[K/home/ros2/ros2_ws/src/uarm_driver/swiftpro/src/swiftpro_read_node.cpp:97:24:[m[K [01;35m[Kwarning: [m[Kcomparison of integer expressions of different signedness: ‘[01m[Kint[m[K’ and ‘[01m[Klong unsigned int[m[K’ [[01;35m[K]8;;https://gcc.gnu.org/onlinedocs/gcc/Warning-Options.html#index-Wsign-compare-Wsign-compare]8;;[m[K]
[19.980s]    97 |         if ([01;35m[Kstr_index_ < sizeof(strdata_) - 1[m[K)
[19.981s]       |             [01;35m[K~~~~~~~~~~~^~~~~~~~~~~~~~~~~~~~~~[m[K
[24.717s] [ 97%] [32m[1mLinking CXX executable swiftpro_read_node[0m
[25.236s] [ 97%] Built target swiftpro_read_node
[31.357s] [ 98%] [32m[1mLinking CXX executable swiftpro_rviz_node[0m
[32.149s] [ 98%] Built target swiftpro_rviz_node
[38.835s] [100%] [32m[1mLinking CXX executable swiftpro_write_node[0m
[39.934s] [100%] Built target swiftpro_write_node
[39.959s] Invoked command in '/home/ros2/ros2_ws/build/swiftpro' returned '0': CMAKE_PREFIX_PATH=${CMAKE_PREFIX_PATH}:/opt/ros/jazzy /usr/bin/cmake --build /home/ros2/ros2_ws/build/swiftpro -- -j12 -l12
[39.961s] Invoking command in '/home/ros2/ros2_ws/build/swiftpro': CMAKE_PREFIX_PATH=${CMAKE_PREFIX_PATH}:/opt/ros/jazzy /usr/bin/cmake --install /home/ros2/ros2_ws/build/swiftpro
[39.974s] -- Install configuration: ""
[39.975s] -- Execute custom install script
[39.979s] -- Symlinking: /home/ros2/ros2_ws/install/swiftpro/share/ament_index/resource_index/rosidl_interfaces/swiftpro
[39.996s] -- Symlinking: /home/ros2/ros2_ws/install/swiftpro/share/swiftpro/msg/SwiftproState.json
[40.011s] -- Symlinking: /home/ros2/ros2_ws/install/swiftpro/share/swiftpro/msg/Position.json
[40.027s] -- Symlinking: /home/ros2/ros2_ws/install/swiftpro/share/swiftpro/msg/Angle4th.json
[40.043s] -- Symlinking: /home/ros2/ros2_ws/install/swiftpro/share/swiftpro/msg/Status.json
[40.062s] -- Symlinking: /home/ros2/ros2_ws/install/swiftpro/share/swiftpro/srv/SendGcode.json
[40.083s] -- Symlinking: /home/ros2/ros2_ws/install/swiftpro/include/swiftpro/swiftpro/msg/angle4th.h
[40.099s] -- Symlinking: /home/ros2/ros2_ws/install/swiftpro/include/swiftpro/swiftpro/msg/detail/angle4th__functions.h
[40.115s] -- Symlinking: /home/ros2/ros2_ws/install/swiftpro/include/swiftpro/swiftpro/msg/detail/angle4th__struct.h
[40.130s] -- Symlinking: /home/ros2/ros2_ws/install/swiftpro/include/swiftpro/swiftpro/msg/detail/angle4th__type_support.h
[40.146s] -- Symlinking: /home/ros2/ros2_ws/install/swiftpro/include/swiftpro/swiftpro/msg/detail/position__functions.h
[40.163s] -- Symlinking: /home/ros2/ros2_ws/install/swiftpro/include/swiftpro/swiftpro/msg/detail/position__struct.h
[40.184s] -- Symlinking: /home/ros2/ros2_ws/install/swiftpro/include/swiftpro/swiftpro/msg/detail/position__type_support.h
[40.200s] -- Symlinking: /home/ros2/ros2_ws/install/swiftpro/include/swiftpro/swiftpro/msg/detail/status__functions.h
[40.216s] -- Symlinking: /home/ros2/ros2_ws/install/swiftpro/include/swiftpro/swiftpro/msg/detail/status__struct.h
[40.232s] -- Symlinking: /home/ros2/ros2_ws/install/swiftpro/include/swiftpro/swiftpro/msg/detail/status__type_support.h
[40.248s] -- Symlinking: /home/ros2/ros2_ws/install/swiftpro/include/swiftpro/swiftpro/msg/detail/swiftpro_state__functions.h
[40.264s] -- Symlinking: /home/ros2/ros2_ws/install/swiftpro/include/swiftpro/swiftpro/msg/detail/swiftpro_state__struct.h
[40.281s] -- Symlinking: /home/ros2/ros2_ws/install/swiftpro/include/swiftpro/swiftpro/msg/detail/swiftpro_state__type_support.h
[40.295s] -- Symlinking: /home/ros2/ros2_ws/install/swiftpro/include/swiftpro/swiftpro/msg/position.h
[40.311s] -- Symlinking: /home/ros2/ros2_ws/install/swiftpro/include/swiftpro/swiftpro/msg/rosidl_generator_c__visibility_control.h
[40.325s] -- Symlinking: /home/ros2/ros2_ws/install/swiftpro/include/swiftpro/swiftpro/msg/status.h
[40.339s] -- Symlinking: /home/ros2/ros2_ws/install/swiftpro/include/swiftpro/swiftpro/msg/swiftpro_state.h
[40.356s] -- Symlinking: /home/ros2/ros2_ws/install/swiftpro/include/swiftpro/swiftpro/srv/detail/send_gcode__functions.h
[40.371s] -- Symlinking: /home/ros2/ros2_ws/install/swiftpro/include/swiftpro/swiftpro/srv/detail/send_gcode__struct.h
[40.386s] -- Symlinking: /home/ros2/ros2_ws/install/swiftpro/include/swiftpro/swiftpro/srv/detail/send_gcode__type_support.h
[40.402s] -- Symlinking: /home/ros2/ros2_ws/install/swiftpro/include/swiftpro/swiftpro/srv/send_gcode.h
[40.422s] -- Symlinking: /home/ros2/ros2_ws/install/swiftpro/share/swiftpro/environment/library_path.sh
[40.446s] -- Symlinking: /home/ros2/ros2_ws/install/swiftpro/share/swiftpro/environment/library_path.dsv
[40.471s] -- Symlinking: /home/ros2/ros2_ws/install/swiftpro/include/swiftpro/swiftpro/msg/detail/angle4th__rosidl_typesupport_fastrtps_c.h
[40.495s] -- Symlinking: /home/ros2/ros2_ws/install/swiftpro/include/swiftpro/swiftpro/msg/detail/position__rosidl_typesupport_fastrtps_c.h
[40.514s] -- Symlinking: /home/ros2/ros2_ws/install/swiftpro/include/swiftpro/swiftpro/msg/detail/status__rosidl_typesupport_fastrtps_c.h
[40.532s] -- Symlinking: /home/ros2/ros2_ws/install/swiftpro/include/swiftpro/swiftpro/msg/detail/swiftpro_state__rosidl_typesupport_fastrtps_c.h
[40.549s] -- Symlinking: /home/ros2/ros2_ws/install/swiftpro/include/swiftpro/swiftpro/msg/rosidl_typesupport_fastrtps_c__visibility_control.h
[40.566s] -- Symlinking: /home/ros2/ros2_ws/install/swiftpro/include/swiftpro/swiftpro/srv/detail/send_gcode__rosidl_typesupport_fastrtps_c.h
[40.585s] -- Symlinking: /home/ros2/ros2_ws/install/swiftpro/include/swiftpro/swiftpro/msg/angle4th.hpp
[40.600s] -- Symlinking: /home/ros2/ros2_ws/install/swiftpro/include/swiftpro/swiftpro/msg/detail/angle4th__builder.hpp
[40.617s] -- Symlinking: /home/ros2/ros2_ws/install/swiftpro/include/swiftpro/swiftpro/msg/detail/angle4th__struct.hpp
[40.632s] -- Symlinking: /home/ros2/ros2_ws/install/swiftpro/include/swiftpro/swiftpro/msg/detail/angle4th__traits.hpp
[40.650s] -- Symlinking: /home/ros2/ros2_ws/install/swiftpro/include/swiftpro/swiftpro/msg/detail/angle4th__type_support.hpp
[40.670s] -- Symlinking: /home/ros2/ros2_ws/install/swiftpro/include/swiftpro/swiftpro/msg/detail/position__builder.hpp
[40.685s] -- Symlinking: /home/ros2/ros2_ws/install/swiftpro/include/swiftpro/swiftpro/msg/detail/position__struct.hpp
[40.699s] -- Symlinking: /home/ros2/ros2_ws/install/swiftpro/include/swiftpro/swiftpro/msg/detail/position__traits.hpp
[40.715s] -- Symlinking: /home/ros2/ros2_ws/install/swiftpro/include/swiftpro/swiftpro/msg/detail/position__type_support.hpp
[40.730s] -- Symlinking: /home/ros2/ros2_ws/install/swiftpro/include/swiftpro/swiftpro/msg/detail/status__builder.hpp
[40.744s] -- Symlinking: /home/ros2/ros2_ws/install/swiftpro/include/swiftpro/swiftpro/msg/detail/status__struct.hpp
[40.761s] -- Symlinking: /home/ros2/ros2_ws/install/swiftpro/include/swiftpro/swiftpro/msg/detail/status__traits.hpp
[40.777s] -- Symlinking: /home/ros2/ros2_ws/install/swiftpro/include/swiftpro/swiftpro/msg/detail/status__type_support.hpp
[40.792s] -- Symlinking: /home/ros2/ros2_ws/install/swiftpro/include/swiftpro/swiftpro/msg/detail/swiftpro_state__builder.hpp
[40.809s] -- Symlinking: /home/ros2/ros2_ws/install/swiftpro/include/swiftpro/swiftpro/msg/detail/swiftpro_state__struct.hpp
[40.825s] -- Symlinking: /home/ros2/ros2_ws/install/swiftpro/include/swiftpro/swiftpro/msg/detail/swiftpro_state__traits.hpp
[40.841s] -- Symlinking: /home/ros2/ros2_ws/install/swiftpro/include/swiftpro/swiftpro/msg/detail/swiftpro_state__type_support.hpp
[40.857s] -- Symlinking: /home/ros2/ros2_ws/install/swiftpro/include/swiftpro/swiftpro/msg/position.hpp
[40.872s] -- Symlinking: /home/ros2/ros2_ws/install/swiftpro/include/swiftpro/swiftpro/msg/rosidl_generator_cpp__visibility_control.hpp
[40.890s] -- Symlinking: /home/ros2/ros2_ws/install/swiftpro/include/swiftpro/swiftpro/msg/status.hpp
[40.905s] -- Symlinking: /home/ros2/ros2_ws/install/swiftpro/include/swiftpro/swiftpro/msg/swiftpro_state.hpp
[40.922s] -- Symlinking: /home/ros2/ros2_ws/install/swiftpro/include/swiftpro/swiftpro/srv/detail/send_gcode__builder.hpp
[40.938s] -- Symlinking: /home/ros2/ros2_ws/install/swiftpro/include/swiftpro/swiftpro/srv/detail/send_gcode__struct.hpp
[40.958s] -- Symlinking: /home/ros2/ros2_ws/install/swiftpro/include/swiftpro/swiftpro/srv/detail/send_gcode__traits.hpp
[40.975s] -- Symlinking: /home/ros2/ros2_ws/install/swiftpro/include/swiftpro/swiftpro/srv/detail/send_gcode__type_support.hpp
[40.991s] -- Symlinking: /home/ros2/ros2_ws/install/swiftpro/include/swiftpro/swiftpro/srv/send_gcode.hpp
[41.006s] -- Symlinking: /home/ros2/ros2_ws/install/swiftpro/include/swiftpro/swiftpro/msg/detail/angle4th__rosidl_typesupport_fastrtps_cpp.hpp
[41.024s] -- Symlinking: /home/ros2/ros2_ws/install/swiftpro/include/swiftpro/swiftpro/msg/detail/position__rosidl_typesupport_fastrtps_cpp.hpp
[41.039s] -- Symlinking: /home/ros2/ros2_ws/install/swiftpro/include/swiftpro/swiftpro/msg/detail/status__rosidl_typesupport_fastrtps_cpp.hpp
[41.055s] -- Symlinking: /home/ros2/ros2_ws/install/swiftpro/include/swiftpro/swiftpro/msg/detail/swiftpro_state__rosidl_typesupport_fastrtps_cpp.hpp
[41.079s] -- Symlinking: /home/ros2/ros2_ws/install/swiftpro/include/swiftpro/swiftpro/msg/rosidl_typesupport_fastrtps_cpp__visibility_control.h
[41.095s] -- Symlinking: /home/ros2/ros2_ws/install/swiftpro/include/swiftpro/swiftpro/srv/detail/send_gcode__rosidl_typesupport_fastrtps_cpp.hpp
[41.112s] -- Symlinking: /home/ros2/ros2_ws/install/swiftpro/include/swiftpro/swiftpro/msg/detail/angle4th__rosidl_typesupport_introspection_c.h
[41.128s] -- Symlinking: /home/ros2/ros2_ws/install/swiftpro/include/swiftpro/swiftpro/msg/detail/position__rosidl_typesupport_introspection_c.h
[41.143s] -- Symlinking: /home/ros2/ros2_ws/install/swiftpro/include/swiftpro/swiftpro/msg/detail/status__rosidl_typesupport_introspection_c.h
[41.161s] -- Symlinking: /home/ros2/ros2_ws/install/swiftpro/include/swiftpro/swiftpro/msg/detail/swiftpro_state__rosidl_typesupport_introspection_c.h
[41.179s] -- Symlinking: /home/ros2/ros2_ws/install/swiftpro/include/swiftpro/swiftpro/msg/rosidl_typesupport_introspection_c__visibility_control.h
[41.198s] -- Symlinking: /home/ros2/ros2_ws/install/swiftpro/include/swiftpro/swiftpro/srv/detail/send_gcode__rosidl_typesupport_introspection_c.h
[41.217s] -- Symlinking: /home/ros2/ros2_ws/install/swiftpro/include/swiftpro/swiftpro/msg/detail/angle4th__rosidl_typesupport_introspection_cpp.hpp
[41.233s] -- Symlinking: /home/ros2/ros2_ws/install/swiftpro/include/swiftpro/swiftpro/msg/detail/position__rosidl_typesupport_introspection_cpp.hpp
[41.250s] -- Symlinking: /home/ros2/ros2_ws/install/swiftpro/include/swiftpro/swiftpro/msg/detail/status__rosidl_typesupport_introspection_cpp.hpp
[41.265s] -- Symlinking: /home/ros2/ros2_ws/install/swiftpro/include/swiftpro/swiftpro/msg/detail/swiftpro_state__rosidl_typesupport_introspection_cpp.hpp
[41.286s] -- Symlinking: /home/ros2/ros2_ws/install/swiftpro/include/swiftpro/swiftpro/srv/detail/send_gcode__rosidl_typesupport_introspection_cpp.hpp
[41.301s] -- Symlinking: /home/ros2/ros2_ws/install/swiftpro/share/swiftpro/environment/pythonpath.sh
[41.317s] -- Symlinking: /home/ros2/ros2_ws/install/swiftpro/share/swiftpro/environment/pythonpath.dsv
[41.335s] -- Symlinking: /home/ros2/ros2_ws/install/swiftpro/lib/python3.12/site-packages/swiftpro-2.0.0-py3.12.egg-info/PKG-INFO
[41.353s] -- Symlinking: /home/ros2/ros2_ws/install/swiftpro/lib/python3.12/site-packages/swiftpro-2.0.0-py3.12.egg-info/SOURCES.txt
[41.369s] -- Symlinking: /home/ros2/ros2_ws/install/swiftpro/lib/python3.12/site-packages/swiftpro-2.0.0-py3.12.egg-info/dependency_links.txt
[41.390s] -- Symlinking: /home/ros2/ros2_ws/install/swiftpro/lib/python3.12/site-packages/swiftpro-2.0.0-py3.12.egg-info/top_level.txt
[41.408s] -- Symlinking: /home/ros2/ros2_ws/install/swiftpro/lib/python3.12/site-packages/swiftpro/__init__.py
[41.427s] -- Symlinking: /home/ros2/ros2_ws/install/swiftpro/lib/python3.12/site-packages/swiftpro/_swiftpro_s.ep.rosidl_typesupport_c.c
[41.443s] -- Symlinking: /home/ros2/ros2_ws/install/swiftpro/lib/python3.12/site-packages/swiftpro/_swiftpro_s.ep.rosidl_typesupport_fastrtps_c.c
[41.462s] -- Symlinking: /home/ros2/ros2_ws/install/swiftpro/lib/python3.12/site-packages/swiftpro/_swiftpro_s.ep.rosidl_typesupport_introspection_c.c
[41.483s] -- Symlinking: /home/ros2/ros2_ws/install/swiftpro/lib/python3.12/site-packages/swiftpro/msg/__init__.py
[41.502s] -- Symlinking: /home/ros2/ros2_ws/install/swiftpro/lib/python3.12/site-packages/swiftpro/msg/_angle4th.py
[41.521s] -- Symlinking: /home/ros2/ros2_ws/install/swiftpro/lib/python3.12/site-packages/swiftpro/msg/_angle4th_s.c
[41.540s] -- Symlinking: /home/ros2/ros2_ws/install/swiftpro/lib/python3.12/site-packages/swiftpro/msg/_position.py
[41.555s] -- Symlinking: /home/ros2/ros2_ws/install/swiftpro/lib/python3.12/site-packages/swiftpro/msg/_position_s.c
[41.576s] -- Symlinking: /home/ros2/ros2_ws/install/swiftpro/lib/python3.12/site-packages/swiftpro/msg/_status.py
[41.594s] -- Symlinking: /home/ros2/ros2_ws/install/swiftpro/lib/python3.12/site-packages/swiftpro/msg/_status_s.c
[41.611s] -- Symlinking: /home/ros2/ros2_ws/install/swiftpro/lib/python3.12/site-packages/swiftpro/msg/_swiftpro_state.py
[41.630s] -- Symlinking: /home/ros2/ros2_ws/install/swiftpro/lib/python3.12/site-packages/swiftpro/msg/_swiftpro_state_s.c
[41.652s] -- Symlinking: /home/ros2/ros2_ws/install/swiftpro/lib/python3.12/site-packages/swiftpro/srv/__init__.py
[41.674s] -- Symlinking: /home/ros2/ros2_ws/install/swiftpro/lib/python3.12/site-packages/swiftpro/srv/_send_gcode.py
[41.695s] -- Symlinking: /home/ros2/ros2_ws/install/swiftpro/lib/python3.12/site-packages/swiftpro/srv/_send_gcode_s.c
[41.716s] -- Symlinking: /home/ros2/ros2_ws/install/swiftpro/lib/python3.12/site-packages/swiftpro/swiftpro_s__rosidl_typesupport_c.so
[41.733s] -- Symlinking: /home/ros2/ros2_ws/install/swiftpro/lib/python3.12/site-packages/swiftpro/swiftpro_s__rosidl_typesupport_fastrtps_c.so
[41.749s] -- Symlinking: /home/ros2/ros2_ws/install/swiftpro/lib/python3.12/site-packages/swiftpro/swiftpro_s__rosidl_typesupport_introspection_c.so
[41.765s] -- Up-to-date symlink: /home/ros2/ros2_ws/install/swiftpro/lib/python3.12/site-packages/swiftpro/swiftpro_s__rosidl_typesupport_fastrtps_c.so
[41.765s] -- Up-to-date symlink: /home/ros2/ros2_ws/install/swiftpro/lib/python3.12/site-packages/swiftpro/swiftpro_s__rosidl_typesupport_introspection_c.so
[41.765s] -- Up-to-date symlink: /home/ros2/ros2_ws/install/swiftpro/lib/python3.12/site-packages/swiftpro/swiftpro_s__rosidl_typesupport_c.so
[41.766s] -- Symlinking: /home/ros2/ros2_ws/install/swiftpro/share/swiftpro/msg/SwiftproState.idl
[41.784s] -- Symlinking: /home/ros2/ros2_ws/install/swiftpro/share/swiftpro/msg/Position.idl
[41.800s] -- Symlinking: /home/ros2/ros2_ws/install/swiftpro/share/swiftpro/msg/Angle4th.idl
[41.817s] -- Symlinking: /home/ros2/ros2_ws/install/swiftpro/share/swiftpro/msg/Status.idl
[41.831s] -- Symlinking: /home/ros2/ros2_ws/install/swiftpro/share/swiftpro/srv/SendGcode.idl
[41.848s] -- Symlinking: /home/ros2/ros2_ws/install/swiftpro/share/swiftpro/msg/SwiftproState.msg
[41.866s] -- Symlinking: /home/ros2/ros2_ws/install/swiftpro/share/swiftpro/msg/Position.msg
[41.881s] -- Symlinking: /home/ros2/ros2_ws/install/swiftpro/share/swiftpro/msg/Angle4th.msg
[41.895s] -- Symlinking: /home/ros2/ros2_ws/install/swiftpro/share/swiftpro/msg/Status.msg
[41.910s] -- Symlinking: /home/ros2/ros2_ws/install/swiftpro/share/swiftpro/srv/SendGcode.srv
[41.927s] -- Symlinking: /home/ros2/ros2_ws/install/swiftpro/lib/swiftpro/swiftpro_write_node
[41.941s] -- Symlinking: /home/ros2/ros2_ws/install/swiftpro/lib/swiftpro/swiftpro_read_node
[41.956s] -- Symlinking: /home/ros2/ros2_ws/install/swiftpro/lib/swiftpro/swiftpro_rviz_node
[41.974s] -- Symlinking: /home/ros2/ros2_ws/install/swiftpro/share/swiftpro/urdf/pro_links/Base.STL
[41.989s] -- Symlinking: /home/ros2/ros2_ws/install/swiftpro/share/swiftpro/urdf/pro_links/Gripper.STL
[42.005s] -- Symlinking: /home/ros2/ros2_ws/install/swiftpro/share/swiftpro/urdf/pro_links/Link1.STL
[42.020s] -- Symlinking: /home/ros2/ros2_ws/install/swiftpro/share/swiftpro/urdf/pro_links/Link2.STL
[42.035s] -- Symlinking: /home/ros2/ros2_ws/install/swiftpro/share/swiftpro/urdf/pro_links/Link3.STL
[42.051s] -- Symlinking: /home/ros2/ros2_ws/install/swiftpro/share/swiftpro/urdf/pro_links/Link4.STL
[42.070s] -- Symlinking: /home/ros2/ros2_ws/install/swiftpro/share/swiftpro/urdf/pro_links/Link5.STL
[42.088s] -- Symlinking: /home/ros2/ros2_ws/install/swiftpro/share/swiftpro/urdf/pro_links/Link6.STL
[42.102s] -- Symlinking: /home/ros2/ros2_ws/install/swiftpro/share/swiftpro/urdf/pro_links/Link7.STL
[42.119s] -- Symlinking: /home/ros2/ros2_ws/install/swiftpro/share/swiftpro/urdf/pro_links/Link9.STL
[42.133s] -- Symlinking: /home/ros2/ros2_ws/install/swiftpro/share/swiftpro/urdf/pro_links/Suction.STL
[42.150s] -- Symlinking: /home/ros2/ros2_ws/install/swiftpro/share/swiftpro/urdf/pro_model.xacro
[42.167s] -- Symlinking: /home/ros2/ros2_ws/install/swiftpro/share/swiftpro/urdf/swift_links/Base.STL
[42.183s] -- Symlinking: /home/ros2/ros2_ws/install/swiftpro/share/swiftpro/urdf/swift_links/Gripper.STL
[42.198s] -- Symlinking: /home/ros2/ros2_ws/install/swiftpro/share/swiftpro/urdf/swift_links/Link1.STL
[42.214s] -- Symlinking: /home/ros2/ros2_ws/install/swiftpro/share/swiftpro/urdf/swift_links/Link2.STL
[42.228s] -- Symlinking: /home/ros2/ros2_ws/install/swiftpro/share/swiftpro/urdf/swift_links/Link3.STL
[42.244s] -- Symlinking: /home/ros2/ros2_ws/install/swiftpro/share/swiftpro/urdf/swift_links/Link4.STL
[42.259s] -- Symlinking: /home/ros2/ros2_ws/install/swiftpro/share/swiftpro/urdf/swift_links/Link5.STL
[42.275s] -- Symlinking: /home/ros2/ros2_ws/install/swiftpro/share/swiftpro/urdf/swift_links/Link6.STL
[42.296s] -- Symlinking: /home/ros2/ros2_ws/install/swiftpro/share/swiftpro/urdf/swift_links/Link7.STL
[42.312s] -- Symlinking: /home/ros2/ros2_ws/install/swiftpro/share/swiftpro/urdf/swift_links/Link9.STL
[42.328s] -- Symlinking: /home/ros2/ros2_ws/install/swiftpro/share/swiftpro/urdf/swift_links/Suction.STL
[42.343s] -- Symlinking: /home/ros2/ros2_ws/install/swiftpro/share/swiftpro/urdf/swift_model.urdf
[42.359s] -- Symlinking: /home/ros2/ros2_ws/install/swiftpro/share/swiftpro/urdf/swift_model.xacro
[42.376s] -- Symlinking: /home/ros2/ros2_ws/install/swiftpro/share/ament_index/resource_index/package_run_dependencies/swiftpro
[42.392s] -- Symlinking: /home/ros2/ros2_ws/install/swiftpro/share/ament_index/resource_index/parent_prefix_path/swiftpro
[42.409s] -- Symlinking: /home/ros2/ros2_ws/install/swiftpro/share/swiftpro/environment/ament_prefix_path.sh
[42.425s] -- Symlinking: /home/ros2/ros2_ws/install/swiftpro/share/swiftpro/environment/ament_prefix_path.dsv
[42.440s] -- Symlinking: /home/ros2/ros2_ws/install/swiftpro/share/swiftpro/environment/path.sh
[42.455s] -- Symlinking: /home/ros2/ros2_ws/install/swiftpro/share/swiftpro/environment/path.dsv
[42.470s] -- Symlinking: /home/ros2/ros2_ws/install/swiftpro/share/swiftpro/local_setup.bash
[42.487s] -- Symlinking: /home/ros2/ros2_ws/install/swiftpro/share/swiftpro/local_setup.sh
[42.502s] -- Symlinking: /home/ros2/ros2_ws/install/swiftpro/share/swiftpro/local_setup.zsh
[42.523s] -- Symlinking: /home/ros2/ros2_ws/install/swiftpro/share/swiftpro/local_setup.dsv
[42.541s] -- Symlinking: /home/ros2/ros2_ws/install/swiftpro/share/swiftpro/package.dsv
[42.559s] -- Symlinking: /home/ros2/ros2_ws/install/swiftpro/share/ament_index/resource_index/packages/swiftpro
[42.580s] -- Symlinking: /home/ros2/ros2_ws/install/swiftpro/share/swiftpro/cmake/rosidl_cmake-extras.cmake
[42.597s] -- Symlinking: /home/ros2/ros2_ws/install/swiftpro/share/swiftpro/cmake/ament_cmake_export_dependencies-extras.cmake
[42.613s] -- Symlinking: /home/ros2/ros2_ws/install/swiftpro/share/swiftpro/cmake/ament_cmake_export_include_directories-extras.cmake
[42.629s] -- Symlinking: /home/ros2/ros2_ws/install/swiftpro/share/swiftpro/cmake/ament_cmake_export_libraries-extras.cmake
[42.645s] -- Symlinking: /home/ros2/ros2_ws/install/swiftpro/share/swiftpro/cmake/ament_cmake_export_targets-extras.cmake
[42.663s] -- Symlinking: /home/ros2/ros2_ws/install/swiftpro/share/swiftpro/cmake/rosidl_cmake_export_typesupport_targets-extras.cmake
[42.683s] -- Symlinking: /home/ros2/ros2_ws/install/swiftpro/share/swiftpro/cmake/rosidl_cmake_export_typesupport_libraries-extras.cmake
[42.701s] -- Symlinking: /home/ros2/ros2_ws/install/swiftpro/share/swiftpro/cmake/swiftproConfig.cmake
[42.718s] -- Symlinking: /home/ros2/ros2_ws/install/swiftpro/share/swiftpro/cmake/swiftproConfig-version.cmake
[42.737s] -- Symlinking: /home/ros2/ros2_ws/install/swiftpro/share/swiftpro/package.xml
[42.755s] -- Installing: /home/ros2/ros2_ws/install/swiftpro/lib/libswiftpro__rosidl_generator_c.so
[42.756s] -- Set non-toolchain portion of runtime path of "/home/ros2/ros2_ws/install/swiftpro/lib/libswiftpro__rosidl_generator_c.so" to ""
[42.756s] -- Installing: /home/ros2/ros2_ws/install/swiftpro/lib/libswiftpro__rosidl_typesupport_fastrtps_c.so
[42.758s] -- Set non-toolchain portion of runtime path of "/home/ros2/ros2_ws/install/swiftpro/lib/libswiftpro__rosidl_typesupport_fastrtps_c.so" to ""
[42.758s] -- Installing: /home/ros2/ros2_ws/install/swiftpro/lib/libswiftpro__rosidl_typesupport_fastrtps_cpp.so
[42.759s] -- Set non-toolchain portion of runtime path of "/home/ros2/ros2_ws/install/swiftpro/lib/libswiftpro__rosidl_typesupport_fastrtps_cpp.so" to ""
[42.759s] -- Installing: /home/ros2/ros2_ws/install/swiftpro/lib/libswiftpro__rosidl_typesupport_introspection_c.so
[42.760s] -- Set non-toolchain portion of runtime path of "/home/ros2/ros2_ws/install/swiftpro/lib/libswiftpro__rosidl_typesupport_introspection_c.so" to ""
[42.761s] -- Installing: /home/ros2/ros2_ws/install/swiftpro/lib/libswiftpro__rosidl_typesupport_c.so
[42.761s] -- Set non-toolchain portion of runtime path of "/home/ros2/ros2_ws/install/swiftpro/lib/libswiftpro__rosidl_typesupport_c.so" to ""
[42.761s] -- Installing: /home/ros2/ros2_ws/install/swiftpro/lib/libswiftpro__rosidl_typesupport_introspection_cpp.so
[42.762s] -- Set non-toolchain portion of runtime path of "/home/ros2/ros2_ws/install/swiftpro/lib/libswiftpro__rosidl_typesupport_introspection_cpp.so" to ""
[42.762s] -- Installing: /home/ros2/ros2_ws/install/swiftpro/lib/libswiftpro__rosidl_typesupport_cpp.so
[42.763s] -- Set non-toolchain portion of runtime path of "/home/ros2/ros2_ws/install/swiftpro/lib/libswiftpro__rosidl_typesupport_cpp.so" to ""
[42.833s] Listing '/home/ros2/ros2_ws/install/swiftpro/lib/python3.12/site-packages/swiftpro'...
[42.834s] Compiling '/home/ros2/ros2_ws/install/swiftpro/lib/python3.12/site-packages/swiftpro/__init__.py'...
[42.834s] Listing '/home/ros2/ros2_ws/install/swiftpro/lib/python3.12/site-packages/swiftpro/msg'...
[42.834s] Compiling '/home/ros2/ros2_ws/install/swiftpro/lib/python3.12/site-packages/swiftpro/msg/__init__.py'...
[42.834s] Compiling '/home/ros2/ros2_ws/install/swiftpro/lib/python3.12/site-packages/swiftpro/msg/_angle4th.py'...
[42.834s] Compiling '/home/ros2/ros2_ws/install/swiftpro/lib/python3.12/site-packages/swiftpro/msg/_position.py'...
[42.834s] Compiling '/home/ros2/ros2_ws/install/swiftpro/lib/python3.12/site-packages/swiftpro/msg/_status.py'...
[42.834s] Compiling '/home/ros2/ros2_ws/install/swiftpro/lib/python3.12/site-packages/swiftpro/msg/_swiftpro_state.py'...
[42.834s] Listing '/home/ros2/ros2_ws/install/swiftpro/lib/python3.12/site-packages/swiftpro/srv'...
[42.835s] Compiling '/home/ros2/ros2_ws/install/swiftpro/lib/python3.12/site-packages/swiftpro/srv/__init__.py'...
[42.835s] Compiling '/home/ros2/ros2_ws/install/swiftpro/lib/python3.12/site-packages/swiftpro/srv/_send_gcode.py'...
[42.841s] -- Installing: /home/ros2/ros2_ws/install/swiftpro/lib/libswiftpro__rosidl_generator_py.so
[42.842s] -- Set non-toolchain portion of runtime path of "/home/ros2/ros2_ws/install/swiftpro/lib/libswiftpro__rosidl_generator_py.so" to ""
[42.842s] -- Installing: /home/ros2/ros2_ws/install/swiftpro/share/swiftpro/launch
[42.843s] -- Installing: /home/ros2/ros2_ws/install/swiftpro/share/swiftpro/launch/pro_control.launch.py
[42.843s] -- Installing: /home/ros2/ros2_ws/install/swiftpro/share/swiftpro/launch/__pycache__
[42.844s] -- Installing: /home/ros2/ros2_ws/install/swiftpro/share/swiftpro/cmake/export_swiftpro__rosidl_generator_cExport.cmake
[42.844s] -- Installing: /home/ros2/ros2_ws/install/swiftpro/share/swiftpro/cmake/export_swiftpro__rosidl_generator_cExport-noconfig.cmake
[42.845s] -- Installing: /home/ros2/ros2_ws/install/swiftpro/share/swiftpro/cmake/export_swiftpro__rosidl_typesupport_fastrtps_cExport.cmake
[42.845s] -- Installing: /home/ros2/ros2_ws/install/swiftpro/share/swiftpro/cmake/export_swiftpro__rosidl_typesupport_fastrtps_cExport-noconfig.cmake
[42.845s] -- Installing: /home/ros2/ros2_ws/install/swiftpro/share/swiftpro/cmake/export_swiftpro__rosidl_generator_cppExport.cmake
[42.845s] -- Installing: /home/ros2/ros2_ws/install/swiftpro/share/swiftpro/cmake/export_swiftpro__rosidl_typesupport_fastrtps_cppExport.cmake
[42.846s] -- Installing: /home/ros2/ros2_ws/install/swiftpro/share/swiftpro/cmake/export_swiftpro__rosidl_typesupport_fastrtps_cppExport-noconfig.cmake
[42.846s] -- Installing: /home/ros2/ros2_ws/install/swiftpro/share/swiftpro/cmake/swiftpro__rosidl_typesupport_introspection_cExport.cmake
[42.846s] -- Installing: /home/ros2/ros2_ws/install/swiftpro/share/swiftpro/cmake/swiftpro__rosidl_typesupport_introspection_cExport-noconfig.cmake
[42.847s] -- Installing: /home/ros2/ros2_ws/install/swiftpro/share/swiftpro/cmake/swiftpro__rosidl_typesupport_cExport.cmake
[42.847s] -- Installing: /home/ros2/ros2_ws/install/swiftpro/share/swiftpro/cmake/swiftpro__rosidl_typesupport_cExport-noconfig.cmake
[42.847s] -- Installing: /home/ros2/ros2_ws/install/swiftpro/share/swiftpro/cmake/swiftpro__rosidl_typesupport_introspection_cppExport.cmake
[42.848s] -- Installing: /home/ros2/ros2_ws/install/swiftpro/share/swiftpro/cmake/swiftpro__rosidl_typesupport_introspection_cppExport-noconfig.cmake
[42.848s] -- Installing: /home/ros2/ros2_ws/install/swiftpro/share/swiftpro/cmake/swiftpro__rosidl_typesupport_cppExport.cmake
[42.848s] -- Installing: /home/ros2/ros2_ws/install/swiftpro/share/swiftpro/cmake/swiftpro__rosidl_typesupport_cppExport-noconfig.cmake
[42.849s] -- Installing: /home/ros2/ros2_ws/install/swiftpro/share/swiftpro/cmake/export_swiftpro__rosidl_generator_pyExport.cmake
[42.849s] -- Installing: /home/ros2/ros2_ws/install/swiftpro/share/swiftpro/cmake/export_swiftpro__rosidl_generator_pyExport-noconfig.cmake
[42.854s] Invoked command in '/home/ros2/ros2_ws/build/swiftpro' returned '0': CMAKE_PREFIX_PATH=${CMAKE_PREFIX_PATH}:/opt/ros/jazzy /usr/bin/cmake --install /home/ros2/ros2_ws/build/swiftpro
