[0.032s] Invoking command in '/home/ros2/ros2_ws/build/uarm_interfaces': CMAKE_PREFIX_PATH=/opt/ros/jazzy /usr/bin/cmake /home/ros2/ros2_ws/src/uarm_interfaces -DAMENT_CMAKE_SYMLINK_INSTALL=1 -DCMAKE_INSTALL_PREFIX=/home/ros2/ros2_ws/install/uarm_interfaces
[0.454s] -- The C compiler identification is GNU 13.3.0
[1.582s] -- The CXX compiler identification is GNU 13.3.0
[2.558s] -- Detecting C compiler ABI info
[2.982s] -- Detecting C compiler ABI info - done
[2.995s] -- Check for working C compiler: /usr/bin/cc - skipped
[3.004s] -- Detecting C compile features
[3.005s] -- Detecting C compile features - done
[3.155s] -- Detecting CXX compiler ABI info
[3.671s] -- Detecting CXX compiler ABI info - done
[3.685s] -- Check for working CXX compiler: /usr/bin/c++ - skipped
[3.685s] -- Detecting CXX compile features
[3.686s] -- Detecting CXX compile features - done
[3.710s] -- Found ament_cmake: 2.5.5 (/opt/ros/jazzy/share/ament_cmake/cmake)
[3.912s] -- Found Python3: /usr/bin/python3 (found version "3.12.3") found components: Interpreter 
[4.026s] -- Override CMake install command with custom implementation using symlinks instead of copying resources
[4.082s] -- Found rosidl_default_generators: 1.6.0 (/opt/ros/jazzy/share/rosidl_default_generators/cmake)
[4.095s] -- Using all available rosidl_typesupport_c: rosidl_typesupport_fastrtps_c;rosidl_typesupport_introspection_c
[4.419s] -- Using all available rosidl_typesupport_cpp: rosidl_typesupport_fastrtps_cpp;rosidl_typesupport_introspection_cpp
[4.502s] -- Found rosidl_adapter: 4.6.7 (/opt/ros/jazzy/share/rosidl_adapter/cmake)
[4.509s] -- Found action_msgs: 2.0.3 (/opt/ros/jazzy/share/action_msgs/cmake)
[5.466s] -- Found ament_cmake_ros: 0.12.0 (/opt/ros/jazzy/share/ament_cmake_ros/cmake)
[6.088s] -- Using all available rosidl_typesupport_c: rosidl_typesupport_fastrtps_c;rosidl_typesupport_introspection_c
[6.934s] -- Using all available rosidl_typesupport_cpp: rosidl_typesupport_fastrtps_cpp;rosidl_typesupport_introspection_cpp
[6.940s] -- Found python_cmake_module: 0.11.1 (/opt/ros/jazzy/share/python_cmake_module/cmake)
[7.128s] -- Found PythonExtra: /usr/bin/python3  
[7.829s] -- Found Python3: /usr/bin/python3 (found version "3.12.3") found components: Interpreter Development NumPy Development.Module Development.Embed 
[7.887s] -- Found ament_lint_auto: 0.17.4 (/opt/ros/jazzy/share/ament_lint_auto/cmake)
[7.937s] -- Added test 'lint_cmake' to check CMake code style
[7.941s] -- Added test 'xmllint' to check XML markup files
[7.949s] -- Configuring done (7.9s)
[8.054s] -- Generating done (0.1s)
[8.072s] -- Build files have been written to: /home/ros2/ros2_ws/build/uarm_interfaces
[8.087s] Invoked command in '/home/ros2/ros2_ws/build/uarm_interfaces' returned '0': CMAKE_PREFIX_PATH=/opt/ros/jazzy /usr/bin/cmake /home/ros2/ros2_ws/src/uarm_interfaces -DAMENT_CMAKE_SYMLINK_INSTALL=1 -DCMAKE_INSTALL_PREFIX=/home/ros2/ros2_ws/install/uarm_interfaces
[8.088s] Invoking command in '/home/ros2/ros2_ws/build/uarm_interfaces': CMAKE_PREFIX_PATH=/opt/ros/jazzy /usr/bin/cmake --build /home/ros2/ros2_ws/build/uarm_interfaces -- -j12 -l12
[8.177s] [  2%] [34m[1mGenerating type hashes for ROS interfaces[0m
[8.190s] [  2%] Built target ament_cmake_python_symlink_uarm_interfaces
[8.464s] [  2%] Built target uarm_interfaces__rosidl_generator_type_description
[8.479s] running egg_info
[8.483s] creating uarm_interfaces.egg-info
[8.489s] [  5%] [34m[1mGenerating C code for ROS interfaces[0m
[8.507s] [  8%] [34m[1mGenerating C++ code for ROS interfaces[0m
[8.516s] writing uarm_interfaces.egg-info/PKG-INFO
[8.517s] writing dependency_links to uarm_interfaces.egg-info/dependency_links.txt
[8.517s] writing top-level names to uarm_interfaces.egg-info/top_level.txt
[8.517s] writing manifest file 'uarm_interfaces.egg-info/SOURCES.txt'
[8.591s] reading manifest file 'uarm_interfaces.egg-info/SOURCES.txt'
[8.592s] writing manifest file 'uarm_interfaces.egg-info/SOURCES.txt'
[8.642s] [  8%] Built target ament_cmake_python_build_uarm_interfaces_egg
[9.102s] [  8%] Built target uarm_interfaces__cpp
[9.160s] [ 11%] [32mBuilding C object CMakeFiles/uarm_interfaces__rosidl_generator_c.dir/rosidl_generator_c/uarm_interfaces/action/detail/pick_place__description.c.o[0m
[9.160s] [ 14%] [32mBuilding C object CMakeFiles/uarm_interfaces__rosidl_generator_c.dir/rosidl_generator_c/uarm_interfaces/action/detail/pick_place__functions.c.o[0m
[9.161s] [ 17%] [32mBuilding C object CMakeFiles/uarm_interfaces__rosidl_generator_c.dir/rosidl_generator_c/uarm_interfaces/action/detail/pick_place__type_support.c.o[0m
[9.414s] [ 20%] [32m[1mLinking C shared library libuarm_interfaces__rosidl_generator_c.so[0m
[9.620s] [ 20%] Built target uarm_interfaces__rosidl_generator_c
[9.636s] [ 23%] [34m[1mGenerating C++ type support dispatch for ROS interfaces[0m
[9.638s] [ 29%] [34m[1mGenerating C introspection for ROS interfaces[0m
[9.638s] [ 29%] [34m[1mGenerating C++ type support for eProsima Fast-RTPS[0m
[9.638s] [ 32%] [34m[1mGenerating C type support for eProsima Fast-RTPS[0m
[9.639s] [ 35%] [34m[1mGenerating C type support dispatch for ROS interfaces[0m
[9.643s] [ 38%] [34m[1mGenerating C++ introspection for ROS interfaces[0m
[10.180s] [ 41%] [32mBuilding CXX object CMakeFiles/uarm_interfaces__rosidl_typesupport_cpp.dir/rosidl_typesupport_cpp/uarm_interfaces/action/pick_place__type_support.cpp.o[0m
[10.183s] [ 44%] [32mBuilding CXX object CMakeFiles/uarm_interfaces__rosidl_typesupport_c.dir/rosidl_typesupport_c/uarm_interfaces/action/pick_place__type_support.cpp.o[0m
[10.343s] [ 47%] [32mBuilding CXX object CMakeFiles/uarm_interfaces__rosidl_typesupport_introspection_cpp.dir/rosidl_typesupport_introspection_cpp/uarm_interfaces/action/detail/pick_place__type_support.cpp.o[0m
[10.382s] [ 50%] [32m[1mLinking CXX shared library libuarm_interfaces__rosidl_typesupport_c.so[0m
[10.402s] [ 52%] [32mBuilding C object CMakeFiles/uarm_interfaces__rosidl_typesupport_introspection_c.dir/rosidl_typesupport_introspection_c/uarm_interfaces/action/detail/pick_place__type_support.c.o[0m
[10.570s] [ 55%] [32m[1mLinking C shared library libuarm_interfaces__rosidl_typesupport_introspection_c.so[0m
[10.604s] [ 58%] [32mBuilding CXX object CMakeFiles/uarm_interfaces__rosidl_typesupport_fastrtps_cpp.dir/rosidl_typesupport_fastrtps_cpp/uarm_interfaces/action/detail/dds_fastrtps/pick_place__type_support.cpp.o[0m
[10.716s] [ 61%] [32mBuilding CXX object CMakeFiles/uarm_interfaces__rosidl_typesupport_fastrtps_c.dir/rosidl_typesupport_fastrtps_c/uarm_interfaces/action/detail/pick_place__type_support_c.cpp.o[0m
[10.743s] [ 61%] Built target uarm_interfaces__rosidl_typesupport_c
[10.877s] [ 61%] Built target uarm_interfaces__rosidl_typesupport_introspection_c
[11.865s] [ 64%] [32m[1mLinking CXX shared library libuarm_interfaces__rosidl_typesupport_cpp.so[0m
[11.959s] [ 67%] [32m[1mLinking CXX shared library libuarm_interfaces__rosidl_typesupport_introspection_cpp.so[0m
[12.027s] [ 70%] [32m[1mLinking CXX shared library libuarm_interfaces__rosidl_typesupport_fastrtps_c.so[0m
[12.265s] [ 70%] Built target uarm_interfaces__rosidl_typesupport_cpp
[12.355s] [ 70%] Built target uarm_interfaces__rosidl_typesupport_introspection_cpp
[12.438s] [ 70%] Built target uarm_interfaces__rosidl_typesupport_fastrtps_c
[12.713s] [ 73%] [32m[1mLinking CXX shared library libuarm_interfaces__rosidl_typesupport_fastrtps_cpp.so[0m
[13.056s] [ 73%] Built target uarm_interfaces__rosidl_typesupport_fastrtps_cpp
[13.093s] [ 73%] Built target uarm_interfaces
[13.129s] [ 76%] [34m[1mGenerating Python code for ROS interfaces[0m
[14.219s] [ 76%] Built target uarm_interfaces__py
[14.265s] [ 79%] [32mBuilding C object CMakeFiles/uarm_interfaces__rosidl_generator_py.dir/rosidl_generator_py/uarm_interfaces/action/_pick_place_s.c.o[0m
[14.717s] [ 82%] [32m[1mLinking C shared library libuarm_interfaces__rosidl_generator_py.so[0m
[14.987s] [ 82%] Built target uarm_interfaces__rosidl_generator_py
[15.024s] [ 85%] [32mBuilding C object CMakeFiles/uarm_interfaces_s__rosidl_typesupport_introspection_c.dir/rosidl_generator_py/uarm_interfaces/_uarm_interfaces_s.ep.rosidl_typesupport_introspection_c.c.o[0m
[15.027s] [ 88%] [32mBuilding C object CMakeFiles/uarm_interfaces_s__rosidl_typesupport_c.dir/rosidl_generator_py/uarm_interfaces/_uarm_interfaces_s.ep.rosidl_typesupport_c.c.o[0m
[15.027s] [ 91%] [32mBuilding C object CMakeFiles/uarm_interfaces_s__rosidl_typesupport_fastrtps_c.dir/rosidl_generator_py/uarm_interfaces/_uarm_interfaces_s.ep.rosidl_typesupport_fastrtps_c.c.o[0m
[15.416s] [ 94%] [32m[1mLinking C shared module rosidl_generator_py/uarm_interfaces/uarm_interfaces_s__rosidl_typesupport_c.so[0m
[15.419s] [ 97%] [32m[1mLinking C shared module rosidl_generator_py/uarm_interfaces/uarm_interfaces_s__rosidl_typesupport_introspection_c.so[0m
[15.457s] [100%] [32m[1mLinking C shared module rosidl_generator_py/uarm_interfaces/uarm_interfaces_s__rosidl_typesupport_fastrtps_c.so[0m
[15.614s] [100%] Built target uarm_interfaces_s__rosidl_typesupport_c
[15.615s] [100%] Built target uarm_interfaces_s__rosidl_typesupport_introspection_c
[15.769s] [100%] Built target uarm_interfaces_s__rosidl_typesupport_fastrtps_c
[15.804s] Invoked command in '/home/ros2/ros2_ws/build/uarm_interfaces' returned '0': CMAKE_PREFIX_PATH=/opt/ros/jazzy /usr/bin/cmake --build /home/ros2/ros2_ws/build/uarm_interfaces -- -j12 -l12
[15.829s] Invoking command in '/home/ros2/ros2_ws/build/uarm_interfaces': CMAKE_PREFIX_PATH=/opt/ros/jazzy /usr/bin/cmake --install /home/ros2/ros2_ws/build/uarm_interfaces
[15.852s] -- Install configuration: ""
[15.854s] -- Execute custom install script
[15.859s] -- Symlinking: /home/ros2/ros2_ws/install/uarm_interfaces/share/ament_index/resource_index/rosidl_interfaces/uarm_interfaces
[15.884s] -- Symlinking: /home/ros2/ros2_ws/install/uarm_interfaces/share/uarm_interfaces/action/PickPlace.json
[15.912s] -- Symlinking: /home/ros2/ros2_ws/install/uarm_interfaces/include/uarm_interfaces/uarm_interfaces/action/detail/pick_place__functions.h
[15.933s] -- Symlinking: /home/ros2/ros2_ws/install/uarm_interfaces/include/uarm_interfaces/uarm_interfaces/action/detail/pick_place__struct.h
[15.952s] -- Symlinking: /home/ros2/ros2_ws/install/uarm_interfaces/include/uarm_interfaces/uarm_interfaces/action/detail/pick_place__type_support.h
[15.971s] -- Symlinking: /home/ros2/ros2_ws/install/uarm_interfaces/include/uarm_interfaces/uarm_interfaces/action/pick_place.h
[15.990s] -- Symlinking: /home/ros2/ros2_ws/install/uarm_interfaces/include/uarm_interfaces/uarm_interfaces/msg/rosidl_generator_c__visibility_control.h
[16.008s] -- Symlinking: /home/ros2/ros2_ws/install/uarm_interfaces/share/uarm_interfaces/environment/library_path.sh
[16.024s] -- Symlinking: /home/ros2/ros2_ws/install/uarm_interfaces/share/uarm_interfaces/environment/library_path.dsv
[16.043s] -- Symlinking: /home/ros2/ros2_ws/install/uarm_interfaces/include/uarm_interfaces/uarm_interfaces/action/detail/pick_place__rosidl_typesupport_fastrtps_c.h
[16.060s] -- Symlinking: /home/ros2/ros2_ws/install/uarm_interfaces/include/uarm_interfaces/uarm_interfaces/msg/rosidl_typesupport_fastrtps_c__visibility_control.h
[16.078s] -- Symlinking: /home/ros2/ros2_ws/install/uarm_interfaces/include/uarm_interfaces/uarm_interfaces/action/detail/pick_place__rosidl_typesupport_introspection_c.h
[16.100s] -- Symlinking: /home/ros2/ros2_ws/install/uarm_interfaces/include/uarm_interfaces/uarm_interfaces/msg/rosidl_typesupport_introspection_c__visibility_control.h
[16.118s] -- Symlinking: /home/ros2/ros2_ws/install/uarm_interfaces/include/uarm_interfaces/uarm_interfaces/action/detail/pick_place__builder.hpp
[16.134s] -- Symlinking: /home/ros2/ros2_ws/install/uarm_interfaces/include/uarm_interfaces/uarm_interfaces/action/detail/pick_place__struct.hpp
[16.152s] -- Symlinking: /home/ros2/ros2_ws/install/uarm_interfaces/include/uarm_interfaces/uarm_interfaces/action/detail/pick_place__traits.hpp
[16.170s] -- Symlinking: /home/ros2/ros2_ws/install/uarm_interfaces/include/uarm_interfaces/uarm_interfaces/action/detail/pick_place__type_support.hpp
[16.190s] -- Symlinking: /home/ros2/ros2_ws/install/uarm_interfaces/include/uarm_interfaces/uarm_interfaces/action/pick_place.hpp
[16.211s] -- Symlinking: /home/ros2/ros2_ws/install/uarm_interfaces/include/uarm_interfaces/uarm_interfaces/msg/rosidl_generator_cpp__visibility_control.hpp
[16.229s] -- Symlinking: /home/ros2/ros2_ws/install/uarm_interfaces/include/uarm_interfaces/uarm_interfaces/action/detail/pick_place__rosidl_typesupport_fastrtps_cpp.hpp
[16.250s] -- Symlinking: /home/ros2/ros2_ws/install/uarm_interfaces/include/uarm_interfaces/uarm_interfaces/msg/rosidl_typesupport_fastrtps_cpp__visibility_control.h
[16.285s] -- Symlinking: /home/ros2/ros2_ws/install/uarm_interfaces/include/uarm_interfaces/uarm_interfaces/action/detail/pick_place__rosidl_typesupport_introspection_cpp.hpp
[16.316s] -- Symlinking: /home/ros2/ros2_ws/install/uarm_interfaces/share/uarm_interfaces/environment/pythonpath.sh
[16.341s] -- Symlinking: /home/ros2/ros2_ws/install/uarm_interfaces/share/uarm_interfaces/environment/pythonpath.dsv
[16.368s] -- Symlinking: /home/ros2/ros2_ws/install/uarm_interfaces/lib/python3.12/site-packages/uarm_interfaces-0.0.0-py3.12.egg-info/PKG-INFO
[16.395s] -- Symlinking: /home/ros2/ros2_ws/install/uarm_interfaces/lib/python3.12/site-packages/uarm_interfaces-0.0.0-py3.12.egg-info/SOURCES.txt
[16.420s] -- Symlinking: /home/ros2/ros2_ws/install/uarm_interfaces/lib/python3.12/site-packages/uarm_interfaces-0.0.0-py3.12.egg-info/dependency_links.txt
[16.440s] -- Symlinking: /home/ros2/ros2_ws/install/uarm_interfaces/lib/python3.12/site-packages/uarm_interfaces-0.0.0-py3.12.egg-info/top_level.txt
[16.465s] -- Symlinking: /home/ros2/ros2_ws/install/uarm_interfaces/lib/python3.12/site-packages/uarm_interfaces/__init__.py
[16.491s] -- Symlinking: /home/ros2/ros2_ws/install/uarm_interfaces/lib/python3.12/site-packages/uarm_interfaces/_uarm_interfaces_s.ep.rosidl_typesupport_c.c
[16.515s] -- Symlinking: /home/ros2/ros2_ws/install/uarm_interfaces/lib/python3.12/site-packages/uarm_interfaces/_uarm_interfaces_s.ep.rosidl_typesupport_fastrtps_c.c
[16.538s] -- Symlinking: /home/ros2/ros2_ws/install/uarm_interfaces/lib/python3.12/site-packages/uarm_interfaces/_uarm_interfaces_s.ep.rosidl_typesupport_introspection_c.c
[16.559s] -- Symlinking: /home/ros2/ros2_ws/install/uarm_interfaces/lib/python3.12/site-packages/uarm_interfaces/action/__init__.py
[16.580s] -- Symlinking: /home/ros2/ros2_ws/install/uarm_interfaces/lib/python3.12/site-packages/uarm_interfaces/action/_pick_place.py
[16.600s] -- Symlinking: /home/ros2/ros2_ws/install/uarm_interfaces/lib/python3.12/site-packages/uarm_interfaces/action/_pick_place_s.c
[16.622s] -- Symlinking: /home/ros2/ros2_ws/install/uarm_interfaces/lib/python3.12/site-packages/uarm_interfaces/uarm_interfaces_s__rosidl_typesupport_c.so
[16.646s] -- Symlinking: /home/ros2/ros2_ws/install/uarm_interfaces/lib/python3.12/site-packages/uarm_interfaces/uarm_interfaces_s__rosidl_typesupport_fastrtps_c.so
[16.670s] -- Symlinking: /home/ros2/ros2_ws/install/uarm_interfaces/lib/python3.12/site-packages/uarm_interfaces/uarm_interfaces_s__rosidl_typesupport_introspection_c.so
[16.691s] -- Up-to-date symlink: /home/ros2/ros2_ws/install/uarm_interfaces/lib/python3.12/site-packages/uarm_interfaces/uarm_interfaces_s__rosidl_typesupport_fastrtps_c.so
[16.692s] -- Up-to-date symlink: /home/ros2/ros2_ws/install/uarm_interfaces/lib/python3.12/site-packages/uarm_interfaces/uarm_interfaces_s__rosidl_typesupport_introspection_c.so
[16.692s] -- Up-to-date symlink: /home/ros2/ros2_ws/install/uarm_interfaces/lib/python3.12/site-packages/uarm_interfaces/uarm_interfaces_s__rosidl_typesupport_c.so
[16.692s] -- Symlinking: /home/ros2/ros2_ws/install/uarm_interfaces/share/uarm_interfaces/action/PickPlace.idl
[16.716s] -- Symlinking: /home/ros2/ros2_ws/install/uarm_interfaces/share/uarm_interfaces/action/PickPlace.action
[16.735s] -- Symlinking: /home/ros2/ros2_ws/install/uarm_interfaces/share/ament_index/resource_index/package_run_dependencies/uarm_interfaces
[16.758s] -- Symlinking: /home/ros2/ros2_ws/install/uarm_interfaces/share/ament_index/resource_index/parent_prefix_path/uarm_interfaces
[16.777s] -- Symlinking: /home/ros2/ros2_ws/install/uarm_interfaces/share/uarm_interfaces/environment/ament_prefix_path.sh
[16.803s] -- Symlinking: /home/ros2/ros2_ws/install/uarm_interfaces/share/uarm_interfaces/environment/ament_prefix_path.dsv
[16.821s] -- Symlinking: /home/ros2/ros2_ws/install/uarm_interfaces/share/uarm_interfaces/environment/path.sh
[16.847s] -- Symlinking: /home/ros2/ros2_ws/install/uarm_interfaces/share/uarm_interfaces/environment/path.dsv
[16.868s] -- Symlinking: /home/ros2/ros2_ws/install/uarm_interfaces/share/uarm_interfaces/local_setup.bash
[16.893s] -- Symlinking: /home/ros2/ros2_ws/install/uarm_interfaces/share/uarm_interfaces/local_setup.sh
[16.937s] -- Symlinking: /home/ros2/ros2_ws/install/uarm_interfaces/share/uarm_interfaces/local_setup.zsh
[16.958s] -- Symlinking: /home/ros2/ros2_ws/install/uarm_interfaces/share/uarm_interfaces/local_setup.dsv
[16.984s] -- Symlinking: /home/ros2/ros2_ws/install/uarm_interfaces/share/uarm_interfaces/package.dsv
[17.004s] -- Symlinking: /home/ros2/ros2_ws/install/uarm_interfaces/share/ament_index/resource_index/packages/uarm_interfaces
[17.025s] -- Symlinking: /home/ros2/ros2_ws/install/uarm_interfaces/share/uarm_interfaces/cmake/rosidl_cmake-extras.cmake
[17.044s] -- Symlinking: /home/ros2/ros2_ws/install/uarm_interfaces/share/uarm_interfaces/cmake/ament_cmake_export_dependencies-extras.cmake
[17.067s] -- Symlinking: /home/ros2/ros2_ws/install/uarm_interfaces/share/uarm_interfaces/cmake/ament_cmake_export_include_directories-extras.cmake
[17.087s] -- Symlinking: /home/ros2/ros2_ws/install/uarm_interfaces/share/uarm_interfaces/cmake/ament_cmake_export_libraries-extras.cmake
[17.113s] -- Symlinking: /home/ros2/ros2_ws/install/uarm_interfaces/share/uarm_interfaces/cmake/ament_cmake_export_targets-extras.cmake
[17.134s] -- Symlinking: /home/ros2/ros2_ws/install/uarm_interfaces/share/uarm_interfaces/cmake/rosidl_cmake_export_typesupport_targets-extras.cmake
[17.156s] -- Symlinking: /home/ros2/ros2_ws/install/uarm_interfaces/share/uarm_interfaces/cmake/rosidl_cmake_export_typesupport_libraries-extras.cmake
[17.174s] -- Symlinking: /home/ros2/ros2_ws/install/uarm_interfaces/share/uarm_interfaces/cmake/uarm_interfacesConfig.cmake
[17.191s] -- Symlinking: /home/ros2/ros2_ws/install/uarm_interfaces/share/uarm_interfaces/cmake/uarm_interfacesConfig-version.cmake
[17.216s] -- Symlinking: /home/ros2/ros2_ws/install/uarm_interfaces/share/uarm_interfaces/package.xml
[17.232s] -- Installing: /home/ros2/ros2_ws/install/uarm_interfaces/lib/libuarm_interfaces__rosidl_generator_c.so
[17.233s] -- Set non-toolchain portion of runtime path of "/home/ros2/ros2_ws/install/uarm_interfaces/lib/libuarm_interfaces__rosidl_generator_c.so" to ""
[17.233s] -- Installing: /home/ros2/ros2_ws/install/uarm_interfaces/lib/libuarm_interfaces__rosidl_typesupport_fastrtps_c.so
[17.234s] -- Set non-toolchain portion of runtime path of "/home/ros2/ros2_ws/install/uarm_interfaces/lib/libuarm_interfaces__rosidl_typesupport_fastrtps_c.so" to ""
[17.234s] -- Installing: /home/ros2/ros2_ws/install/uarm_interfaces/lib/libuarm_interfaces__rosidl_typesupport_introspection_c.so
[17.235s] -- Set non-toolchain portion of runtime path of "/home/ros2/ros2_ws/install/uarm_interfaces/lib/libuarm_interfaces__rosidl_typesupport_introspection_c.so" to ""
[17.235s] -- Installing: /home/ros2/ros2_ws/install/uarm_interfaces/lib/libuarm_interfaces__rosidl_typesupport_c.so
[17.236s] -- Set non-toolchain portion of runtime path of "/home/ros2/ros2_ws/install/uarm_interfaces/lib/libuarm_interfaces__rosidl_typesupport_c.so" to ""
[17.236s] -- Installing: /home/ros2/ros2_ws/install/uarm_interfaces/lib/libuarm_interfaces__rosidl_typesupport_fastrtps_cpp.so
[17.237s] -- Set non-toolchain portion of runtime path of "/home/ros2/ros2_ws/install/uarm_interfaces/lib/libuarm_interfaces__rosidl_typesupport_fastrtps_cpp.so" to ""
[17.237s] -- Installing: /home/ros2/ros2_ws/install/uarm_interfaces/lib/libuarm_interfaces__rosidl_typesupport_introspection_cpp.so
[17.238s] -- Set non-toolchain portion of runtime path of "/home/ros2/ros2_ws/install/uarm_interfaces/lib/libuarm_interfaces__rosidl_typesupport_introspection_cpp.so" to ""
[17.238s] -- Installing: /home/ros2/ros2_ws/install/uarm_interfaces/lib/libuarm_interfaces__rosidl_typesupport_cpp.so
[17.239s] -- Set non-toolchain portion of runtime path of "/home/ros2/ros2_ws/install/uarm_interfaces/lib/libuarm_interfaces__rosidl_typesupport_cpp.so" to ""
[17.320s] Listing '/home/ros2/ros2_ws/install/uarm_interfaces/lib/python3.12/site-packages/uarm_interfaces'...
[17.320s] Compiling '/home/ros2/ros2_ws/install/uarm_interfaces/lib/python3.12/site-packages/uarm_interfaces/__init__.py'...
[17.321s] Listing '/home/ros2/ros2_ws/install/uarm_interfaces/lib/python3.12/site-packages/uarm_interfaces/action'...
[17.321s] Compiling '/home/ros2/ros2_ws/install/uarm_interfaces/lib/python3.12/site-packages/uarm_interfaces/action/__init__.py'...
[17.321s] Compiling '/home/ros2/ros2_ws/install/uarm_interfaces/lib/python3.12/site-packages/uarm_interfaces/action/_pick_place.py'...
[17.333s] -- Installing: /home/ros2/ros2_ws/install/uarm_interfaces/lib/libuarm_interfaces__rosidl_generator_py.so
[17.334s] -- Set non-toolchain portion of runtime path of "/home/ros2/ros2_ws/install/uarm_interfaces/lib/libuarm_interfaces__rosidl_generator_py.so" to ""
[17.334s] -- Installing: /home/ros2/ros2_ws/install/uarm_interfaces/share/uarm_interfaces/cmake/export_uarm_interfaces__rosidl_generator_cExport.cmake
[17.335s] -- Installing: /home/ros2/ros2_ws/install/uarm_interfaces/share/uarm_interfaces/cmake/export_uarm_interfaces__rosidl_generator_cExport-noconfig.cmake
[17.335s] -- Installing: /home/ros2/ros2_ws/install/uarm_interfaces/share/uarm_interfaces/cmake/export_uarm_interfaces__rosidl_typesupport_fastrtps_cExport.cmake
[17.335s] -- Installing: /home/ros2/ros2_ws/install/uarm_interfaces/share/uarm_interfaces/cmake/export_uarm_interfaces__rosidl_typesupport_fastrtps_cExport-noconfig.cmake
[17.336s] -- Installing: /home/ros2/ros2_ws/install/uarm_interfaces/share/uarm_interfaces/cmake/uarm_interfaces__rosidl_typesupport_introspection_cExport.cmake
[17.336s] -- Installing: /home/ros2/ros2_ws/install/uarm_interfaces/share/uarm_interfaces/cmake/uarm_interfaces__rosidl_typesupport_introspection_cExport-noconfig.cmake
[17.336s] -- Installing: /home/ros2/ros2_ws/install/uarm_interfaces/share/uarm_interfaces/cmake/uarm_interfaces__rosidl_typesupport_cExport.cmake
[17.337s] -- Installing: /home/ros2/ros2_ws/install/uarm_interfaces/share/uarm_interfaces/cmake/uarm_interfaces__rosidl_typesupport_cExport-noconfig.cmake
[17.337s] -- Installing: /home/ros2/ros2_ws/install/uarm_interfaces/share/uarm_interfaces/cmake/export_uarm_interfaces__rosidl_generator_cppExport.cmake
[17.338s] -- Installing: /home/ros2/ros2_ws/install/uarm_interfaces/share/uarm_interfaces/cmake/export_uarm_interfaces__rosidl_typesupport_fastrtps_cppExport.cmake
[17.338s] -- Installing: /home/ros2/ros2_ws/install/uarm_interfaces/share/uarm_interfaces/cmake/export_uarm_interfaces__rosidl_typesupport_fastrtps_cppExport-noconfig.cmake
[17.338s] -- Installing: /home/ros2/ros2_ws/install/uarm_interfaces/share/uarm_interfaces/cmake/uarm_interfaces__rosidl_typesupport_introspection_cppExport.cmake
[17.339s] -- Installing: /home/ros2/ros2_ws/install/uarm_interfaces/share/uarm_interfaces/cmake/uarm_interfaces__rosidl_typesupport_introspection_cppExport-noconfig.cmake
[17.339s] -- Installing: /home/ros2/ros2_ws/install/uarm_interfaces/share/uarm_interfaces/cmake/uarm_interfaces__rosidl_typesupport_cppExport.cmake
[17.340s] -- Installing: /home/ros2/ros2_ws/install/uarm_interfaces/share/uarm_interfaces/cmake/uarm_interfaces__rosidl_typesupport_cppExport-noconfig.cmake
[17.340s] -- Installing: /home/ros2/ros2_ws/install/uarm_interfaces/share/uarm_interfaces/cmake/export_uarm_interfaces__rosidl_generator_pyExport.cmake
[17.340s] -- Installing: /home/ros2/ros2_ws/install/uarm_interfaces/share/uarm_interfaces/cmake/export_uarm_interfaces__rosidl_generator_pyExport-noconfig.cmake
[17.347s] Invoked command in '/home/ros2/ros2_ws/build/uarm_interfaces' returned '0': CMAKE_PREFIX_PATH=/opt/ros/jazzy /usr/bin/cmake --install /home/ros2/ros2_ws/build/uarm_interfaces
