-- Found ament_cmake: 2.5.5 (/opt/ros/jazzy/share/ament_cmake/cmake)
-- Override CMake install command with custom implementation using symlinks instead of copying resources
-- Found rclcpp: 28.1.16 (/opt/ros/jazzy/share/rclcpp/cmake)
-- Found rosidl_generator_c: 4.6.7 (/opt/ros/jazzy/share/rosidl_generator_c/cmake)
-- Found rosidl_generator_cpp: 4.6.7 (/opt/ros/jazzy/share/rosidl_generator_cpp/cmake)
-- Using all available rosidl_typesupport_c: rosidl_typesupport_fastrtps_c;rosidl_typesupport_introspection_c
-- Using all available rosidl_typesupport_cpp: rosidl_typesupport_fastrtps_cpp;rosidl_typesupport_introspection_cpp
-- Found rmw_implementation_cmake: 7.3.3 (/opt/ros/jazzy/share/rmw_implementation_cmake/cmake)
-- Found rmw_fastrtps_cpp: 8.4.3 (/opt/ros/jazzy/share/rmw_fastrtps_cpp/cmake)
-- Using RMW implementation 'rmw_fastrtps_cpp' as default
-- Found std_msgs: 5.3.6 (/opt/ros/jazzy/share/std_msgs/cmake)
-- Found sensor_msgs: 5.3.6 (/opt/ros/jazzy/share/sensor_msgs/cmake)
-- Found tf2: 0.36.19 (/opt/ros/jazzy/share/tf2/cmake)
-- Found tf2_ros: 0.36.19 (/opt/ros/jazzy/share/tf2_ros/cmake)
-- Found tf2_geometry_msgs: 0.36.19 (/opt/ros/jazzy/share/tf2_geometry_msgs/cmake)
-- Found eigen3_cmake_module: 0.3.0 (/opt/ros/jazzy/share/eigen3_cmake_module/cmake)
-- Ensuring Eigen3 include directory is part of orocos-kdl CMake target
-- Found rosidl_default_generators: 1.6.0 (/opt/ros/jazzy/share/rosidl_default_generators/cmake)
-- Found rosidl_adapter: 4.6.7 (/opt/ros/jazzy/share/rosidl_adapter/cmake)
-- Found ament_cmake_ros: 0.12.0 (/opt/ros/jazzy/share/ament_cmake_ros/cmake)
-- Using all available rosidl_typesupport_c: rosidl_typesupport_fastrtps_c;rosidl_typesupport_introspection_c
-- Using all available rosidl_typesupport_cpp: rosidl_typesupport_fastrtps_cpp;rosidl_typesupport_introspection_cpp
-- Found python_cmake_module: 0.11.1 (/opt/ros/jazzy/share/python_cmake_module/cmake)
-- Found PythonExtra: /usr/bin/python3  
-- Found Python3: /usr/bin/python3 (found version "3.12.3") found components: Interpreter Development NumPy Development.Module Development.Embed 
-- Configuring done (5.2s)
-- Generating done (0.1s)
-- Build files have been written to: /home/ros2/ros2_ws/build/swiftpro
[  1%] [34m[1mGenerating type hashes for ROS interfaces[0m
[  1%] Built target ament_cmake_python_symlink_swiftpro
running egg_info
creating swiftpro.egg-info
writing swiftpro.egg-info/PKG-INFO
writing dependency_links to swiftpro.egg-info/dependency_links.txt
writing top-level names to swiftpro.egg-info/top_level.txt
writing manifest file 'swiftpro.egg-info/SOURCES.txt'
[  1%] Built target swiftpro__rosidl_generator_type_description
[  2%] [34m[1mGenerating C code for ROS interfaces[0m
[  3%] [34m[1mGenerating C++ code for ROS interfaces[0m
reading manifest file 'swiftpro.egg-info/SOURCES.txt'
writing manifest file 'swiftpro.egg-info/SOURCES.txt'
[  3%] Built target ament_cmake_python_build_swiftpro_egg
[  3%] Built target swiftpro__cpp
[  6%] [32mBuilding C object CMakeFiles/swiftpro__rosidl_generator_c.dir/rosidl_generator_c/swiftpro/msg/detail/swiftpro_state__type_support.c.o[0m
[  6%] [32mBuilding C object CMakeFiles/swiftpro__rosidl_generator_c.dir/rosidl_generator_c/swiftpro/msg/detail/swiftpro_state__description.c.o[0m
[  8%] [32mBuilding C object CMakeFiles/swiftpro__rosidl_generator_c.dir/rosidl_generator_c/swiftpro/msg/detail/swiftpro_state__functions.c.o[0m
[ 10%] [32mBuilding C object CMakeFiles/swiftpro__rosidl_generator_c.dir/rosidl_generator_c/swiftpro/msg/detail/position__functions.c.o[0m
[ 10%] [32mBuilding C object CMakeFiles/swiftpro__rosidl_generator_c.dir/rosidl_generator_c/swiftpro/msg/detail/position__type_support.c.o[0m
[ 11%] [32mBuilding C object CMakeFiles/swiftpro__rosidl_generator_c.dir/rosidl_generator_c/swiftpro/msg/detail/angle4th__description.c.o[0m
[ 12%] [32mBuilding C object CMakeFiles/swiftpro__rosidl_generator_c.dir/rosidl_generator_c/swiftpro/msg/detail/angle4th__functions.c.o[0m
[ 13%] [32mBuilding C object CMakeFiles/swiftpro__rosidl_generator_c.dir/rosidl_generator_c/swiftpro/msg/detail/status__description.c.o[0m
[ 16%] [32mBuilding C object CMakeFiles/swiftpro__rosidl_generator_c.dir/rosidl_generator_c/swiftpro/msg/detail/status__type_support.c.o[0m
[ 16%] [32mBuilding C object CMakeFiles/swiftpro__rosidl_generator_c.dir/rosidl_generator_c/swiftpro/msg/detail/angle4th__type_support.c.o[0m
[ 17%] [32mBuilding C object CMakeFiles/swiftpro__rosidl_generator_c.dir/rosidl_generator_c/swiftpro/msg/detail/status__functions.c.o[0m
[ 18%] [32mBuilding C object CMakeFiles/swiftpro__rosidl_generator_c.dir/rosidl_generator_c/swiftpro/msg/detail/position__description.c.o[0m
[ 20%] [32mBuilding C object CMakeFiles/swiftpro__rosidl_generator_c.dir/rosidl_generator_c/swiftpro/srv/detail/send_gcode__description.c.o[0m
[ 21%] [32mBuilding C object CMakeFiles/swiftpro__rosidl_generator_c.dir/rosidl_generator_c/swiftpro/srv/detail/send_gcode__type_support.c.o[0m
[ 22%] [32mBuilding C object CMakeFiles/swiftpro__rosidl_generator_c.dir/rosidl_generator_c/swiftpro/srv/detail/send_gcode__functions.c.o[0m
[ 23%] [32m[1mLinking C shared library libswiftpro__rosidl_generator_c.so[0m
[ 23%] Built target swiftpro__rosidl_generator_c
[ 25%] [34m[1mGenerating C introspection for ROS interfaces[0m
[ 26%] [34m[1mGenerating C++ type support for eProsima Fast-RTPS[0m
[ 28%] [34m[1mGenerating C++ type support dispatch for ROS interfaces[0m
[ 30%] [34m[1mGenerating C++ introspection for ROS interfaces[0m
[ 30%] [34m[1mGenerating C type support for eProsima Fast-RTPS[0m
[ 31%] [34m[1mGenerating C type support dispatch for ROS interfaces[0m
[ 35%] [32mBuilding CXX object CMakeFiles/swiftpro__rosidl_typesupport_c.dir/rosidl_typesupport_c/swiftpro/msg/position__type_support.cpp.o[0m
[ 35%] [32mBuilding CXX object CMakeFiles/swiftpro__rosidl_typesupport_c.dir/rosidl_typesupport_c/swiftpro/msg/angle4th__type_support.cpp.o[0m
[ 35%] [32mBuilding CXX object CMakeFiles/swiftpro__rosidl_typesupport_c.dir/rosidl_typesupport_c/swiftpro/msg/swiftpro_state__type_support.cpp.o[0m
[ 36%] [32mBuilding CXX object CMakeFiles/swiftpro__rosidl_typesupport_c.dir/rosidl_typesupport_c/swiftpro/msg/status__type_support.cpp.o[0m
[ 37%] [32mBuilding CXX object CMakeFiles/swiftpro__rosidl_typesupport_c.dir/rosidl_typesupport_c/swiftpro/srv/send_gcode__type_support.cpp.o[0m
[ 40%] [32mBuilding CXX object CMakeFiles/swiftpro__rosidl_typesupport_cpp.dir/rosidl_typesupport_cpp/swiftpro/msg/swiftpro_state__type_support.cpp.o[0m
[ 40%] [32mBuilding CXX object CMakeFiles/swiftpro__rosidl_typesupport_cpp.dir/rosidl_typesupport_cpp/swiftpro/msg/position__type_support.cpp.o[0m
[ 41%] [32mBuilding CXX object CMakeFiles/swiftpro__rosidl_typesupport_cpp.dir/rosidl_typesupport_cpp/swiftpro/msg/angle4th__type_support.cpp.o[0m
[ 42%] [32mBuilding CXX object CMakeFiles/swiftpro__rosidl_typesupport_cpp.dir/rosidl_typesupport_cpp/swiftpro/msg/status__type_support.cpp.o[0m
[ 43%] [32mBuilding CXX object CMakeFiles/swiftpro__rosidl_typesupport_cpp.dir/rosidl_typesupport_cpp/swiftpro/srv/send_gcode__type_support.cpp.o[0m
[ 45%] [32m[1mLinking CXX shared library libswiftpro__rosidl_typesupport_c.so[0m
[ 46%] [32mBuilding CXX object CMakeFiles/swiftpro__rosidl_typesupport_introspection_cpp.dir/rosidl_typesupport_introspection_cpp/swiftpro/msg/detail/swiftpro_state__type_support.cpp.o[0m
[ 47%] [32mBuilding CXX object CMakeFiles/swiftpro__rosidl_typesupport_introspection_cpp.dir/rosidl_typesupport_introspection_cpp/swiftpro/msg/detail/position__type_support.cpp.o[0m
[ 48%] [32mBuilding C object CMakeFiles/swiftpro__rosidl_typesupport_introspection_c.dir/rosidl_typesupport_introspection_c/swiftpro/msg/detail/swiftpro_state__type_support.c.o[0m
[ 50%] [32mBuilding CXX object CMakeFiles/swiftpro__rosidl_typesupport_introspection_cpp.dir/rosidl_typesupport_introspection_cpp/swiftpro/msg/detail/angle4th__type_support.cpp.o[0m
[ 51%] [32mBuilding C object CMakeFiles/swiftpro__rosidl_typesupport_introspection_c.dir/rosidl_typesupport_introspection_c/swiftpro/msg/detail/position__type_support.c.o[0m
[ 52%] [32mBuilding C object CMakeFiles/swiftpro__rosidl_typesupport_introspection_c.dir/rosidl_typesupport_introspection_c/swiftpro/msg/detail/angle4th__type_support.c.o[0m
[ 53%] [32mBuilding CXX object CMakeFiles/swiftpro__rosidl_typesupport_fastrtps_cpp.dir/rosidl_typesupport_fastrtps_cpp/swiftpro/msg/detail/dds_fastrtps/swiftpro_state__type_support.cpp.o[0m
[ 53%] Built target swiftpro__rosidl_typesupport_c
[ 55%] [32mBuilding CXX object CMakeFiles/swiftpro__rosidl_typesupport_fastrtps_c.dir/rosidl_typesupport_fastrtps_c/swiftpro/msg/detail/swiftpro_state__type_support_c.cpp.o[0m
[ 56%] [32mBuilding CXX object CMakeFiles/swiftpro__rosidl_typesupport_fastrtps_c.dir/rosidl_typesupport_fastrtps_c/swiftpro/msg/detail/position__type_support_c.cpp.o[0m
[ 57%] [32mBuilding C object CMakeFiles/swiftpro__rosidl_typesupport_introspection_c.dir/rosidl_typesupport_introspection_c/swiftpro/msg/detail/status__type_support.c.o[0m
[ 58%] [32mBuilding C object CMakeFiles/swiftpro__rosidl_typesupport_introspection_c.dir/rosidl_typesupport_introspection_c/swiftpro/srv/detail/send_gcode__type_support.c.o[0m
[ 60%] [32mBuilding CXX object CMakeFiles/swiftpro__rosidl_typesupport_fastrtps_c.dir/rosidl_typesupport_fastrtps_c/swiftpro/msg/detail/angle4th__type_support_c.cpp.o[0m
[ 61%] [32mBuilding CXX object CMakeFiles/swiftpro__rosidl_typesupport_fastrtps_cpp.dir/rosidl_typesupport_fastrtps_cpp/swiftpro/msg/detail/dds_fastrtps/position__type_support.cpp.o[0m
[ 62%] [32m[1mLinking C shared library libswiftpro__rosidl_typesupport_introspection_c.so[0m
[ 63%] [32mBuilding CXX object CMakeFiles/swiftpro__rosidl_typesupport_fastrtps_c.dir/rosidl_typesupport_fastrtps_c/swiftpro/msg/detail/status__type_support_c.cpp.o[0m
[ 65%] [32mBuilding CXX object CMakeFiles/swiftpro__rosidl_typesupport_fastrtps_c.dir/rosidl_typesupport_fastrtps_c/swiftpro/srv/detail/send_gcode__type_support_c.cpp.o[0m
[ 66%] [32mBuilding CXX object CMakeFiles/swiftpro__rosidl_typesupport_fastrtps_cpp.dir/rosidl_typesupport_fastrtps_cpp/swiftpro/msg/detail/dds_fastrtps/angle4th__type_support.cpp.o[0m
[ 67%] [32mBuilding CXX object CMakeFiles/swiftpro__rosidl_typesupport_fastrtps_cpp.dir/rosidl_typesupport_fastrtps_cpp/swiftpro/msg/detail/dds_fastrtps/status__type_support.cpp.o[0m
[ 68%] [32mBuilding CXX object CMakeFiles/swiftpro__rosidl_typesupport_introspection_cpp.dir/rosidl_typesupport_introspection_cpp/swiftpro/msg/detail/status__type_support.cpp.o[0m
[ 70%] [32m[1mLinking CXX shared library libswiftpro__rosidl_typesupport_cpp.so[0m
[ 70%] Built target swiftpro__rosidl_typesupport_introspection_c
[ 71%] [32mBuilding CXX object CMakeFiles/swiftpro__rosidl_typesupport_introspection_cpp.dir/rosidl_typesupport_introspection_cpp/swiftpro/srv/detail/send_gcode__type_support.cpp.o[0m
[ 71%] Built target swiftpro__rosidl_typesupport_cpp
[ 72%] [32mBuilding CXX object CMakeFiles/swiftpro__rosidl_typesupport_fastrtps_cpp.dir/rosidl_typesupport_fastrtps_cpp/swiftpro/srv/detail/dds_fastrtps/send_gcode__type_support.cpp.o[0m
[ 73%] [32mBuilding CXX object CMakeFiles/swiftpro_write_node.dir/src/swiftpro_write_node.cpp.o[0m
[ 75%] [32mBuilding CXX object CMakeFiles/swiftpro_rviz_node.dir/src/swiftpro_rviz_node.cpp.o[0m
[ 76%] [32mBuilding CXX object CMakeFiles/swiftpro_read_node.dir/src/swiftpro_read_node.cpp.o[0m
[ 77%] [32m[1mLinking CXX shared library libswiftpro__rosidl_typesupport_fastrtps_c.so[0m
[ 78%] [32m[1mLinking CXX shared library libswiftpro__rosidl_typesupport_introspection_cpp.so[0m
[ 78%] Built target swiftpro__rosidl_typesupport_fastrtps_c
[ 78%] Built target swiftpro__rosidl_typesupport_introspection_cpp
[ 80%] [32m[1mLinking CXX shared library libswiftpro__rosidl_typesupport_fastrtps_cpp.so[0m
[ 80%] Built target swiftpro__rosidl_typesupport_fastrtps_cpp
[ 80%] Built target swiftpro
[ 81%] [34m[1mGenerating Python code for ROS interfaces[0m
[ 81%] Built target swiftpro__py
[ 82%] [32mBuilding C object CMakeFiles/swiftpro__rosidl_generator_py.dir/rosidl_generator_py/swiftpro/msg/_position_s.c.o[0m
[ 83%] [32mBuilding C object CMakeFiles/swiftpro__rosidl_generator_py.dir/rosidl_generator_py/swiftpro/msg/_swiftpro_state_s.c.o[0m
[ 85%] [32mBuilding C object CMakeFiles/swiftpro__rosidl_generator_py.dir/rosidl_generator_py/swiftpro/srv/_send_gcode_s.c.o[0m
[ 86%] [32mBuilding C object CMakeFiles/swiftpro__rosidl_generator_py.dir/rosidl_generator_py/swiftpro/msg/_status_s.c.o[0m
[ 87%] [32mBuilding C object CMakeFiles/swiftpro__rosidl_generator_py.dir/rosidl_generator_py/swiftpro/msg/_angle4th_s.c.o[0m
[ 88%] [32m[1mLinking C shared library libswiftpro__rosidl_generator_py.so[0m
[ 88%] Built target swiftpro__rosidl_generator_py
[ 90%] [32mBuilding C object CMakeFiles/swiftpro_s__rosidl_typesupport_c.dir/rosidl_generator_py/swiftpro/_swiftpro_s.ep.rosidl_typesupport_c.c.o[0m
[ 91%] [32mBuilding C object CMakeFiles/swiftpro_s__rosidl_typesupport_introspection_c.dir/rosidl_generator_py/swiftpro/_swiftpro_s.ep.rosidl_typesupport_introspection_c.c.o[0m
[ 92%] [32mBuilding C object CMakeFiles/swiftpro_s__rosidl_typesupport_fastrtps_c.dir/rosidl_generator_py/swiftpro/_swiftpro_s.ep.rosidl_typesupport_fastrtps_c.c.o[0m
[ 93%] [32m[1mLinking C shared module rosidl_generator_py/swiftpro/swiftpro_s__rosidl_typesupport_c.so[0m
[ 95%] [32m[1mLinking C shared module rosidl_generator_py/swiftpro/swiftpro_s__rosidl_typesupport_introspection_c.so[0m
[ 96%] [32m[1mLinking C shared module rosidl_generator_py/swiftpro/swiftpro_s__rosidl_typesupport_fastrtps_c.so[0m
[ 96%] Built target swiftpro_s__rosidl_typesupport_c
[ 96%] Built target swiftpro_s__rosidl_typesupport_introspection_c
[ 96%] Built target swiftpro_s__rosidl_typesupport_fastrtps_c
[ 97%] [32m[1mLinking CXX executable swiftpro_read_node[0m
[ 97%] Built target swiftpro_read_node
[ 98%] [32m[1mLinking CXX executable swiftpro_rviz_node[0m
[ 98%] Built target swiftpro_rviz_node
[100%] [32m[1mLinking CXX executable swiftpro_write_node[0m
[100%] Built target swiftpro_write_node
-- Install configuration: ""
-- Execute custom install script
-- Symlinking: /home/ros2/ros2_ws/install/swiftpro/share/ament_index/resource_index/rosidl_interfaces/swiftpro
-- Symlinking: /home/ros2/ros2_ws/install/swiftpro/share/swiftpro/msg/SwiftproState.json
-- Symlinking: /home/ros2/ros2_ws/install/swiftpro/share/swiftpro/msg/Position.json
-- Symlinking: /home/ros2/ros2_ws/install/swiftpro/share/swiftpro/msg/Angle4th.json
-- Symlinking: /home/ros2/ros2_ws/install/swiftpro/share/swiftpro/msg/Status.json
-- Symlinking: /home/ros2/ros2_ws/install/swiftpro/share/swiftpro/srv/SendGcode.json
-- Symlinking: /home/ros2/ros2_ws/install/swiftpro/include/swiftpro/swiftpro/msg/angle4th.h
-- Symlinking: /home/ros2/ros2_ws/install/swiftpro/include/swiftpro/swiftpro/msg/detail/angle4th__functions.h
-- Symlinking: /home/ros2/ros2_ws/install/swiftpro/include/swiftpro/swiftpro/msg/detail/angle4th__struct.h
-- Symlinking: /home/ros2/ros2_ws/install/swiftpro/include/swiftpro/swiftpro/msg/detail/angle4th__type_support.h
-- Symlinking: /home/ros2/ros2_ws/install/swiftpro/include/swiftpro/swiftpro/msg/detail/position__functions.h
-- Symlinking: /home/ros2/ros2_ws/install/swiftpro/include/swiftpro/swiftpro/msg/detail/position__struct.h
-- Symlinking: /home/ros2/ros2_ws/install/swiftpro/include/swiftpro/swiftpro/msg/detail/position__type_support.h
-- Symlinking: /home/ros2/ros2_ws/install/swiftpro/include/swiftpro/swiftpro/msg/detail/status__functions.h
-- Symlinking: /home/ros2/ros2_ws/install/swiftpro/include/swiftpro/swiftpro/msg/detail/status__struct.h
-- Symlinking: /home/ros2/ros2_ws/install/swiftpro/include/swiftpro/swiftpro/msg/detail/status__type_support.h
-- Symlinking: /home/ros2/ros2_ws/install/swiftpro/include/swiftpro/swiftpro/msg/detail/swiftpro_state__functions.h
-- Symlinking: /home/ros2/ros2_ws/install/swiftpro/include/swiftpro/swiftpro/msg/detail/swiftpro_state__struct.h
-- Symlinking: /home/ros2/ros2_ws/install/swiftpro/include/swiftpro/swiftpro/msg/detail/swiftpro_state__type_support.h
-- Symlinking: /home/ros2/ros2_ws/install/swiftpro/include/swiftpro/swiftpro/msg/position.h
-- Symlinking: /home/ros2/ros2_ws/install/swiftpro/include/swiftpro/swiftpro/msg/rosidl_generator_c__visibility_control.h
-- Symlinking: /home/ros2/ros2_ws/install/swiftpro/include/swiftpro/swiftpro/msg/status.h
-- Symlinking: /home/ros2/ros2_ws/install/swiftpro/include/swiftpro/swiftpro/msg/swiftpro_state.h
-- Symlinking: /home/ros2/ros2_ws/install/swiftpro/include/swiftpro/swiftpro/srv/detail/send_gcode__functions.h
-- Symlinking: /home/ros2/ros2_ws/install/swiftpro/include/swiftpro/swiftpro/srv/detail/send_gcode__struct.h
-- Symlinking: /home/ros2/ros2_ws/install/swiftpro/include/swiftpro/swiftpro/srv/detail/send_gcode__type_support.h
-- Symlinking: /home/ros2/ros2_ws/install/swiftpro/include/swiftpro/swiftpro/srv/send_gcode.h
-- Symlinking: /home/ros2/ros2_ws/install/swiftpro/share/swiftpro/environment/library_path.sh
-- Symlinking: /home/ros2/ros2_ws/install/swiftpro/share/swiftpro/environment/library_path.dsv
-- Symlinking: /home/ros2/ros2_ws/install/swiftpro/include/swiftpro/swiftpro/msg/detail/angle4th__rosidl_typesupport_fastrtps_c.h
-- Symlinking: /home/ros2/ros2_ws/install/swiftpro/include/swiftpro/swiftpro/msg/detail/position__rosidl_typesupport_fastrtps_c.h
-- Symlinking: /home/ros2/ros2_ws/install/swiftpro/include/swiftpro/swiftpro/msg/detail/status__rosidl_typesupport_fastrtps_c.h
-- Symlinking: /home/ros2/ros2_ws/install/swiftpro/include/swiftpro/swiftpro/msg/detail/swiftpro_state__rosidl_typesupport_fastrtps_c.h
-- Symlinking: /home/ros2/ros2_ws/install/swiftpro/include/swiftpro/swiftpro/msg/rosidl_typesupport_fastrtps_c__visibility_control.h
-- Symlinking: /home/ros2/ros2_ws/install/swiftpro/include/swiftpro/swiftpro/srv/detail/send_gcode__rosidl_typesupport_fastrtps_c.h
-- Symlinking: /home/ros2/ros2_ws/install/swiftpro/include/swiftpro/swiftpro/msg/angle4th.hpp
-- Symlinking: /home/ros2/ros2_ws/install/swiftpro/include/swiftpro/swiftpro/msg/detail/angle4th__builder.hpp
-- Symlinking: /home/ros2/ros2_ws/install/swiftpro/include/swiftpro/swiftpro/msg/detail/angle4th__struct.hpp
-- Symlinking: /home/ros2/ros2_ws/install/swiftpro/include/swiftpro/swiftpro/msg/detail/angle4th__traits.hpp
-- Symlinking: /home/ros2/ros2_ws/install/swiftpro/include/swiftpro/swiftpro/msg/detail/angle4th__type_support.hpp
-- Symlinking: /home/ros2/ros2_ws/install/swiftpro/include/swiftpro/swiftpro/msg/detail/position__builder.hpp
-- Symlinking: /home/ros2/ros2_ws/install/swiftpro/include/swiftpro/swiftpro/msg/detail/position__struct.hpp
-- Symlinking: /home/ros2/ros2_ws/install/swiftpro/include/swiftpro/swiftpro/msg/detail/position__traits.hpp
-- Symlinking: /home/ros2/ros2_ws/install/swiftpro/include/swiftpro/swiftpro/msg/detail/position__type_support.hpp
-- Symlinking: /home/ros2/ros2_ws/install/swiftpro/include/swiftpro/swiftpro/msg/detail/status__builder.hpp
-- Symlinking: /home/ros2/ros2_ws/install/swiftpro/include/swiftpro/swiftpro/msg/detail/status__struct.hpp
-- Symlinking: /home/ros2/ros2_ws/install/swiftpro/include/swiftpro/swiftpro/msg/detail/status__traits.hpp
-- Symlinking: /home/ros2/ros2_ws/install/swiftpro/include/swiftpro/swiftpro/msg/detail/status__type_support.hpp
-- Symlinking: /home/ros2/ros2_ws/install/swiftpro/include/swiftpro/swiftpro/msg/detail/swiftpro_state__builder.hpp
-- Symlinking: /home/ros2/ros2_ws/install/swiftpro/include/swiftpro/swiftpro/msg/detail/swiftpro_state__struct.hpp
-- Symlinking: /home/ros2/ros2_ws/install/swiftpro/include/swiftpro/swiftpro/msg/detail/swiftpro_state__traits.hpp
-- Symlinking: /home/ros2/ros2_ws/install/swiftpro/include/swiftpro/swiftpro/msg/detail/swiftpro_state__type_support.hpp
-- Symlinking: /home/ros2/ros2_ws/install/swiftpro/include/swiftpro/swiftpro/msg/position.hpp
-- Symlinking: /home/ros2/ros2_ws/install/swiftpro/include/swiftpro/swiftpro/msg/rosidl_generator_cpp__visibility_control.hpp
-- Symlinking: /home/ros2/ros2_ws/install/swiftpro/include/swiftpro/swiftpro/msg/status.hpp
-- Symlinking: /home/ros2/ros2_ws/install/swiftpro/include/swiftpro/swiftpro/msg/swiftpro_state.hpp
-- Symlinking: /home/ros2/ros2_ws/install/swiftpro/include/swiftpro/swiftpro/srv/detail/send_gcode__builder.hpp
-- Symlinking: /home/ros2/ros2_ws/install/swiftpro/include/swiftpro/swiftpro/srv/detail/send_gcode__struct.hpp
-- Symlinking: /home/ros2/ros2_ws/install/swiftpro/include/swiftpro/swiftpro/srv/detail/send_gcode__traits.hpp
-- Symlinking: /home/ros2/ros2_ws/install/swiftpro/include/swiftpro/swiftpro/srv/detail/send_gcode__type_support.hpp
-- Symlinking: /home/ros2/ros2_ws/install/swiftpro/include/swiftpro/swiftpro/srv/send_gcode.hpp
-- Symlinking: /home/ros2/ros2_ws/install/swiftpro/include/swiftpro/swiftpro/msg/detail/angle4th__rosidl_typesupport_fastrtps_cpp.hpp
-- Symlinking: /home/ros2/ros2_ws/install/swiftpro/include/swiftpro/swiftpro/msg/detail/position__rosidl_typesupport_fastrtps_cpp.hpp
-- Symlinking: /home/ros2/ros2_ws/install/swiftpro/include/swiftpro/swiftpro/msg/detail/status__rosidl_typesupport_fastrtps_cpp.hpp
-- Symlinking: /home/ros2/ros2_ws/install/swiftpro/include/swiftpro/swiftpro/msg/detail/swiftpro_state__rosidl_typesupport_fastrtps_cpp.hpp
-- Symlinking: /home/ros2/ros2_ws/install/swiftpro/include/swiftpro/swiftpro/msg/rosidl_typesupport_fastrtps_cpp__visibility_control.h
-- Symlinking: /home/ros2/ros2_ws/install/swiftpro/include/swiftpro/swiftpro/srv/detail/send_gcode__rosidl_typesupport_fastrtps_cpp.hpp
-- Symlinking: /home/ros2/ros2_ws/install/swiftpro/include/swiftpro/swiftpro/msg/detail/angle4th__rosidl_typesupport_introspection_c.h
-- Symlinking: /home/ros2/ros2_ws/install/swiftpro/include/swiftpro/swiftpro/msg/detail/position__rosidl_typesupport_introspection_c.h
-- Symlinking: /home/ros2/ros2_ws/install/swiftpro/include/swiftpro/swiftpro/msg/detail/status__rosidl_typesupport_introspection_c.h
-- Symlinking: /home/ros2/ros2_ws/install/swiftpro/include/swiftpro/swiftpro/msg/detail/swiftpro_state__rosidl_typesupport_introspection_c.h
-- Symlinking: /home/ros2/ros2_ws/install/swiftpro/include/swiftpro/swiftpro/msg/rosidl_typesupport_introspection_c__visibility_control.h
-- Symlinking: /home/ros2/ros2_ws/install/swiftpro/include/swiftpro/swiftpro/srv/detail/send_gcode__rosidl_typesupport_introspection_c.h
-- Symlinking: /home/ros2/ros2_ws/install/swiftpro/include/swiftpro/swiftpro/msg/detail/angle4th__rosidl_typesupport_introspection_cpp.hpp
-- Symlinking: /home/ros2/ros2_ws/install/swiftpro/include/swiftpro/swiftpro/msg/detail/position__rosidl_typesupport_introspection_cpp.hpp
-- Symlinking: /home/ros2/ros2_ws/install/swiftpro/include/swiftpro/swiftpro/msg/detail/status__rosidl_typesupport_introspection_cpp.hpp
-- Symlinking: /home/ros2/ros2_ws/install/swiftpro/include/swiftpro/swiftpro/msg/detail/swiftpro_state__rosidl_typesupport_introspection_cpp.hpp
-- Symlinking: /home/ros2/ros2_ws/install/swiftpro/include/swiftpro/swiftpro/srv/detail/send_gcode__rosidl_typesupport_introspection_cpp.hpp
-- Symlinking: /home/ros2/ros2_ws/install/swiftpro/share/swiftpro/environment/pythonpath.sh
-- Symlinking: /home/ros2/ros2_ws/install/swiftpro/share/swiftpro/environment/pythonpath.dsv
-- Symlinking: /home/ros2/ros2_ws/install/swiftpro/lib/python3.12/site-packages/swiftpro-2.0.0-py3.12.egg-info/PKG-INFO
-- Symlinking: /home/ros2/ros2_ws/install/swiftpro/lib/python3.12/site-packages/swiftpro-2.0.0-py3.12.egg-info/SOURCES.txt
-- Symlinking: /home/ros2/ros2_ws/install/swiftpro/lib/python3.12/site-packages/swiftpro-2.0.0-py3.12.egg-info/dependency_links.txt
-- Symlinking: /home/ros2/ros2_ws/install/swiftpro/lib/python3.12/site-packages/swiftpro-2.0.0-py3.12.egg-info/top_level.txt
-- Symlinking: /home/ros2/ros2_ws/install/swiftpro/lib/python3.12/site-packages/swiftpro/__init__.py
-- Symlinking: /home/ros2/ros2_ws/install/swiftpro/lib/python3.12/site-packages/swiftpro/_swiftpro_s.ep.rosidl_typesupport_c.c
-- Symlinking: /home/ros2/ros2_ws/install/swiftpro/lib/python3.12/site-packages/swiftpro/_swiftpro_s.ep.rosidl_typesupport_fastrtps_c.c
-- Symlinking: /home/ros2/ros2_ws/install/swiftpro/lib/python3.12/site-packages/swiftpro/_swiftpro_s.ep.rosidl_typesupport_introspection_c.c
-- Symlinking: /home/ros2/ros2_ws/install/swiftpro/lib/python3.12/site-packages/swiftpro/msg/__init__.py
-- Symlinking: /home/ros2/ros2_ws/install/swiftpro/lib/python3.12/site-packages/swiftpro/msg/_angle4th.py
-- Symlinking: /home/ros2/ros2_ws/install/swiftpro/lib/python3.12/site-packages/swiftpro/msg/_angle4th_s.c
-- Symlinking: /home/ros2/ros2_ws/install/swiftpro/lib/python3.12/site-packages/swiftpro/msg/_position.py
-- Symlinking: /home/ros2/ros2_ws/install/swiftpro/lib/python3.12/site-packages/swiftpro/msg/_position_s.c
-- Symlinking: /home/ros2/ros2_ws/install/swiftpro/lib/python3.12/site-packages/swiftpro/msg/_status.py
-- Symlinking: /home/ros2/ros2_ws/install/swiftpro/lib/python3.12/site-packages/swiftpro/msg/_status_s.c
-- Symlinking: /home/ros2/ros2_ws/install/swiftpro/lib/python3.12/site-packages/swiftpro/msg/_swiftpro_state.py
-- Symlinking: /home/ros2/ros2_ws/install/swiftpro/lib/python3.12/site-packages/swiftpro/msg/_swiftpro_state_s.c
-- Symlinking: /home/ros2/ros2_ws/install/swiftpro/lib/python3.12/site-packages/swiftpro/srv/__init__.py
-- Symlinking: /home/ros2/ros2_ws/install/swiftpro/lib/python3.12/site-packages/swiftpro/srv/_send_gcode.py
-- Symlinking: /home/ros2/ros2_ws/install/swiftpro/lib/python3.12/site-packages/swiftpro/srv/_send_gcode_s.c
-- Symlinking: /home/ros2/ros2_ws/install/swiftpro/lib/python3.12/site-packages/swiftpro/swiftpro_s__rosidl_typesupport_c.so
-- Symlinking: /home/ros2/ros2_ws/install/swiftpro/lib/python3.12/site-packages/swiftpro/swiftpro_s__rosidl_typesupport_fastrtps_c.so
-- Symlinking: /home/ros2/ros2_ws/install/swiftpro/lib/python3.12/site-packages/swiftpro/swiftpro_s__rosidl_typesupport_introspection_c.so
-- Up-to-date symlink: /home/ros2/ros2_ws/install/swiftpro/lib/python3.12/site-packages/swiftpro/swiftpro_s__rosidl_typesupport_fastrtps_c.so
-- Up-to-date symlink: /home/ros2/ros2_ws/install/swiftpro/lib/python3.12/site-packages/swiftpro/swiftpro_s__rosidl_typesupport_introspection_c.so
-- Up-to-date symlink: /home/ros2/ros2_ws/install/swiftpro/lib/python3.12/site-packages/swiftpro/swiftpro_s__rosidl_typesupport_c.so
-- Symlinking: /home/ros2/ros2_ws/install/swiftpro/share/swiftpro/msg/SwiftproState.idl
-- Symlinking: /home/ros2/ros2_ws/install/swiftpro/share/swiftpro/msg/Position.idl
-- Symlinking: /home/ros2/ros2_ws/install/swiftpro/share/swiftpro/msg/Angle4th.idl
-- Symlinking: /home/ros2/ros2_ws/install/swiftpro/share/swiftpro/msg/Status.idl
-- Symlinking: /home/ros2/ros2_ws/install/swiftpro/share/swiftpro/srv/SendGcode.idl
-- Symlinking: /home/ros2/ros2_ws/install/swiftpro/share/swiftpro/msg/SwiftproState.msg
-- Symlinking: /home/ros2/ros2_ws/install/swiftpro/share/swiftpro/msg/Position.msg
-- Symlinking: /home/ros2/ros2_ws/install/swiftpro/share/swiftpro/msg/Angle4th.msg
-- Symlinking: /home/ros2/ros2_ws/install/swiftpro/share/swiftpro/msg/Status.msg
-- Symlinking: /home/ros2/ros2_ws/install/swiftpro/share/swiftpro/srv/SendGcode.srv
-- Symlinking: /home/ros2/ros2_ws/install/swiftpro/lib/swiftpro/swiftpro_write_node
-- Symlinking: /home/ros2/ros2_ws/install/swiftpro/lib/swiftpro/swiftpro_read_node
-- Symlinking: /home/ros2/ros2_ws/install/swiftpro/lib/swiftpro/swiftpro_rviz_node
-- Symlinking: /home/ros2/ros2_ws/install/swiftpro/share/swiftpro/urdf/pro_links/Base.STL
-- Symlinking: /home/ros2/ros2_ws/install/swiftpro/share/swiftpro/urdf/pro_links/Gripper.STL
-- Symlinking: /home/ros2/ros2_ws/install/swiftpro/share/swiftpro/urdf/pro_links/Link1.STL
-- Symlinking: /home/ros2/ros2_ws/install/swiftpro/share/swiftpro/urdf/pro_links/Link2.STL
-- Symlinking: /home/ros2/ros2_ws/install/swiftpro/share/swiftpro/urdf/pro_links/Link3.STL
-- Symlinking: /home/ros2/ros2_ws/install/swiftpro/share/swiftpro/urdf/pro_links/Link4.STL
-- Symlinking: /home/ros2/ros2_ws/install/swiftpro/share/swiftpro/urdf/pro_links/Link5.STL
-- Symlinking: /home/ros2/ros2_ws/install/swiftpro/share/swiftpro/urdf/pro_links/Link6.STL
-- Symlinking: /home/ros2/ros2_ws/install/swiftpro/share/swiftpro/urdf/pro_links/Link7.STL
-- Symlinking: /home/ros2/ros2_ws/install/swiftpro/share/swiftpro/urdf/pro_links/Link9.STL
-- Symlinking: /home/ros2/ros2_ws/install/swiftpro/share/swiftpro/urdf/pro_links/Suction.STL
-- Symlinking: /home/ros2/ros2_ws/install/swiftpro/share/swiftpro/urdf/pro_model.xacro
-- Symlinking: /home/ros2/ros2_ws/install/swiftpro/share/swiftpro/urdf/swift_links/Base.STL
-- Symlinking: /home/ros2/ros2_ws/install/swiftpro/share/swiftpro/urdf/swift_links/Gripper.STL
-- Symlinking: /home/ros2/ros2_ws/install/swiftpro/share/swiftpro/urdf/swift_links/Link1.STL
-- Symlinking: /home/ros2/ros2_ws/install/swiftpro/share/swiftpro/urdf/swift_links/Link2.STL
-- Symlinking: /home/ros2/ros2_ws/install/swiftpro/share/swiftpro/urdf/swift_links/Link3.STL
-- Symlinking: /home/ros2/ros2_ws/install/swiftpro/share/swiftpro/urdf/swift_links/Link4.STL
-- Symlinking: /home/ros2/ros2_ws/install/swiftpro/share/swiftpro/urdf/swift_links/Link5.STL
-- Symlinking: /home/ros2/ros2_ws/install/swiftpro/share/swiftpro/urdf/swift_links/Link6.STL
-- Symlinking: /home/ros2/ros2_ws/install/swiftpro/share/swiftpro/urdf/swift_links/Link7.STL
-- Symlinking: /home/ros2/ros2_ws/install/swiftpro/share/swiftpro/urdf/swift_links/Link9.STL
-- Symlinking: /home/ros2/ros2_ws/install/swiftpro/share/swiftpro/urdf/swift_links/Suction.STL
-- Symlinking: /home/ros2/ros2_ws/install/swiftpro/share/swiftpro/urdf/swift_model.urdf
-- Symlinking: /home/ros2/ros2_ws/install/swiftpro/share/swiftpro/urdf/swift_model.xacro
-- Symlinking: /home/ros2/ros2_ws/install/swiftpro/share/ament_index/resource_index/package_run_dependencies/swiftpro
-- Symlinking: /home/ros2/ros2_ws/install/swiftpro/share/ament_index/resource_index/parent_prefix_path/swiftpro
-- Symlinking: /home/ros2/ros2_ws/install/swiftpro/share/swiftpro/environment/ament_prefix_path.sh
-- Symlinking: /home/ros2/ros2_ws/install/swiftpro/share/swiftpro/environment/ament_prefix_path.dsv
-- Symlinking: /home/ros2/ros2_ws/install/swiftpro/share/swiftpro/environment/path.sh
-- Symlinking: /home/ros2/ros2_ws/install/swiftpro/share/swiftpro/environment/path.dsv
-- Symlinking: /home/ros2/ros2_ws/install/swiftpro/share/swiftpro/local_setup.bash
-- Symlinking: /home/ros2/ros2_ws/install/swiftpro/share/swiftpro/local_setup.sh
-- Symlinking: /home/ros2/ros2_ws/install/swiftpro/share/swiftpro/local_setup.zsh
-- Symlinking: /home/ros2/ros2_ws/install/swiftpro/share/swiftpro/local_setup.dsv
-- Symlinking: /home/ros2/ros2_ws/install/swiftpro/share/swiftpro/package.dsv
-- Symlinking: /home/ros2/ros2_ws/install/swiftpro/share/ament_index/resource_index/packages/swiftpro
-- Symlinking: /home/ros2/ros2_ws/install/swiftpro/share/swiftpro/cmake/rosidl_cmake-extras.cmake
-- Symlinking: /home/ros2/ros2_ws/install/swiftpro/share/swiftpro/cmake/ament_cmake_export_dependencies-extras.cmake
-- Symlinking: /home/ros2/ros2_ws/install/swiftpro/share/swiftpro/cmake/ament_cmake_export_include_directories-extras.cmake
-- Symlinking: /home/ros2/ros2_ws/install/swiftpro/share/swiftpro/cmake/ament_cmake_export_libraries-extras.cmake
-- Symlinking: /home/ros2/ros2_ws/install/swiftpro/share/swiftpro/cmake/ament_cmake_export_targets-extras.cmake
-- Symlinking: /home/ros2/ros2_ws/install/swiftpro/share/swiftpro/cmake/rosidl_cmake_export_typesupport_targets-extras.cmake
-- Symlinking: /home/ros2/ros2_ws/install/swiftpro/share/swiftpro/cmake/rosidl_cmake_export_typesupport_libraries-extras.cmake
-- Symlinking: /home/ros2/ros2_ws/install/swiftpro/share/swiftpro/cmake/swiftproConfig.cmake
-- Symlinking: /home/ros2/ros2_ws/install/swiftpro/share/swiftpro/cmake/swiftproConfig-version.cmake
-- Symlinking: /home/ros2/ros2_ws/install/swiftpro/share/swiftpro/package.xml
-- Installing: /home/ros2/ros2_ws/install/swiftpro/lib/libswiftpro__rosidl_generator_c.so
-- Set non-toolchain portion of runtime path of "/home/ros2/ros2_ws/install/swiftpro/lib/libswiftpro__rosidl_generator_c.so" to ""
-- Installing: /home/ros2/ros2_ws/install/swiftpro/lib/libswiftpro__rosidl_typesupport_fastrtps_c.so
-- Set non-toolchain portion of runtime path of "/home/ros2/ros2_ws/install/swiftpro/lib/libswiftpro__rosidl_typesupport_fastrtps_c.so" to ""
-- Installing: /home/ros2/ros2_ws/install/swiftpro/lib/libswiftpro__rosidl_typesupport_fastrtps_cpp.so
-- Set non-toolchain portion of runtime path of "/home/ros2/ros2_ws/install/swiftpro/lib/libswiftpro__rosidl_typesupport_fastrtps_cpp.so" to ""
-- Installing: /home/ros2/ros2_ws/install/swiftpro/lib/libswiftpro__rosidl_typesupport_introspection_c.so
-- Set non-toolchain portion of runtime path of "/home/ros2/ros2_ws/install/swiftpro/lib/libswiftpro__rosidl_typesupport_introspection_c.so" to ""
-- Installing: /home/ros2/ros2_ws/install/swiftpro/lib/libswiftpro__rosidl_typesupport_c.so
-- Set non-toolchain portion of runtime path of "/home/ros2/ros2_ws/install/swiftpro/lib/libswiftpro__rosidl_typesupport_c.so" to ""
-- Installing: /home/ros2/ros2_ws/install/swiftpro/lib/libswiftpro__rosidl_typesupport_introspection_cpp.so
-- Set non-toolchain portion of runtime path of "/home/ros2/ros2_ws/install/swiftpro/lib/libswiftpro__rosidl_typesupport_introspection_cpp.so" to ""
-- Installing: /home/ros2/ros2_ws/install/swiftpro/lib/libswiftpro__rosidl_typesupport_cpp.so
-- Set non-toolchain portion of runtime path of "/home/ros2/ros2_ws/install/swiftpro/lib/libswiftpro__rosidl_typesupport_cpp.so" to ""
Listing '/home/ros2/ros2_ws/install/swiftpro/lib/python3.12/site-packages/swiftpro'...
Compiling '/home/ros2/ros2_ws/install/swiftpro/lib/python3.12/site-packages/swiftpro/__init__.py'...
Listing '/home/ros2/ros2_ws/install/swiftpro/lib/python3.12/site-packages/swiftpro/msg'...
Compiling '/home/ros2/ros2_ws/install/swiftpro/lib/python3.12/site-packages/swiftpro/msg/__init__.py'...
Compiling '/home/ros2/ros2_ws/install/swiftpro/lib/python3.12/site-packages/swiftpro/msg/_angle4th.py'...
Compiling '/home/ros2/ros2_ws/install/swiftpro/lib/python3.12/site-packages/swiftpro/msg/_position.py'...
Compiling '/home/ros2/ros2_ws/install/swiftpro/lib/python3.12/site-packages/swiftpro/msg/_status.py'...
Compiling '/home/ros2/ros2_ws/install/swiftpro/lib/python3.12/site-packages/swiftpro/msg/_swiftpro_state.py'...
Listing '/home/ros2/ros2_ws/install/swiftpro/lib/python3.12/site-packages/swiftpro/srv'...
Compiling '/home/ros2/ros2_ws/install/swiftpro/lib/python3.12/site-packages/swiftpro/srv/__init__.py'...
Compiling '/home/ros2/ros2_ws/install/swiftpro/lib/python3.12/site-packages/swiftpro/srv/_send_gcode.py'...
-- Installing: /home/ros2/ros2_ws/install/swiftpro/lib/libswiftpro__rosidl_generator_py.so
-- Set non-toolchain portion of runtime path of "/home/ros2/ros2_ws/install/swiftpro/lib/libswiftpro__rosidl_generator_py.so" to ""
-- Installing: /home/ros2/ros2_ws/install/swiftpro/share/swiftpro/launch
-- Installing: /home/ros2/ros2_ws/install/swiftpro/share/swiftpro/launch/pro_control.launch.py
-- Installing: /home/ros2/ros2_ws/install/swiftpro/share/swiftpro/cmake/export_swiftpro__rosidl_generator_cExport.cmake
-- Installing: /home/ros2/ros2_ws/install/swiftpro/share/swiftpro/cmake/export_swiftpro__rosidl_generator_cExport-noconfig.cmake
-- Installing: /home/ros2/ros2_ws/install/swiftpro/share/swiftpro/cmake/export_swiftpro__rosidl_typesupport_fastrtps_cExport.cmake
-- Installing: /home/ros2/ros2_ws/install/swiftpro/share/swiftpro/cmake/export_swiftpro__rosidl_typesupport_fastrtps_cExport-noconfig.cmake
-- Installing: /home/ros2/ros2_ws/install/swiftpro/share/swiftpro/cmake/export_swiftpro__rosidl_generator_cppExport.cmake
-- Installing: /home/ros2/ros2_ws/install/swiftpro/share/swiftpro/cmake/export_swiftpro__rosidl_typesupport_fastrtps_cppExport.cmake
-- Installing: /home/ros2/ros2_ws/install/swiftpro/share/swiftpro/cmake/export_swiftpro__rosidl_typesupport_fastrtps_cppExport-noconfig.cmake
-- Installing: /home/ros2/ros2_ws/install/swiftpro/share/swiftpro/cmake/swiftpro__rosidl_typesupport_introspection_cExport.cmake
-- Installing: /home/ros2/ros2_ws/install/swiftpro/share/swiftpro/cmake/swiftpro__rosidl_typesupport_introspection_cExport-noconfig.cmake
-- Installing: /home/ros2/ros2_ws/install/swiftpro/share/swiftpro/cmake/swiftpro__rosidl_typesupport_cExport.cmake
-- Installing: /home/ros2/ros2_ws/install/swiftpro/share/swiftpro/cmake/swiftpro__rosidl_typesupport_cExport-noconfig.cmake
-- Installing: /home/ros2/ros2_ws/install/swiftpro/share/swiftpro/cmake/swiftpro__rosidl_typesupport_introspection_cppExport.cmake
-- Installing: /home/ros2/ros2_ws/install/swiftpro/share/swiftpro/cmake/swiftpro__rosidl_typesupport_introspection_cppExport-noconfig.cmake
-- Installing: /home/ros2/ros2_ws/install/swiftpro/share/swiftpro/cmake/swiftpro__rosidl_typesupport_cppExport.cmake
-- Installing: /home/ros2/ros2_ws/install/swiftpro/share/swiftpro/cmake/swiftpro__rosidl_typesupport_cppExport-noconfig.cmake
-- Installing: /home/ros2/ros2_ws/install/swiftpro/share/swiftpro/cmake/export_swiftpro__rosidl_generator_pyExport.cmake
-- Installing: /home/ros2/ros2_ws/install/swiftpro/share/swiftpro/cmake/export_swiftpro__rosidl_generator_pyExport-noconfig.cmake
