[2.137s] Invoking command in '/home/ros2/ros2_ws/build/uarm_apriltag_demo': AMENT_PREFIX_PATH=/home/ros2/ros2_ws/install/uarm_interfaces:/home/ros2/ros2_ws/install/swiftpro:${AMENT_PREFIX_PATH} CMAKE_PREFIX_PATH=/home/ros2/ros2_ws/install/uarm_interfaces:/home/ros2/ros2_ws/install/swiftpro LD_LIBRARY_PATH=/home/ros2/ros2_ws/install/uarm_interfaces/lib:/home/ros2/ros2_ws/install/swiftpro/lib:${LD_LIBRARY_PATH} PYTHONPATH=/home/ros2/ros2_ws/build/uarm_apriltag_demo/prefix_override:/home/ros2/.local/lib/python3.12/site-packages/colcon_core/task/python/colcon_distutils_commands:/home/ros2/ros2_ws/install/uarm_apriltag_demo/lib/python3.12/site-packages:/home/ros2/ros2_ws/install/uarm_interfaces/lib/python3.12/site-packages:/home/ros2/ros2_ws/install/swiftpro/lib/python3.12/site-packages:${PYTHONPATH} /usr/bin/python3 -W ignore:setup.py install is deprecated -W ignore:easy_install command is deprecated setup.py develop --editable --build-directory /home/ros2/ros2_ws/build/uarm_apriltag_demo/build --no-deps symlink_data
[2.516s] running develop
[2.744s] running egg_info
[2.768s] writing uarm_apriltag_demo.egg-info/PKG-INFO
[2.769s] writing dependency_links to uarm_apriltag_demo.egg-info/dependency_links.txt
[2.770s] writing entry points to uarm_apriltag_demo.egg-info/entry_points.txt
[2.770s] writing requirements to uarm_apriltag_demo.egg-info/requires.txt
[2.770s] writing top-level names to uarm_apriltag_demo.egg-info/top_level.txt
[2.815s] reading manifest file 'uarm_apriltag_demo.egg-info/SOURCES.txt'
[2.816s] writing manifest file 'uarm_apriltag_demo.egg-info/SOURCES.txt'
[2.840s] running build_ext
[2.840s] Creating /home/ros2/ros2_ws/install/uarm_apriltag_demo/lib/python3.12/site-packages/uarm-apriltag-demo.egg-link (link to .)
[2.841s] Installing action_demo_node script to /home/ros2/ros2_ws/install/uarm_apriltag_demo/lib/uarm_apriltag_demo
[2.841s] Installing demo_node script to /home/ros2/ros2_ws/install/uarm_apriltag_demo/lib/uarm_apriltag_demo
[2.842s] Installing tag_overlay_node script to /home/ros2/ros2_ws/install/uarm_apriltag_demo/lib/uarm_apriltag_demo
[2.843s] 
[2.843s] Installed /home/ros2/ros2_ws/build/uarm_apriltag_demo
[2.843s] running symlink_data
[2.844s] symbolically linking /home/ros2/ros2_ws/build/uarm_apriltag_demo/launch/action_demo.launch.py -> /home/ros2/ros2_ws/install/uarm_apriltag_demo/share/uarm_apriltag_demo/launch
[2.891s] Invoked command in '/home/ros2/ros2_ws/build/uarm_apriltag_demo' returned '0': AMENT_PREFIX_PATH=/home/ros2/ros2_ws/install/uarm_interfaces:/home/ros2/ros2_ws/install/swiftpro:${AMENT_PREFIX_PATH} CMAKE_PREFIX_PATH=/home/ros2/ros2_ws/install/uarm_interfaces:/home/ros2/ros2_ws/install/swiftpro LD_LIBRARY_PATH=/home/ros2/ros2_ws/install/uarm_interfaces/lib:/home/ros2/ros2_ws/install/swiftpro/lib:${LD_LIBRARY_PATH} PYTHONPATH=/home/ros2/ros2_ws/build/uarm_apriltag_demo/prefix_override:/home/ros2/.local/lib/python3.12/site-packages/colcon_core/task/python/colcon_distutils_commands:/home/ros2/ros2_ws/install/uarm_apriltag_demo/lib/python3.12/site-packages:/home/ros2/ros2_ws/install/uarm_interfaces/lib/python3.12/site-packages:/home/ros2/ros2_ws/install/swiftpro/lib/python3.12/site-packages:${PYTHONPATH} /usr/bin/python3 -W ignore:setup.py install is deprecated -W ignore:easy_install command is deprecated setup.py develop --editable --build-directory /home/ros2/ros2_ws/build/uarm_apriltag_demo/build --no-deps symlink_data
