[0.031s] Invoking command in '/home/ros2/ros2_ws/build/apriltag_ros': CMAKE_PREFIX_PATH=${CMAKE_PREFIX_PATH}:/home/ros2/ros2_ws/install/uarm_apriltag_demo:/opt/ros/jazzy /usr/bin/cmake --build /home/ros2/ros2_ws/build/apriltag_ros -- -j12 -l12
[0.099s] -- Found rclcpp: 28.1.16 (/opt/ros/jazzy/share/rclcpp/cmake)
[0.502s] -- Override CMake install command with custom implementation using symlinks instead of copying resources
[0.574s] -- Found rosidl_generator_c: 4.6.7 (/opt/ros/jazzy/share/rosidl_generator_c/cmake)
[0.594s] -- Found rosidl_generator_cpp: 4.6.7 (/opt/ros/jazzy/share/rosidl_generator_cpp/cmake)
[0.616s] -- Using all available rosidl_typesupport_c: rosidl_typesupport_fastrtps_c;rosidl_typesupport_introspection_c
[0.643s] -- Using all available rosidl_typesupport_cpp: rosidl_typesupport_fastrtps_cpp;rosidl_typesupport_introspection_cpp
[0.752s] -- Found rmw_implementation_cmake: 7.3.3 (/opt/ros/jazzy/share/rmw_implementation_cmake/cmake)
[0.755s] -- Found rmw_fastrtps_cpp: 8.4.3 (/opt/ros/jazzy/share/rmw_fastrtps_cpp/cmake)
[0.865s] -- Using RMW implementation 'rmw_fastrtps_cpp' as default
[0.966s] -- Found rclcpp_components: 28.1.16 (/opt/ros/jazzy/share/rclcpp_components/cmake)
[1.010s] -- Found sensor_msgs: 5.3.6 (/opt/ros/jazzy/share/sensor_msgs/cmake)
[1.100s] -- Found apriltag_msgs: 2.0.1 (/opt/ros/jazzy/share/apriltag_msgs/cmake)
[1.128s] -- Found tf2_ros: 0.36.19 (/opt/ros/jazzy/share/tf2_ros/cmake)
[1.270s] -- Found image_transport: 5.1.7 (/opt/ros/jazzy/share/image_transport/cmake)
[1.280s] -- Found cv_bridge: 4.1.0 (/opt/ros/jazzy/share/cv_bridge/cmake)
[1.314s] -- Found ament_lint_auto: 0.17.4 (/opt/ros/jazzy/share/ament_lint_auto/cmake)
[1.530s] -- Added test 'cppcheck' to perform static code analysis on C / C++ code
[1.530s] -- Configured cppcheck include dirs: 
[1.530s] -- Configured cppcheck exclude dirs and/or files: 
[1.533s] -- Configuring done (1.4s)
[1.603s] -- Generating done (0.0s)
[1.618s] -- Build files have been written to: /home/ros2/ros2_ws/build/apriltag_ros
[1.703s] [ 20%] Built target tags
[1.721s] [ 40%] Built target conversion
[1.727s] [ 60%] Built target apriltag_node
[1.781s] [ 80%] Built target pose_estimation
[1.850s] [100%] Built target AprilTagNode
[1.876s] Invoked command in '/home/ros2/ros2_ws/build/apriltag_ros' returned '0': CMAKE_PREFIX_PATH=${CMAKE_PREFIX_PATH}:/home/ros2/ros2_ws/install/uarm_apriltag_demo:/opt/ros/jazzy /usr/bin/cmake --build /home/ros2/ros2_ws/build/apriltag_ros -- -j12 -l12
[1.878s] Invoking command in '/home/ros2/ros2_ws/build/apriltag_ros': CMAKE_PREFIX_PATH=${CMAKE_PREFIX_PATH}:/home/ros2/ros2_ws/install/uarm_apriltag_demo:/opt/ros/jazzy /usr/bin/cmake --install /home/ros2/ros2_ws/build/apriltag_ros
[1.895s] -- Install configuration: ""
[1.895s] -- Execute custom install script
[1.896s] -- Up-to-date symlink: /home/ros2/ros2_ws/install/apriltag_ros/lib/apriltag_ros/apriltag_node
[1.896s] -- Up-to-date symlink: /home/ros2/ros2_ws/install/apriltag_ros/share/apriltag_ros/environment/library_path.sh
[1.896s] -- Up-to-date symlink: /home/ros2/ros2_ws/install/apriltag_ros/share/apriltag_ros/environment/library_path.dsv
[1.897s] -- Up-to-date symlink: /home/ros2/ros2_ws/install/apriltag_ros/lib/libAprilTagNode.so
[1.897s] -- Up-to-date symlink: /home/ros2/ros2_ws/install/apriltag_ros/share/apriltag_ros/cfg/tags_36h11.yaml
[1.898s] -- Up-to-date symlink: /home/ros2/ros2_ws/install/apriltag_ros/share/apriltag_ros/launch/camera_36h11.launch.yml
[1.898s] -- Up-to-date symlink: /home/ros2/ros2_ws/install/apriltag_ros/share/ament_index/resource_index/package_run_dependencies/apriltag_ros
[1.898s] -- Up-to-date symlink: /home/ros2/ros2_ws/install/apriltag_ros/share/ament_index/resource_index/parent_prefix_path/apriltag_ros
[1.899s] -- Up-to-date symlink: /home/ros2/ros2_ws/install/apriltag_ros/share/apriltag_ros/environment/ament_prefix_path.sh
[1.899s] -- Up-to-date symlink: /home/ros2/ros2_ws/install/apriltag_ros/share/apriltag_ros/environment/ament_prefix_path.dsv
[1.899s] -- Up-to-date symlink: /home/ros2/ros2_ws/install/apriltag_ros/share/apriltag_ros/environment/path.sh
[1.900s] -- Up-to-date symlink: /home/ros2/ros2_ws/install/apriltag_ros/share/apriltag_ros/environment/path.dsv
[1.900s] -- Up-to-date symlink: /home/ros2/ros2_ws/install/apriltag_ros/share/apriltag_ros/local_setup.bash
[1.901s] -- Up-to-date symlink: /home/ros2/ros2_ws/install/apriltag_ros/share/apriltag_ros/local_setup.sh
[1.901s] -- Up-to-date symlink: /home/ros2/ros2_ws/install/apriltag_ros/share/apriltag_ros/local_setup.zsh
[1.901s] -- Up-to-date symlink: /home/ros2/ros2_ws/install/apriltag_ros/share/apriltag_ros/local_setup.dsv
[1.902s] -- Symlinking: /home/ros2/ros2_ws/install/apriltag_ros/share/apriltag_ros/package.dsv
[1.924s] -- Up-to-date symlink: /home/ros2/ros2_ws/install/apriltag_ros/share/ament_index/resource_index/packages/apriltag_ros
[1.924s] -- Up-to-date symlink: /home/ros2/ros2_ws/install/apriltag_ros/share/ament_index/resource_index/rclcpp_components/apriltag_ros
[1.925s] -- Up-to-date symlink: /home/ros2/ros2_ws/install/apriltag_ros/share/apriltag_ros/cmake/apriltag_rosConfig.cmake
[1.925s] -- Up-to-date symlink: /home/ros2/ros2_ws/install/apriltag_ros/share/apriltag_ros/cmake/apriltag_rosConfig-version.cmake
[1.925s] -- Up-to-date symlink: /home/ros2/ros2_ws/install/apriltag_ros/share/apriltag_ros/package.xml
[1.930s] Invoked command in '/home/ros2/ros2_ws/build/apriltag_ros' returned '0': CMAKE_PREFIX_PATH=${CMAKE_PREFIX_PATH}:/home/ros2/ros2_ws/install/uarm_apriltag_demo:/opt/ros/jazzy /usr/bin/cmake --install /home/ros2/ros2_ws/build/apriltag_ros
