[0.375s] DEBUG:colcon:Command line arguments: ['/home/ros2/.local/bin/colcon', 'build', '--symlink-install', '--packages-select', 'uarm_interfaces']
[0.375s] DEBUG:colcon:Parsed command line arguments: Namespace(log_base=None, log_level=None, verb_name='build', build_base='build', install_base='install', merge_install=False, symlink_install=True, test_result_base=None, continue_on_error=False, executor='parallel', parallel_workers=12, event_handlers=None, ignore_user_meta=False, metas=['./colcon.meta'], base_paths=['.'], packages_ignore=None, packages_ignore_regex=None, paths=None, packages_up_to=None, packages_up_to_regex=None, packages_above=None, packages_above_and_dependencies=None, packages_above_depth=None, packages_select_by_dep=None, packages_skip_by_dep=None, packages_skip_up_to=None, packages_select_build_failed=False, packages_skip_build_finished=False, packages_select_test_failures=False, packages_skip_test_passed=False, packages_select=['uarm_interfaces'], packages_skip=None, packages_select_regex=None, packages_skip_regex=None, packages_start=None, packages_end=None, cmake_args=None, cmake_target=None, cmake_target_skip_unavailable=False, cmake_clean_cache=False, cmake_clean_first=False, cmake_force_configure=False, ament_cmake_args=None, catkin_cmake_args=None, catkin_skip_building_tests=False, verb_parser=<colcon_defaults.argument_parser.defaults.DefaultArgumentsDecorator object at 0x7a848f204920>, verb_extension=<colcon_core.verb.build.BuildVerb object at 0x7a848f2047d0>, main=<bound method BuildVerb.main of <colcon_core.verb.build.BuildVerb object at 0x7a848f2047d0>>)
[0.453s] Level 1:colcon.colcon_core.package_discovery:discover_packages(colcon_meta) check parameters
[0.453s] Level 1:colcon.colcon_core.package_discovery:discover_packages(recursive) check parameters
[0.453s] Level 1:colcon.colcon_core.package_discovery:discover_packages(ignore) check parameters
[0.453s] Level 1:colcon.colcon_core.package_discovery:discover_packages(path) check parameters
[0.453s] Level 1:colcon.colcon_core.package_discovery:discover_packages(colcon_meta) discover
[0.453s] Level 1:colcon.colcon_core.package_discovery:discover_packages(recursive) discover
[0.453s] INFO:colcon.colcon_core.package_discovery:Crawling recursively for packages in '/home/ros2/ros2_ws'
[0.453s] Level 1:colcon.colcon_core.package_identification:_identify(.) by extensions ['ignore', 'ignore_ament_install']
[0.453s] Level 1:colcon.colcon_core.package_identification:_identify(.) by extension 'ignore'
[0.454s] Level 1:colcon.colcon_core.package_identification:_identify(.) by extension 'ignore_ament_install'
[0.454s] Level 1:colcon.colcon_core.package_identification:_identify(.) by extensions ['colcon_pkg']
[0.454s] Level 1:colcon.colcon_core.package_identification:_identify(.) by extension 'colcon_pkg'
[0.454s] Level 1:colcon.colcon_core.package_identification:_identify(.) by extensions ['colcon_meta']
[0.454s] Level 1:colcon.colcon_core.package_identification:_identify(.) by extension 'colcon_meta'
[0.454s] Level 1:colcon.colcon_core.package_identification:_identify(.) by extensions ['ros']
[0.454s] Level 1:colcon.colcon_core.package_identification:_identify(.) by extension 'ros'
[0.487s] Level 1:colcon.colcon_core.package_identification:_identify(.) by extensions ['cmake', 'python']
[0.487s] Level 1:colcon.colcon_core.package_identification:_identify(.) by extension 'cmake'
[0.487s] Level 1:colcon.colcon_core.package_identification:_identify(.) by extension 'python'
[0.487s] Level 1:colcon.colcon_core.package_identification:_identify(.) by extensions ['python_setup_py']
[0.487s] Level 1:colcon.colcon_core.package_identification:_identify(.) by extension 'python_setup_py'
[0.488s] Level 1:colcon.colcon_core.package_identification:_identify(build) by extensions ['ignore', 'ignore_ament_install']
[0.488s] Level 1:colcon.colcon_core.package_identification:_identify(build) by extension 'ignore'
[0.488s] Level 1:colcon.colcon_core.package_identification:_identify(build) ignored
[0.488s] Level 1:colcon.colcon_core.package_identification:_identify(docker) by extensions ['ignore', 'ignore_ament_install']
[0.489s] Level 1:colcon.colcon_core.package_identification:_identify(docker) by extension 'ignore'
[0.489s] Level 1:colcon.colcon_core.package_identification:_identify(docker) by extension 'ignore_ament_install'
[0.489s] Level 1:colcon.colcon_core.package_identification:_identify(docker) by extensions ['colcon_pkg']
[0.489s] Level 1:colcon.colcon_core.package_identification:_identify(docker) by extension 'colcon_pkg'
[0.489s] Level 1:colcon.colcon_core.package_identification:_identify(docker) by extensions ['colcon_meta']
[0.489s] Level 1:colcon.colcon_core.package_identification:_identify(docker) by extension 'colcon_meta'
[0.489s] Level 1:colcon.colcon_core.package_identification:_identify(docker) by extensions ['ros']
[0.490s] Level 1:colcon.colcon_core.package_identification:_identify(docker) by extension 'ros'
[0.490s] Level 1:colcon.colcon_core.package_identification:_identify(docker) by extensions ['cmake', 'python']
[0.490s] Level 1:colcon.colcon_core.package_identification:_identify(docker) by extension 'cmake'
[0.490s] Level 1:colcon.colcon_core.package_identification:_identify(docker) by extension 'python'
[0.490s] Level 1:colcon.colcon_core.package_identification:_identify(docker) by extensions ['python_setup_py']
[0.490s] Level 1:colcon.colcon_core.package_identification:_identify(docker) by extension 'python_setup_py'
[0.491s] Level 1:colcon.colcon_core.package_identification:_identify(install) by extensions ['ignore', 'ignore_ament_install']
[0.491s] Level 1:colcon.colcon_core.package_identification:_identify(install) by extension 'ignore'
[0.491s] Level 1:colcon.colcon_core.package_identification:_identify(install) ignored
[0.491s] Level 1:colcon.colcon_core.package_identification:_identify(log) by extensions ['ignore', 'ignore_ament_install']
[0.491s] Level 1:colcon.colcon_core.package_identification:_identify(log) by extension 'ignore'
[0.491s] Level 1:colcon.colcon_core.package_identification:_identify(log) ignored
[0.491s] Level 1:colcon.colcon_core.package_identification:_identify(src) by extensions ['ignore', 'ignore_ament_install']
[0.491s] Level 1:colcon.colcon_core.package_identification:_identify(src) by extension 'ignore'
[0.491s] Level 1:colcon.colcon_core.package_identification:_identify(src) by extension 'ignore_ament_install'
[0.492s] Level 1:colcon.colcon_core.package_identification:_identify(src) by extensions ['colcon_pkg']
[0.492s] Level 1:colcon.colcon_core.package_identification:_identify(src) by extension 'colcon_pkg'
[0.492s] Level 1:colcon.colcon_core.package_identification:_identify(src) by extensions ['colcon_meta']
[0.492s] Level 1:colcon.colcon_core.package_identification:_identify(src) by extension 'colcon_meta'
[0.492s] Level 1:colcon.colcon_core.package_identification:_identify(src) by extensions ['ros']
[0.492s] Level 1:colcon.colcon_core.package_identification:_identify(src) by extension 'ros'
[0.492s] Level 1:colcon.colcon_core.package_identification:_identify(src) by extensions ['cmake', 'python']
[0.492s] Level 1:colcon.colcon_core.package_identification:_identify(src) by extension 'cmake'
[0.492s] Level 1:colcon.colcon_core.package_identification:_identify(src) by extension 'python'
[0.492s] Level 1:colcon.colcon_core.package_identification:_identify(src) by extensions ['python_setup_py']
[0.492s] Level 1:colcon.colcon_core.package_identification:_identify(src) by extension 'python_setup_py'
[0.493s] Level 1:colcon.colcon_core.package_identification:_identify(src/apriltag_launcher) by extensions ['ignore', 'ignore_ament_install']
[0.493s] Level 1:colcon.colcon_core.package_identification:_identify(src/apriltag_launcher) by extension 'ignore'
[0.493s] Level 1:colcon.colcon_core.package_identification:_identify(src/apriltag_launcher) by extension 'ignore_ament_install'
[0.493s] Level 1:colcon.colcon_core.package_identification:_identify(src/apriltag_launcher) by extensions ['colcon_pkg']
[0.493s] Level 1:colcon.colcon_core.package_identification:_identify(src/apriltag_launcher) by extension 'colcon_pkg'
[0.493s] Level 1:colcon.colcon_core.package_identification:_identify(src/apriltag_launcher) by extensions ['colcon_meta']
[0.493s] Level 1:colcon.colcon_core.package_identification:_identify(src/apriltag_launcher) by extension 'colcon_meta'
[0.493s] Level 1:colcon.colcon_core.package_identification:_identify(src/apriltag_launcher) by extensions ['ros']
[0.493s] Level 1:colcon.colcon_core.package_identification:_identify(src/apriltag_launcher) by extension 'ros'
[0.497s] DEBUG:colcon.colcon_core.package_identification:Package 'src/apriltag_launcher' with type 'ros.ament_cmake' and name 'apriltag_launcher'
[0.498s] Level 1:colcon.colcon_core.package_identification:_identify(src/apriltag_ros) by extensions ['ignore', 'ignore_ament_install']
[0.498s] Level 1:colcon.colcon_core.package_identification:_identify(src/apriltag_ros) by extension 'ignore'
[0.498s] Level 1:colcon.colcon_core.package_identification:_identify(src/apriltag_ros) by extension 'ignore_ament_install'
[0.498s] Level 1:colcon.colcon_core.package_identification:_identify(src/apriltag_ros) by extensions ['colcon_pkg']
[0.498s] Level 1:colcon.colcon_core.package_identification:_identify(src/apriltag_ros) by extension 'colcon_pkg'
[0.498s] Level 1:colcon.colcon_core.package_identification:_identify(src/apriltag_ros) by extensions ['colcon_meta']
[0.499s] Level 1:colcon.colcon_core.package_identification:_identify(src/apriltag_ros) by extension 'colcon_meta'
[0.499s] Level 1:colcon.colcon_core.package_identification:_identify(src/apriltag_ros) by extensions ['ros']
[0.499s] Level 1:colcon.colcon_core.package_identification:_identify(src/apriltag_ros) by extension 'ros'
[0.505s] DEBUG:colcon.colcon_core.package_identification:Package 'src/apriltag_ros' with type 'ros.ament_cmake' and name 'apriltag_ros'
[0.505s] Level 1:colcon.colcon_core.package_identification:_identify(src/uarm_apriltag_demo) by extensions ['ignore', 'ignore_ament_install']
[0.505s] Level 1:colcon.colcon_core.package_identification:_identify(src/uarm_apriltag_demo) by extension 'ignore'
[0.506s] Level 1:colcon.colcon_core.package_identification:_identify(src/uarm_apriltag_demo) by extension 'ignore_ament_install'
[0.506s] Level 1:colcon.colcon_core.package_identification:_identify(src/uarm_apriltag_demo) by extensions ['colcon_pkg']
[0.506s] Level 1:colcon.colcon_core.package_identification:_identify(src/uarm_apriltag_demo) by extension 'colcon_pkg'
[0.506s] Level 1:colcon.colcon_core.package_identification:_identify(src/uarm_apriltag_demo) by extensions ['colcon_meta']
[0.506s] Level 1:colcon.colcon_core.package_identification:_identify(src/uarm_apriltag_demo) by extension 'colcon_meta'
[0.506s] Level 1:colcon.colcon_core.package_identification:_identify(src/uarm_apriltag_demo) by extensions ['ros']
[0.506s] Level 1:colcon.colcon_core.package_identification:_identify(src/uarm_apriltag_demo) by extension 'ros'
[0.508s] DEBUG:colcon.colcon_core.package_identification:Package 'src/uarm_apriltag_demo' with type 'ros.ament_python' and name 'uarm_apriltag_demo'
[0.508s] Level 1:colcon.colcon_core.package_identification:_identify(src/uarm_driver) by extensions ['ignore', 'ignore_ament_install']
[0.508s] Level 1:colcon.colcon_core.package_identification:_identify(src/uarm_driver) by extension 'ignore'
[0.508s] Level 1:colcon.colcon_core.package_identification:_identify(src/uarm_driver) by extension 'ignore_ament_install'
[0.508s] Level 1:colcon.colcon_core.package_identification:_identify(src/uarm_driver) by extensions ['colcon_pkg']
[0.508s] Level 1:colcon.colcon_core.package_identification:_identify(src/uarm_driver) by extension 'colcon_pkg'
[0.508s] Level 1:colcon.colcon_core.package_identification:_identify(src/uarm_driver) by extensions ['colcon_meta']
[0.508s] Level 1:colcon.colcon_core.package_identification:_identify(src/uarm_driver) by extension 'colcon_meta'
[0.509s] Level 1:colcon.colcon_core.package_identification:_identify(src/uarm_driver) by extensions ['ros']
[0.509s] Level 1:colcon.colcon_core.package_identification:_identify(src/uarm_driver) by extension 'ros'
[0.509s] Level 1:colcon.colcon_core.package_identification:_identify(src/uarm_driver) by extensions ['cmake', 'python']
[0.509s] Level 1:colcon.colcon_core.package_identification:_identify(src/uarm_driver) by extension 'cmake'
[0.509s] Level 1:colcon.colcon_core.package_identification:_identify(src/uarm_driver) by extension 'python'
[0.509s] Level 1:colcon.colcon_core.package_identification:_identify(src/uarm_driver) by extensions ['python_setup_py']
[0.509s] Level 1:colcon.colcon_core.package_identification:_identify(src/uarm_driver) by extension 'python_setup_py'
[0.509s] Level 1:colcon.colcon_core.package_identification:_identify(src/uarm_driver/swiftpro) by extensions ['ignore', 'ignore_ament_install']
[0.510s] Level 1:colcon.colcon_core.package_identification:_identify(src/uarm_driver/swiftpro) by extension 'ignore'
[0.510s] Level 1:colcon.colcon_core.package_identification:_identify(src/uarm_driver/swiftpro) by extension 'ignore_ament_install'
[0.510s] Level 1:colcon.colcon_core.package_identification:_identify(src/uarm_driver/swiftpro) by extensions ['colcon_pkg']
[0.510s] Level 1:colcon.colcon_core.package_identification:_identify(src/uarm_driver/swiftpro) by extension 'colcon_pkg'
[0.510s] Level 1:colcon.colcon_core.package_identification:_identify(src/uarm_driver/swiftpro) by extensions ['colcon_meta']
[0.510s] Level 1:colcon.colcon_core.package_identification:_identify(src/uarm_driver/swiftpro) by extension 'colcon_meta'
[0.510s] Level 1:colcon.colcon_core.package_identification:_identify(src/uarm_driver/swiftpro) by extensions ['ros']
[0.510s] Level 1:colcon.colcon_core.package_identification:_identify(src/uarm_driver/swiftpro) by extension 'ros'
[0.512s] DEBUG:colcon.colcon_core.package_identification:Package 'src/uarm_driver/swiftpro' with type 'ros.ament_cmake' and name 'swiftpro'
[0.512s] Level 1:colcon.colcon_core.package_identification:_identify(src/uarm_interfaces) by extensions ['ignore', 'ignore_ament_install']
[0.512s] Level 1:colcon.colcon_core.package_identification:_identify(src/uarm_interfaces) by extension 'ignore'
[0.512s] Level 1:colcon.colcon_core.package_identification:_identify(src/uarm_interfaces) by extension 'ignore_ament_install'
[0.512s] Level 1:colcon.colcon_core.package_identification:_identify(src/uarm_interfaces) by extensions ['colcon_pkg']
[0.512s] Level 1:colcon.colcon_core.package_identification:_identify(src/uarm_interfaces) by extension 'colcon_pkg'
[0.512s] Level 1:colcon.colcon_core.package_identification:_identify(src/uarm_interfaces) by extensions ['colcon_meta']
[0.512s] Level 1:colcon.colcon_core.package_identification:_identify(src/uarm_interfaces) by extension 'colcon_meta'
[0.513s] Level 1:colcon.colcon_core.package_identification:_identify(src/uarm_interfaces) by extensions ['ros']
[0.513s] Level 1:colcon.colcon_core.package_identification:_identify(src/uarm_interfaces) by extension 'ros'
[0.514s] DEBUG:colcon.colcon_core.package_identification:Package 'src/uarm_interfaces' with type 'ros.ament_cmake' and name 'uarm_interfaces'
[0.514s] Level 1:colcon.colcon_core.package_discovery:discover_packages(recursive) using defaults
[0.514s] Level 1:colcon.colcon_core.package_discovery:discover_packages(ignore) discover
[0.514s] Level 1:colcon.colcon_core.package_discovery:discover_packages(ignore) using defaults
[0.514s] Level 1:colcon.colcon_core.package_discovery:discover_packages(path) discover
[0.514s] Level 1:colcon.colcon_core.package_discovery:discover_packages(path) using defaults
[0.549s] INFO:colcon.colcon_core.package_selection:Skipping not selected package 'apriltag_ros' in 'src/apriltag_ros'
[0.549s] INFO:colcon.colcon_core.package_selection:Skipping not selected package 'swiftpro' in 'src/uarm_driver/swiftpro'
[0.549s] INFO:colcon.colcon_core.package_selection:Skipping not selected package 'apriltag_launcher' in 'src/apriltag_launcher'
[0.549s] INFO:colcon.colcon_core.package_selection:Skipping not selected package 'uarm_apriltag_demo' in 'src/uarm_apriltag_demo'
[0.550s] Level 5:colcon.colcon_core.verb:set package 'uarm_interfaces' build argument 'cmake_args' from command line to 'None'
[0.550s] Level 5:colcon.colcon_core.verb:set package 'uarm_interfaces' build argument 'cmake_target' from command line to 'None'
[0.550s] Level 5:colcon.colcon_core.verb:set package 'uarm_interfaces' build argument 'cmake_target_skip_unavailable' from command line to 'False'
[0.550s] Level 5:colcon.colcon_core.verb:set package 'uarm_interfaces' build argument 'cmake_clean_cache' from command line to 'False'
[0.550s] Level 5:colcon.colcon_core.verb:set package 'uarm_interfaces' build argument 'cmake_clean_first' from command line to 'False'
[0.550s] Level 5:colcon.colcon_core.verb:set package 'uarm_interfaces' build argument 'cmake_force_configure' from command line to 'False'
[0.550s] Level 5:colcon.colcon_core.verb:set package 'uarm_interfaces' build argument 'ament_cmake_args' from command line to 'None'
[0.550s] Level 5:colcon.colcon_core.verb:set package 'uarm_interfaces' build argument 'catkin_cmake_args' from command line to 'None'
[0.550s] Level 5:colcon.colcon_core.verb:set package 'uarm_interfaces' build argument 'catkin_skip_building_tests' from command line to 'False'
[0.550s] DEBUG:colcon.colcon_core.verb:Building package 'uarm_interfaces' with the following arguments: {'ament_cmake_args': None, 'build_base': '/home/ros2/ros2_ws/build/uarm_interfaces', 'catkin_cmake_args': None, 'catkin_skip_building_tests': False, 'cmake_args': None, 'cmake_clean_cache': False, 'cmake_clean_first': False, 'cmake_force_configure': False, 'cmake_target': None, 'cmake_target_skip_unavailable': False, 'install_base': '/home/ros2/ros2_ws/install/uarm_interfaces', 'merge_install': False, 'path': '/home/ros2/ros2_ws/src/uarm_interfaces', 'symlink_install': True, 'test_result_base': None}
[0.550s] INFO:colcon.colcon_core.executor:Executing jobs using 'parallel' executor
[0.552s] DEBUG:colcon.colcon_parallel_executor.executor.parallel:run_until_complete
[0.552s] INFO:colcon.colcon_ros.task.ament_cmake.build:Building ROS package in '/home/ros2/ros2_ws/src/uarm_interfaces' with build type 'ament_cmake'
[0.553s] INFO:colcon.colcon_cmake.task.cmake.build:Building CMake package in '/home/ros2/ros2_ws/src/uarm_interfaces'
[0.560s] INFO:colcon.colcon_core.plugin_system:Skipping extension 'colcon_core.shell.bat': Not used on non-Windows systems
[0.560s] INFO:colcon.colcon_core.shell:Skip shell extension 'powershell' for command environment: Not usable outside of PowerShell
[0.560s] DEBUG:colcon.colcon_core.shell:Skip shell extension 'dsv' for command environment
[0.585s] DEBUG:colcon.colcon_core.event_handler.log_command:Invoking command in '/home/ros2/ros2_ws/build/uarm_interfaces': CMAKE_PREFIX_PATH=/opt/ros/jazzy /usr/bin/cmake /home/ros2/ros2_ws/src/uarm_interfaces -DAMENT_CMAKE_SYMLINK_INSTALL=1 -DCMAKE_INSTALL_PREFIX=/home/ros2/ros2_ws/install/uarm_interfaces
[8.640s] DEBUG:colcon.colcon_core.event_handler.log_command:Invoked command in '/home/ros2/ros2_ws/build/uarm_interfaces' returned '0': CMAKE_PREFIX_PATH=/opt/ros/jazzy /usr/bin/cmake /home/ros2/ros2_ws/src/uarm_interfaces -DAMENT_CMAKE_SYMLINK_INSTALL=1 -DCMAKE_INSTALL_PREFIX=/home/ros2/ros2_ws/install/uarm_interfaces
[8.641s] DEBUG:colcon.colcon_core.event_handler.log_command:Invoking command in '/home/ros2/ros2_ws/build/uarm_interfaces': CMAKE_PREFIX_PATH=/opt/ros/jazzy /usr/bin/cmake --build /home/ros2/ros2_ws/build/uarm_interfaces -- -j12 -l12
[16.453s] DEBUG:colcon.colcon_core.event_handler.log_command:Invoked command in '/home/ros2/ros2_ws/build/uarm_interfaces' returned '0': CMAKE_PREFIX_PATH=/opt/ros/jazzy /usr/bin/cmake --build /home/ros2/ros2_ws/build/uarm_interfaces -- -j12 -l12
[16.478s] DEBUG:colcon.colcon_core.event_handler.log_command:Invoking command in '/home/ros2/ros2_ws/build/uarm_interfaces': CMAKE_PREFIX_PATH=/opt/ros/jazzy /usr/bin/cmake --install /home/ros2/ros2_ws/build/uarm_interfaces
[17.996s] Level 1:colcon.colcon_core.environment:create_environment_scripts_only(uarm_interfaces)
[17.997s] DEBUG:colcon.colcon_core.event_handler.log_command:Invoked command in '/home/ros2/ros2_ws/build/uarm_interfaces' returned '0': CMAKE_PREFIX_PATH=/opt/ros/jazzy /usr/bin/cmake --install /home/ros2/ros2_ws/build/uarm_interfaces
[18.004s] Level 1:colcon.colcon_core.environment:checking '/home/ros2/ros2_ws/install/uarm_interfaces' for CMake module files
[18.005s] Level 1:colcon.colcon_core.environment:checking '/home/ros2/ros2_ws/install/uarm_interfaces' for CMake config files
[18.006s] Level 1:colcon.colcon_core.shell:create_environment_hook('uarm_interfaces', 'cmake_prefix_path')
[18.006s] INFO:colcon.colcon_core.shell:Creating environment hook '/home/ros2/ros2_ws/install/uarm_interfaces/share/uarm_interfaces/hook/cmake_prefix_path.ps1'
[18.008s] INFO:colcon.colcon_core.shell:Creating environment descriptor '/home/ros2/ros2_ws/install/uarm_interfaces/share/uarm_interfaces/hook/cmake_prefix_path.dsv'
[18.009s] INFO:colcon.colcon_core.shell:Creating environment hook '/home/ros2/ros2_ws/install/uarm_interfaces/share/uarm_interfaces/hook/cmake_prefix_path.sh'
[18.011s] Level 1:colcon.colcon_core.environment:checking '/home/ros2/ros2_ws/install/uarm_interfaces/lib'
[18.011s] Level 1:colcon.colcon_core.shell:create_environment_hook('uarm_interfaces', 'ld_library_path_lib')
[18.012s] INFO:colcon.colcon_core.shell:Creating environment hook '/home/ros2/ros2_ws/install/uarm_interfaces/share/uarm_interfaces/hook/ld_library_path_lib.ps1'
[18.013s] INFO:colcon.colcon_core.shell:Creating environment descriptor '/home/ros2/ros2_ws/install/uarm_interfaces/share/uarm_interfaces/hook/ld_library_path_lib.dsv'
[18.013s] INFO:colcon.colcon_core.shell:Creating environment hook '/home/ros2/ros2_ws/install/uarm_interfaces/share/uarm_interfaces/hook/ld_library_path_lib.sh'
[18.014s] Level 1:colcon.colcon_core.environment:checking '/home/ros2/ros2_ws/install/uarm_interfaces/bin'
[18.014s] Level 1:colcon.colcon_core.environment:checking '/home/ros2/ros2_ws/install/uarm_interfaces/lib/pkgconfig/uarm_interfaces.pc'
[18.017s] Level 1:colcon.colcon_core.environment:checking '/home/ros2/ros2_ws/install/uarm_interfaces/lib/python3.12/site-packages'
[18.017s] Level 1:colcon.colcon_core.shell:create_environment_hook('uarm_interfaces', 'pythonpath')
[18.018s] INFO:colcon.colcon_core.shell:Creating environment hook '/home/ros2/ros2_ws/install/uarm_interfaces/share/uarm_interfaces/hook/pythonpath.ps1'
[18.018s] INFO:colcon.colcon_core.shell:Creating environment descriptor '/home/ros2/ros2_ws/install/uarm_interfaces/share/uarm_interfaces/hook/pythonpath.dsv'
[18.019s] INFO:colcon.colcon_core.shell:Creating environment hook '/home/ros2/ros2_ws/install/uarm_interfaces/share/uarm_interfaces/hook/pythonpath.sh'
[18.019s] Level 1:colcon.colcon_core.environment:checking '/home/ros2/ros2_ws/install/uarm_interfaces/bin'
[18.020s] INFO:colcon.colcon_core.shell:Creating package script '/home/ros2/ros2_ws/install/uarm_interfaces/share/uarm_interfaces/package.ps1'
[18.022s] INFO:colcon.colcon_core.shell:Creating package descriptor '/home/ros2/ros2_ws/install/uarm_interfaces/share/uarm_interfaces/package.dsv'
[18.023s] INFO:colcon.colcon_core.shell:Creating package script '/home/ros2/ros2_ws/install/uarm_interfaces/share/uarm_interfaces/package.sh'
[18.025s] INFO:colcon.colcon_core.shell:Creating package script '/home/ros2/ros2_ws/install/uarm_interfaces/share/uarm_interfaces/package.bash'
[18.026s] INFO:colcon.colcon_core.shell:Creating package script '/home/ros2/ros2_ws/install/uarm_interfaces/share/uarm_interfaces/package.zsh'
[18.028s] Level 1:colcon.colcon_core.environment:create_file_with_runtime_dependencies(/home/ros2/ros2_ws/install/uarm_interfaces/share/colcon-core/packages/uarm_interfaces)
[18.032s] Level 1:colcon.colcon_core.environment:create_environment_scripts_only(uarm_interfaces)
[18.032s] Level 1:colcon.colcon_core.environment:checking '/home/ros2/ros2_ws/install/uarm_interfaces' for CMake module files
[18.034s] Level 1:colcon.colcon_core.environment:checking '/home/ros2/ros2_ws/install/uarm_interfaces' for CMake config files
[18.035s] Level 1:colcon.colcon_core.shell:create_environment_hook('uarm_interfaces', 'cmake_prefix_path')
[18.035s] INFO:colcon.colcon_core.shell:Creating environment hook '/home/ros2/ros2_ws/install/uarm_interfaces/share/uarm_interfaces/hook/cmake_prefix_path.ps1'
[18.036s] INFO:colcon.colcon_core.shell:Creating environment descriptor '/home/ros2/ros2_ws/install/uarm_interfaces/share/uarm_interfaces/hook/cmake_prefix_path.dsv'
[18.036s] INFO:colcon.colcon_core.shell:Creating environment hook '/home/ros2/ros2_ws/install/uarm_interfaces/share/uarm_interfaces/hook/cmake_prefix_path.sh'
[18.037s] Level 1:colcon.colcon_core.environment:checking '/home/ros2/ros2_ws/install/uarm_interfaces/lib'
[18.037s] Level 1:colcon.colcon_core.shell:create_environment_hook('uarm_interfaces', 'ld_library_path_lib')
[18.038s] INFO:colcon.colcon_core.shell:Creating environment hook '/home/ros2/ros2_ws/install/uarm_interfaces/share/uarm_interfaces/hook/ld_library_path_lib.ps1'
[18.038s] INFO:colcon.colcon_core.shell:Creating environment descriptor '/home/ros2/ros2_ws/install/uarm_interfaces/share/uarm_interfaces/hook/ld_library_path_lib.dsv'
[18.039s] INFO:colcon.colcon_core.shell:Creating environment hook '/home/ros2/ros2_ws/install/uarm_interfaces/share/uarm_interfaces/hook/ld_library_path_lib.sh'
[18.039s] Level 1:colcon.colcon_core.environment:checking '/home/ros2/ros2_ws/install/uarm_interfaces/bin'
[18.040s] Level 1:colcon.colcon_core.environment:checking '/home/ros2/ros2_ws/install/uarm_interfaces/lib/pkgconfig/uarm_interfaces.pc'
[18.040s] Level 1:colcon.colcon_core.environment:checking '/home/ros2/ros2_ws/install/uarm_interfaces/lib/python3.12/site-packages'
[18.040s] Level 1:colcon.colcon_core.shell:create_environment_hook('uarm_interfaces', 'pythonpath')
[18.040s] INFO:colcon.colcon_core.shell:Creating environment hook '/home/ros2/ros2_ws/install/uarm_interfaces/share/uarm_interfaces/hook/pythonpath.ps1'
[18.041s] INFO:colcon.colcon_core.shell:Creating environment descriptor '/home/ros2/ros2_ws/install/uarm_interfaces/share/uarm_interfaces/hook/pythonpath.dsv'
[18.041s] INFO:colcon.colcon_core.shell:Creating environment hook '/home/ros2/ros2_ws/install/uarm_interfaces/share/uarm_interfaces/hook/pythonpath.sh'
[18.043s] Level 1:colcon.colcon_core.environment:checking '/home/ros2/ros2_ws/install/uarm_interfaces/bin'
[18.043s] INFO:colcon.colcon_core.shell:Creating package script '/home/ros2/ros2_ws/install/uarm_interfaces/share/uarm_interfaces/package.ps1'
[18.044s] INFO:colcon.colcon_core.shell:Creating package descriptor '/home/ros2/ros2_ws/install/uarm_interfaces/share/uarm_interfaces/package.dsv'
[18.045s] INFO:colcon.colcon_core.shell:Creating package script '/home/ros2/ros2_ws/install/uarm_interfaces/share/uarm_interfaces/package.sh'
[18.046s] INFO:colcon.colcon_core.shell:Creating package script '/home/ros2/ros2_ws/install/uarm_interfaces/share/uarm_interfaces/package.bash'
[18.047s] INFO:colcon.colcon_core.shell:Creating package script '/home/ros2/ros2_ws/install/uarm_interfaces/share/uarm_interfaces/package.zsh'
[18.047s] Level 1:colcon.colcon_core.environment:create_file_with_runtime_dependencies(/home/ros2/ros2_ws/install/uarm_interfaces/share/colcon-core/packages/uarm_interfaces)
[18.047s] DEBUG:colcon.colcon_parallel_executor.executor.parallel:closing loop
[18.049s] DEBUG:colcon.colcon_parallel_executor.executor.parallel:loop closed
[18.049s] DEBUG:colcon.colcon_parallel_executor.executor.parallel:run_until_complete finished with '0'
[18.049s] DEBUG:colcon.colcon_core.event_reactor:joining thread
[18.136s] INFO:colcon.colcon_core.plugin_system:Skipping extension 'colcon_notification.desktop_notification.notify_send': Could not find 'notify-send'
[18.136s] INFO:colcon.colcon_core.plugin_system:Skipping extension 'colcon_notification.desktop_notification.terminal_notifier': Not used on non-Darwin systems
[18.136s] INFO:colcon.colcon_core.plugin_system:Skipping extension 'colcon_notification.desktop_notification.win32': Not used on non-Windows systems
[18.136s] INFO:colcon.colcon_notification.desktop_notification:Sending desktop notification using 'notify2'
[18.196s] DEBUG:colcon.colcon_notification.desktop_notification.notify2:Failed to initialize notify2: org.freedesktop.DBus.Error.ServiceUnknown: The name org.freedesktop.Notifications was not provided by any .service files
[18.196s] DEBUG:colcon.colcon_core.event_reactor:joined thread
[18.196s] INFO:colcon.colcon_core.shell:Creating prefix script '/home/ros2/ros2_ws/install/local_setup.ps1'
[18.198s] INFO:colcon.colcon_core.shell:Creating prefix util module '/home/ros2/ros2_ws/install/_local_setup_util_ps1.py'
[18.200s] INFO:colcon.colcon_core.shell:Creating prefix chain script '/home/ros2/ros2_ws/install/setup.ps1'
[18.201s] INFO:colcon.colcon_core.shell:Creating prefix script '/home/ros2/ros2_ws/install/local_setup.sh'
[18.202s] INFO:colcon.colcon_core.shell:Creating prefix util module '/home/ros2/ros2_ws/install/_local_setup_util_sh.py'
[18.203s] INFO:colcon.colcon_core.shell:Creating prefix chain script '/home/ros2/ros2_ws/install/setup.sh'
[18.204s] INFO:colcon.colcon_core.shell:Creating prefix script '/home/ros2/ros2_ws/install/local_setup.bash'
[18.205s] INFO:colcon.colcon_core.shell:Creating prefix chain script '/home/ros2/ros2_ws/install/setup.bash'
[18.206s] INFO:colcon.colcon_core.shell:Creating prefix script '/home/ros2/ros2_ws/install/local_setup.zsh'
[18.207s] INFO:colcon.colcon_core.shell:Creating prefix chain script '/home/ros2/ros2_ws/install/setup.zsh'
