[1.661s] Invoking command in '/home/ros2/ros2_ws/build/uarm_apriltag_demo': AMENT_PREFIX_PATH=/home/ros2/ros2_ws/install/swiftpro:${AMENT_PREFIX_PATH} CMAKE_PREFIX_PATH=/home/ros2/ros2_ws/install/swiftpro LD_LIBRARY_PATH=/home/ros2/ros2_ws/install/swiftpro/lib:${LD_LIBRARY_PATH} PYTHONPATH=/home/ros2/ros2_ws/build/uarm_apriltag_demo/prefix_override:/home/ros2/.local/lib/python3.12/site-packages/colcon_core/task/python/colcon_distutils_commands:/home/ros2/ros2_ws/install/uarm_apriltag_demo/lib/python3.12/site-packages:/home/ros2/ros2_ws/install/swiftpro/lib/python3.12/site-packages:${PYTHONPATH} /usr/bin/python3 -W ignore:setup.py install is deprecated -W ignore:easy_install command is deprecated setup.py develop --editable --build-directory /home/ros2/ros2_ws/build/uarm_apriltag_demo/build --no-deps symlink_data
[2.015s] running develop
[2.223s] running egg_info
[2.223s] creating uarm_apriltag_demo.egg-info
[2.244s] writing uarm_apriltag_demo.egg-info/PKG-INFO
[2.245s] writing dependency_links to uarm_apriltag_demo.egg-info/dependency_links.txt
[2.245s] writing entry points to uarm_apriltag_demo.egg-info/entry_points.txt
[2.246s] writing requirements to uarm_apriltag_demo.egg-info/requires.txt
[2.246s] writing top-level names to uarm_apriltag_demo.egg-info/top_level.txt
[2.246s] writing manifest file 'uarm_apriltag_demo.egg-info/SOURCES.txt'
[2.297s] reading manifest file 'uarm_apriltag_demo.egg-info/SOURCES.txt'
[2.297s] writing manifest file 'uarm_apriltag_demo.egg-info/SOURCES.txt'
[2.321s] running build_ext
[2.321s] Creating /home/ros2/ros2_ws/install/uarm_apriltag_demo/lib/python3.12/site-packages/uarm-apriltag-demo.egg-link (link to .)
[2.322s] Installing demo_node script to /home/ros2/ros2_ws/install/uarm_apriltag_demo/lib/uarm_apriltag_demo
[2.323s] 
[2.323s] Installed /home/ros2/ros2_ws/build/uarm_apriltag_demo
[2.324s] running symlink_data
[2.324s] creating /home/ros2/ros2_ws/install/uarm_apriltag_demo/share/ament_index
[2.324s] creating /home/ros2/ros2_ws/install/uarm_apriltag_demo/share/ament_index/resource_index
[2.325s] creating /home/ros2/ros2_ws/install/uarm_apriltag_demo/share/ament_index/resource_index/packages
[2.326s] symbolically linking /home/ros2/ros2_ws/build/uarm_apriltag_demo/resource/uarm_apriltag_demo -> /home/ros2/ros2_ws/install/uarm_apriltag_demo/share/ament_index/resource_index/packages
[2.326s] symbolically linking /home/ros2/ros2_ws/build/uarm_apriltag_demo/package.xml -> /home/ros2/ros2_ws/install/uarm_apriltag_demo/share/uarm_apriltag_demo
[2.327s] creating /home/ros2/ros2_ws/install/uarm_apriltag_demo/share/uarm_apriltag_demo/launch
[2.327s] symbolically linking /home/ros2/ros2_ws/build/uarm_apriltag_demo/launch/demo.launch.py -> /home/ros2/ros2_ws/install/uarm_apriltag_demo/share/uarm_apriltag_demo/launch
[2.367s] Invoked command in '/home/ros2/ros2_ws/build/uarm_apriltag_demo' returned '0': AMENT_PREFIX_PATH=/home/ros2/ros2_ws/install/swiftpro:${AMENT_PREFIX_PATH} CMAKE_PREFIX_PATH=/home/ros2/ros2_ws/install/swiftpro LD_LIBRARY_PATH=/home/ros2/ros2_ws/install/swiftpro/lib:${LD_LIBRARY_PATH} PYTHONPATH=/home/ros2/ros2_ws/build/uarm_apriltag_demo/prefix_override:/home/ros2/.local/lib/python3.12/site-packages/colcon_core/task/python/colcon_distutils_commands:/home/ros2/ros2_ws/install/uarm_apriltag_demo/lib/python3.12/site-packages:/home/ros2/ros2_ws/install/swiftpro/lib/python3.12/site-packages:${PYTHONPATH} /usr/bin/python3 -W ignore:setup.py install is deprecated -W ignore:easy_install command is deprecated setup.py develop --editable --build-directory /home/ros2/ros2_ws/build/uarm_apriltag_demo/build --no-deps symlink_data
