[0.016s] Invoking command in '/home/ros2/ros2_ws/build/swiftpro': CMAKE_PREFIX_PATH=/opt/ros/jazzy /usr/bin/cmake /home/ros2/ros2_ws/uarm_driver/swiftpro -DAMENT_CMAKE_SYMLINK_INSTALL=1 -DCMAKE_INSTALL_PREFIX=/home/ros2/ros2_ws/install/swiftpro
[0.035s] -- Found ament_cmake: 2.5.5 (/opt/ros/jazzy/share/ament_cmake/cmake)
[0.067s] -- Found Python3: /usr/bin/python3 (found version "3.12.3") found components: Interpreter 
[0.157s] -- Override CMake install command with custom implementation using symlinks instead of copying resources
[0.166s] -- Found rclcpp: 28.1.16 (/opt/ros/jazzy/share/rclcpp/cmake)
[0.371s] -- Found rosidl_generator_c: 4.6.7 (/opt/ros/jazzy/share/rosidl_generator_c/cmake)
[0.383s] -- Found rosidl_generator_cpp: 4.6.7 (/opt/ros/jazzy/share/rosidl_generator_cpp/cmake)
[0.398s] -- Using all available rosidl_typesupport_c: rosidl_typesupport_fastrtps_c;rosidl_typesupport_introspection_c
[0.416s] -- Using all available rosidl_typesupport_cpp: rosidl_typesupport_fastrtps_cpp;rosidl_typesupport_introspection_cpp
[0.496s] -- Found rmw_implementation_cmake: 7.3.3 (/opt/ros/jazzy/share/rmw_implementation_cmake/cmake)
[0.498s] -- Found rmw_fastrtps_cpp: 8.4.3 (/opt/ros/jazzy/share/rmw_fastrtps_cpp/cmake)
[0.828s] -- Using RMW implementation 'rmw_fastrtps_cpp' as default
[1.092s] -- Found std_msgs: 5.3.6 (/opt/ros/jazzy/share/std_msgs/cmake)
[1.108s] -- Found sensor_msgs: 5.3.6 (/opt/ros/jazzy/share/sensor_msgs/cmake)
[1.155s] -- Found tf2: 0.36.19 (/opt/ros/jazzy/share/tf2/cmake)
[1.160s] -- Found tf2_ros: 0.36.19 (/opt/ros/jazzy/share/tf2_ros/cmake)
[1.304s] -- Found tf2_geometry_msgs: 0.36.19 (/opt/ros/jazzy/share/tf2_geometry_msgs/cmake)
[1.311s] -- Found eigen3_cmake_module: 0.3.0 (/opt/ros/jazzy/share/eigen3_cmake_module/cmake)
[1.314s] -- Ensuring Eigen3 include directory is part of orocos-kdl CMake target
[1.318s] -- Found rosidl_default_generators: 1.6.0 (/opt/ros/jazzy/share/rosidl_default_generators/cmake)
[1.331s] -- Found rosidl_adapter: 4.6.7 (/opt/ros/jazzy/share/rosidl_adapter/cmake)
[1.782s] -- Found ament_cmake_ros: 0.12.0 (/opt/ros/jazzy/share/ament_cmake_ros/cmake)
[2.296s] -- Using all available rosidl_typesupport_c: rosidl_typesupport_fastrtps_c;rosidl_typesupport_introspection_c
[2.511s] -- Using all available rosidl_typesupport_cpp: rosidl_typesupport_fastrtps_cpp;rosidl_typesupport_introspection_cpp
[2.512s] -- Found python_cmake_module: 0.11.1 (/opt/ros/jazzy/share/python_cmake_module/cmake)
[2.864s] -- Found Python3: /usr/bin/python3 (found version "3.12.3") found components: Interpreter Development NumPy Development.Module Development.Embed 
[2.960s] -- Configuring done (2.9s)
[3.070s] -- Generating done (0.1s)
[3.099s] -- Build files have been written to: /home/ros2/ros2_ws/build/swiftpro
[3.116s] Invoked command in '/home/ros2/ros2_ws/build/swiftpro' returned '0': CMAKE_PREFIX_PATH=/opt/ros/jazzy /usr/bin/cmake /home/ros2/ros2_ws/uarm_driver/swiftpro -DAMENT_CMAKE_SYMLINK_INSTALL=1 -DCMAKE_INSTALL_PREFIX=/home/ros2/ros2_ws/install/swiftpro
[3.118s] Invoking command in '/home/ros2/ros2_ws/build/swiftpro': CMAKE_PREFIX_PATH=/opt/ros/jazzy /usr/bin/cmake --build /home/ros2/ros2_ws/build/swiftpro -- -j12 -l12
[3.196s] [  1%] Built target swiftpro__rosidl_generator_type_description
[3.207s] [  1%] Built target ament_cmake_python_symlink_swiftpro
[3.231s] [  2%] Built target swiftpro__cpp
[3.243s] [ 23%] Built target swiftpro__rosidl_generator_c
[3.289s] [ 32%] Built target swiftpro__rosidl_typesupport_introspection_c
[3.293s] [ 41%] Built target swiftpro__rosidl_typesupport_c
[3.300s] [ 50%] Built target swiftpro__rosidl_typesupport_introspection_cpp
[3.301s] [ 58%] Built target swiftpro__rosidl_typesupport_cpp
[3.302s] [ 68%] Built target swiftpro__rosidl_typesupport_fastrtps_c
[3.303s] [ 76%] Built target swiftpro__rosidl_typesupport_fastrtps_cpp
[3.339s] [ 76%] Built target swiftpro
[3.360s] [ 78%] Built target swiftpro_write_node
[3.361s] [ 81%] Built target swiftpro_read_node
[3.368s] [ 83%] Built target swiftpro_rviz_node
[3.378s] [ 85%] Built target swiftpro__py
[3.430s] [ 92%] Built target swiftpro__rosidl_generator_py
[3.473s] [ 97%] Built target swiftpro_s__rosidl_typesupport_fastrtps_c
[3.473s] [ 97%] Built target swiftpro_s__rosidl_typesupport_introspection_c
[3.474s] [100%] Built target swiftpro_s__rosidl_typesupport_c
[3.510s] running egg_info
[3.534s] writing swiftpro.egg-info/PKG-INFO
[3.535s] writing dependency_links to swiftpro.egg-info/dependency_links.txt
[3.535s] writing top-level names to swiftpro.egg-info/top_level.txt
[3.598s] reading manifest file 'swiftpro.egg-info/SOURCES.txt'
[3.598s] writing manifest file 'swiftpro.egg-info/SOURCES.txt'
[3.631s] [100%] Built target ament_cmake_python_build_swiftpro_egg
[3.653s] Invoked command in '/home/ros2/ros2_ws/build/swiftpro' returned '0': CMAKE_PREFIX_PATH=/opt/ros/jazzy /usr/bin/cmake --build /home/ros2/ros2_ws/build/swiftpro -- -j12 -l12
[3.667s] Invoking command in '/home/ros2/ros2_ws/build/swiftpro': CMAKE_PREFIX_PATH=/opt/ros/jazzy /usr/bin/cmake --install /home/ros2/ros2_ws/build/swiftpro
[3.678s] -- Install configuration: ""
[3.679s] -- Execute custom install script
[3.679s] -- Up-to-date symlink: /home/ros2/ros2_ws/install/swiftpro/share/ament_index/resource_index/rosidl_interfaces/swiftpro
[3.679s] -- Up-to-date symlink: /home/ros2/ros2_ws/install/swiftpro/share/swiftpro/msg/SwiftproState.json
[3.680s] -- Up-to-date symlink: /home/ros2/ros2_ws/install/swiftpro/share/swiftpro/msg/Position.json
[3.680s] -- Up-to-date symlink: /home/ros2/ros2_ws/install/swiftpro/share/swiftpro/msg/Angle4th.json
[3.680s] -- Up-to-date symlink: /home/ros2/ros2_ws/install/swiftpro/share/swiftpro/msg/Status.json
[3.680s] -- Up-to-date symlink: /home/ros2/ros2_ws/install/swiftpro/share/swiftpro/srv/SendGcode.json
[3.681s] -- Up-to-date symlink: /home/ros2/ros2_ws/install/swiftpro/include/swiftpro/swiftpro/msg/angle4th.h
[3.681s] -- Up-to-date symlink: /home/ros2/ros2_ws/install/swiftpro/include/swiftpro/swiftpro/msg/detail/angle4th__functions.h
[3.682s] -- Up-to-date symlink: /home/ros2/ros2_ws/install/swiftpro/include/swiftpro/swiftpro/msg/detail/angle4th__struct.h
[3.682s] -- Up-to-date symlink: /home/ros2/ros2_ws/install/swiftpro/include/swiftpro/swiftpro/msg/detail/angle4th__type_support.h
[3.682s] -- Up-to-date symlink: /home/ros2/ros2_ws/install/swiftpro/include/swiftpro/swiftpro/msg/detail/position__functions.h
[3.682s] -- Up-to-date symlink: /home/ros2/ros2_ws/install/swiftpro/include/swiftpro/swiftpro/msg/detail/position__struct.h
[3.683s] -- Up-to-date symlink: /home/ros2/ros2_ws/install/swiftpro/include/swiftpro/swiftpro/msg/detail/position__type_support.h
[3.683s] -- Up-to-date symlink: /home/ros2/ros2_ws/install/swiftpro/include/swiftpro/swiftpro/msg/detail/status__functions.h
[3.683s] -- Up-to-date symlink: /home/ros2/ros2_ws/install/swiftpro/include/swiftpro/swiftpro/msg/detail/status__struct.h
[3.684s] -- Up-to-date symlink: /home/ros2/ros2_ws/install/swiftpro/include/swiftpro/swiftpro/msg/detail/status__type_support.h
[3.684s] -- Up-to-date symlink: /home/ros2/ros2_ws/install/swiftpro/include/swiftpro/swiftpro/msg/detail/swiftpro_state__functions.h
[3.684s] -- Up-to-date symlink: /home/ros2/ros2_ws/install/swiftpro/include/swiftpro/swiftpro/msg/detail/swiftpro_state__struct.h
[3.684s] -- Up-to-date symlink: /home/ros2/ros2_ws/install/swiftpro/include/swiftpro/swiftpro/msg/detail/swiftpro_state__type_support.h
[3.685s] -- Up-to-date symlink: /home/ros2/ros2_ws/install/swiftpro/include/swiftpro/swiftpro/msg/position.h
[3.685s] -- Up-to-date symlink: /home/ros2/ros2_ws/install/swiftpro/include/swiftpro/swiftpro/msg/rosidl_generator_c__visibility_control.h
[3.685s] -- Up-to-date symlink: /home/ros2/ros2_ws/install/swiftpro/include/swiftpro/swiftpro/msg/status.h
[3.686s] -- Up-to-date symlink: /home/ros2/ros2_ws/install/swiftpro/include/swiftpro/swiftpro/msg/swiftpro_state.h
[3.686s] -- Up-to-date symlink: /home/ros2/ros2_ws/install/swiftpro/include/swiftpro/swiftpro/srv/detail/send_gcode__functions.h
[3.686s] -- Up-to-date symlink: /home/ros2/ros2_ws/install/swiftpro/include/swiftpro/swiftpro/srv/detail/send_gcode__struct.h
[3.686s] -- Up-to-date symlink: /home/ros2/ros2_ws/install/swiftpro/include/swiftpro/swiftpro/srv/detail/send_gcode__type_support.h
[3.687s] -- Up-to-date symlink: /home/ros2/ros2_ws/install/swiftpro/include/swiftpro/swiftpro/srv/send_gcode.h
[3.687s] -- Up-to-date symlink: /home/ros2/ros2_ws/install/swiftpro/share/swiftpro/environment/library_path.sh
[3.687s] -- Up-to-date symlink: /home/ros2/ros2_ws/install/swiftpro/share/swiftpro/environment/library_path.dsv
[3.688s] -- Up-to-date symlink: /home/ros2/ros2_ws/install/swiftpro/include/swiftpro/swiftpro/msg/detail/angle4th__rosidl_typesupport_fastrtps_c.h
[3.689s] -- Up-to-date symlink: /home/ros2/ros2_ws/install/swiftpro/include/swiftpro/swiftpro/msg/detail/position__rosidl_typesupport_fastrtps_c.h
[3.689s] -- Up-to-date symlink: /home/ros2/ros2_ws/install/swiftpro/include/swiftpro/swiftpro/msg/detail/status__rosidl_typesupport_fastrtps_c.h
[3.690s] -- Up-to-date symlink: /home/ros2/ros2_ws/install/swiftpro/include/swiftpro/swiftpro/msg/detail/swiftpro_state__rosidl_typesupport_fastrtps_c.h
[3.690s] -- Up-to-date symlink: /home/ros2/ros2_ws/install/swiftpro/include/swiftpro/swiftpro/msg/rosidl_typesupport_fastrtps_c__visibility_control.h
[3.690s] -- Up-to-date symlink: /home/ros2/ros2_ws/install/swiftpro/include/swiftpro/swiftpro/srv/detail/send_gcode__rosidl_typesupport_fastrtps_c.h
[3.690s] -- Up-to-date symlink: /home/ros2/ros2_ws/install/swiftpro/include/swiftpro/swiftpro/msg/angle4th.hpp
[3.691s] -- Up-to-date symlink: /home/ros2/ros2_ws/install/swiftpro/include/swiftpro/swiftpro/msg/detail/angle4th__builder.hpp
[3.691s] -- Up-to-date symlink: /home/ros2/ros2_ws/install/swiftpro/include/swiftpro/swiftpro/msg/detail/angle4th__struct.hpp
[3.691s] -- Up-to-date symlink: /home/ros2/ros2_ws/install/swiftpro/include/swiftpro/swiftpro/msg/detail/angle4th__traits.hpp
[3.691s] -- Up-to-date symlink: /home/ros2/ros2_ws/install/swiftpro/include/swiftpro/swiftpro/msg/detail/angle4th__type_support.hpp
[3.692s] -- Up-to-date symlink: /home/ros2/ros2_ws/install/swiftpro/include/swiftpro/swiftpro/msg/detail/position__builder.hpp
[3.692s] -- Up-to-date symlink: /home/ros2/ros2_ws/install/swiftpro/include/swiftpro/swiftpro/msg/detail/position__struct.hpp
[3.692s] -- Up-to-date symlink: /home/ros2/ros2_ws/install/swiftpro/include/swiftpro/swiftpro/msg/detail/position__traits.hpp
[3.692s] -- Up-to-date symlink: /home/ros2/ros2_ws/install/swiftpro/include/swiftpro/swiftpro/msg/detail/position__type_support.hpp
[3.692s] -- Up-to-date symlink: /home/ros2/ros2_ws/install/swiftpro/include/swiftpro/swiftpro/msg/detail/status__builder.hpp
[3.693s] -- Up-to-date symlink: /home/ros2/ros2_ws/install/swiftpro/include/swiftpro/swiftpro/msg/detail/status__struct.hpp
[3.693s] -- Up-to-date symlink: /home/ros2/ros2_ws/install/swiftpro/include/swiftpro/swiftpro/msg/detail/status__traits.hpp
[3.693s] -- Up-to-date symlink: /home/ros2/ros2_ws/install/swiftpro/include/swiftpro/swiftpro/msg/detail/status__type_support.hpp
[3.693s] -- Up-to-date symlink: /home/ros2/ros2_ws/install/swiftpro/include/swiftpro/swiftpro/msg/detail/swiftpro_state__builder.hpp
[3.694s] -- Up-to-date symlink: /home/ros2/ros2_ws/install/swiftpro/include/swiftpro/swiftpro/msg/detail/swiftpro_state__struct.hpp
[3.694s] -- Up-to-date symlink: /home/ros2/ros2_ws/install/swiftpro/include/swiftpro/swiftpro/msg/detail/swiftpro_state__traits.hpp
[3.694s] -- Up-to-date symlink: /home/ros2/ros2_ws/install/swiftpro/include/swiftpro/swiftpro/msg/detail/swiftpro_state__type_support.hpp
[3.694s] -- Up-to-date symlink: /home/ros2/ros2_ws/install/swiftpro/include/swiftpro/swiftpro/msg/position.hpp
[3.694s] -- Up-to-date symlink: /home/ros2/ros2_ws/install/swiftpro/include/swiftpro/swiftpro/msg/rosidl_generator_cpp__visibility_control.hpp
[3.695s] -- Up-to-date symlink: /home/ros2/ros2_ws/install/swiftpro/include/swiftpro/swiftpro/msg/status.hpp
[3.695s] -- Up-to-date symlink: /home/ros2/ros2_ws/install/swiftpro/include/swiftpro/swiftpro/msg/swiftpro_state.hpp
[3.695s] -- Up-to-date symlink: /home/ros2/ros2_ws/install/swiftpro/include/swiftpro/swiftpro/srv/detail/send_gcode__builder.hpp
[3.695s] -- Up-to-date symlink: /home/ros2/ros2_ws/install/swiftpro/include/swiftpro/swiftpro/srv/detail/send_gcode__struct.hpp
[3.696s] -- Up-to-date symlink: /home/ros2/ros2_ws/install/swiftpro/include/swiftpro/swiftpro/srv/detail/send_gcode__traits.hpp
[3.696s] -- Up-to-date symlink: /home/ros2/ros2_ws/install/swiftpro/include/swiftpro/swiftpro/srv/detail/send_gcode__type_support.hpp
[3.696s] -- Up-to-date symlink: /home/ros2/ros2_ws/install/swiftpro/include/swiftpro/swiftpro/srv/send_gcode.hpp
[3.698s] -- Up-to-date symlink: /home/ros2/ros2_ws/install/swiftpro/include/swiftpro/swiftpro/msg/detail/angle4th__rosidl_typesupport_fastrtps_cpp.hpp
[3.698s] -- Up-to-date symlink: /home/ros2/ros2_ws/install/swiftpro/include/swiftpro/swiftpro/msg/detail/position__rosidl_typesupport_fastrtps_cpp.hpp
[3.698s] -- Up-to-date symlink: /home/ros2/ros2_ws/install/swiftpro/include/swiftpro/swiftpro/msg/detail/status__rosidl_typesupport_fastrtps_cpp.hpp
[3.698s] -- Up-to-date symlink: /home/ros2/ros2_ws/install/swiftpro/include/swiftpro/swiftpro/msg/detail/swiftpro_state__rosidl_typesupport_fastrtps_cpp.hpp
[3.699s] -- Up-to-date symlink: /home/ros2/ros2_ws/install/swiftpro/include/swiftpro/swiftpro/msg/rosidl_typesupport_fastrtps_cpp__visibility_control.h
[3.699s] -- Up-to-date symlink: /home/ros2/ros2_ws/install/swiftpro/include/swiftpro/swiftpro/srv/detail/send_gcode__rosidl_typesupport_fastrtps_cpp.hpp
[3.699s] -- Up-to-date symlink: /home/ros2/ros2_ws/install/swiftpro/include/swiftpro/swiftpro/msg/detail/angle4th__rosidl_typesupport_introspection_c.h
[3.700s] -- Up-to-date symlink: /home/ros2/ros2_ws/install/swiftpro/include/swiftpro/swiftpro/msg/detail/position__rosidl_typesupport_introspection_c.h
[3.701s] -- Up-to-date symlink: /home/ros2/ros2_ws/install/swiftpro/include/swiftpro/swiftpro/msg/detail/status__rosidl_typesupport_introspection_c.h
[3.701s] -- Up-to-date symlink: /home/ros2/ros2_ws/install/swiftpro/include/swiftpro/swiftpro/msg/detail/swiftpro_state__rosidl_typesupport_introspection_c.h
[3.701s] -- Up-to-date symlink: /home/ros2/ros2_ws/install/swiftpro/include/swiftpro/swiftpro/msg/rosidl_typesupport_introspection_c__visibility_control.h
[3.701s] -- Up-to-date symlink: /home/ros2/ros2_ws/install/swiftpro/include/swiftpro/swiftpro/srv/detail/send_gcode__rosidl_typesupport_introspection_c.h
[3.702s] -- Up-to-date symlink: /home/ros2/ros2_ws/install/swiftpro/include/swiftpro/swiftpro/msg/detail/angle4th__rosidl_typesupport_introspection_cpp.hpp
[3.703s] -- Up-to-date symlink: /home/ros2/ros2_ws/install/swiftpro/include/swiftpro/swiftpro/msg/detail/position__rosidl_typesupport_introspection_cpp.hpp
[3.703s] -- Up-to-date symlink: /home/ros2/ros2_ws/install/swiftpro/include/swiftpro/swiftpro/msg/detail/status__rosidl_typesupport_introspection_cpp.hpp
[3.704s] -- Up-to-date symlink: /home/ros2/ros2_ws/install/swiftpro/include/swiftpro/swiftpro/msg/detail/swiftpro_state__rosidl_typesupport_introspection_cpp.hpp
[3.704s] -- Up-to-date symlink: /home/ros2/ros2_ws/install/swiftpro/include/swiftpro/swiftpro/srv/detail/send_gcode__rosidl_typesupport_introspection_cpp.hpp
[3.704s] -- Up-to-date symlink: /home/ros2/ros2_ws/install/swiftpro/share/swiftpro/environment/pythonpath.sh
[3.705s] -- Up-to-date symlink: /home/ros2/ros2_ws/install/swiftpro/share/swiftpro/environment/pythonpath.dsv
[3.706s] -- Up-to-date symlink: /home/ros2/ros2_ws/install/swiftpro/lib/python3.12/site-packages/swiftpro-2.0.0-py3.12.egg-info/PKG-INFO
[3.706s] -- Up-to-date symlink: /home/ros2/ros2_ws/install/swiftpro/lib/python3.12/site-packages/swiftpro-2.0.0-py3.12.egg-info/SOURCES.txt
[3.706s] -- Up-to-date symlink: /home/ros2/ros2_ws/install/swiftpro/lib/python3.12/site-packages/swiftpro-2.0.0-py3.12.egg-info/dependency_links.txt
[3.706s] -- Up-to-date symlink: /home/ros2/ros2_ws/install/swiftpro/lib/python3.12/site-packages/swiftpro-2.0.0-py3.12.egg-info/top_level.txt
[3.708s] -- Up-to-date symlink: /home/ros2/ros2_ws/install/swiftpro/lib/python3.12/site-packages/swiftpro/__init__.py
[3.708s] -- Up-to-date symlink: /home/ros2/ros2_ws/install/swiftpro/lib/python3.12/site-packages/swiftpro/_swiftpro_s.ep.rosidl_typesupport_c.c
[3.709s] -- Up-to-date symlink: /home/ros2/ros2_ws/install/swiftpro/lib/python3.12/site-packages/swiftpro/_swiftpro_s.ep.rosidl_typesupport_fastrtps_c.c
[3.709s] -- Up-to-date symlink: /home/ros2/ros2_ws/install/swiftpro/lib/python3.12/site-packages/swiftpro/_swiftpro_s.ep.rosidl_typesupport_introspection_c.c
[3.709s] -- Up-to-date symlink: /home/ros2/ros2_ws/install/swiftpro/lib/python3.12/site-packages/swiftpro/msg/__init__.py
[3.710s] -- Up-to-date symlink: /home/ros2/ros2_ws/install/swiftpro/lib/python3.12/site-packages/swiftpro/msg/_angle4th.py
[3.710s] -- Up-to-date symlink: /home/ros2/ros2_ws/install/swiftpro/lib/python3.12/site-packages/swiftpro/msg/_angle4th_s.c
[3.710s] -- Up-to-date symlink: /home/ros2/ros2_ws/install/swiftpro/lib/python3.12/site-packages/swiftpro/msg/_position.py
[3.711s] -- Up-to-date symlink: /home/ros2/ros2_ws/install/swiftpro/lib/python3.12/site-packages/swiftpro/msg/_position_s.c
[3.711s] -- Up-to-date symlink: /home/ros2/ros2_ws/install/swiftpro/lib/python3.12/site-packages/swiftpro/msg/_status.py
[3.711s] -- Up-to-date symlink: /home/ros2/ros2_ws/install/swiftpro/lib/python3.12/site-packages/swiftpro/msg/_status_s.c
[3.711s] -- Up-to-date symlink: /home/ros2/ros2_ws/install/swiftpro/lib/python3.12/site-packages/swiftpro/msg/_swiftpro_state.py
[3.712s] -- Up-to-date symlink: /home/ros2/ros2_ws/install/swiftpro/lib/python3.12/site-packages/swiftpro/msg/_swiftpro_state_s.c
[3.712s] -- Up-to-date symlink: /home/ros2/ros2_ws/install/swiftpro/lib/python3.12/site-packages/swiftpro/srv/__init__.py
[3.712s] -- Up-to-date symlink: /home/ros2/ros2_ws/install/swiftpro/lib/python3.12/site-packages/swiftpro/srv/_send_gcode.py
[3.713s] -- Up-to-date symlink: /home/ros2/ros2_ws/install/swiftpro/lib/python3.12/site-packages/swiftpro/srv/_send_gcode_s.c
[3.713s] -- Up-to-date symlink: /home/ros2/ros2_ws/install/swiftpro/lib/python3.12/site-packages/swiftpro/swiftpro_s__rosidl_typesupport_c.so
[3.713s] -- Up-to-date symlink: /home/ros2/ros2_ws/install/swiftpro/lib/python3.12/site-packages/swiftpro/swiftpro_s__rosidl_typesupport_fastrtps_c.so
[3.714s] -- Up-to-date symlink: /home/ros2/ros2_ws/install/swiftpro/lib/python3.12/site-packages/swiftpro/swiftpro_s__rosidl_typesupport_introspection_c.so
[3.714s] -- Up-to-date symlink: /home/ros2/ros2_ws/install/swiftpro/lib/python3.12/site-packages/swiftpro/swiftpro_s__rosidl_typesupport_fastrtps_c.so
[3.714s] -- Up-to-date symlink: /home/ros2/ros2_ws/install/swiftpro/lib/python3.12/site-packages/swiftpro/swiftpro_s__rosidl_typesupport_introspection_c.so
[3.715s] -- Up-to-date symlink: /home/ros2/ros2_ws/install/swiftpro/lib/python3.12/site-packages/swiftpro/swiftpro_s__rosidl_typesupport_c.so
[3.715s] -- Up-to-date symlink: /home/ros2/ros2_ws/install/swiftpro/share/swiftpro/msg/SwiftproState.idl
[3.715s] -- Up-to-date symlink: /home/ros2/ros2_ws/install/swiftpro/share/swiftpro/msg/Position.idl
[3.716s] -- Up-to-date symlink: /home/ros2/ros2_ws/install/swiftpro/share/swiftpro/msg/Angle4th.idl
[3.716s] -- Up-to-date symlink: /home/ros2/ros2_ws/install/swiftpro/share/swiftpro/msg/Status.idl
[3.717s] -- Up-to-date symlink: /home/ros2/ros2_ws/install/swiftpro/share/swiftpro/srv/SendGcode.idl
[3.717s] -- Up-to-date symlink: /home/ros2/ros2_ws/install/swiftpro/share/swiftpro/msg/SwiftproState.msg
[3.718s] -- Up-to-date symlink: /home/ros2/ros2_ws/install/swiftpro/share/swiftpro/msg/Position.msg
[3.718s] -- Up-to-date symlink: /home/ros2/ros2_ws/install/swiftpro/share/swiftpro/msg/Angle4th.msg
[3.719s] -- Up-to-date symlink: /home/ros2/ros2_ws/install/swiftpro/share/swiftpro/msg/Status.msg
[3.719s] -- Up-to-date symlink: /home/ros2/ros2_ws/install/swiftpro/share/swiftpro/srv/SendGcode.srv
[3.719s] -- Up-to-date symlink: /home/ros2/ros2_ws/install/swiftpro/lib/swiftpro/swiftpro_write_node
[3.719s] -- Up-to-date symlink: /home/ros2/ros2_ws/install/swiftpro/lib/swiftpro/swiftpro_read_node
[3.719s] -- Up-to-date symlink: /home/ros2/ros2_ws/install/swiftpro/lib/swiftpro/swiftpro_rviz_node
[3.720s] -- Up-to-date symlink: /home/ros2/ros2_ws/install/swiftpro/share/swiftpro/urdf/pro_links/Base.STL
[3.720s] -- Up-to-date symlink: /home/ros2/ros2_ws/install/swiftpro/share/swiftpro/urdf/pro_links/Gripper.STL
[3.720s] -- Up-to-date symlink: /home/ros2/ros2_ws/install/swiftpro/share/swiftpro/urdf/pro_links/Link1.STL
[3.721s] -- Up-to-date symlink: /home/ros2/ros2_ws/install/swiftpro/share/swiftpro/urdf/pro_links/Link2.STL
[3.721s] -- Up-to-date symlink: /home/ros2/ros2_ws/install/swiftpro/share/swiftpro/urdf/pro_links/Link3.STL
[3.721s] -- Up-to-date symlink: /home/ros2/ros2_ws/install/swiftpro/share/swiftpro/urdf/pro_links/Link4.STL
[3.721s] -- Up-to-date symlink: /home/ros2/ros2_ws/install/swiftpro/share/swiftpro/urdf/pro_links/Link5.STL
[3.722s] -- Up-to-date symlink: /home/ros2/ros2_ws/install/swiftpro/share/swiftpro/urdf/pro_links/Link6.STL
[3.722s] -- Up-to-date symlink: /home/ros2/ros2_ws/install/swiftpro/share/swiftpro/urdf/pro_links/Link7.STL
[3.722s] -- Up-to-date symlink: /home/ros2/ros2_ws/install/swiftpro/share/swiftpro/urdf/pro_links/Link9.STL
[3.722s] -- Up-to-date symlink: /home/ros2/ros2_ws/install/swiftpro/share/swiftpro/urdf/pro_links/Suction.STL
[3.722s] -- Up-to-date symlink: /home/ros2/ros2_ws/install/swiftpro/share/swiftpro/urdf/pro_model.xacro
[3.723s] -- Up-to-date symlink: /home/ros2/ros2_ws/install/swiftpro/share/swiftpro/urdf/swift_links/Base.STL
[3.723s] -- Up-to-date symlink: /home/ros2/ros2_ws/install/swiftpro/share/swiftpro/urdf/swift_links/Gripper.STL
[3.723s] -- Up-to-date symlink: /home/ros2/ros2_ws/install/swiftpro/share/swiftpro/urdf/swift_links/Link1.STL
[3.723s] -- Up-to-date symlink: /home/ros2/ros2_ws/install/swiftpro/share/swiftpro/urdf/swift_links/Link2.STL
[3.724s] -- Up-to-date symlink: /home/ros2/ros2_ws/install/swiftpro/share/swiftpro/urdf/swift_links/Link3.STL
[3.724s] -- Up-to-date symlink: /home/ros2/ros2_ws/install/swiftpro/share/swiftpro/urdf/swift_links/Link4.STL
[3.724s] -- Up-to-date symlink: /home/ros2/ros2_ws/install/swiftpro/share/swiftpro/urdf/swift_links/Link5.STL
[3.724s] -- Up-to-date symlink: /home/ros2/ros2_ws/install/swiftpro/share/swiftpro/urdf/swift_links/Link6.STL
[3.724s] -- Up-to-date symlink: /home/ros2/ros2_ws/install/swiftpro/share/swiftpro/urdf/swift_links/Link7.STL
[3.724s] -- Up-to-date symlink: /home/ros2/ros2_ws/install/swiftpro/share/swiftpro/urdf/swift_links/Link9.STL
[3.725s] -- Up-to-date symlink: /home/ros2/ros2_ws/install/swiftpro/share/swiftpro/urdf/swift_links/Suction.STL
[3.725s] -- Up-to-date symlink: /home/ros2/ros2_ws/install/swiftpro/share/swiftpro/urdf/swift_model.urdf
[3.725s] -- Up-to-date symlink: /home/ros2/ros2_ws/install/swiftpro/share/swiftpro/urdf/swift_model.xacro
[3.725s] -- Up-to-date symlink: /home/ros2/ros2_ws/install/swiftpro/share/ament_index/resource_index/package_run_dependencies/swiftpro
[3.726s] -- Up-to-date symlink: /home/ros2/ros2_ws/install/swiftpro/share/ament_index/resource_index/parent_prefix_path/swiftpro
[3.726s] -- Up-to-date symlink: /home/ros2/ros2_ws/install/swiftpro/share/swiftpro/environment/ament_prefix_path.sh
[3.726s] -- Up-to-date symlink: /home/ros2/ros2_ws/install/swiftpro/share/swiftpro/environment/ament_prefix_path.dsv
[3.726s] -- Up-to-date symlink: /home/ros2/ros2_ws/install/swiftpro/share/swiftpro/environment/path.sh
[3.727s] -- Up-to-date symlink: /home/ros2/ros2_ws/install/swiftpro/share/swiftpro/environment/path.dsv
[3.727s] -- Up-to-date symlink: /home/ros2/ros2_ws/install/swiftpro/share/swiftpro/local_setup.bash
[3.727s] -- Up-to-date symlink: /home/ros2/ros2_ws/install/swiftpro/share/swiftpro/local_setup.sh
[3.727s] -- Up-to-date symlink: /home/ros2/ros2_ws/install/swiftpro/share/swiftpro/local_setup.zsh
[3.728s] -- Up-to-date symlink: /home/ros2/ros2_ws/install/swiftpro/share/swiftpro/local_setup.dsv
[3.728s] -- Symlinking: /home/ros2/ros2_ws/install/swiftpro/share/swiftpro/package.dsv
[3.742s] -- Up-to-date symlink: /home/ros2/ros2_ws/install/swiftpro/share/ament_index/resource_index/packages/swiftpro
[3.742s] -- Up-to-date symlink: /home/ros2/ros2_ws/install/swiftpro/share/swiftpro/cmake/rosidl_cmake-extras.cmake
[3.742s] -- Up-to-date symlink: /home/ros2/ros2_ws/install/swiftpro/share/swiftpro/cmake/ament_cmake_export_dependencies-extras.cmake
[3.742s] -- Up-to-date symlink: /home/ros2/ros2_ws/install/swiftpro/share/swiftpro/cmake/ament_cmake_export_include_directories-extras.cmake
[3.743s] -- Up-to-date symlink: /home/ros2/ros2_ws/install/swiftpro/share/swiftpro/cmake/ament_cmake_export_libraries-extras.cmake
[3.743s] -- Up-to-date symlink: /home/ros2/ros2_ws/install/swiftpro/share/swiftpro/cmake/ament_cmake_export_targets-extras.cmake
[3.743s] -- Up-to-date symlink: /home/ros2/ros2_ws/install/swiftpro/share/swiftpro/cmake/rosidl_cmake_export_typesupport_targets-extras.cmake
[3.743s] -- Up-to-date symlink: /home/ros2/ros2_ws/install/swiftpro/share/swiftpro/cmake/rosidl_cmake_export_typesupport_libraries-extras.cmake
[3.744s] -- Up-to-date symlink: /home/ros2/ros2_ws/install/swiftpro/share/swiftpro/cmake/swiftproConfig.cmake
[3.744s] -- Up-to-date symlink: /home/ros2/ros2_ws/install/swiftpro/share/swiftpro/cmake/swiftproConfig-version.cmake
[3.744s] -- Up-to-date symlink: /home/ros2/ros2_ws/install/swiftpro/share/swiftpro/package.xml
[3.744s] -- Up-to-date: /home/ros2/ros2_ws/install/swiftpro/lib/libswiftpro__rosidl_generator_c.so
[3.745s] -- Up-to-date: /home/ros2/ros2_ws/install/swiftpro/lib/libswiftpro__rosidl_typesupport_fastrtps_c.so
[3.745s] -- Up-to-date: /home/ros2/ros2_ws/install/swiftpro/lib/libswiftpro__rosidl_typesupport_fastrtps_cpp.so
[3.746s] -- Up-to-date: /home/ros2/ros2_ws/install/swiftpro/lib/libswiftpro__rosidl_typesupport_introspection_c.so
[3.747s] -- Up-to-date: /home/ros2/ros2_ws/install/swiftpro/lib/libswiftpro__rosidl_typesupport_c.so
[3.747s] -- Up-to-date: /home/ros2/ros2_ws/install/swiftpro/lib/libswiftpro__rosidl_typesupport_introspection_cpp.so
[3.747s] -- Up-to-date: /home/ros2/ros2_ws/install/swiftpro/lib/libswiftpro__rosidl_typesupport_cpp.so
[3.791s] Listing '/home/ros2/ros2_ws/install/swiftpro/lib/python3.12/site-packages/swiftpro'...
[3.791s] Compiling '/home/ros2/ros2_ws/install/swiftpro/lib/python3.12/site-packages/swiftpro/__init__.py'...
[3.791s] Listing '/home/ros2/ros2_ws/install/swiftpro/lib/python3.12/site-packages/swiftpro/msg'...
[3.791s] Listing '/home/ros2/ros2_ws/install/swiftpro/lib/python3.12/site-packages/swiftpro/srv'...
[3.800s] -- Up-to-date: /home/ros2/ros2_ws/install/swiftpro/lib/libswiftpro__rosidl_generator_py.so
[3.800s] -- Up-to-date: /home/ros2/ros2_ws/install/swiftpro/share/swiftpro/launch
[3.800s] -- Up-to-date: /home/ros2/ros2_ws/install/swiftpro/share/swiftpro/launch/pro_control.launch.py
[3.801s] -- Up-to-date: /home/ros2/ros2_ws/install/swiftpro/share/swiftpro/cmake/export_swiftpro__rosidl_generator_cExport.cmake
[3.801s] -- Up-to-date: /home/ros2/ros2_ws/install/swiftpro/share/swiftpro/cmake/export_swiftpro__rosidl_generator_cExport-noconfig.cmake
[3.801s] -- Up-to-date: /home/ros2/ros2_ws/install/swiftpro/share/swiftpro/cmake/export_swiftpro__rosidl_typesupport_fastrtps_cExport.cmake
[3.801s] -- Up-to-date: /home/ros2/ros2_ws/install/swiftpro/share/swiftpro/cmake/export_swiftpro__rosidl_typesupport_fastrtps_cExport-noconfig.cmake
[3.802s] -- Up-to-date: /home/ros2/ros2_ws/install/swiftpro/share/swiftpro/cmake/export_swiftpro__rosidl_generator_cppExport.cmake
[3.802s] -- Up-to-date: /home/ros2/ros2_ws/install/swiftpro/share/swiftpro/cmake/export_swiftpro__rosidl_typesupport_fastrtps_cppExport.cmake
[3.802s] -- Up-to-date: /home/ros2/ros2_ws/install/swiftpro/share/swiftpro/cmake/export_swiftpro__rosidl_typesupport_fastrtps_cppExport-noconfig.cmake
[3.802s] -- Up-to-date: /home/ros2/ros2_ws/install/swiftpro/share/swiftpro/cmake/swiftpro__rosidl_typesupport_introspection_cExport.cmake
[3.803s] -- Up-to-date: /home/ros2/ros2_ws/install/swiftpro/share/swiftpro/cmake/swiftpro__rosidl_typesupport_introspection_cExport-noconfig.cmake
[3.803s] -- Up-to-date: /home/ros2/ros2_ws/install/swiftpro/share/swiftpro/cmake/swiftpro__rosidl_typesupport_cExport.cmake
[3.803s] -- Up-to-date: /home/ros2/ros2_ws/install/swiftpro/share/swiftpro/cmake/swiftpro__rosidl_typesupport_cExport-noconfig.cmake
[3.803s] -- Up-to-date: /home/ros2/ros2_ws/install/swiftpro/share/swiftpro/cmake/swiftpro__rosidl_typesupport_introspection_cppExport.cmake
[3.803s] -- Up-to-date: /home/ros2/ros2_ws/install/swiftpro/share/swiftpro/cmake/swiftpro__rosidl_typesupport_introspection_cppExport-noconfig.cmake
[3.804s] -- Up-to-date: /home/ros2/ros2_ws/install/swiftpro/share/swiftpro/cmake/swiftpro__rosidl_typesupport_cppExport.cmake
[3.804s] -- Up-to-date: /home/ros2/ros2_ws/install/swiftpro/share/swiftpro/cmake/swiftpro__rosidl_typesupport_cppExport-noconfig.cmake
[3.804s] -- Up-to-date: /home/ros2/ros2_ws/install/swiftpro/share/swiftpro/cmake/export_swiftpro__rosidl_generator_pyExport.cmake
[3.804s] -- Up-to-date: /home/ros2/ros2_ws/install/swiftpro/share/swiftpro/cmake/export_swiftpro__rosidl_generator_pyExport-noconfig.cmake
[3.807s] Invoked command in '/home/ros2/ros2_ws/build/swiftpro' returned '0': CMAKE_PREFIX_PATH=/opt/ros/jazzy /usr/bin/cmake --install /home/ros2/ros2_ws/build/swiftpro
