[0.019s] Invoking command in '/home/ros2/ros2_ws/build/apriltag_ros': CMAKE_PREFIX_PATH=${CMAKE_PREFIX_PATH}:/opt/ros/jazzy /usr/bin/cmake --build /home/ros2/ros2_ws/build/apriltag_ros -- -j12 -l12
[0.117s] [ 20%] Built target tags
[0.125s] [ 40%] Built target conversion
[0.129s] [ 60%] Built target apriltag_node
[0.173s] [ 80%] Built target pose_estimation
[0.234s] [100%] Built target AprilTagNode
[0.254s] Invoked command in '/home/ros2/ros2_ws/build/apriltag_ros' returned '0': CMAKE_PREFIX_PATH=${CMAKE_PREFIX_PATH}:/opt/ros/jazzy /usr/bin/cmake --build /home/ros2/ros2_ws/build/apriltag_ros -- -j12 -l12
[0.272s] Invoking command in '/home/ros2/ros2_ws/build/apriltag_ros': CMAKE_PREFIX_PATH=${CMAKE_PREFIX_PATH}:/opt/ros/jazzy /usr/bin/cmake --install /home/ros2/ros2_ws/build/apriltag_ros
[0.284s] -- Install configuration: ""
[0.284s] -- Execute custom install script
[0.284s] -- Up-to-date symlink: /home/ros2/ros2_ws/install/apriltag_ros/lib/apriltag_ros/apriltag_node
[0.285s] -- Up-to-date symlink: /home/ros2/ros2_ws/install/apriltag_ros/share/apriltag_ros/environment/library_path.sh
[0.285s] -- Up-to-date symlink: /home/ros2/ros2_ws/install/apriltag_ros/share/apriltag_ros/environment/library_path.dsv
[0.286s] -- Up-to-date symlink: /home/ros2/ros2_ws/install/apriltag_ros/lib/libAprilTagNode.so
[0.286s] -- Up-to-date symlink: /home/ros2/ros2_ws/install/apriltag_ros/share/apriltag_ros/cfg/tags_36h11.yaml
[0.287s] -- Up-to-date symlink: /home/ros2/ros2_ws/install/apriltag_ros/share/apriltag_ros/launch/camera_36h11.launch.yml
[0.287s] -- Up-to-date symlink: /home/ros2/ros2_ws/install/apriltag_ros/share/ament_index/resource_index/package_run_dependencies/apriltag_ros
[0.287s] -- Up-to-date symlink: /home/ros2/ros2_ws/install/apriltag_ros/share/ament_index/resource_index/parent_prefix_path/apriltag_ros
[0.287s] -- Up-to-date symlink: /home/ros2/ros2_ws/install/apriltag_ros/share/apriltag_ros/environment/ament_prefix_path.sh
[0.288s] -- Up-to-date symlink: /home/ros2/ros2_ws/install/apriltag_ros/share/apriltag_ros/environment/ament_prefix_path.dsv
[0.288s] -- Up-to-date symlink: /home/ros2/ros2_ws/install/apriltag_ros/share/apriltag_ros/environment/path.sh
[0.288s] -- Up-to-date symlink: /home/ros2/ros2_ws/install/apriltag_ros/share/apriltag_ros/environment/path.dsv
[0.289s] -- Up-to-date symlink: /home/ros2/ros2_ws/install/apriltag_ros/share/apriltag_ros/local_setup.bash
[0.289s] -- Up-to-date symlink: /home/ros2/ros2_ws/install/apriltag_ros/share/apriltag_ros/local_setup.sh
[0.289s] -- Up-to-date symlink: /home/ros2/ros2_ws/install/apriltag_ros/share/apriltag_ros/local_setup.zsh
[0.290s] -- Up-to-date symlink: /home/ros2/ros2_ws/install/apriltag_ros/share/apriltag_ros/local_setup.dsv
[0.290s] -- Symlinking: /home/ros2/ros2_ws/install/apriltag_ros/share/apriltag_ros/package.dsv
[0.306s] -- Up-to-date symlink: /home/ros2/ros2_ws/install/apriltag_ros/share/ament_index/resource_index/packages/apriltag_ros
[0.306s] -- Up-to-date symlink: /home/ros2/ros2_ws/install/apriltag_ros/share/ament_index/resource_index/rclcpp_components/apriltag_ros
[0.306s] -- Up-to-date symlink: /home/ros2/ros2_ws/install/apriltag_ros/share/apriltag_ros/cmake/apriltag_rosConfig.cmake
[0.307s] -- Up-to-date symlink: /home/ros2/ros2_ws/install/apriltag_ros/share/apriltag_ros/cmake/apriltag_rosConfig-version.cmake
[0.307s] -- Up-to-date symlink: /home/ros2/ros2_ws/install/apriltag_ros/share/apriltag_ros/package.xml
[0.312s] Invoked command in '/home/ros2/ros2_ws/build/apriltag_ros' returned '0': CMAKE_PREFIX_PATH=${CMAKE_PREFIX_PATH}:/opt/ros/jazzy /usr/bin/cmake --install /home/ros2/ros2_ws/build/apriltag_ros
